2025-05-19 16:01:00 - solana_bot - INFO - ============================================================
2025-05-19 16:01:00 - solana_bot - INFO -           SOLANA TRADING BOT - STARTING          
2025-05-19 16:01:00 - solana_bot - INFO - ============================================================
2025-05-19 16:01:00 - solana_bot - INFO - Bot control settings: running=True, simulation_mode=True
2025-05-19 16:01:00 - core.SoldersAdapter - INFO - Successfully imported Solders packages
2025-05-19 16:01:00 - solana_bot - INFO - Successfully imported SoldersAdapter from core.SoldersAdapter
2025-05-19 16:01:00 - solana_bot - INFO - Imported Database from core.database
2025-05-19 16:01:00 - core.SoldersAdapter - INFO - Wallet initialized with address: 16um9NG9V88CWR9vESe42WfmNrDcTNq9jUit5t5mpgf
2025-05-19 16:01:00 - solana_bot - INFO - Wallet initialized: 16um9NG9V88CWR9vESe42WfmNrDcTNq9jUit5t5mpgf
2025-05-19 16:01:01 - solana_bot - INFO - Wallet balance: 1.0000 SOL ($166.36)
2025-05-19 16:01:01 - core.database - INFO - Database tables initialized
2025-05-19 16:01:01 - solana_bot - INFO - Database initialized successfully
2025-05-19 16:01:01 - simplified_async_adapter - INFO - Successfully imported simplified SolanaTrader
2025-05-19 16:01:01 - solana_bot - INFO - Imported SolanaTrader from AsyncSolanaTrader_adapter
2025-05-19 16:01:01 - solana_bot - INFO - Starting bot main function
2025-05-19 16:01:01 - solana_bot - INFO - Bot running setting: True
2025-05-19 16:01:01 - solana_bot - INFO - Simulation mode: True
2025-05-19 16:01:01 - simplified_solana_trader - INFO - Initialized simplified SolanaTrader (simulation_mode=True)
2025-05-19 16:01:01 - simplified_async_adapter - INFO - Initialized simplified AsyncSolanaTrader adapter (simulation_mode=True)
2025-05-19 16:01:01 - solana_bot - INFO - SolanaTrader initialized successfully
2025-05-19 16:01:01 - solana_bot - INFO - Bot would start trading here. This is a placeholder implementation.
2025-05-19 16:01:01 - solana_bot - INFO - Bot running in monitoring mode. Press Ctrl+C to stop.
2025-05-19 16:08:34 - solana_bot - INFO - Bot stopped by user
