2025-04-02 19:27:22,573 - trading_bot.database - INFO - Database tables initialized
2025-04-02 19:27:22,582 - trading_bot.token_analyzer - DEBUG - Twitter client initialized for token analyzer
2025-04-02 19:27:22,582 - trading_bot - INFO - Testing trending tokens...
2025-04-02 19:27:22,913 - trading_bot.token_analyzer - INFO - Found 5 trending tokens
2025-04-02 19:27:22,913 - trading_bot - INFO - Found 5 trending tokens:
2025-04-02 19:27:22,915 - trading_bot - INFO - 1.   (BRQfSzKDThYt4sz8jUEgad8UxXGqRq7c5Y4yM952pump) - Score: 1.0, Price: $0.000390, Volume: $7,028,200
2025-04-02 19:27:22,926 - trading_bot - INFO - 2. Ghibli (4TBi66vi32S7J8X1A6eWfaLHYmUXu7CStcEmsJQdpump) - Score: 2.0, Price: $0.009985, Volume: $18,323,427
2025-04-02 19:27:22,927 - trading_bot - INFO - 3. House (DitHyRMQiSDhn5cnKMJV2CDDt6sVct96YrECiM49pump) - Score: 3.0, Price: $0.003620, Volume: $8,622,506
2025-04-02 19:27:22,928 - trading_bot - INFO - 4. WBTC (3NZ9JMVBmGAqocybic2c7LQCJScmgsAZ6vQqTDzcqmJh) - Score: 4.0, Price: $82550.640176, Volume: $90,607,621
2025-04-02 19:27:22,928 - trading_bot - INFO - 5. pwease (CniPCE4b3s8gSUPhUiyMjXnytrEqUrMfSsnbBjLCpump) - Score: 5.0, Price: $0.005126, Volume: $5,516,962
2025-04-02 19:27:22,928 - trading_bot - INFO - Testing top gainers for 1h...
2025-04-02 19:27:23,097 - trading_bot.utils - WARNING - Fetch attempt 1/3 failed for https://public-api.birdeye.so/defi/tokenlist: 400, message='Bad Request', url='https://public-api.birdeye.so/defi/tokenlist?sort_by=v1hChangePercent&sort_type=desc&offset=0&limit=5&min_liquidity=10000'
2025-04-02 19:27:25,234 - trading_bot.utils - WARNING - Fetch attempt 2/3 failed for https://public-api.birdeye.so/defi/tokenlist: 400, message='Bad Request', url='https://public-api.birdeye.so/defi/tokenlist?sort_by=v1hChangePercent&sort_type=desc&offset=0&limit=5&min_liquidity=10000'
2025-04-02 19:27:29,568 - trading_bot.utils - WARNING - Fetch attempt 3/3 failed for https://public-api.birdeye.so/defi/tokenlist: 400, message='Bad Request', url='https://public-api.birdeye.so/defi/tokenlist?sort_by=v1hChangePercent&sort_type=desc&offset=0&limit=5&min_liquidity=10000'
2025-04-02 19:27:29,570 - trading_bot.utils - ERROR - Failed to fetch https://public-api.birdeye.so/defi/tokenlist after 3 attempts
2025-04-02 19:27:29,570 - trading_bot.token_analyzer - DEBUG - Raw Birdeye response for top gainers (1h): None
2025-04-02 19:27:29,571 - trading_bot.token_analyzer - WARNING - No valid Birdeye data for top gainers (1h)
2025-04-02 19:27:29,571 - trading_bot - INFO - Found 0 top gainers for 1h:
2025-04-02 19:27:29,572 - trading_bot - INFO - Testing top gainers for 6h...
2025-04-02 19:27:29,873 - trading_bot.utils - WARNING - Fetch attempt 1/3 failed for https://public-api.birdeye.so/defi/tokenlist: 400, message='Bad Request', url='https://public-api.birdeye.so/defi/tokenlist?sort_by=v6hChangePercent&sort_type=desc&offset=0&limit=5&min_liquidity=10000'
2025-04-02 19:27:32,033 - trading_bot.utils - WARNING - Fetch attempt 2/3 failed for https://public-api.birdeye.so/defi/tokenlist: 400, message='Bad Request', url='https://public-api.birdeye.so/defi/tokenlist?sort_by=v6hChangePercent&sort_type=desc&offset=0&limit=5&min_liquidity=10000'
2025-04-02 19:27:36,324 - trading_bot.utils - WARNING - Fetch attempt 3/3 failed for https://public-api.birdeye.so/defi/tokenlist: 400, message='Bad Request', url='https://public-api.birdeye.so/defi/tokenlist?sort_by=v6hChangePercent&sort_type=desc&offset=0&limit=5&min_liquidity=10000'
2025-04-02 19:27:36,328 - trading_bot.utils - ERROR - Failed to fetch https://public-api.birdeye.so/defi/tokenlist after 3 attempts
2025-04-02 19:27:36,329 - trading_bot.token_analyzer - DEBUG - Raw Birdeye response for top gainers (6h): None
2025-04-02 19:27:36,329 - trading_bot.token_analyzer - WARNING - No valid Birdeye data for top gainers (6h)
2025-04-02 19:27:36,329 - trading_bot - INFO - Found 0 top gainers for 6h:
2025-04-02 19:27:36,330 - trading_bot - INFO - Testing top gainers for 24h...
2025-04-02 19:27:36,634 - trading_bot.token_analyzer - DEBUG - Raw Birdeye response for top gainers (24h): {'success': True, 'data': {'updateUnixTime': 1743636455, 'updateTime': '2025-04-02T23:27:35.940Z', 'tokens': [{'address': '82cL4WeWcTBeb6V1gfR561UJPkyGgMXKVAdm16Ytpump', 'decimals': 6, 'price': 2.0831389402992217e-05, 'lastTradeUnixTime': 1743630865, 'liquidity': 16746.748793585804, 'logoURI': 'https://ipfs.io/ipfs/QmYkVb4YBtsJtJYv1irKkYVJTqYgbpLSBGm8Z736KijKxZ', 'mc': 20794.12707133142, 'name': 'Burwick Law Firm', 'symbol': ' BURWICK', 'v24hChangePercent': 185879696.27604586, 'v24hUSD': 1063.1728843600579}, {'address': '2zto592G38BUK7t7E9ULfHnUfidXFZtYxiiE69fEpump', 'decimals': 6, 'price': 6.022939023203607e-06, 'lastTradeUnixTime': 1743634666, 'liquidity': 10056.035815499232, 'logoURI': 'https://ipfs.io/ipfs/QmVn25C4Mh4ManZk3eCgkX6tHUSn1v3hSD8RE6AYpvqX6o', 'mc': 6020.375644331779, 'name': 'SOWWY', 'symbol': 'SOWWY', 'v24hChangePercent': 24596579.51022834, 'v24hUSD': 532.8969462141839}, {'address': 'FRpTyMBDavKsdYN1FQZcEeZ2iwGvHaZKFSkvr5izpump', 'decimals': 6, 'price': 1.1028383548363785e-05, 'lastTradeUnixTime': 1743604458, 'liquidity': 15420.932063932734, 'logoURI': 'https://ipfs.io/ipfs/QmXWXVUz7X8vZMxP5eJNEDpnEivt5vXj5Rhw2ZvfJkmcM1', 'mc': 11022.838015261346, 'name': 'venti', 'symbol': 'venti', 'v24hChangePercent': 16515885.948522601, 'v24hUSD': 518.530304805052}, {'address': '8wXYbSjLEpkXxdcYXsyBy2bJtTUmHPj6zEJaf7o7pump', 'decimals': 6, 'price': 0.0004691876906578837, 'lastTradeUnixTime': 1743625130, 'liquidity': 62581.720868125, 'logoURI': 'https://ipfs.io/ipfs/QmUvMXymD9ZTVoBVeVPfghqPvVuzVh9MgHyiYhSnBnJbZZ', 'mc': 469176.7294438418, 'name': 'aiz17', 'symbol': 'aiz17', 'v24hChangePercent': 16234659.554045558, 'v24hUSD': 74.69726274074513}, {'address': 'ERKYpXQNHXNJxgWBt9X5CSs4w1SSLWmXMsm1zRCoiqPs', 'decimals': 9, 'price': 0.03716490300002031, 'lastTradeUnixTime': 1743610340, 'liquidity': 21815.77992809681, 'logoURI': 'https://i.ibb.co/my4K1SW/IMG-0296.jpg', 'mc': 37135.87940943055, 'name': 'Blockbuster', 'symbol': '$Block', 'v24hChangePercent': 12867305.547923187, 'v24hUSD': 326.16856112068484}]}}
2025-04-02 19:27:36,635 - trading_bot - INFO - Found 5 top gainers for 24h:
2025-04-02 19:27:36,635 - trading_bot - INFO - 1.  BURWICK (82cL4WeWcTBeb6V1gfR561UJPkyGgMXKVAdm16Ytpump) - Change: 185879696.28%, Price: $0.000021, Volume: $0
2025-04-02 19:27:36,635 - trading_bot - INFO - 2. SOWWY (2zto592G38BUK7t7E9ULfHnUfidXFZtYxiiE69fEpump) - Change: 24596579.51%, Price: $0.000006, Volume: $0
2025-04-02 19:27:36,635 - trading_bot - INFO - 3. venti (FRpTyMBDavKsdYN1FQZcEeZ2iwGvHaZKFSkvr5izpump) - Change: 16515885.95%, Price: $0.000011, Volume: $0
2025-04-02 19:27:36,636 - trading_bot - INFO - 4. aiz17 (8wXYbSjLEpkXxdcYXsyBy2bJtTUmHPj6zEJaf7o7pump) - Change: 16234659.55%, Price: $0.000469, Volume: $0
2025-04-02 19:27:36,636 - trading_bot - INFO - 5. $Block (ERKYpXQNHXNJxgWBt9X5CSs4w1SSLWmXMsm1zRCoiqPs) - Change: 12867305.55%, Price: $0.037165, Volume: $0
2025-04-02 19:27:36,636 - trading_bot.database - INFO - Database connection closed
