2025-05-12 23:44:59,238 - database - INFO - Database tables initialized
2025-05-12 23:44:59,551 - solana_trader - INFO - Processing private key as hex string
2025-05-12 23:44:59,552 - solana_trader - INFO - Attempting to create keypair using seed method
2025-05-12 23:44:59,552 - solana_trader - INFO - Wallet address: 16um9NG9V88CWR9vESe42WfmNrDcTNq9jUit5t5mpgf
2025-05-12 23:44:59,552 - trading_bot.birdeye_api - INFO - BirdeyeAPI initialized with DexScreener fallback enabled
2025-05-12 23:44:59,710 - solana_trader - INFO - Connected to Solana network via https://mainnet.helius-rpc.com/?api-key=3c05add4-9974-4e11-a003-ef52c488edee
2025-05-12 23:44:59,770 - solana_trader - INFO - Got SOL price from CoinGecko: $168.2
2025-05-12 23:45:00,094 - trading_bot.birdeye_api - INFO - Retrieved 2 tokens from DexScreener
2025-05-12 23:45:00,095 - trading_bot.birdeye_api - INFO - Found 2 trending tokens
2025-05-12 23:45:00,127 - database - INFO - Database tables initialized
2025-05-12 23:45:00,133 - trading_bot.birdeye_api - INFO - BirdeyeAPI initialized with DexScreener fallback enabled
2025-05-12 23:45:00,134 - trading_bot.token_scanner - INFO - Twitter client initialized
2025-05-12 23:45:00,134 - solana_trader - INFO - Closing SolanaTrader connections
2025-05-12 23:45:22,204 - database - INFO - Database tables initialized
2025-05-12 23:45:22,823 - database - INFO - Database tables initialized
2025-05-12 23:45:22,852 - solana_trader - INFO - Processing private key as hex string
2025-05-12 23:45:22,853 - solana_trader - INFO - Attempting to create keypair using seed method
2025-05-12 23:45:22,854 - solana_trader - INFO - Wallet address: 16um9NG9V88CWR9vESe42WfmNrDcTNq9jUit5t5mpgf
2025-05-12 23:45:22,854 - trading_bot.birdeye_api - INFO - BirdeyeAPI initialized with DexScreener fallback enabled
2025-05-12 23:45:22,939 - solana_trader - INFO - Connected to Solana network via https://mainnet.helius-rpc.com/?api-key=3c05add4-9974-4e11-a003-ef52c488edee
2025-05-12 23:45:23,097 - trading_bot.birdeye_api - INFO - Retrieved 2 tokens from DexScreener
2025-05-12 23:45:23,098 - trading_bot.birdeye_api - INFO - Found 2 trending tokens
2025-05-12 23:45:23,135 - database - INFO - Database tables initialized
2025-05-12 23:45:23,149 - trading_bot.birdeye_api - INFO - BirdeyeAPI initialized with DexScreener fallback enabled
2025-05-12 23:45:23,150 - trading_bot.token_scanner - INFO - Twitter client initialized
2025-05-12 23:45:23,151 - solana_trader - INFO - Closing SolanaTrader connections
2025-05-12 23:45:23,437 - solana_trader - INFO - Processing private key as hex string
2025-05-12 23:45:23,438 - solana_trader - INFO - Attempting to create keypair using seed method
2025-05-12 23:45:23,439 - solana_trader - INFO - Wallet address: 16um9NG9V88CWR9vESe42WfmNrDcTNq9jUit5t5mpgf
2025-05-12 23:45:23,439 - trading_bot.birdeye_api - INFO - BirdeyeAPI initialized with DexScreener fallback enabled
2025-05-12 23:45:23,533 - solana_trader - INFO - Connected to Solana network via https://mainnet.helius-rpc.com/?api-key=3c05add4-9974-4e11-a003-ef52c488edee
2025-05-12 23:45:23,711 - trading_bot.birdeye_api - INFO - Retrieved 2 tokens from DexScreener
2025-05-12 23:45:23,712 - trading_bot.birdeye_api - INFO - Found 2 trending tokens
2025-05-12 23:45:23,758 - database - INFO - Database tables initialized
2025-05-12 23:45:23,775 - trading_bot.birdeye_api - INFO - BirdeyeAPI initialized with DexScreener fallback enabled
2025-05-12 23:45:23,775 - trading_bot.token_scanner - INFO - Twitter client initialized
2025-05-12 23:45:23,776 - solana_trader - INFO - Closing SolanaTrader connections
2025-05-12 23:45:31,823 - database - INFO - Database tables initialized
2025-05-12 23:45:32,161 - solana_trader - INFO - Processing private key as hex string
2025-05-12 23:45:32,162 - solana_trader - INFO - Attempting to create keypair using seed method
2025-05-12 23:45:32,162 - solana_trader - INFO - Wallet address: 16um9NG9V88CWR9vESe42WfmNrDcTNq9jUit5t5mpgf
2025-05-12 23:45:32,163 - trading_bot.birdeye_api - INFO - BirdeyeAPI initialized with DexScreener fallback enabled
2025-05-12 23:45:32,241 - solana_trader - INFO - Connected to Solana network via https://mainnet.helius-rpc.com/?api-key=3c05add4-9974-4e11-a003-ef52c488edee
2025-05-12 23:45:32,333 - trading_bot.birdeye_api - INFO - Retrieved 2 tokens from DexScreener
2025-05-12 23:45:32,334 - trading_bot.birdeye_api - INFO - Found 2 trending tokens
2025-05-12 23:45:32,354 - database - INFO - Database tables initialized
2025-05-12 23:45:32,361 - trading_bot.birdeye_api - INFO - BirdeyeAPI initialized with DexScreener fallback enabled
2025-05-12 23:45:32,361 - trading_bot.token_scanner - INFO - Twitter client initialized
2025-05-12 23:45:32,362 - solana_trader - INFO - Closing SolanaTrader connections
2025-05-12 23:45:54,460 - database - INFO - Database tables initialized
2025-05-12 23:45:54,833 - solana_trader - INFO - Processing private key as hex string
2025-05-12 23:45:54,834 - solana_trader - INFO - Attempting to create keypair using seed method
2025-05-12 23:45:54,834 - solana_trader - INFO - Wallet address: 16um9NG9V88CWR9vESe42WfmNrDcTNq9jUit5t5mpgf
2025-05-12 23:45:54,835 - trading_bot.birdeye_api - INFO - BirdeyeAPI initialized with DexScreener fallback enabled
2025-05-12 23:45:54,928 - solana_trader - INFO - Connected to Solana network via https://mainnet.helius-rpc.com/?api-key=3c05add4-9974-4e11-a003-ef52c488edee
2025-05-12 23:45:55,085 - database - INFO - Database tables initialized
2025-05-12 23:45:55,166 - trading_bot.birdeye_api - INFO - Retrieved 2 tokens from DexScreener
2025-05-12 23:45:55,169 - trading_bot.birdeye_api - INFO - Found 2 trending tokens
2025-05-12 23:45:55,210 - database - INFO - Database tables initialized
2025-05-12 23:45:55,220 - trading_bot.birdeye_api - INFO - BirdeyeAPI initialized with DexScreener fallback enabled
2025-05-12 23:45:55,222 - trading_bot.token_scanner - INFO - Twitter client initialized
2025-05-12 23:45:55,223 - solana_trader - INFO - Closing SolanaTrader connections
2025-05-12 23:45:55,536 - solana_trader - INFO - Processing private key as hex string
2025-05-12 23:45:55,536 - solana_trader - INFO - Attempting to create keypair using seed method
2025-05-12 23:45:55,536 - solana_trader - INFO - Wallet address: 16um9NG9V88CWR9vESe42WfmNrDcTNq9jUit5t5mpgf
2025-05-12 23:45:55,537 - trading_bot.birdeye_api - INFO - BirdeyeAPI initialized with DexScreener fallback enabled
2025-05-12 23:45:55,601 - solana_trader - INFO - Connected to Solana network via https://mainnet.helius-rpc.com/?api-key=3c05add4-9974-4e11-a003-ef52c488edee
2025-05-12 23:45:55,733 - trading_bot.birdeye_api - INFO - Retrieved 2 tokens from DexScreener
2025-05-12 23:45:55,733 - trading_bot.birdeye_api - INFO - Found 2 trending tokens
2025-05-12 23:45:55,754 - database - INFO - Database tables initialized
2025-05-12 23:45:55,762 - trading_bot.birdeye_api - INFO - BirdeyeAPI initialized with DexScreener fallback enabled
2025-05-12 23:45:55,763 - trading_bot.token_scanner - INFO - Twitter client initialized
2025-05-12 23:45:55,764 - solana_trader - INFO - Closing SolanaTrader connections
2025-05-12 23:46:03,566 - database - INFO - Database tables initialized
2025-05-12 23:46:04,024 - solana_trader - INFO - Processing private key as hex string
2025-05-12 23:46:04,025 - solana_trader - INFO - Attempting to create keypair using seed method
2025-05-12 23:46:04,025 - solana_trader - INFO - Wallet address: 16um9NG9V88CWR9vESe42WfmNrDcTNq9jUit5t5mpgf
2025-05-12 23:46:04,026 - trading_bot.birdeye_api - INFO - BirdeyeAPI initialized with DexScreener fallback enabled
2025-05-12 23:46:04,118 - solana_trader - INFO - Connected to Solana network via https://mainnet.helius-rpc.com/?api-key=3c05add4-9974-4e11-a003-ef52c488edee
2025-05-12 23:46:04,647 - trading_bot.birdeye_api - INFO - Retrieved 2 tokens from DexScreener
2025-05-12 23:46:04,648 - trading_bot.birdeye_api - INFO - Found 2 trending tokens
2025-05-12 23:46:04,668 - database - INFO - Database tables initialized
2025-05-12 23:46:04,676 - trading_bot.birdeye_api - INFO - BirdeyeAPI initialized with DexScreener fallback enabled
2025-05-12 23:46:04,676 - trading_bot.token_scanner - INFO - Twitter client initialized
2025-05-12 23:46:04,677 - solana_trader - INFO - Closing SolanaTrader connections
2025-05-12 23:46:26,470 - database - INFO - Database tables initialized
2025-05-12 23:46:26,838 - solana_trader - INFO - Processing private key as hex string
2025-05-12 23:46:26,839 - solana_trader - INFO - Attempting to create keypair using seed method
2025-05-12 23:46:26,840 - solana_trader - INFO - Wallet address: 16um9NG9V88CWR9vESe42WfmNrDcTNq9jUit5t5mpgf
2025-05-12 23:46:26,840 - trading_bot.birdeye_api - INFO - BirdeyeAPI initialized with DexScreener fallback enabled
2025-05-12 23:46:26,980 - solana_trader - INFO - Connected to Solana network via https://mainnet.helius-rpc.com/?api-key=3c05add4-9974-4e11-a003-ef52c488edee
2025-05-12 23:46:26,984 - database - INFO - Database tables initialized
2025-05-12 23:46:27,113 - trading_bot.birdeye_api - INFO - Retrieved 2 tokens from DexScreener
2025-05-12 23:46:27,114 - trading_bot.birdeye_api - INFO - Found 2 trending tokens
2025-05-12 23:46:27,137 - database - INFO - Database tables initialized
2025-05-12 23:46:27,146 - trading_bot.birdeye_api - INFO - BirdeyeAPI initialized with DexScreener fallback enabled
2025-05-12 23:46:27,146 - trading_bot.token_scanner - INFO - Twitter client initialized
2025-05-12 23:46:27,147 - solana_trader - INFO - Closing SolanaTrader connections
2025-05-12 23:46:27,382 - solana_trader - INFO - Processing private key as hex string
2025-05-12 23:46:27,383 - solana_trader - INFO - Attempting to create keypair using seed method
2025-05-12 23:46:27,384 - solana_trader - INFO - Wallet address: 16um9NG9V88CWR9vESe42WfmNrDcTNq9jUit5t5mpgf
2025-05-12 23:46:27,384 - trading_bot.birdeye_api - INFO - BirdeyeAPI initialized with DexScreener fallback enabled
2025-05-12 23:46:27,494 - solana_trader - INFO - Connected to Solana network via https://mainnet.helius-rpc.com/?api-key=3c05add4-9974-4e11-a003-ef52c488edee
2025-05-12 23:46:27,629 - trading_bot.birdeye_api - INFO - Retrieved 2 tokens from DexScreener
2025-05-12 23:46:27,631 - trading_bot.birdeye_api - INFO - Found 2 trending tokens
2025-05-12 23:46:27,649 - database - INFO - Database tables initialized
2025-05-12 23:46:27,657 - trading_bot.birdeye_api - INFO - BirdeyeAPI initialized with DexScreener fallback enabled
2025-05-12 23:46:27,658 - trading_bot.token_scanner - INFO - Twitter client initialized
2025-05-12 23:46:27,658 - solana_trader - INFO - Closing SolanaTrader connections
2025-05-12 23:46:35,900 - database - INFO - Database tables initialized
2025-05-12 23:46:36,231 - solana_trader - INFO - Processing private key as hex string
2025-05-12 23:46:36,231 - solana_trader - INFO - Attempting to create keypair using seed method
2025-05-12 23:46:36,232 - solana_trader - INFO - Wallet address: 16um9NG9V88CWR9vESe42WfmNrDcTNq9jUit5t5mpgf
2025-05-12 23:46:36,233 - trading_bot.birdeye_api - INFO - BirdeyeAPI initialized with DexScreener fallback enabled
2025-05-12 23:46:36,320 - solana_trader - INFO - Connected to Solana network via https://mainnet.helius-rpc.com/?api-key=3c05add4-9974-4e11-a003-ef52c488edee
2025-05-12 23:46:36,685 - trading_bot.birdeye_api - INFO - Retrieved 2 tokens from DexScreener
2025-05-12 23:46:36,686 - trading_bot.birdeye_api - INFO - Found 2 trending tokens
2025-05-12 23:46:36,705 - database - INFO - Database tables initialized
2025-05-12 23:46:36,716 - trading_bot.birdeye_api - INFO - BirdeyeAPI initialized with DexScreener fallback enabled
2025-05-12 23:46:36,717 - trading_bot.token_scanner - INFO - Twitter client initialized
2025-05-12 23:46:36,717 - solana_trader - INFO - Closing SolanaTrader connections
2025-05-12 23:46:58,382 - database - INFO - Database tables initialized
2025-05-12 23:46:58,702 - solana_trader - INFO - Processing private key as hex string
2025-05-12 23:46:58,702 - solana_trader - INFO - Attempting to create keypair using seed method
2025-05-12 23:46:58,703 - solana_trader - INFO - Wallet address: 16um9NG9V88CWR9vESe42WfmNrDcTNq9jUit5t5mpgf
2025-05-12 23:46:58,703 - trading_bot.birdeye_api - INFO - BirdeyeAPI initialized with DexScreener fallback enabled
2025-05-12 23:46:58,758 - solana_trader - INFO - Connected to Solana network via https://mainnet.helius-rpc.com/?api-key=3c05add4-9974-4e11-a003-ef52c488edee
2025-05-12 23:46:58,877 - database - INFO - Database tables initialized
2025-05-12 23:46:59,017 - trading_bot.birdeye_api - INFO - Retrieved 2 tokens from DexScreener
2025-05-12 23:46:59,018 - trading_bot.birdeye_api - INFO - Found 2 trending tokens
2025-05-12 23:46:59,041 - database - INFO - Database tables initialized
2025-05-12 23:46:59,048 - trading_bot.birdeye_api - INFO - BirdeyeAPI initialized with DexScreener fallback enabled
2025-05-12 23:46:59,048 - trading_bot.token_scanner - INFO - Twitter client initialized
2025-05-12 23:46:59,049 - solana_trader - INFO - Closing SolanaTrader connections
2025-05-12 23:46:59,238 - solana_trader - INFO - Processing private key as hex string
2025-05-12 23:46:59,239 - solana_trader - INFO - Attempting to create keypair using seed method
2025-05-12 23:46:59,240 - solana_trader - INFO - Wallet address: 16um9NG9V88CWR9vESe42WfmNrDcTNq9jUit5t5mpgf
2025-05-12 23:46:59,241 - trading_bot.birdeye_api - INFO - BirdeyeAPI initialized with DexScreener fallback enabled
2025-05-12 23:46:59,344 - solana_trader - INFO - Connected to Solana network via https://mainnet.helius-rpc.com/?api-key=3c05add4-9974-4e11-a003-ef52c488edee
2025-05-12 23:46:59,513 - trading_bot.birdeye_api - INFO - Retrieved 2 tokens from DexScreener
2025-05-12 23:46:59,514 - trading_bot.birdeye_api - INFO - Found 2 trending tokens
2025-05-12 23:46:59,530 - database - INFO - Database tables initialized
2025-05-12 23:46:59,537 - trading_bot.birdeye_api - INFO - BirdeyeAPI initialized with DexScreener fallback enabled
2025-05-12 23:46:59,538 - trading_bot.token_scanner - INFO - Twitter client initialized
2025-05-12 23:46:59,538 - solana_trader - INFO - Closing SolanaTrader connections
2025-05-12 23:47:07,941 - database - INFO - Database tables initialized
2025-05-12 23:47:08,283 - solana_trader - INFO - Processing private key as hex string
2025-05-12 23:47:08,284 - solana_trader - INFO - Attempting to create keypair using seed method
2025-05-12 23:47:08,285 - solana_trader - INFO - Wallet address: 16um9NG9V88CWR9vESe42WfmNrDcTNq9jUit5t5mpgf
2025-05-12 23:47:08,285 - trading_bot.birdeye_api - INFO - BirdeyeAPI initialized with DexScreener fallback enabled
2025-05-12 23:47:08,354 - solana_trader - INFO - Connected to Solana network via https://mainnet.helius-rpc.com/?api-key=3c05add4-9974-4e11-a003-ef52c488edee
2025-05-12 23:47:11,089 - trading_bot.birdeye_api - INFO - Retrieved 2 tokens from DexScreener
2025-05-12 23:47:11,089 - trading_bot.birdeye_api - INFO - Found 2 trending tokens
2025-05-12 23:47:11,106 - database - INFO - Database tables initialized
2025-05-12 23:47:11,112 - trading_bot.birdeye_api - INFO - BirdeyeAPI initialized with DexScreener fallback enabled
2025-05-12 23:47:11,113 - trading_bot.token_scanner - INFO - Twitter client initialized
2025-05-12 23:47:11,114 - solana_trader - INFO - Closing SolanaTrader connections
2025-05-12 23:47:30,291 - database - INFO - Database tables initialized
2025-05-12 23:47:30,622 - solana_trader - INFO - Processing private key as hex string
2025-05-12 23:47:30,623 - solana_trader - INFO - Attempting to create keypair using seed method
2025-05-12 23:47:30,623 - solana_trader - INFO - Wallet address: 16um9NG9V88CWR9vESe42WfmNrDcTNq9jUit5t5mpgf
2025-05-12 23:47:30,623 - trading_bot.birdeye_api - INFO - BirdeyeAPI initialized with DexScreener fallback enabled
2025-05-12 23:47:30,758 - solana_trader - INFO - Connected to Solana network via https://mainnet.helius-rpc.com/?api-key=3c05add4-9974-4e11-a003-ef52c488edee
2025-05-12 23:47:30,763 - database - INFO - Database tables initialized
2025-05-12 23:47:30,892 - trading_bot.birdeye_api - INFO - Retrieved 2 tokens from DexScreener
2025-05-12 23:47:30,894 - trading_bot.birdeye_api - INFO - Found 2 trending tokens
2025-05-12 23:47:30,915 - database - INFO - Database tables initialized
2025-05-12 23:47:30,926 - trading_bot.birdeye_api - INFO - BirdeyeAPI initialized with DexScreener fallback enabled
2025-05-12 23:47:30,926 - trading_bot.token_scanner - INFO - Twitter client initialized
2025-05-12 23:47:30,927 - solana_trader - INFO - Closing SolanaTrader connections
2025-05-12 23:47:31,168 - solana_trader - INFO - Processing private key as hex string
2025-05-12 23:47:31,169 - solana_trader - INFO - Attempting to create keypair using seed method
2025-05-12 23:47:31,169 - solana_trader - INFO - Wallet address: 16um9NG9V88CWR9vESe42WfmNrDcTNq9jUit5t5mpgf
2025-05-12 23:47:31,169 - trading_bot.birdeye_api - INFO - BirdeyeAPI initialized with DexScreener fallback enabled
2025-05-12 23:47:31,253 - solana_trader - INFO - Connected to Solana network via https://mainnet.helius-rpc.com/?api-key=3c05add4-9974-4e11-a003-ef52c488edee
2025-05-12 23:47:31,395 - trading_bot.birdeye_api - INFO - Retrieved 2 tokens from DexScreener
2025-05-12 23:47:31,396 - trading_bot.birdeye_api - INFO - Found 2 trending tokens
2025-05-12 23:47:31,419 - database - INFO - Database tables initialized
2025-05-12 23:47:31,429 - trading_bot.birdeye_api - INFO - BirdeyeAPI initialized with DexScreener fallback enabled
2025-05-12 23:47:31,430 - trading_bot.token_scanner - INFO - Twitter client initialized
2025-05-12 23:47:31,431 - solana_trader - INFO - Closing SolanaTrader connections
2025-05-12 23:47:42,307 - database - INFO - Database tables initialized
2025-05-12 23:47:42,627 - solana_trader - INFO - Processing private key as hex string
2025-05-12 23:47:42,628 - solana_trader - INFO - Attempting to create keypair using seed method
2025-05-12 23:47:42,628 - solana_trader - INFO - Wallet address: 16um9NG9V88CWR9vESe42WfmNrDcTNq9jUit5t5mpgf
2025-05-12 23:47:42,628 - trading_bot.birdeye_api - INFO - BirdeyeAPI initialized with DexScreener fallback enabled
2025-05-12 23:47:42,808 - solana_trader - INFO - Connected to Solana network via https://mainnet.helius-rpc.com/?api-key=3c05add4-9974-4e11-a003-ef52c488edee
2025-05-12 23:47:43,140 - trading_bot.birdeye_api - INFO - Retrieved 2 tokens from DexScreener
2025-05-12 23:47:43,141 - trading_bot.birdeye_api - INFO - Found 2 trending tokens
2025-05-12 23:47:43,159 - database - INFO - Database tables initialized
2025-05-12 23:47:43,165 - trading_bot.birdeye_api - INFO - BirdeyeAPI initialized with DexScreener fallback enabled
2025-05-12 23:47:43,166 - trading_bot.token_scanner - INFO - Twitter client initialized
2025-05-12 23:47:43,166 - solana_trader - INFO - Closing SolanaTrader connections
2025-05-12 23:48:02,176 - database - INFO - Database tables initialized
2025-05-12 23:48:02,494 - solana_trader - INFO - Processing private key as hex string
2025-05-12 23:48:02,494 - solana_trader - INFO - Attempting to create keypair using seed method
2025-05-12 23:48:02,495 - solana_trader - INFO - Wallet address: 16um9NG9V88CWR9vESe42WfmNrDcTNq9jUit5t5mpgf
2025-05-12 23:48:02,495 - trading_bot.birdeye_api - INFO - BirdeyeAPI initialized with DexScreener fallback enabled
2025-05-12 23:48:02,651 - solana_trader - INFO - Connected to Solana network via https://mainnet.helius-rpc.com/?api-key=3c05add4-9974-4e11-a003-ef52c488edee
2025-05-12 23:48:02,655 - database - INFO - Database tables initialized
2025-05-12 23:48:02,812 - trading_bot.birdeye_api - INFO - Retrieved 2 tokens from DexScreener
2025-05-12 23:48:02,813 - trading_bot.birdeye_api - INFO - Found 2 trending tokens
2025-05-12 23:48:02,829 - database - INFO - Database tables initialized
2025-05-12 23:48:02,837 - trading_bot.birdeye_api - INFO - BirdeyeAPI initialized with DexScreener fallback enabled
2025-05-12 23:48:02,837 - trading_bot.token_scanner - INFO - Twitter client initialized
2025-05-12 23:48:02,838 - solana_trader - INFO - Closing SolanaTrader connections
2025-05-12 23:48:03,018 - solana_trader - INFO - Processing private key as hex string
2025-05-12 23:48:03,019 - solana_trader - INFO - Attempting to create keypair using seed method
2025-05-12 23:48:03,019 - solana_trader - INFO - Wallet address: 16um9NG9V88CWR9vESe42WfmNrDcTNq9jUit5t5mpgf
2025-05-12 23:48:03,021 - trading_bot.birdeye_api - INFO - BirdeyeAPI initialized with DexScreener fallback enabled
2025-05-12 23:48:03,105 - solana_trader - INFO - Connected to Solana network via https://mainnet.helius-rpc.com/?api-key=3c05add4-9974-4e11-a003-ef52c488edee
2025-05-12 23:48:03,232 - trading_bot.birdeye_api - INFO - Retrieved 2 tokens from DexScreener
2025-05-12 23:48:03,234 - trading_bot.birdeye_api - INFO - Found 2 trending tokens
2025-05-12 23:48:03,252 - database - INFO - Database tables initialized
2025-05-12 23:48:03,262 - trading_bot.birdeye_api - INFO - BirdeyeAPI initialized with DexScreener fallback enabled
2025-05-12 23:48:03,263 - trading_bot.token_scanner - INFO - Twitter client initialized
2025-05-12 23:48:03,263 - solana_trader - INFO - Closing SolanaTrader connections
2025-05-12 23:48:14,392 - database - INFO - Database tables initialized
2025-05-12 23:48:14,726 - solana_trader - INFO - Processing private key as hex string
2025-05-12 23:48:14,726 - solana_trader - INFO - Attempting to create keypair using seed method
2025-05-12 23:48:14,726 - solana_trader - INFO - Wallet address: 16um9NG9V88CWR9vESe42WfmNrDcTNq9jUit5t5mpgf
2025-05-12 23:48:14,727 - trading_bot.birdeye_api - INFO - BirdeyeAPI initialized with DexScreener fallback enabled
2025-05-12 23:48:14,826 - solana_trader - INFO - Connected to Solana network via https://mainnet.helius-rpc.com/?api-key=3c05add4-9974-4e11-a003-ef52c488edee
2025-05-12 23:48:15,643 - trading_bot.birdeye_api - INFO - Retrieved 2 tokens from DexScreener
2025-05-12 23:48:15,644 - trading_bot.birdeye_api - INFO - Found 2 trending tokens
2025-05-12 23:48:15,662 - database - INFO - Database tables initialized
2025-05-12 23:48:15,671 - trading_bot.birdeye_api - INFO - BirdeyeAPI initialized with DexScreener fallback enabled
2025-05-12 23:48:15,672 - trading_bot.token_scanner - INFO - Twitter client initialized
2025-05-12 23:48:15,672 - solana_trader - INFO - Closing SolanaTrader connections
2025-05-12 23:48:34,049 - database - INFO - Database tables initialized
2025-05-12 23:48:34,353 - solana_trader - INFO - Processing private key as hex string
2025-05-12 23:48:34,353 - solana_trader - INFO - Attempting to create keypair using seed method
2025-05-12 23:48:34,354 - solana_trader - INFO - Wallet address: 16um9NG9V88CWR9vESe42WfmNrDcTNq9jUit5t5mpgf
2025-05-12 23:48:34,354 - trading_bot.birdeye_api - INFO - BirdeyeAPI initialized with DexScreener fallback enabled
2025-05-12 23:48:34,490 - solana_trader - INFO - Connected to Solana network via https://mainnet.helius-rpc.com/?api-key=3c05add4-9974-4e11-a003-ef52c488edee
2025-05-12 23:48:34,495 - database - INFO - Database tables initialized
2025-05-12 23:48:34,646 - trading_bot.birdeye_api - INFO - Retrieved 2 tokens from DexScreener
2025-05-12 23:48:34,647 - trading_bot.birdeye_api - INFO - Found 2 trending tokens
2025-05-12 23:48:34,673 - database - INFO - Database tables initialized
2025-05-12 23:48:34,685 - trading_bot.birdeye_api - INFO - BirdeyeAPI initialized with DexScreener fallback enabled
2025-05-12 23:48:34,686 - trading_bot.token_scanner - INFO - Twitter client initialized
2025-05-12 23:48:34,686 - solana_trader - INFO - Closing SolanaTrader connections
2025-05-12 23:48:34,934 - solana_trader - INFO - Processing private key as hex string
2025-05-12 23:48:34,934 - solana_trader - INFO - Attempting to create keypair using seed method
2025-05-12 23:48:34,935 - solana_trader - INFO - Wallet address: 16um9NG9V88CWR9vESe42WfmNrDcTNq9jUit5t5mpgf
2025-05-12 23:48:34,936 - trading_bot.birdeye_api - INFO - BirdeyeAPI initialized with DexScreener fallback enabled
2025-05-12 23:48:35,019 - solana_trader - INFO - Connected to Solana network via https://mainnet.helius-rpc.com/?api-key=3c05add4-9974-4e11-a003-ef52c488edee
2025-05-12 23:48:35,145 - trading_bot.birdeye_api - INFO - Retrieved 2 tokens from DexScreener
2025-05-12 23:48:35,146 - trading_bot.birdeye_api - INFO - Found 2 trending tokens
2025-05-12 23:48:35,166 - database - INFO - Database tables initialized
2025-05-12 23:48:35,173 - trading_bot.birdeye_api - INFO - BirdeyeAPI initialized with DexScreener fallback enabled
2025-05-12 23:48:35,174 - trading_bot.token_scanner - INFO - Twitter client initialized
2025-05-12 23:48:35,175 - solana_trader - INFO - Closing SolanaTrader connections
2025-05-12 23:48:46,880 - database - INFO - Database tables initialized
2025-05-12 23:48:47,214 - solana_trader - INFO - Processing private key as hex string
2025-05-12 23:48:47,215 - solana_trader - INFO - Attempting to create keypair using seed method
2025-05-12 23:48:47,216 - solana_trader - INFO - Wallet address: 16um9NG9V88CWR9vESe42WfmNrDcTNq9jUit5t5mpgf
2025-05-12 23:48:47,216 - trading_bot.birdeye_api - INFO - BirdeyeAPI initialized with DexScreener fallback enabled
2025-05-12 23:48:47,386 - solana_trader - INFO - Connected to Solana network via https://mainnet.helius-rpc.com/?api-key=3c05add4-9974-4e11-a003-ef52c488edee
2025-05-12 23:48:47,837 - trading_bot.birdeye_api - INFO - Retrieved 2 tokens from DexScreener
2025-05-12 23:48:47,839 - trading_bot.birdeye_api - INFO - Found 2 trending tokens
2025-05-12 23:48:47,858 - database - INFO - Database tables initialized
2025-05-12 23:48:47,864 - trading_bot.birdeye_api - INFO - BirdeyeAPI initialized with DexScreener fallback enabled
2025-05-12 23:48:47,865 - trading_bot.token_scanner - INFO - Twitter client initialized
2025-05-12 23:48:47,865 - solana_trader - INFO - Closing SolanaTrader connections
2025-05-12 23:49:06,006 - database - INFO - Database tables initialized
2025-05-12 23:49:06,454 - database - INFO - Database tables initialized
2025-05-12 23:49:06,709 - solana_trader - INFO - Processing private key as hex string
2025-05-12 23:49:06,709 - solana_trader - INFO - Attempting to create keypair using seed method
2025-05-12 23:49:06,710 - solana_trader - INFO - Wallet address: 16um9NG9V88CWR9vESe42WfmNrDcTNq9jUit5t5mpgf
2025-05-12 23:49:06,711 - trading_bot.birdeye_api - INFO - BirdeyeAPI initialized with DexScreener fallback enabled
2025-05-12 23:49:06,782 - solana_trader - INFO - Connected to Solana network via https://mainnet.helius-rpc.com/?api-key=3c05add4-9974-4e11-a003-ef52c488edee
2025-05-12 23:49:06,953 - trading_bot.birdeye_api - INFO - Retrieved 2 tokens from DexScreener
2025-05-12 23:49:06,955 - trading_bot.birdeye_api - INFO - Found 2 trending tokens
2025-05-12 23:49:07,002 - database - INFO - Database tables initialized
2025-05-12 23:49:07,018 - trading_bot.birdeye_api - INFO - BirdeyeAPI initialized with DexScreener fallback enabled
2025-05-12 23:49:07,019 - trading_bot.token_scanner - INFO - Twitter client initialized
2025-05-12 23:49:07,019 - solana_trader - INFO - Closing SolanaTrader connections
2025-05-12 23:49:07,084 - solana_trader - INFO - Processing private key as hex string
2025-05-12 23:49:07,088 - solana_trader - INFO - Attempting to create keypair using seed method
2025-05-12 23:49:07,089 - solana_trader - INFO - Wallet address: 16um9NG9V88CWR9vESe42WfmNrDcTNq9jUit5t5mpgf
2025-05-12 23:49:07,090 - trading_bot.birdeye_api - INFO - BirdeyeAPI initialized with DexScreener fallback enabled
2025-05-12 23:49:07,368 - solana_trader - INFO - Connected to Solana network via https://mainnet.helius-rpc.com/?api-key=3c05add4-9974-4e11-a003-ef52c488edee
2025-05-12 23:49:07,552 - trading_bot.birdeye_api - INFO - Retrieved 2 tokens from DexScreener
2025-05-12 23:49:07,554 - trading_bot.birdeye_api - INFO - Found 2 trending tokens
2025-05-12 23:49:07,590 - database - INFO - Database tables initialized
2025-05-12 23:49:07,604 - trading_bot.birdeye_api - INFO - BirdeyeAPI initialized with DexScreener fallback enabled
2025-05-12 23:49:07,605 - trading_bot.token_scanner - INFO - Twitter client initialized
2025-05-12 23:49:07,605 - solana_trader - INFO - Closing SolanaTrader connections
2025-05-12 23:49:19,099 - database - INFO - Database tables initialized
2025-05-12 23:49:19,403 - solana_trader - INFO - Processing private key as hex string
2025-05-12 23:49:19,403 - solana_trader - INFO - Attempting to create keypair using seed method
2025-05-12 23:49:19,404 - solana_trader - INFO - Wallet address: 16um9NG9V88CWR9vESe42WfmNrDcTNq9jUit5t5mpgf
2025-05-12 23:49:19,404 - trading_bot.birdeye_api - INFO - BirdeyeAPI initialized with DexScreener fallback enabled
2025-05-12 23:49:19,497 - solana_trader - INFO - Connected to Solana network via https://mainnet.helius-rpc.com/?api-key=3c05add4-9974-4e11-a003-ef52c488edee
2025-05-12 23:49:19,928 - trading_bot.birdeye_api - INFO - Retrieved 2 tokens from DexScreener
2025-05-12 23:49:19,928 - trading_bot.birdeye_api - INFO - Found 2 trending tokens
2025-05-12 23:49:19,954 - database - INFO - Database tables initialized
2025-05-12 23:49:19,962 - trading_bot.birdeye_api - INFO - BirdeyeAPI initialized with DexScreener fallback enabled
2025-05-12 23:49:19,962 - trading_bot.token_scanner - INFO - Twitter client initialized
2025-05-12 23:49:19,963 - solana_trader - INFO - Closing SolanaTrader connections
2025-05-12 23:49:38,357 - database - INFO - Database tables initialized
2025-05-12 23:49:38,964 - solana_trader - INFO - Processing private key as hex string
2025-05-12 23:49:38,968 - solana_trader - INFO - Attempting to create keypair using seed method
2025-05-12 23:49:38,968 - solana_trader - INFO - Wallet address: 16um9NG9V88CWR9vESe42WfmNrDcTNq9jUit5t5mpgf
2025-05-12 23:49:38,969 - trading_bot.birdeye_api - INFO - BirdeyeAPI initialized with DexScreener fallback enabled
2025-05-12 23:49:38,975 - database - INFO - Database tables initialized
2025-05-12 23:49:39,058 - solana_trader - INFO - Connected to Solana network via https://mainnet.helius-rpc.com/?api-key=3c05add4-9974-4e11-a003-ef52c488edee
2025-05-12 23:49:39,234 - trading_bot.birdeye_api - INFO - Retrieved 2 tokens from DexScreener
2025-05-12 23:49:39,235 - trading_bot.birdeye_api - INFO - Found 2 trending tokens
2025-05-12 23:49:39,257 - database - INFO - Database tables initialized
2025-05-12 23:49:39,271 - trading_bot.birdeye_api - INFO - BirdeyeAPI initialized with DexScreener fallback enabled
2025-05-12 23:49:39,271 - trading_bot.token_scanner - INFO - Twitter client initialized
2025-05-12 23:49:39,272 - solana_trader - INFO - Closing SolanaTrader connections
2025-05-12 23:49:39,485 - solana_trader - INFO - Processing private key as hex string
2025-05-12 23:49:39,486 - solana_trader - INFO - Attempting to create keypair using seed method
2025-05-12 23:49:39,487 - solana_trader - INFO - Wallet address: 16um9NG9V88CWR9vESe42WfmNrDcTNq9jUit5t5mpgf
2025-05-12 23:49:39,487 - trading_bot.birdeye_api - INFO - BirdeyeAPI initialized with DexScreener fallback enabled
2025-05-12 23:49:39,686 - solana_trader - INFO - Connected to Solana network via https://mainnet.helius-rpc.com/?api-key=3c05add4-9974-4e11-a003-ef52c488edee
2025-05-12 23:49:39,897 - trading_bot.birdeye_api - INFO - Retrieved 2 tokens from DexScreener
2025-05-12 23:49:39,898 - trading_bot.birdeye_api - INFO - Found 2 trending tokens
2025-05-12 23:49:39,918 - database - INFO - Database tables initialized
2025-05-12 23:49:39,924 - trading_bot.birdeye_api - INFO - BirdeyeAPI initialized with DexScreener fallback enabled
2025-05-12 23:49:39,925 - trading_bot.token_scanner - INFO - Twitter client initialized
2025-05-12 23:49:39,925 - solana_trader - INFO - Closing SolanaTrader connections
2025-05-12 23:49:51,272 - database - INFO - Database tables initialized
2025-05-12 23:49:51,946 - solana_trader - INFO - Processing private key as hex string
2025-05-12 23:49:51,946 - solana_trader - INFO - Attempting to create keypair using seed method
2025-05-12 23:49:51,946 - solana_trader - INFO - Wallet address: 16um9NG9V88CWR9vESe42WfmNrDcTNq9jUit5t5mpgf
2025-05-12 23:49:51,947 - trading_bot.birdeye_api - INFO - BirdeyeAPI initialized with DexScreener fallback enabled
2025-05-12 23:49:52,072 - solana_trader - INFO - Connected to Solana network via https://mainnet.helius-rpc.com/?api-key=3c05add4-9974-4e11-a003-ef52c488edee
2025-05-12 23:49:52,650 - trading_bot.birdeye_api - INFO - Retrieved 2 tokens from DexScreener
2025-05-12 23:49:52,651 - trading_bot.birdeye_api - INFO - Found 2 trending tokens
2025-05-12 23:49:52,682 - database - INFO - Database tables initialized
2025-05-12 23:49:52,699 - trading_bot.birdeye_api - INFO - BirdeyeAPI initialized with DexScreener fallback enabled
2025-05-12 23:49:52,700 - trading_bot.token_scanner - INFO - Twitter client initialized
2025-05-12 23:49:52,701 - solana_trader - INFO - Closing SolanaTrader connections
2025-05-12 23:50:10,609 - database - INFO - Database tables initialized
2025-05-12 23:50:11,270 - solana_trader - INFO - Processing private key as hex string
2025-05-12 23:50:11,270 - solana_trader - INFO - Attempting to create keypair using seed method
2025-05-12 23:50:11,271 - solana_trader - INFO - Wallet address: 16um9NG9V88CWR9vESe42WfmNrDcTNq9jUit5t5mpgf
2025-05-12 23:50:11,272 - trading_bot.birdeye_api - INFO - BirdeyeAPI initialized with DexScreener fallback enabled
2025-05-12 23:50:11,425 - database - INFO - Database tables initialized
2025-05-12 23:50:12,059 - solana_trader - INFO - Processing private key as hex string
2025-05-12 23:50:12,060 - solana_trader - INFO - Attempting to create keypair using seed method
2025-05-12 23:50:12,061 - solana_trader - INFO - Wallet address: 16um9NG9V88CWR9vESe42WfmNrDcTNq9jUit5t5mpgf
2025-05-12 23:50:12,062 - trading_bot.birdeye_api - INFO - BirdeyeAPI initialized with DexScreener fallback enabled
2025-05-12 23:50:13,384 - solana_trader - INFO - Connected to Solana network via https://mainnet.helius-rpc.com/?api-key=3c05add4-9974-4e11-a003-ef52c488edee
2025-05-12 23:50:13,384 - solana_trader - INFO - Connected to Solana network via https://mainnet.helius-rpc.com/?api-key=3c05add4-9974-4e11-a003-ef52c488edee
2025-05-12 23:50:13,444 - solana_trader - INFO - Got SOL price from CoinGecko: $168.08
2025-05-12 23:50:13,446 - solana_trader - INFO - Got SOL price from CoinGecko: $168.08
2025-05-12 23:50:13,709 - trading_bot.birdeye_api - INFO - Retrieved 2 tokens from DexScreener
2025-05-12 23:50:13,710 - trading_bot.birdeye_api - INFO - Found 2 trending tokens
2025-05-12 23:50:13,743 - trading_bot.birdeye_api - INFO - Retrieved 2 tokens from DexScreener
2025-05-12 23:50:13,744 - database - INFO - Database tables initialized
2025-05-12 23:50:13,745 - trading_bot.birdeye_api - INFO - Found 2 trending tokens
2025-05-12 23:50:13,762 - trading_bot.birdeye_api - INFO - BirdeyeAPI initialized with DexScreener fallback enabled
2025-05-12 23:50:13,775 - trading_bot.token_scanner - INFO - Twitter client initialized
2025-05-12 23:50:13,780 - solana_trader - INFO - Closing SolanaTrader connections
2025-05-12 23:50:13,784 - database - INFO - Database tables initialized
2025-05-12 23:50:13,801 - trading_bot.birdeye_api - INFO - BirdeyeAPI initialized with DexScreener fallback enabled
2025-05-12 23:50:13,801 - trading_bot.token_scanner - INFO - Twitter client initialized
2025-05-12 23:50:13,802 - solana_trader - INFO - Closing SolanaTrader connections
2025-05-12 23:50:24,064 - database - INFO - Database tables initialized
2025-05-12 23:50:24,611 - solana_trader - INFO - Processing private key as hex string
2025-05-12 23:50:24,611 - solana_trader - INFO - Attempting to create keypair using seed method
2025-05-12 23:50:24,612 - solana_trader - INFO - Wallet address: 16um9NG9V88CWR9vESe42WfmNrDcTNq9jUit5t5mpgf
2025-05-12 23:50:24,612 - trading_bot.birdeye_api - INFO - BirdeyeAPI initialized with DexScreener fallback enabled
2025-05-12 23:50:24,699 - solana_trader - INFO - Connected to Solana network via https://mainnet.helius-rpc.com/?api-key=3c05add4-9974-4e11-a003-ef52c488edee
2025-05-12 23:50:25,073 - trading_bot.birdeye_api - INFO - Retrieved 2 tokens from DexScreener
2025-05-12 23:50:25,074 - trading_bot.birdeye_api - INFO - Found 2 trending tokens
2025-05-12 23:50:25,126 - database - INFO - Database tables initialized
2025-05-12 23:50:25,143 - trading_bot.birdeye_api - INFO - BirdeyeAPI initialized with DexScreener fallback enabled
2025-05-12 23:50:25,143 - trading_bot.token_scanner - INFO - Twitter client initialized
2025-05-12 23:50:25,144 - solana_trader - INFO - Closing SolanaTrader connections
2025-05-12 23:50:45,333 - database - INFO - Database tables initialized
2025-05-12 23:50:45,336 - database - INFO - Database tables initialized
2025-05-12 23:50:45,980 - solana_trader - INFO - Processing private key as hex string
2025-05-12 23:50:45,981 - solana_trader - INFO - Attempting to create keypair using seed method
2025-05-12 23:50:45,982 - solana_trader - INFO - Wallet address: 16um9NG9V88CWR9vESe42WfmNrDcTNq9jUit5t5mpgf
2025-05-12 23:50:45,982 - trading_bot.birdeye_api - INFO - BirdeyeAPI initialized with DexScreener fallback enabled
2025-05-12 23:50:45,992 - solana_trader - INFO - Processing private key as hex string
2025-05-12 23:50:45,993 - solana_trader - INFO - Attempting to create keypair using seed method
2025-05-12 23:50:45,993 - solana_trader - INFO - Wallet address: 16um9NG9V88CWR9vESe42WfmNrDcTNq9jUit5t5mpgf
2025-05-12 23:50:45,993 - trading_bot.birdeye_api - INFO - BirdeyeAPI initialized with DexScreener fallback enabled
2025-05-12 23:50:46,092 - solana_trader - INFO - Connected to Solana network via https://mainnet.helius-rpc.com/?api-key=3c05add4-9974-4e11-a003-ef52c488edee
2025-05-12 23:50:46,102 - solana_trader - INFO - Connected to Solana network via https://mainnet.helius-rpc.com/?api-key=3c05add4-9974-4e11-a003-ef52c488edee
2025-05-12 23:50:46,349 - trading_bot.birdeye_api - INFO - Retrieved 2 tokens from DexScreener
2025-05-12 23:50:46,350 - trading_bot.birdeye_api - INFO - Found 2 trending tokens
2025-05-12 23:50:46,388 - trading_bot.birdeye_api - INFO - Retrieved 2 tokens from DexScreener
2025-05-12 23:50:46,389 - trading_bot.birdeye_api - INFO - Found 2 trending tokens
2025-05-12 23:50:46,389 - database - INFO - Database tables initialized
2025-05-12 23:50:46,428 - trading_bot.birdeye_api - INFO - BirdeyeAPI initialized with DexScreener fallback enabled
2025-05-12 23:50:46,428 - trading_bot.token_scanner - INFO - Twitter client initialized
2025-05-12 23:50:46,429 - solana_trader - INFO - Closing SolanaTrader connections
2025-05-12 23:50:46,432 - database - INFO - Database tables initialized
2025-05-12 23:50:46,447 - trading_bot.birdeye_api - INFO - BirdeyeAPI initialized with DexScreener fallback enabled
2025-05-12 23:50:46,449 - trading_bot.token_scanner - INFO - Twitter client initialized
2025-05-12 23:50:46,451 - solana_trader - INFO - Closing SolanaTrader connections
2025-05-12 23:50:56,548 - database - INFO - Database tables initialized
2025-05-12 23:50:57,096 - solana_trader - INFO - Processing private key as hex string
2025-05-12 23:50:57,097 - solana_trader - INFO - Attempting to create keypair using seed method
2025-05-12 23:50:57,098 - solana_trader - INFO - Wallet address: 16um9NG9V88CWR9vESe42WfmNrDcTNq9jUit5t5mpgf
2025-05-12 23:50:57,099 - trading_bot.birdeye_api - INFO - BirdeyeAPI initialized with DexScreener fallback enabled
2025-05-12 23:50:57,176 - solana_trader - INFO - Connected to Solana network via https://mainnet.helius-rpc.com/?api-key=3c05add4-9974-4e11-a003-ef52c488edee
2025-05-12 23:50:57,402 - trading_bot.birdeye_api - INFO - Retrieved 2 tokens from DexScreener
2025-05-12 23:50:57,403 - trading_bot.birdeye_api - INFO - Found 2 trending tokens
2025-05-12 23:50:57,422 - database - INFO - Database tables initialized
2025-05-12 23:50:57,429 - trading_bot.birdeye_api - INFO - BirdeyeAPI initialized with DexScreener fallback enabled
2025-05-12 23:50:57,430 - trading_bot.token_scanner - INFO - Twitter client initialized
2025-05-12 23:50:57,430 - solana_trader - INFO - Closing SolanaTrader connections
2025-05-12 23:51:17,807 - database - INFO - Database tables initialized
2025-05-12 23:51:17,807 - database - INFO - Database tables initialized
2025-05-12 23:51:18,363 - solana_trader - INFO - Processing private key as hex string
2025-05-12 23:51:18,364 - solana_trader - INFO - Attempting to create keypair using seed method
2025-05-12 23:51:18,364 - solana_trader - INFO - Wallet address: 16um9NG9V88CWR9vESe42WfmNrDcTNq9jUit5t5mpgf
2025-05-12 23:51:18,365 - trading_bot.birdeye_api - INFO - BirdeyeAPI initialized with DexScreener fallback enabled
2025-05-12 23:51:18,396 - solana_trader - INFO - Processing private key as hex string
2025-05-12 23:51:18,397 - solana_trader - INFO - Attempting to create keypair using seed method
2025-05-12 23:51:18,398 - solana_trader - INFO - Wallet address: 16um9NG9V88CWR9vESe42WfmNrDcTNq9jUit5t5mpgf
2025-05-12 23:51:18,398 - trading_bot.birdeye_api - INFO - BirdeyeAPI initialized with DexScreener fallback enabled
2025-05-12 23:51:18,495 - solana_trader - INFO - Connected to Solana network via https://mainnet.helius-rpc.com/?api-key=3c05add4-9974-4e11-a003-ef52c488edee
2025-05-12 23:51:18,586 - solana_trader - INFO - Connected to Solana network via https://mainnet.helius-rpc.com/?api-key=3c05add4-9974-4e11-a003-ef52c488edee
2025-05-12 23:51:18,624 - trading_bot.birdeye_api - INFO - Retrieved 2 tokens from DexScreener
2025-05-12 23:51:18,625 - trading_bot.birdeye_api - INFO - Found 2 trending tokens
2025-05-12 23:51:18,658 - database - INFO - Database tables initialized
2025-05-12 23:51:18,685 - trading_bot.birdeye_api - INFO - BirdeyeAPI initialized with DexScreener fallback enabled
2025-05-12 23:51:18,686 - trading_bot.token_scanner - INFO - Twitter client initialized
2025-05-12 23:51:18,686 - solana_trader - INFO - Closing SolanaTrader connections
2025-05-12 23:51:18,858 - trading_bot.birdeye_api - INFO - Retrieved 2 tokens from DexScreener
2025-05-12 23:51:18,859 - trading_bot.birdeye_api - INFO - Found 2 trending tokens
2025-05-12 23:51:18,875 - database - INFO - Database tables initialized
2025-05-12 23:51:18,881 - trading_bot.birdeye_api - INFO - BirdeyeAPI initialized with DexScreener fallback enabled
2025-05-12 23:51:18,882 - trading_bot.token_scanner - INFO - Twitter client initialized
2025-05-12 23:51:18,882 - solana_trader - INFO - Closing SolanaTrader connections
2025-05-12 23:51:28,736 - database - INFO - Database tables initialized
2025-05-12 23:51:29,154 - solana_trader - INFO - Processing private key as hex string
2025-05-12 23:51:29,155 - solana_trader - INFO - Attempting to create keypair using seed method
2025-05-12 23:51:29,155 - solana_trader - INFO - Wallet address: 16um9NG9V88CWR9vESe42WfmNrDcTNq9jUit5t5mpgf
2025-05-12 23:51:29,156 - trading_bot.birdeye_api - INFO - BirdeyeAPI initialized with DexScreener fallback enabled
2025-05-12 23:51:29,254 - solana_trader - INFO - Connected to Solana network via https://mainnet.helius-rpc.com/?api-key=3c05add4-9974-4e11-a003-ef52c488edee
2025-05-12 23:51:29,546 - trading_bot.birdeye_api - INFO - Retrieved 2 tokens from DexScreener
2025-05-12 23:51:29,546 - trading_bot.birdeye_api - INFO - Found 2 trending tokens
2025-05-12 23:51:29,568 - database - INFO - Database tables initialized
2025-05-12 23:51:29,575 - trading_bot.birdeye_api - INFO - BirdeyeAPI initialized with DexScreener fallback enabled
2025-05-12 23:51:29,576 - trading_bot.token_scanner - INFO - Twitter client initialized
2025-05-12 23:51:29,577 - solana_trader - INFO - Closing SolanaTrader connections
2025-05-12 23:51:49,937 - database - INFO - Database tables initialized
2025-05-12 23:51:50,123 - database - INFO - Database tables initialized
2025-05-12 23:51:50,352 - solana_trader - INFO - Processing private key as hex string
2025-05-12 23:51:50,353 - solana_trader - INFO - Attempting to create keypair using seed method
2025-05-12 23:51:50,354 - solana_trader - INFO - Wallet address: 16um9NG9V88CWR9vESe42WfmNrDcTNq9jUit5t5mpgf
2025-05-12 23:51:50,355 - trading_bot.birdeye_api - INFO - BirdeyeAPI initialized with DexScreener fallback enabled
2025-05-12 23:51:50,491 - solana_trader - INFO - Connected to Solana network via https://mainnet.helius-rpc.com/?api-key=3c05add4-9974-4e11-a003-ef52c488edee
2025-05-12 23:51:50,529 - solana_trader - INFO - Processing private key as hex string
2025-05-12 23:51:50,529 - solana_trader - INFO - Attempting to create keypair using seed method
2025-05-12 23:51:50,530 - solana_trader - INFO - Wallet address: 16um9NG9V88CWR9vESe42WfmNrDcTNq9jUit5t5mpgf
2025-05-12 23:51:50,535 - trading_bot.birdeye_api - INFO - BirdeyeAPI initialized with DexScreener fallback enabled
2025-05-12 23:51:50,622 - solana_trader - INFO - Connected to Solana network via https://mainnet.helius-rpc.com/?api-key=3c05add4-9974-4e11-a003-ef52c488edee
2025-05-12 23:51:50,631 - trading_bot.birdeye_api - INFO - Retrieved 2 tokens from DexScreener
2025-05-12 23:51:50,631 - trading_bot.birdeye_api - INFO - Found 2 trending tokens
2025-05-12 23:51:50,648 - database - INFO - Database tables initialized
2025-05-12 23:51:50,657 - trading_bot.birdeye_api - INFO - BirdeyeAPI initialized with DexScreener fallback enabled
2025-05-12 23:51:50,657 - trading_bot.token_scanner - INFO - Twitter client initialized
2025-05-12 23:51:50,659 - solana_trader - INFO - Closing SolanaTrader connections
2025-05-12 23:51:50,888 - trading_bot.birdeye_api - INFO - Retrieved 2 tokens from DexScreener
2025-05-12 23:51:50,889 - trading_bot.birdeye_api - INFO - Found 2 trending tokens
2025-05-12 23:51:50,905 - database - INFO - Database tables initialized
2025-05-12 23:51:50,913 - trading_bot.birdeye_api - INFO - BirdeyeAPI initialized with DexScreener fallback enabled
2025-05-12 23:51:50,914 - trading_bot.token_scanner - INFO - Twitter client initialized
2025-05-12 23:51:50,914 - solana_trader - INFO - Closing SolanaTrader connections
2025-05-12 23:52:00,793 - database - INFO - Database tables initialized
2025-05-12 23:52:01,159 - solana_trader - INFO - Processing private key as hex string
2025-05-12 23:52:01,160 - solana_trader - INFO - Attempting to create keypair using seed method
2025-05-12 23:52:01,160 - solana_trader - INFO - Wallet address: 16um9NG9V88CWR9vESe42WfmNrDcTNq9jUit5t5mpgf
2025-05-12 23:52:01,161 - trading_bot.birdeye_api - INFO - BirdeyeAPI initialized with DexScreener fallback enabled
2025-05-12 23:52:01,249 - solana_trader - INFO - Connected to Solana network via https://mainnet.helius-rpc.com/?api-key=3c05add4-9974-4e11-a003-ef52c488edee
2025-05-12 23:52:01,384 - trading_bot.birdeye_api - INFO - Retrieved 2 tokens from DexScreener
2025-05-12 23:52:01,385 - trading_bot.birdeye_api - INFO - Found 2 trending tokens
2025-05-12 23:52:01,399 - database - INFO - Database tables initialized
2025-05-12 23:52:01,408 - trading_bot.birdeye_api - INFO - BirdeyeAPI initialized with DexScreener fallback enabled
2025-05-12 23:52:01,408 - trading_bot.token_scanner - INFO - Twitter client initialized
2025-05-12 23:52:01,408 - solana_trader - INFO - Closing SolanaTrader connections
2025-05-12 23:52:21,957 - database - INFO - Database tables initialized
2025-05-12 23:52:22,138 - database - INFO - Database tables initialized
2025-05-12 23:52:22,372 - solana_trader - INFO - Processing private key as hex string
2025-05-12 23:52:22,373 - solana_trader - INFO - Attempting to create keypair using seed method
2025-05-12 23:52:22,374 - solana_trader - INFO - Wallet address: 16um9NG9V88CWR9vESe42WfmNrDcTNq9jUit5t5mpgf
2025-05-12 23:52:22,375 - trading_bot.birdeye_api - INFO - BirdeyeAPI initialized with DexScreener fallback enabled
2025-05-12 23:52:22,479 - solana_trader - INFO - Connected to Solana network via https://mainnet.helius-rpc.com/?api-key=3c05add4-9974-4e11-a003-ef52c488edee
2025-05-12 23:52:22,539 - solana_trader - INFO - Processing private key as hex string
2025-05-12 23:52:22,541 - solana_trader - INFO - Attempting to create keypair using seed method
2025-05-12 23:52:22,542 - solana_trader - INFO - Wallet address: 16um9NG9V88CWR9vESe42WfmNrDcTNq9jUit5t5mpgf
2025-05-12 23:52:22,542 - trading_bot.birdeye_api - INFO - BirdeyeAPI initialized with DexScreener fallback enabled
2025-05-12 23:52:22,646 - trading_bot.birdeye_api - INFO - Retrieved 2 tokens from DexScreener
2025-05-12 23:52:22,647 - trading_bot.birdeye_api - INFO - Found 2 trending tokens
2025-05-12 23:52:22,670 - solana_trader - INFO - Connected to Solana network via https://mainnet.helius-rpc.com/?api-key=3c05add4-9974-4e11-a003-ef52c488edee
2025-05-12 23:52:22,671 - database - INFO - Database tables initialized
2025-05-12 23:52:22,682 - trading_bot.birdeye_api - INFO - BirdeyeAPI initialized with DexScreener fallback enabled
2025-05-12 23:52:22,682 - trading_bot.token_scanner - INFO - Twitter client initialized
2025-05-12 23:52:22,683 - solana_trader - INFO - Closing SolanaTrader connections
2025-05-12 23:52:22,898 - trading_bot.birdeye_api - INFO - Retrieved 2 tokens from DexScreener
2025-05-12 23:52:22,899 - trading_bot.birdeye_api - INFO - Found 2 trending tokens
2025-05-12 23:52:22,915 - database - INFO - Database tables initialized
2025-05-12 23:52:22,921 - trading_bot.birdeye_api - INFO - BirdeyeAPI initialized with DexScreener fallback enabled
2025-05-12 23:52:22,921 - trading_bot.token_scanner - INFO - Twitter client initialized
2025-05-12 23:52:22,922 - solana_trader - INFO - Closing SolanaTrader connections
2025-05-12 23:52:32,651 - database - INFO - Database tables initialized
2025-05-12 23:52:33,068 - solana_trader - INFO - Processing private key as hex string
2025-05-12 23:52:33,068 - solana_trader - INFO - Attempting to create keypair using seed method
2025-05-12 23:52:33,069 - solana_trader - INFO - Wallet address: 16um9NG9V88CWR9vESe42WfmNrDcTNq9jUit5t5mpgf
2025-05-12 23:52:33,069 - trading_bot.birdeye_api - INFO - BirdeyeAPI initialized with DexScreener fallback enabled
2025-05-12 23:52:33,168 - solana_trader - INFO - Connected to Solana network via https://mainnet.helius-rpc.com/?api-key=3c05add4-9974-4e11-a003-ef52c488edee
2025-05-12 23:52:33,583 - trading_bot.birdeye_api - INFO - Retrieved 2 tokens from DexScreener
2025-05-12 23:52:33,584 - trading_bot.birdeye_api - INFO - Found 2 trending tokens
2025-05-12 23:52:33,599 - database - INFO - Database tables initialized
2025-05-12 23:52:33,607 - trading_bot.birdeye_api - INFO - BirdeyeAPI initialized with DexScreener fallback enabled
2025-05-12 23:52:33,608 - trading_bot.token_scanner - INFO - Twitter client initialized
2025-05-12 23:52:33,608 - solana_trader - INFO - Closing SolanaTrader connections
2025-05-12 23:52:53,920 - database - INFO - Database tables initialized
2025-05-12 23:52:54,193 - database - INFO - Database tables initialized
2025-05-12 23:52:54,467 - solana_trader - INFO - Processing private key as hex string
2025-05-12 23:52:54,468 - solana_trader - INFO - Attempting to create keypair using seed method
2025-05-12 23:52:54,468 - solana_trader - INFO - Wallet address: 16um9NG9V88CWR9vESe42WfmNrDcTNq9jUit5t5mpgf
2025-05-12 23:52:54,469 - trading_bot.birdeye_api - INFO - BirdeyeAPI initialized with DexScreener fallback enabled
2025-05-12 23:52:54,557 - solana_trader - INFO - Connected to Solana network via https://mainnet.helius-rpc.com/?api-key=3c05add4-9974-4e11-a003-ef52c488edee
2025-05-12 23:52:54,720 - trading_bot.birdeye_api - INFO - Retrieved 2 tokens from DexScreener
2025-05-12 23:52:54,720 - trading_bot.birdeye_api - INFO - Found 2 trending tokens
2025-05-12 23:52:54,739 - solana_trader - INFO - Processing private key as hex string
2025-05-12 23:52:54,741 - solana_trader - INFO - Attempting to create keypair using seed method
2025-05-12 23:52:54,742 - solana_trader - INFO - Wallet address: 16um9NG9V88CWR9vESe42WfmNrDcTNq9jUit5t5mpgf
2025-05-12 23:52:54,742 - trading_bot.birdeye_api - INFO - BirdeyeAPI initialized with DexScreener fallback enabled
2025-05-12 23:52:54,743 - database - INFO - Database tables initialized
2025-05-12 23:52:54,751 - trading_bot.birdeye_api - INFO - BirdeyeAPI initialized with DexScreener fallback enabled
2025-05-12 23:52:54,752 - trading_bot.token_scanner - INFO - Twitter client initialized
2025-05-12 23:52:54,752 - solana_trader - INFO - Closing SolanaTrader connections
2025-05-12 23:52:54,818 - solana_trader - INFO - Connected to Solana network via https://mainnet.helius-rpc.com/?api-key=3c05add4-9974-4e11-a003-ef52c488edee
2025-05-12 23:52:54,982 - trading_bot.birdeye_api - INFO - Retrieved 2 tokens from DexScreener
2025-05-12 23:52:54,982 - trading_bot.birdeye_api - INFO - Found 2 trending tokens
2025-05-12 23:52:55,000 - database - INFO - Database tables initialized
2025-05-12 23:52:55,011 - trading_bot.birdeye_api - INFO - BirdeyeAPI initialized with DexScreener fallback enabled
2025-05-12 23:52:55,012 - trading_bot.token_scanner - INFO - Twitter client initialized
2025-05-12 23:52:55,012 - solana_trader - INFO - Closing SolanaTrader connections
2025-05-12 23:53:04,846 - database - INFO - Database tables initialized
2025-05-12 23:53:05,272 - solana_trader - INFO - Processing private key as hex string
2025-05-12 23:53:05,273 - solana_trader - INFO - Attempting to create keypair using seed method
2025-05-12 23:53:05,274 - solana_trader - INFO - Wallet address: 16um9NG9V88CWR9vESe42WfmNrDcTNq9jUit5t5mpgf
2025-05-12 23:53:05,274 - trading_bot.birdeye_api - INFO - BirdeyeAPI initialized with DexScreener fallback enabled
2025-05-12 23:53:05,356 - solana_trader - INFO - Connected to Solana network via https://mainnet.helius-rpc.com/?api-key=3c05add4-9974-4e11-a003-ef52c488edee
2025-05-12 23:53:05,752 - trading_bot.birdeye_api - INFO - Retrieved 2 tokens from DexScreener
2025-05-12 23:53:05,753 - trading_bot.birdeye_api - INFO - Found 2 trending tokens
2025-05-12 23:53:05,773 - database - INFO - Database tables initialized
2025-05-12 23:53:05,781 - trading_bot.birdeye_api - INFO - BirdeyeAPI initialized with DexScreener fallback enabled
2025-05-12 23:53:05,782 - trading_bot.token_scanner - INFO - Twitter client initialized
2025-05-12 23:53:05,782 - solana_trader - INFO - Closing SolanaTrader connections
2025-05-12 23:53:26,001 - database - INFO - Database tables initialized
2025-05-12 23:53:26,281 - database - INFO - Database tables initialized
2025-05-12 23:53:26,483 - solana_trader - INFO - Processing private key as hex string
2025-05-12 23:53:26,484 - solana_trader - INFO - Attempting to create keypair using seed method
2025-05-12 23:53:26,484 - solana_trader - INFO - Wallet address: 16um9NG9V88CWR9vESe42WfmNrDcTNq9jUit5t5mpgf
2025-05-12 23:53:26,485 - trading_bot.birdeye_api - INFO - BirdeyeAPI initialized with DexScreener fallback enabled
2025-05-12 23:53:26,564 - solana_trader - INFO - Connected to Solana network via https://mainnet.helius-rpc.com/?api-key=3c05add4-9974-4e11-a003-ef52c488edee
2025-05-12 23:53:26,733 - trading_bot.birdeye_api - INFO - Retrieved 2 tokens from DexScreener
2025-05-12 23:53:26,734 - trading_bot.birdeye_api - INFO - Found 2 trending tokens
2025-05-12 23:53:26,754 - database - INFO - Database tables initialized
2025-05-12 23:53:26,764 - trading_bot.birdeye_api - INFO - BirdeyeAPI initialized with DexScreener fallback enabled
2025-05-12 23:53:26,765 - trading_bot.token_scanner - INFO - Twitter client initialized
2025-05-12 23:53:26,766 - solana_trader - INFO - Closing SolanaTrader connections
2025-05-12 23:53:26,808 - solana_trader - INFO - Processing private key as hex string
2025-05-12 23:53:26,809 - solana_trader - INFO - Attempting to create keypair using seed method
2025-05-12 23:53:26,812 - solana_trader - INFO - Wallet address: 16um9NG9V88CWR9vESe42WfmNrDcTNq9jUit5t5mpgf
2025-05-12 23:53:26,813 - trading_bot.birdeye_api - INFO - BirdeyeAPI initialized with DexScreener fallback enabled
2025-05-12 23:53:26,938 - solana_trader - INFO - Connected to Solana network via https://mainnet.helius-rpc.com/?api-key=3c05add4-9974-4e11-a003-ef52c488edee
2025-05-12 23:53:27,078 - trading_bot.birdeye_api - INFO - Retrieved 2 tokens from DexScreener
2025-05-12 23:53:27,080 - trading_bot.birdeye_api - INFO - Found 2 trending tokens
2025-05-12 23:53:27,104 - database - INFO - Database tables initialized
2025-05-12 23:53:27,112 - trading_bot.birdeye_api - INFO - BirdeyeAPI initialized with DexScreener fallback enabled
2025-05-12 23:53:27,113 - trading_bot.token_scanner - INFO - Twitter client initialized
2025-05-12 23:53:27,113 - solana_trader - INFO - Closing SolanaTrader connections
2025-05-12 23:53:37,130 - database - INFO - Database tables initialized
2025-05-12 23:53:37,562 - solana_trader - INFO - Processing private key as hex string
2025-05-12 23:53:37,566 - solana_trader - INFO - Attempting to create keypair using seed method
2025-05-12 23:53:37,566 - solana_trader - INFO - Wallet address: 16um9NG9V88CWR9vESe42WfmNrDcTNq9jUit5t5mpgf
2025-05-12 23:53:37,567 - trading_bot.birdeye_api - INFO - BirdeyeAPI initialized with DexScreener fallback enabled
2025-05-12 23:53:37,668 - solana_trader - INFO - Connected to Solana network via https://mainnet.helius-rpc.com/?api-key=3c05add4-9974-4e11-a003-ef52c488edee
2025-05-12 23:53:38,058 - trading_bot.birdeye_api - INFO - Retrieved 2 tokens from DexScreener
2025-05-12 23:53:38,059 - trading_bot.birdeye_api - INFO - Found 2 trending tokens
2025-05-12 23:53:38,078 - database - INFO - Database tables initialized
2025-05-12 23:53:38,086 - trading_bot.birdeye_api - INFO - BirdeyeAPI initialized with DexScreener fallback enabled
2025-05-12 23:53:38,087 - trading_bot.token_scanner - INFO - Twitter client initialized
2025-05-12 23:53:38,087 - solana_trader - INFO - Closing SolanaTrader connections
2025-05-12 23:53:58,019 - database - INFO - Database tables initialized
2025-05-12 23:53:58,391 - database - INFO - Database tables initialized
2025-05-12 23:53:58,396 - solana_trader - INFO - Processing private key as hex string
2025-05-12 23:53:58,397 - solana_trader - INFO - Attempting to create keypair using seed method
2025-05-12 23:53:58,397 - solana_trader - INFO - Wallet address: 16um9NG9V88CWR9vESe42WfmNrDcTNq9jUit5t5mpgf
2025-05-12 23:53:58,397 - trading_bot.birdeye_api - INFO - BirdeyeAPI initialized with DexScreener fallback enabled
2025-05-12 23:53:58,469 - solana_trader - INFO - Connected to Solana network via https://mainnet.helius-rpc.com/?api-key=3c05add4-9974-4e11-a003-ef52c488edee
2025-05-12 23:53:58,627 - trading_bot.birdeye_api - INFO - Retrieved 2 tokens from DexScreener
2025-05-12 23:53:58,628 - trading_bot.birdeye_api - INFO - Found 2 trending tokens
2025-05-12 23:53:58,644 - database - INFO - Database tables initialized
2025-05-12 23:53:58,651 - trading_bot.birdeye_api - INFO - BirdeyeAPI initialized with DexScreener fallback enabled
2025-05-12 23:53:58,652 - trading_bot.token_scanner - INFO - Twitter client initialized
2025-05-12 23:53:58,652 - solana_trader - INFO - Closing SolanaTrader connections
2025-05-12 23:53:58,872 - solana_trader - INFO - Processing private key as hex string
2025-05-12 23:53:58,873 - solana_trader - INFO - Attempting to create keypair using seed method
2025-05-12 23:53:58,873 - solana_trader - INFO - Wallet address: 16um9NG9V88CWR9vESe42WfmNrDcTNq9jUit5t5mpgf
2025-05-12 23:53:58,873 - trading_bot.birdeye_api - INFO - BirdeyeAPI initialized with DexScreener fallback enabled
2025-05-12 23:53:58,957 - solana_trader - INFO - Connected to Solana network via https://mainnet.helius-rpc.com/?api-key=3c05add4-9974-4e11-a003-ef52c488edee
2025-05-12 23:53:59,118 - trading_bot.birdeye_api - INFO - Retrieved 2 tokens from DexScreener
2025-05-12 23:53:59,119 - trading_bot.birdeye_api - INFO - Found 2 trending tokens
2025-05-12 23:53:59,138 - database - INFO - Database tables initialized
2025-05-12 23:53:59,148 - trading_bot.birdeye_api - INFO - BirdeyeAPI initialized with DexScreener fallback enabled
2025-05-12 23:53:59,148 - trading_bot.token_scanner - INFO - Twitter client initialized
2025-05-12 23:53:59,148 - solana_trader - INFO - Closing SolanaTrader connections
2025-05-12 23:54:09,345 - database - INFO - Database tables initialized
2025-05-12 23:54:09,694 - solana_trader - INFO - Processing private key as hex string
2025-05-12 23:54:09,695 - solana_trader - INFO - Attempting to create keypair using seed method
2025-05-12 23:54:09,695 - solana_trader - INFO - Wallet address: 16um9NG9V88CWR9vESe42WfmNrDcTNq9jUit5t5mpgf
2025-05-12 23:54:09,695 - trading_bot.birdeye_api - INFO - BirdeyeAPI initialized with DexScreener fallback enabled
2025-05-12 23:54:09,788 - solana_trader - INFO - Connected to Solana network via https://mainnet.helius-rpc.com/?api-key=3c05add4-9974-4e11-a003-ef52c488edee
2025-05-12 23:54:11,905 - trading_bot.birdeye_api - INFO - Retrieved 2 tokens from DexScreener
2025-05-12 23:54:11,906 - trading_bot.birdeye_api - INFO - Found 2 trending tokens
2025-05-12 23:54:11,922 - database - INFO - Database tables initialized
2025-05-12 23:54:11,929 - trading_bot.birdeye_api - INFO - BirdeyeAPI initialized with DexScreener fallback enabled
2025-05-12 23:54:11,929 - trading_bot.token_scanner - INFO - Twitter client initialized
2025-05-12 23:54:11,930 - solana_trader - INFO - Closing SolanaTrader connections
2025-05-12 23:54:29,928 - database - INFO - Database tables initialized
2025-05-12 23:54:30,293 - solana_trader - INFO - Processing private key as hex string
2025-05-12 23:54:30,293 - solana_trader - INFO - Attempting to create keypair using seed method
2025-05-12 23:54:30,294 - solana_trader - INFO - Wallet address: 16um9NG9V88CWR9vESe42WfmNrDcTNq9jUit5t5mpgf
2025-05-12 23:54:30,294 - trading_bot.birdeye_api - INFO - BirdeyeAPI initialized with DexScreener fallback enabled
2025-05-12 23:54:30,435 - database - INFO - Database tables initialized
2025-05-12 23:54:30,515 - solana_trader - INFO - Connected to Solana network via https://mainnet.helius-rpc.com/?api-key=3c05add4-9974-4e11-a003-ef52c488edee
2025-05-12 23:54:30,668 - trading_bot.birdeye_api - INFO - Retrieved 2 tokens from DexScreener
2025-05-12 23:54:30,670 - trading_bot.birdeye_api - INFO - Found 2 trending tokens
2025-05-12 23:54:30,690 - database - INFO - Database tables initialized
2025-05-12 23:54:30,701 - trading_bot.birdeye_api - INFO - BirdeyeAPI initialized with DexScreener fallback enabled
2025-05-12 23:54:30,701 - trading_bot.token_scanner - INFO - Twitter client initialized
2025-05-12 23:54:30,701 - solana_trader - INFO - Closing SolanaTrader connections
2025-05-12 23:54:30,830 - solana_trader - INFO - Processing private key as hex string
2025-05-12 23:54:30,831 - solana_trader - INFO - Attempting to create keypair using seed method
2025-05-12 23:54:30,831 - solana_trader - INFO - Wallet address: 16um9NG9V88CWR9vESe42WfmNrDcTNq9jUit5t5mpgf
2025-05-12 23:54:30,831 - trading_bot.birdeye_api - INFO - BirdeyeAPI initialized with DexScreener fallback enabled
2025-05-12 23:54:30,951 - solana_trader - INFO - Connected to Solana network via https://mainnet.helius-rpc.com/?api-key=3c05add4-9974-4e11-a003-ef52c488edee
2025-05-12 23:54:31,088 - trading_bot.birdeye_api - INFO - Retrieved 2 tokens from DexScreener
2025-05-12 23:54:31,089 - trading_bot.birdeye_api - INFO - Found 2 trending tokens
2025-05-12 23:54:31,106 - database - INFO - Database tables initialized
2025-05-12 23:54:31,114 - trading_bot.birdeye_api - INFO - BirdeyeAPI initialized with DexScreener fallback enabled
2025-05-12 23:54:31,115 - trading_bot.token_scanner - INFO - Twitter client initialized
2025-05-12 23:54:31,115 - solana_trader - INFO - Closing SolanaTrader connections
2025-05-12 23:54:43,184 - database - INFO - Database tables initialized
2025-05-12 23:54:43,776 - solana_trader - INFO - Processing private key as hex string
2025-05-12 23:54:43,777 - solana_trader - INFO - Attempting to create keypair using seed method
2025-05-12 23:54:43,778 - solana_trader - INFO - Wallet address: 16um9NG9V88CWR9vESe42WfmNrDcTNq9jUit5t5mpgf
2025-05-12 23:54:43,779 - trading_bot.birdeye_api - INFO - BirdeyeAPI initialized with DexScreener fallback enabled
2025-05-12 23:54:43,882 - solana_trader - INFO - Connected to Solana network via https://mainnet.helius-rpc.com/?api-key=3c05add4-9974-4e11-a003-ef52c488edee
2025-05-12 23:54:44,290 - trading_bot.birdeye_api - INFO - Retrieved 2 tokens from DexScreener
2025-05-12 23:54:44,291 - trading_bot.birdeye_api - INFO - Found 2 trending tokens
2025-05-12 23:54:44,317 - database - INFO - Database tables initialized
2025-05-12 23:54:44,326 - trading_bot.birdeye_api - INFO - BirdeyeAPI initialized with DexScreener fallback enabled
2025-05-12 23:54:44,327 - trading_bot.token_scanner - INFO - Twitter client initialized
2025-05-12 23:54:44,327 - solana_trader - INFO - Closing SolanaTrader connections
2025-05-12 23:55:01,912 - database - INFO - Database tables initialized
2025-05-12 23:55:02,241 - solana_trader - INFO - Processing private key as hex string
2025-05-12 23:55:02,242 - solana_trader - INFO - Attempting to create keypair using seed method
2025-05-12 23:55:02,244 - solana_trader - INFO - Wallet address: 16um9NG9V88CWR9vESe42WfmNrDcTNq9jUit5t5mpgf
2025-05-12 23:55:02,244 - trading_bot.birdeye_api - INFO - BirdeyeAPI initialized with DexScreener fallback enabled
2025-05-12 23:55:02,345 - database - INFO - Database tables initialized
2025-05-12 23:55:02,441 - solana_trader - INFO - Connected to Solana network via https://mainnet.helius-rpc.com/?api-key=3c05add4-9974-4e11-a003-ef52c488edee
2025-05-12 23:55:02,588 - trading_bot.birdeye_api - INFO - Retrieved 2 tokens from DexScreener
2025-05-12 23:55:02,590 - trading_bot.birdeye_api - INFO - Found 2 trending tokens
2025-05-12 23:55:02,608 - database - INFO - Database tables initialized
2025-05-12 23:55:02,617 - trading_bot.birdeye_api - INFO - BirdeyeAPI initialized with DexScreener fallback enabled
2025-05-12 23:55:02,618 - trading_bot.token_scanner - INFO - Twitter client initialized
2025-05-12 23:55:02,619 - solana_trader - INFO - Closing SolanaTrader connections
2025-05-12 23:55:02,746 - solana_trader - INFO - Processing private key as hex string
2025-05-12 23:55:02,746 - solana_trader - INFO - Attempting to create keypair using seed method
2025-05-12 23:55:02,747 - solana_trader - INFO - Wallet address: 16um9NG9V88CWR9vESe42WfmNrDcTNq9jUit5t5mpgf
2025-05-12 23:55:02,747 - trading_bot.birdeye_api - INFO - BirdeyeAPI initialized with DexScreener fallback enabled
2025-05-12 23:55:02,819 - solana_trader - INFO - Connected to Solana network via https://mainnet.helius-rpc.com/?api-key=3c05add4-9974-4e11-a003-ef52c488edee
2025-05-12 23:55:02,932 - trading_bot.birdeye_api - INFO - Retrieved 2 tokens from DexScreener
2025-05-12 23:55:02,933 - trading_bot.birdeye_api - INFO - Found 2 trending tokens
2025-05-12 23:55:02,949 - database - INFO - Database tables initialized
2025-05-12 23:55:02,957 - trading_bot.birdeye_api - INFO - BirdeyeAPI initialized with DexScreener fallback enabled
2025-05-12 23:55:02,958 - trading_bot.token_scanner - INFO - Twitter client initialized
2025-05-12 23:55:02,959 - solana_trader - INFO - Closing SolanaTrader connections
2025-05-12 23:55:15,628 - database - INFO - Database tables initialized
2025-05-12 23:55:15,974 - solana_trader - INFO - Processing private key as hex string
2025-05-12 23:55:15,974 - solana_trader - INFO - Attempting to create keypair using seed method
2025-05-12 23:55:15,974 - solana_trader - INFO - Wallet address: 16um9NG9V88CWR9vESe42WfmNrDcTNq9jUit5t5mpgf
2025-05-12 23:55:15,975 - trading_bot.birdeye_api - INFO - BirdeyeAPI initialized with DexScreener fallback enabled
2025-05-12 23:55:16,059 - solana_trader - INFO - Connected to Solana network via https://mainnet.helius-rpc.com/?api-key=3c05add4-9974-4e11-a003-ef52c488edee
2025-05-12 23:55:16,130 - solana_trader - INFO - Got SOL price from CoinGecko: $167.7
2025-05-12 23:55:16,712 - trading_bot.birdeye_api - INFO - Retrieved 2 tokens from DexScreener
2025-05-12 23:55:16,713 - trading_bot.birdeye_api - INFO - Found 2 trending tokens
2025-05-12 23:55:16,728 - database - INFO - Database tables initialized
2025-05-12 23:55:16,736 - trading_bot.birdeye_api - INFO - BirdeyeAPI initialized with DexScreener fallback enabled
2025-05-12 23:55:16,737 - trading_bot.token_scanner - INFO - Twitter client initialized
2025-05-12 23:55:16,737 - solana_trader - INFO - Closing SolanaTrader connections
