2025-04-02 02:18:56,297 - trading_bot.database - INFO - Database tables initialized
2025-04-02 02:18:56,298 - trading_bot.solana_trader - INFO - Wallet initialized: 8GU6LRQBNMQyTrQrzufXNczGUizf9oS2AwsX94Zn6Bzv
2025-04-02 02:18:56,303 - trading_bot.database - INFO - Database tables initialized
2025-04-02 02:18:56,303 - trading_bot.solana_trader - INFO - Trading bot running in SIMULATION MODE - no real trades will be executed
2025-04-02 02:18:56,305 - trading_bot.solana_trader - INFO - Loaded 0 active orders
2025-04-02 02:18:56,306 - trading_bot.database - INFO - Database tables initialized
2025-04-02 02:18:56,311 - trading_bot.database - INFO - Database tables initialized
2025-04-02 02:18:56,312 - trading_bot.token_scanner - INFO - Twitter client initialized
2025-04-02 02:18:56,312 - trading_bot.database - INFO - Database tables initialized
2025-04-02 02:18:56,314 - trading_bot - INFO - ==================================================
2025-04-02 02:18:56,314 - trading_bot - INFO -    Solana Trading Bot Starting
2025-04-02 02:18:56,314 - trading_bot - INFO - ==================================================
2025-04-02 02:18:56,582 - trading_bot.solana_trader - INFO - Connected to Solana RPC
2025-04-02 02:18:56,673 - trading_bot - INFO - Initial Wallet Balance: 0.0000 SOL ($0.00)
2025-04-02 02:18:56,673 - trading_bot.token_scanner - INFO - Starting token scanner
2025-04-02 02:18:56,674 - trading_bot.token_scanner - INFO - Scanning Birdeye for tokens...
2025-04-02 02:18:56,675 - trading_bot.solana_trader - INFO - Starting position monitor
2025-04-02 02:18:56,676 - trading_bot - INFO - Starting token discovery and trading process
2025-04-02 02:18:56,795 - trading_bot - INFO - Current wallet balance: 0.0000 SOL ($0.00)
2025-04-02 02:18:56,876 - trading_bot.utils - WARNING - Fetch attempt 1/3 failed for https://public-api.birdeye.so/defi/v3/search: 400, message='Bad Request', url='https://public-api.birdeye.so/defi/v3/search?query=solana&limit=50'
2025-04-02 02:18:56,942 - trading_bot.utils - WARNING - Fetch attempt 1/3 failed for https://public-api.birdeye.so/trader/gainers-losers: 400, message='Bad Request', url='https://public-api.birdeye.so/trader/gainers-losers?timeframe=1h&limit=5&sort_by=gainers'
2025-04-02 02:18:59,019 - trading_bot.utils - WARNING - Fetch attempt 2/3 failed for https://public-api.birdeye.so/defi/v3/search: 400, message='Bad Request', url='https://public-api.birdeye.so/defi/v3/search?query=solana&limit=50'
2025-04-02 02:18:59,067 - trading_bot.utils - WARNING - Fetch attempt 2/3 failed for https://public-api.birdeye.so/trader/gainers-losers: 400, message='Bad Request', url='https://public-api.birdeye.so/trader/gainers-losers?timeframe=1h&limit=5&sort_by=gainers'
2025-04-02 02:19:03,167 - trading_bot.utils - WARNING - Fetch attempt 3/3 failed for https://public-api.birdeye.so/defi/v3/search: 400, message='Bad Request', url='https://public-api.birdeye.so/defi/v3/search?query=solana&limit=50'
2025-04-02 02:19:03,168 - trading_bot.utils - ERROR - Failed to fetch https://public-api.birdeye.so/defi/v3/search after 3 attempts
2025-04-02 02:19:03,168 - trading_bot.token_scanner - WARNING - No data from Birdeye search endpoint
2025-04-02 02:19:03,168 - trading_bot.token_scanner - INFO - Scanning DexScreener for tokens...
2025-04-02 02:19:03,201 - trading_bot.utils - WARNING - Fetch attempt 3/3 failed for https://public-api.birdeye.so/trader/gainers-losers: 400, message='Bad Request', url='https://public-api.birdeye.so/trader/gainers-losers?timeframe=1h&limit=5&sort_by=gainers'
2025-04-02 02:19:03,201 - trading_bot.utils - ERROR - Failed to fetch https://public-api.birdeye.so/trader/gainers-losers after 3 attempts
2025-04-02 02:19:03,202 - trading_bot.token_analyzer - WARNING - No Birdeye data for top gainers (1h)
2025-04-02 02:19:03,289 - trading_bot.token_scanner - WARNING - Invalid DexScreener response
2025-04-02 02:19:03,289 - trading_bot.token_scanner - INFO - Analyzing tokens by screening criteria...
2025-04-02 02:19:03,315 - trading_bot.token_analyzer - WARNING - No DexScreener data for top gainers
2025-04-02 02:19:03,445 - trading_bot.utils - WARNING - Fetch attempt 1/3 failed for https://public-api.birdeye.so/trader/gainers-losers: 400, message='Bad Request', url='https://public-api.birdeye.so/trader/gainers-losers?timeframe=1h&limit=5&sort_by=gainers'
2025-04-02 02:19:03,471 - trading_bot.utils - WARNING - Fetch attempt 1/3 failed for https://public-api.birdeye.so/trader/gainers-losers: 400, message='Bad Request', url='https://public-api.birdeye.so/trader/gainers-losers?timeframe=6h&limit=5&sort_by=gainers'
2025-04-02 02:19:05,583 - trading_bot.utils - WARNING - Fetch attempt 2/3 failed for https://public-api.birdeye.so/trader/gainers-losers: 400, message='Bad Request', url='https://public-api.birdeye.so/trader/gainers-losers?timeframe=1h&limit=5&sort_by=gainers'
2025-04-02 02:19:05,613 - trading_bot.utils - WARNING - Fetch attempt 2/3 failed for https://public-api.birdeye.so/trader/gainers-losers: 400, message='Bad Request', url='https://public-api.birdeye.so/trader/gainers-losers?timeframe=6h&limit=5&sort_by=gainers'
2025-04-02 02:19:09,712 - trading_bot.utils - WARNING - Fetch attempt 3/3 failed for https://public-api.birdeye.so/trader/gainers-losers: 400, message='Bad Request', url='https://public-api.birdeye.so/trader/gainers-losers?timeframe=1h&limit=5&sort_by=gainers'
2025-04-02 02:19:09,712 - trading_bot.utils - ERROR - Failed to fetch https://public-api.birdeye.so/trader/gainers-losers after 3 attempts
2025-04-02 02:19:09,712 - trading_bot.token_analyzer - WARNING - No Birdeye data for top gainers (1h)
2025-04-02 02:19:09,760 - trading_bot.utils - WARNING - Fetch attempt 3/3 failed for https://public-api.birdeye.so/trader/gainers-losers: 400, message='Bad Request', url='https://public-api.birdeye.so/trader/gainers-losers?timeframe=6h&limit=5&sort_by=gainers'
2025-04-02 02:19:09,761 - trading_bot.utils - ERROR - Failed to fetch https://public-api.birdeye.so/trader/gainers-losers after 3 attempts
2025-04-02 02:19:09,761 - trading_bot.token_analyzer - WARNING - No Birdeye data for top gainers (6h)
2025-04-02 02:19:09,762 - trading_bot.token_analyzer - WARNING - No DexScreener data for top gainers
2025-04-02 02:19:09,819 - trading_bot.token_analyzer - WARNING - No DexScreener data for top gainers
2025-04-02 02:19:09,925 - trading_bot.utils - WARNING - Fetch attempt 1/3 failed for https://public-api.birdeye.so/trader/gainers-losers: 400, message='Bad Request', url='https://public-api.birdeye.so/trader/gainers-losers?timeframe=6h&limit=5&sort_by=gainers'
2025-04-02 02:19:09,969 - trading_bot.utils - WARNING - Fetch attempt 1/3 failed for https://public-api.birdeye.so/trader/gainers-losers: 400, message='Bad Request', url='https://public-api.birdeye.so/trader/gainers-losers?timeframe=24h&limit=5&sort_by=gainers'
2025-04-02 02:19:12,064 - trading_bot.utils - WARNING - Fetch attempt 2/3 failed for https://public-api.birdeye.so/trader/gainers-losers: 400, message='Bad Request', url='https://public-api.birdeye.so/trader/gainers-losers?timeframe=6h&limit=5&sort_by=gainers'
2025-04-02 02:19:12,096 - trading_bot.utils - WARNING - Fetch attempt 2/3 failed for https://public-api.birdeye.so/trader/gainers-losers: 400, message='Bad Request', url='https://public-api.birdeye.so/trader/gainers-losers?timeframe=24h&limit=5&sort_by=gainers'
2025-04-02 02:19:16,190 - trading_bot.utils - WARNING - Fetch attempt 3/3 failed for https://public-api.birdeye.so/trader/gainers-losers: 400, message='Bad Request', url='https://public-api.birdeye.so/trader/gainers-losers?timeframe=6h&limit=5&sort_by=gainers'
2025-04-02 02:19:16,191 - trading_bot.utils - ERROR - Failed to fetch https://public-api.birdeye.so/trader/gainers-losers after 3 attempts
2025-04-02 02:19:16,191 - trading_bot.token_analyzer - WARNING - No Birdeye data for top gainers (6h)
2025-04-02 02:19:16,228 - trading_bot.utils - WARNING - Fetch attempt 3/3 failed for https://public-api.birdeye.so/trader/gainers-losers: 400, message='Bad Request', url='https://public-api.birdeye.so/trader/gainers-losers?timeframe=24h&limit=5&sort_by=gainers'
2025-04-02 02:19:16,228 - trading_bot.utils - ERROR - Failed to fetch https://public-api.birdeye.so/trader/gainers-losers after 3 attempts
2025-04-02 02:19:16,229 - trading_bot.token_analyzer - WARNING - No Birdeye data for top gainers (24h)
2025-04-02 02:19:16,233 - trading_bot.token_analyzer - WARNING - No DexScreener data for top gainers
2025-04-02 02:19:16,269 - trading_bot.token_analyzer - WARNING - No DexScreener data for top gainers
2025-04-02 02:19:16,270 - trading_bot.token_scanner - INFO - Found 0 top gainer tokens
2025-04-02 02:19:16,371 - trading_bot.utils - WARNING - Fetch attempt 1/3 failed for https://public-api.birdeye.so/trader/gainers-losers: 400, message='Bad Request', url='https://public-api.birdeye.so/trader/gainers-losers?timeframe=24h&limit=5&sort_by=gainers'
2025-04-02 02:19:16,446 - trading_bot.token_analyzer - ERROR - Error fetching trending tokens from Birdeye: 'str' object has no attribute 'get'
2025-04-02 02:19:16,564 - trading_bot.token_analyzer - INFO - Successfully fetched DexScreener data from https://api.dexscreener.com/latest/dex/tokens/solana
2025-04-02 02:19:16,564 - trading_bot.token_scanner - ERROR - Error scanning for trending tokens: 'NoneType' object is not iterable
2025-04-02 02:19:16,565 - trading_bot - INFO - No tokens found meeting screening criteria, analyzing other tokens...
2025-04-02 02:19:16,568 - trading_bot.token_scanner - INFO - No tokens to analyze
2025-04-02 02:19:18,491 - trading_bot.utils - WARNING - Fetch attempt 2/3 failed for https://public-api.birdeye.so/trader/gainers-losers: 400, message='Bad Request', url='https://public-api.birdeye.so/trader/gainers-losers?timeframe=24h&limit=5&sort_by=gainers'
2025-04-02 02:19:22,619 - trading_bot.utils - WARNING - Fetch attempt 3/3 failed for https://public-api.birdeye.so/trader/gainers-losers: 400, message='Bad Request', url='https://public-api.birdeye.so/trader/gainers-losers?timeframe=24h&limit=5&sort_by=gainers'
2025-04-02 02:19:22,619 - trading_bot.utils - ERROR - Failed to fetch https://public-api.birdeye.so/trader/gainers-losers after 3 attempts
2025-04-02 02:19:22,620 - trading_bot.token_analyzer - WARNING - No Birdeye data for top gainers (24h)
2025-04-02 02:19:22,659 - trading_bot.token_analyzer - WARNING - No DexScreener data for top gainers
2025-04-02 02:19:22,659 - trading_bot.token_scanner - INFO - Found 0 top gainer tokens
2025-04-02 02:19:22,854 - trading_bot.token_analyzer - ERROR - Error fetching trending tokens from Birdeye: 'str' object has no attribute 'get'
2025-04-02 02:19:22,901 - trading_bot.token_analyzer - INFO - Successfully fetched DexScreener data from https://api.dexscreener.com/latest/dex/tokens/solana
2025-04-02 02:19:22,902 - trading_bot.token_scanner - ERROR - Error scanning for trending tokens: 'NoneType' object is not iterable
2025-04-02 02:19:22,902 - trading_bot.token_scanner - INFO - Analyzing other discovered tokens...
2025-04-02 02:19:22,903 - trading_bot.token_scanner - INFO - No tokens to analyze
2025-04-02 02:19:22,903 - trading_bot.token_scanner - INFO - Scan complete, waiting 300 seconds for next scan
2025-04-02 02:22:50,439 - trading_bot - CRITICAL - Received signal 2. Initiating graceful shutdown...
2025-04-02 02:22:56,695 - trading_bot - INFO - Closing connections
2025-04-02 02:22:56,696 - trading_bot.solana_trader - INFO - Solana RPC client closed
2025-04-02 02:22:56,696 - trading_bot - INFO - ==================================================
2025-04-02 02:22:56,697 - trading_bot - INFO -    Solana Trading Bot Shutdown Complete
2025-04-02 02:22:56,697 - trading_bot - INFO - ==================================================
2025-04-02 02:22:56,699 - trading_bot - INFO - Bot execution completed
