2025-04-02 16:53:39,000 - trading_bot.database - INFO - Database tables initialized
2025-04-02 16:53:39,001 - trading_bot.solana_trader - INFO - Wallet initialized: 8GU6LRQBNMQyTrQrzufXNczGUizf9oS2AwsX94Zn6Bzv
2025-04-02 16:53:39,007 - trading_bot.solana_trader - INFO - Trading bot running in SIMULATION MODE - no real trades will be executed
2025-04-02 16:53:39,011 - trading_bot.solana_trader - INFO - Loaded 0 active orders
2025-04-02 16:53:39,012 - trading_bot.database - INFO - Database tables initialized
2025-04-02 16:53:39,018 - trading_bot.token_scanner - INFO - Twitter client initialized
2025-04-02 16:53:39,020 - trading_bot.database - INFO - Database tables initialized
2025-04-02 16:53:39,021 - trading_bot - INFO - ==================================================
2025-04-02 16:53:39,021 - trading_bot - INFO -    Solana Trading Bot Starting
2025-04-02 16:53:39,021 - trading_bot - INFO - ==================================================
2025-04-02 16:53:39,321 - trading_bot.solana_trader - INFO - Connected to Solana RPC
2025-04-02 16:53:39,450 - trading_bot - INFO - Initial Wallet Balance: 0.0000 SOL ($0.00)
2025-04-02 16:53:39,451 - trading_bot.token_scanner - INFO - Starting token scanner
2025-04-02 16:53:39,451 - trading_bot.token_scanner - INFO - Scanning Twitter for tokens...
2025-04-02 16:53:39,903 - trading_bot.token_scanner - INFO - Discovered 1 tokens from Twitter
2025-04-02 16:53:39,903 - trading_bot.token_scanner - INFO - Scanning DexScreener for tokens...
2025-04-02 16:53:39,904 - trading_bot.solana_trader - INFO - Starting position monitor
2025-04-02 16:53:39,905 - trading_bot - INFO - Starting token discovery and trading process
2025-04-02 16:53:39,976 - trading_bot - INFO - Current wallet balance: 0.0000 SOL ($0.00)
2025-04-02 16:53:40,079 - trading_bot.token_scanner - WARNING - Invalid DexScreener response
2025-04-02 16:53:40,080 - trading_bot.token_scanner - INFO - Analyzing tokens by screening criteria...
2025-04-02 16:53:40,101 - trading_bot.token_analyzer - WARNING - No DexScreener data for top gainers
2025-04-02 16:53:40,124 - trading_bot.token_analyzer - WARNING - No DexScreener data for top gainers
2025-04-02 16:53:40,240 - trading_bot.utils - WARNING - Fetch attempt 1/3 failed for https://public-api.birdeye.so/public/tokenlist/trending?sort_by=gainers&time_range=1H&chain=solana: 404, message='Not Found', url='https://public-api.birdeye.so/public/tokenlist/trending?sort_by=gainers&time_range=1H&chain=solana'
2025-04-02 16:53:40,256 - trading_bot.utils - WARNING - Fetch attempt 1/3 failed for https://public-api.birdeye.so/public/tokenlist/trending?sort_by=gainers&time_range=1H&chain=solana: 404, message='Not Found', url='https://public-api.birdeye.so/public/tokenlist/trending?sort_by=gainers&time_range=1H&chain=solana'
2025-04-02 16:53:42,371 - trading_bot.utils - WARNING - Fetch attempt 2/3 failed for https://public-api.birdeye.so/public/tokenlist/trending?sort_by=gainers&time_range=1H&chain=solana: 404, message='Not Found', url='https://public-api.birdeye.so/public/tokenlist/trending?sort_by=gainers&time_range=1H&chain=solana'
2025-04-02 16:53:42,552 - trading_bot.utils - WARNING - Fetch attempt 2/3 failed for https://public-api.birdeye.so/public/tokenlist/trending?sort_by=gainers&time_range=1H&chain=solana: 404, message='Not Found', url='https://public-api.birdeye.so/public/tokenlist/trending?sort_by=gainers&time_range=1H&chain=solana'
2025-04-02 16:53:46,501 - trading_bot.utils - WARNING - Fetch attempt 3/3 failed for https://public-api.birdeye.so/public/tokenlist/trending?sort_by=gainers&time_range=1H&chain=solana: 404, message='Not Found', url='https://public-api.birdeye.so/public/tokenlist/trending?sort_by=gainers&time_range=1H&chain=solana'
2025-04-02 16:53:46,501 - trading_bot.utils - ERROR - Failed to fetch https://public-api.birdeye.so/public/tokenlist/trending?sort_by=gainers&time_range=1H&chain=solana after 3 attempts
2025-04-02 16:53:46,501 - trading_bot.token_analyzer - WARNING - No Birdeye data for top gainers (1h)
2025-04-02 16:53:46,539 - trading_bot.token_analyzer - WARNING - No DexScreener data for top gainers
2025-04-02 16:53:46,672 - trading_bot.utils - WARNING - Fetch attempt 3/3 failed for https://public-api.birdeye.so/public/tokenlist/trending?sort_by=gainers&time_range=1H&chain=solana: 404, message='Not Found', url='https://public-api.birdeye.so/public/tokenlist/trending?sort_by=gainers&time_range=1H&chain=solana'
2025-04-02 16:53:46,673 - trading_bot.utils - ERROR - Failed to fetch https://public-api.birdeye.so/public/tokenlist/trending?sort_by=gainers&time_range=1H&chain=solana after 3 attempts
2025-04-02 16:53:46,673 - trading_bot.token_analyzer - WARNING - No Birdeye data for top gainers (1h)
2025-04-02 16:53:46,678 - trading_bot.utils - WARNING - Fetch attempt 1/3 failed for https://public-api.birdeye.so/public/tokenlist/trending?sort_by=gainers&time_range=6H&chain=solana: 404, message='Not Found', url='https://public-api.birdeye.so/public/tokenlist/trending?sort_by=gainers&time_range=6H&chain=solana'
2025-04-02 16:53:46,721 - trading_bot.token_analyzer - WARNING - No DexScreener data for top gainers
2025-04-02 16:53:46,858 - trading_bot.utils - WARNING - Fetch attempt 1/3 failed for https://public-api.birdeye.so/public/tokenlist/trending?sort_by=gainers&time_range=6H&chain=solana: 404, message='Not Found', url='https://public-api.birdeye.so/public/tokenlist/trending?sort_by=gainers&time_range=6H&chain=solana'
2025-04-02 16:53:48,797 - trading_bot.utils - WARNING - Fetch attempt 2/3 failed for https://public-api.birdeye.so/public/tokenlist/trending?sort_by=gainers&time_range=6H&chain=solana: 404, message='Not Found', url='https://public-api.birdeye.so/public/tokenlist/trending?sort_by=gainers&time_range=6H&chain=solana'
2025-04-02 16:53:49,002 - trading_bot.utils - WARNING - Fetch attempt 2/3 failed for https://public-api.birdeye.so/public/tokenlist/trending?sort_by=gainers&time_range=6H&chain=solana: 404, message='Not Found', url='https://public-api.birdeye.so/public/tokenlist/trending?sort_by=gainers&time_range=6H&chain=solana'
2025-04-02 16:53:52,922 - trading_bot.utils - WARNING - Fetch attempt 3/3 failed for https://public-api.birdeye.so/public/tokenlist/trending?sort_by=gainers&time_range=6H&chain=solana: 404, message='Not Found', url='https://public-api.birdeye.so/public/tokenlist/trending?sort_by=gainers&time_range=6H&chain=solana'
2025-04-02 16:53:52,923 - trading_bot.utils - ERROR - Failed to fetch https://public-api.birdeye.so/public/tokenlist/trending?sort_by=gainers&time_range=6H&chain=solana after 3 attempts
2025-04-02 16:53:52,923 - trading_bot.token_analyzer - WARNING - No Birdeye data for top gainers (6h)
2025-04-02 16:53:52,993 - trading_bot.token_analyzer - WARNING - No DexScreener data for top gainers
2025-04-02 16:53:53,132 - trading_bot.utils - WARNING - Fetch attempt 1/3 failed for https://public-api.birdeye.so/public/tokenlist/trending?sort_by=gainers&time_range=24H&chain=solana: 404, message='Not Found', url='https://public-api.birdeye.so/public/tokenlist/trending?sort_by=gainers&time_range=24H&chain=solana'
2025-04-02 16:53:53,138 - trading_bot.utils - WARNING - Fetch attempt 3/3 failed for https://public-api.birdeye.so/public/tokenlist/trending?sort_by=gainers&time_range=6H&chain=solana: 404, message='Not Found', url='https://public-api.birdeye.so/public/tokenlist/trending?sort_by=gainers&time_range=6H&chain=solana'
2025-04-02 16:53:53,139 - trading_bot.utils - ERROR - Failed to fetch https://public-api.birdeye.so/public/tokenlist/trending?sort_by=gainers&time_range=6H&chain=solana after 3 attempts
2025-04-02 16:53:53,139 - trading_bot.token_analyzer - WARNING - No Birdeye data for top gainers (6h)
2025-04-02 16:53:53,179 - trading_bot.token_analyzer - WARNING - No DexScreener data for top gainers
2025-04-02 16:53:53,329 - trading_bot.utils - WARNING - Fetch attempt 1/3 failed for https://public-api.birdeye.so/public/tokenlist/trending?sort_by=gainers&time_range=24H&chain=solana: 404, message='Not Found', url='https://public-api.birdeye.so/public/tokenlist/trending?sort_by=gainers&time_range=24H&chain=solana'
2025-04-02 16:53:55,250 - trading_bot.utils - WARNING - Fetch attempt 2/3 failed for https://public-api.birdeye.so/public/tokenlist/trending?sort_by=gainers&time_range=24H&chain=solana: 404, message='Not Found', url='https://public-api.birdeye.so/public/tokenlist/trending?sort_by=gainers&time_range=24H&chain=solana'
2025-04-02 16:53:55,447 - trading_bot.utils - WARNING - Fetch attempt 2/3 failed for https://public-api.birdeye.so/public/tokenlist/trending?sort_by=gainers&time_range=24H&chain=solana: 404, message='Not Found', url='https://public-api.birdeye.so/public/tokenlist/trending?sort_by=gainers&time_range=24H&chain=solana'
2025-04-02 16:53:59,367 - trading_bot.utils - WARNING - Fetch attempt 3/3 failed for https://public-api.birdeye.so/public/tokenlist/trending?sort_by=gainers&time_range=24H&chain=solana: 404, message='Not Found', url='https://public-api.birdeye.so/public/tokenlist/trending?sort_by=gainers&time_range=24H&chain=solana'
2025-04-02 16:53:59,367 - trading_bot.utils - ERROR - Failed to fetch https://public-api.birdeye.so/public/tokenlist/trending?sort_by=gainers&time_range=24H&chain=solana after 3 attempts
2025-04-02 16:53:59,368 - trading_bot.token_analyzer - WARNING - No Birdeye data for top gainers (24h)
2025-04-02 16:53:59,368 - trading_bot.token_scanner - INFO - Found 0 top gainer tokens
2025-04-02 16:53:59,503 - trading_bot.utils - WARNING - Fetch attempt 1/3 failed for https://public-api.birdeye.so/public/defi/tokenlist: 404, message='Not Found', url='https://public-api.birdeye.so/public/defi/tokenlist?sort_by=v24hUSD&sort_type=desc&offset=0&limit=10'
2025-04-02 16:53:59,585 - trading_bot.utils - WARNING - Fetch attempt 3/3 failed for https://public-api.birdeye.so/public/tokenlist/trending?sort_by=gainers&time_range=24H&chain=solana: 404, message='Not Found', url='https://public-api.birdeye.so/public/tokenlist/trending?sort_by=gainers&time_range=24H&chain=solana'
2025-04-02 16:53:59,586 - trading_bot.utils - ERROR - Failed to fetch https://public-api.birdeye.so/public/tokenlist/trending?sort_by=gainers&time_range=24H&chain=solana after 3 attempts
2025-04-02 16:53:59,586 - trading_bot.token_analyzer - WARNING - No Birdeye data for top gainers (24h)
2025-04-02 16:53:59,586 - trading_bot.token_scanner - INFO - Found 0 top gainer tokens
2025-04-02 16:53:59,717 - trading_bot.utils - WARNING - Fetch attempt 1/3 failed for https://public-api.birdeye.so/public/defi/tokenlist: 404, message='Not Found', url='https://public-api.birdeye.so/public/defi/tokenlist?sort_by=v24hUSD&sort_type=desc&offset=0&limit=10'
2025-04-02 16:54:01,637 - trading_bot.utils - WARNING - Fetch attempt 2/3 failed for https://public-api.birdeye.so/public/defi/tokenlist: 404, message='Not Found', url='https://public-api.birdeye.so/public/defi/tokenlist?sort_by=v24hUSD&sort_type=desc&offset=0&limit=10'
2025-04-02 16:54:01,846 - trading_bot.utils - WARNING - Fetch attempt 2/3 failed for https://public-api.birdeye.so/public/defi/tokenlist: 404, message='Not Found', url='https://public-api.birdeye.so/public/defi/tokenlist?sort_by=v24hUSD&sort_type=desc&offset=0&limit=10'
2025-04-02 16:54:05,748 - trading_bot.utils - WARNING - Fetch attempt 3/3 failed for https://public-api.birdeye.so/public/defi/tokenlist: 404, message='Not Found', url='https://public-api.birdeye.so/public/defi/tokenlist?sort_by=v24hUSD&sort_type=desc&offset=0&limit=10'
2025-04-02 16:54:05,749 - trading_bot.utils - ERROR - Failed to fetch https://public-api.birdeye.so/public/defi/tokenlist after 3 attempts
2025-04-02 16:54:05,749 - trading_bot.token_analyzer - WARNING - No data from Birdeye tokenlist endpoint, trying alternative
2025-04-02 16:54:05,915 - trading_bot.utils - WARNING - Fetch attempt 1/3 failed for https://public-api.birdeye.so/public/trending?chain=solana: 404, message='Not Found', url='https://public-api.birdeye.so/public/trending?chain=solana&sort_by=volume&time_range=24H&chain=solana'
2025-04-02 16:54:05,967 - trading_bot.utils - WARNING - Fetch attempt 3/3 failed for https://public-api.birdeye.so/public/defi/tokenlist: 404, message='Not Found', url='https://public-api.birdeye.so/public/defi/tokenlist?sort_by=v24hUSD&sort_type=desc&offset=0&limit=10'
2025-04-02 16:54:05,968 - trading_bot.utils - ERROR - Failed to fetch https://public-api.birdeye.so/public/defi/tokenlist after 3 attempts
2025-04-02 16:54:05,968 - trading_bot.token_analyzer - WARNING - No data from Birdeye tokenlist endpoint, trying alternative
2025-04-02 16:54:06,140 - trading_bot.utils - WARNING - Fetch attempt 1/3 failed for https://public-api.birdeye.so/public/trending?chain=solana: 404, message='Not Found', url='https://public-api.birdeye.so/public/trending?chain=solana&sort_by=volume&time_range=24H&chain=solana'
2025-04-02 16:54:08,038 - trading_bot.utils - WARNING - Fetch attempt 2/3 failed for https://public-api.birdeye.so/public/trending?chain=solana: 404, message='Not Found', url='https://public-api.birdeye.so/public/trending?chain=solana&sort_by=volume&time_range=24H&chain=solana'
2025-04-02 16:54:08,253 - trading_bot.utils - WARNING - Fetch attempt 2/3 failed for https://public-api.birdeye.so/public/trending?chain=solana: 404, message='Not Found', url='https://public-api.birdeye.so/public/trending?chain=solana&sort_by=volume&time_range=24H&chain=solana'
2025-04-02 16:54:12,170 - trading_bot.utils - WARNING - Fetch attempt 3/3 failed for https://public-api.birdeye.so/public/trending?chain=solana: 404, message='Not Found', url='https://public-api.birdeye.so/public/trending?chain=solana&sort_by=volume&time_range=24H&chain=solana'
2025-04-02 16:54:12,171 - trading_bot.utils - ERROR - Failed to fetch https://public-api.birdeye.so/public/trending?chain=solana after 3 attempts
2025-04-02 16:54:12,171 - trading_bot.token_analyzer - WARNING - No data from Birdeye trending endpoint
2025-04-02 16:54:12,336 - trading_bot.token_analyzer - INFO - Successfully fetched DexScreener data from https://api.dexscreener.com/latest/dex/tokens/solana
2025-04-02 16:54:12,336 - trading_bot.token_scanner - ERROR - Error scanning for trending tokens: 'NoneType' object is not iterable
2025-04-02 16:54:12,337 - trading_bot.token_scanner - INFO - Analyzing other discovered tokens...
2025-04-02 16:54:12,339 - trading_bot.token_analyzer - ERROR - Error fetching token data for 7qNj3yQG4Gvwan5ruYfpekxueqbtoBjr1ezJK1Ezz15P: 'TokenAnalyzer' object has no attribute 'db'
2025-04-02 16:54:12,372 - trading_bot.utils - WARNING - Fetch attempt 3/3 failed for https://public-api.birdeye.so/public/trending?chain=solana: 404, message='Not Found', url='https://public-api.birdeye.so/public/trending?chain=solana&sort_by=volume&time_range=24H&chain=solana'
2025-04-02 16:54:12,373 - trading_bot.utils - ERROR - Failed to fetch https://public-api.birdeye.so/public/trending?chain=solana after 3 attempts
2025-04-02 16:54:12,374 - trading_bot.token_analyzer - WARNING - No data from Birdeye trending endpoint
2025-04-02 16:54:12,481 - trading_bot.token_analyzer - INFO - Successfully fetched DexScreener data from https://api.dexscreener.com/latest/dex/tokens/solana
2025-04-02 16:54:12,481 - trading_bot.token_scanner - ERROR - Error scanning for trending tokens: 'NoneType' object is not iterable
2025-04-02 16:54:12,483 - trading_bot - INFO - No tokens found meeting screening criteria, analyzing other tokens...
2025-04-02 16:54:12,484 - trading_bot.token_analyzer - ERROR - Error fetching token data for HpKRGQ3So5DEHTqwpXAJehTmD1fxXwWvd1UuqTLEvu55: 'TokenAnalyzer' object has no attribute 'db'
2025-04-02 16:54:13,355 - trading_bot.token_analyzer - ERROR - Error fetching token data for fESbUKjuMY6jzDH9VP8cy4p3pu2q5W2rK2XghVfNseP: 'TokenAnalyzer' object has no attribute 'db'
2025-04-02 16:54:13,495 - trading_bot.token_analyzer - ERROR - Error fetching token data for ECMYTGjvXWR3mb5RFEh3F1mAqFBe5EEe53A2n1F1sbpg: 'TokenAnalyzer' object has no attribute 'db'
2025-04-02 16:54:14,357 - trading_bot.token_analyzer - ERROR - Error fetching token data for 4qSocbwLebAZNUH7CM2C7eEP7ta2KAZNoprM8g96hL5t: 'TokenAnalyzer' object has no attribute 'db'
2025-04-02 16:54:14,498 - trading_bot.token_analyzer - ERROR - Error fetching token data for CyxTK4Y28sF11gAEicvBbRDGYaT4bynonPHWhbEs36ow: 'TokenAnalyzer' object has no attribute 'db'
2025-04-02 16:54:15,371 - trading_bot.token_analyzer - ERROR - Error fetching token data for 4n9CDSAPvgwWd7iT2J7rhGGorfPhLqHCKarqXWuWzrBH: 'TokenAnalyzer' object has no attribute 'db'
2025-04-02 16:54:16,380 - trading_bot.token_scanner - INFO - Scan complete, waiting 300 seconds for next scan
2025-04-02 16:55:19,459 - trading_bot - CRITICAL - Received signal 2. Initiating graceful shutdown...
