2025-04-02 18:20:58,526 - trading_bot.database - INFO - Database tables initialized
2025-04-02 18:20:58,527 - trading_bot.solana_trader - INFO - Wallet initialized: 8GU6LRQBNMQyTrQrzufXNczGUizf9oS2AwsX94Zn6Bzv
2025-04-02 18:20:58,538 - trading_bot.solana_trader - INFO - Trading bot running in SIMULATION MODE - no real trades will be executed
2025-04-02 18:20:58,540 - trading_bot.solana_trader - INFO - Loaded 0 active orders
2025-04-02 18:20:58,541 - trading_bot.database - INFO - Database tables initialized
2025-04-02 18:20:58,547 - trading_bot.token_scanner - INFO - Twitter client initialized
2025-04-02 18:20:58,557 - trading_bot.database - INFO - Database tables initialized
2025-04-02 18:20:58,558 - trading_bot - INFO - ==================================================
2025-04-02 18:20:58,558 - trading_bot - INFO -    Solana Trading Bot Starting
2025-04-02 18:20:58,558 - trading_bot - INFO - ==================================================
2025-04-02 18:20:58,848 - trading_bot.solana_trader - INFO - Connected to Solana RPC
2025-04-02 18:20:58,940 - trading_bot - INFO - Initial Wallet Balance: 0.0000 SOL ($0.00)
2025-04-02 18:20:58,941 - trading_bot.token_scanner - INFO - Starting token scanner
2025-04-02 18:20:58,941 - trading_bot.token_scanner - INFO - Scanning Twitter for tokens...
2025-04-02 18:20:59,309 - trading_bot.token_scanner - INFO - Discovered 1 tokens from Twitter
2025-04-02 18:20:59,310 - trading_bot.token_scanner - INFO - Scanning DexScreener for tokens...
2025-04-02 18:20:59,310 - trading_bot.solana_trader - INFO - Starting position monitor
2025-04-02 18:20:59,311 - trading_bot - INFO - Starting token discovery and trading process
2025-04-02 18:20:59,416 - trading_bot.token_scanner - WARNING - Invalid DexScreener response
2025-04-02 18:20:59,416 - trading_bot.token_scanner - INFO - Analyzing tokens by screening criteria...
2025-04-02 18:20:59,427 - trading_bot - INFO - Current wallet balance: 0.0000 SOL ($0.00)
2025-04-02 18:20:59,467 - trading_bot.token_analyzer - WARNING - No DexScreener data for top gainers
2025-04-02 18:20:59,506 - trading_bot.token_analyzer - WARNING - No DexScreener data for top gainers
2025-04-02 18:20:59,636 - trading_bot.utils - WARNING - Fetch attempt 1/3 failed for https://public-api.birdeye.so/trader/gainers-losers: 401, message='Unauthorized', url='https://public-api.birdeye.so/trader/gainers-losers?type=1H&sort_by=PnL&sort_type=desc&offset=0&limit=5'
2025-04-02 18:20:59,647 - trading_bot.utils - WARNING - Fetch attempt 1/3 failed for https://public-api.birdeye.so/trader/gainers-losers: 401, message='Unauthorized', url='https://public-api.birdeye.so/trader/gainers-losers?type=1H&sort_by=PnL&sort_type=desc&offset=0&limit=5'
2025-04-02 18:21:01,782 - trading_bot.utils - WARNING - Fetch attempt 2/3 failed for https://public-api.birdeye.so/trader/gainers-losers: 401, message='Unauthorized', url='https://public-api.birdeye.so/trader/gainers-losers?type=1H&sort_by=PnL&sort_type=desc&offset=0&limit=5'
2025-04-02 18:21:01,787 - trading_bot.utils - WARNING - Fetch attempt 2/3 failed for https://public-api.birdeye.so/trader/gainers-losers: 401, message='Unauthorized', url='https://public-api.birdeye.so/trader/gainers-losers?type=1H&sort_by=PnL&sort_type=desc&offset=0&limit=5'
2025-04-02 18:21:05,917 - trading_bot.utils - WARNING - Fetch attempt 3/3 failed for https://public-api.birdeye.so/trader/gainers-losers: 401, message='Unauthorized', url='https://public-api.birdeye.so/trader/gainers-losers?type=1H&sort_by=PnL&sort_type=desc&offset=0&limit=5'
2025-04-02 18:21:05,918 - trading_bot.utils - ERROR - Failed to fetch https://public-api.birdeye.so/trader/gainers-losers after 3 attempts
2025-04-02 18:21:05,919 - trading_bot.token_analyzer - WARNING - No Birdeye data for top gainers (1h)
2025-04-02 18:21:05,938 - trading_bot.utils - WARNING - Fetch attempt 3/3 failed for https://public-api.birdeye.so/trader/gainers-losers: 401, message='Unauthorized', url='https://public-api.birdeye.so/trader/gainers-losers?type=1H&sort_by=PnL&sort_type=desc&offset=0&limit=5'
2025-04-02 18:21:05,939 - trading_bot.utils - ERROR - Failed to fetch https://public-api.birdeye.so/trader/gainers-losers after 3 attempts
2025-04-02 18:21:05,939 - trading_bot.token_analyzer - WARNING - No Birdeye data for top gainers (1h)
2025-04-02 18:21:05,971 - trading_bot.token_analyzer - WARNING - No DexScreener data for top gainers
2025-04-02 18:21:05,994 - trading_bot.token_analyzer - WARNING - No DexScreener data for top gainers
2025-04-02 18:21:06,114 - trading_bot.utils - WARNING - Fetch attempt 1/3 failed for https://public-api.birdeye.so/trader/gainers-losers: 401, message='Unauthorized', url='https://public-api.birdeye.so/trader/gainers-losers?type=6H&sort_by=PnL&sort_type=desc&offset=0&limit=5'
2025-04-02 18:21:06,136 - trading_bot.utils - WARNING - Fetch attempt 1/3 failed for https://public-api.birdeye.so/trader/gainers-losers: 401, message='Unauthorized', url='https://public-api.birdeye.so/trader/gainers-losers?type=6H&sort_by=PnL&sort_type=desc&offset=0&limit=5'
2025-04-02 18:21:08,237 - trading_bot.utils - WARNING - Fetch attempt 2/3 failed for https://public-api.birdeye.so/trader/gainers-losers: 401, message='Unauthorized', url='https://public-api.birdeye.so/trader/gainers-losers?type=6H&sort_by=PnL&sort_type=desc&offset=0&limit=5'
2025-04-02 18:21:08,259 - trading_bot.utils - WARNING - Fetch attempt 2/3 failed for https://public-api.birdeye.so/trader/gainers-losers: 401, message='Unauthorized', url='https://public-api.birdeye.so/trader/gainers-losers?type=6H&sort_by=PnL&sort_type=desc&offset=0&limit=5'
2025-04-02 18:21:12,369 - trading_bot.utils - WARNING - Fetch attempt 3/3 failed for https://public-api.birdeye.so/trader/gainers-losers: 401, message='Unauthorized', url='https://public-api.birdeye.so/trader/gainers-losers?type=6H&sort_by=PnL&sort_type=desc&offset=0&limit=5'
2025-04-02 18:21:12,370 - trading_bot.utils - ERROR - Failed to fetch https://public-api.birdeye.so/trader/gainers-losers after 3 attempts
2025-04-02 18:21:12,370 - trading_bot.token_analyzer - WARNING - No Birdeye data for top gainers (6h)
2025-04-02 18:21:12,387 - trading_bot.utils - WARNING - Fetch attempt 3/3 failed for https://public-api.birdeye.so/trader/gainers-losers: 401, message='Unauthorized', url='https://public-api.birdeye.so/trader/gainers-losers?type=6H&sort_by=PnL&sort_type=desc&offset=0&limit=5'
2025-04-02 18:21:12,388 - trading_bot.utils - ERROR - Failed to fetch https://public-api.birdeye.so/trader/gainers-losers after 3 attempts
2025-04-02 18:21:12,388 - trading_bot.token_analyzer - WARNING - No Birdeye data for top gainers (6h)
2025-04-02 18:21:12,426 - trading_bot.token_analyzer - WARNING - No DexScreener data for top gainers
2025-04-02 18:21:12,440 - trading_bot.token_analyzer - WARNING - No DexScreener data for top gainers
2025-04-02 18:21:12,583 - trading_bot.utils - WARNING - Fetch attempt 1/3 failed for https://public-api.birdeye.so/trader/gainers-losers: 401, message='Unauthorized', url='https://public-api.birdeye.so/trader/gainers-losers?type=1D&sort_by=PnL&sort_type=desc&offset=0&limit=5'
2025-04-02 18:21:12,596 - trading_bot.utils - WARNING - Fetch attempt 1/3 failed for https://public-api.birdeye.so/trader/gainers-losers: 401, message='Unauthorized', url='https://public-api.birdeye.so/trader/gainers-losers?type=1D&sort_by=PnL&sort_type=desc&offset=0&limit=5'
2025-04-02 18:21:14,714 - trading_bot.utils - WARNING - Fetch attempt 2/3 failed for https://public-api.birdeye.so/trader/gainers-losers: 401, message='Unauthorized', url='https://public-api.birdeye.so/trader/gainers-losers?type=1D&sort_by=PnL&sort_type=desc&offset=0&limit=5'
2025-04-02 18:21:14,753 - trading_bot.utils - WARNING - Fetch attempt 2/3 failed for https://public-api.birdeye.so/trader/gainers-losers: 401, message='Unauthorized', url='https://public-api.birdeye.so/trader/gainers-losers?type=1D&sort_by=PnL&sort_type=desc&offset=0&limit=5'
2025-04-02 18:21:18,858 - trading_bot.utils - WARNING - Fetch attempt 3/3 failed for https://public-api.birdeye.so/trader/gainers-losers: 401, message='Unauthorized', url='https://public-api.birdeye.so/trader/gainers-losers?type=1D&sort_by=PnL&sort_type=desc&offset=0&limit=5'
2025-04-02 18:21:18,859 - trading_bot.utils - ERROR - Failed to fetch https://public-api.birdeye.so/trader/gainers-losers after 3 attempts
2025-04-02 18:21:18,859 - trading_bot.token_analyzer - WARNING - No Birdeye data for top gainers (24h)
2025-04-02 18:21:18,860 - trading_bot.token_scanner - INFO - Found 0 top gainer tokens
2025-04-02 18:21:18,896 - trading_bot.utils - WARNING - Fetch attempt 3/3 failed for https://public-api.birdeye.so/trader/gainers-losers: 401, message='Unauthorized', url='https://public-api.birdeye.so/trader/gainers-losers?type=1D&sort_by=PnL&sort_type=desc&offset=0&limit=5'
2025-04-02 18:21:18,896 - trading_bot.utils - ERROR - Failed to fetch https://public-api.birdeye.so/trader/gainers-losers after 3 attempts
2025-04-02 18:21:18,897 - trading_bot.token_analyzer - WARNING - No Birdeye data for top gainers (24h)
2025-04-02 18:21:18,897 - trading_bot.token_scanner - INFO - Found 0 top gainer tokens
2025-04-02 18:21:19,025 - trading_bot.utils - WARNING - Fetch attempt 1/3 failed for https://public-api.birdeye.so/defi/token_trending: 401, message='Unauthorized', url='https://public-api.birdeye.so/defi/token_trending?sort_by=rank&sort_type=asc&offset=0&limit=10'
2025-04-02 18:21:19,039 - trading_bot.utils - WARNING - Fetch attempt 1/3 failed for https://public-api.birdeye.so/defi/token_trending: 401, message='Unauthorized', url='https://public-api.birdeye.so/defi/token_trending?sort_by=rank&sort_type=asc&offset=0&limit=10'
2025-04-02 18:21:21,167 - trading_bot.utils - WARNING - Fetch attempt 2/3 failed for https://public-api.birdeye.so/defi/token_trending: 401, message='Unauthorized', url='https://public-api.birdeye.so/defi/token_trending?sort_by=rank&sort_type=asc&offset=0&limit=10'
2025-04-02 18:21:21,178 - trading_bot.utils - WARNING - Fetch attempt 2/3 failed for https://public-api.birdeye.so/defi/token_trending: 401, message='Unauthorized', url='https://public-api.birdeye.so/defi/token_trending?sort_by=rank&sort_type=asc&offset=0&limit=10'
2025-04-02 18:21:25,294 - trading_bot.utils - WARNING - Fetch attempt 3/3 failed for https://public-api.birdeye.so/defi/token_trending: 401, message='Unauthorized', url='https://public-api.birdeye.so/defi/token_trending?sort_by=rank&sort_type=asc&offset=0&limit=10'
2025-04-02 18:21:25,295 - trading_bot.utils - ERROR - Failed to fetch https://public-api.birdeye.so/defi/token_trending after 3 attempts
2025-04-02 18:21:25,295 - trading_bot.token_analyzer - WARNING - No data from Birdeye token trending endpoint, trying alternative
2025-04-02 18:21:25,316 - trading_bot.utils - WARNING - Fetch attempt 3/3 failed for https://public-api.birdeye.so/defi/token_trending: 401, message='Unauthorized', url='https://public-api.birdeye.so/defi/token_trending?sort_by=rank&sort_type=asc&offset=0&limit=10'
2025-04-02 18:21:25,316 - trading_bot.utils - ERROR - Failed to fetch https://public-api.birdeye.so/defi/token_trending after 3 attempts
2025-04-02 18:21:25,317 - trading_bot.token_analyzer - WARNING - No data from Birdeye token trending endpoint, trying alternative
2025-04-02 18:21:25,441 - trading_bot.utils - WARNING - Fetch attempt 1/3 failed for https://public-api.birdeye.so/defi/v3/token/list: 401, message='Unauthorized', url='https://public-api.birdeye.so/defi/v3/token/list?sort_by=volume24hUSD&sort_type=desc&offset=0&limit=10'
2025-04-02 18:21:25,473 - trading_bot.utils - WARNING - Fetch attempt 1/3 failed for https://public-api.birdeye.so/defi/v3/token/list: 401, message='Unauthorized', url='https://public-api.birdeye.so/defi/v3/token/list?sort_by=volume24hUSD&sort_type=desc&offset=0&limit=10'
2025-04-02 18:21:27,569 - trading_bot.utils - WARNING - Fetch attempt 2/3 failed for https://public-api.birdeye.so/defi/v3/token/list: 401, message='Unauthorized', url='https://public-api.birdeye.so/defi/v3/token/list?sort_by=volume24hUSD&sort_type=desc&offset=0&limit=10'
2025-04-02 18:21:27,616 - trading_bot.utils - WARNING - Fetch attempt 2/3 failed for https://public-api.birdeye.so/defi/v3/token/list: 401, message='Unauthorized', url='https://public-api.birdeye.so/defi/v3/token/list?sort_by=volume24hUSD&sort_type=desc&offset=0&limit=10'
2025-04-02 18:21:31,704 - trading_bot.utils - WARNING - Fetch attempt 3/3 failed for https://public-api.birdeye.so/defi/v3/token/list: 401, message='Unauthorized', url='https://public-api.birdeye.so/defi/v3/token/list?sort_by=volume24hUSD&sort_type=desc&offset=0&limit=10'
2025-04-02 18:21:31,705 - trading_bot.utils - ERROR - Failed to fetch https://public-api.birdeye.so/defi/v3/token/list after 3 attempts
2025-04-02 18:21:31,705 - trading_bot.token_analyzer - WARNING - No data from Birdeye token list endpoint
2025-04-02 18:21:31,759 - trading_bot.utils - WARNING - Fetch attempt 3/3 failed for https://public-api.birdeye.so/defi/v3/token/list: 401, message='Unauthorized', url='https://public-api.birdeye.so/defi/v3/token/list?sort_by=volume24hUSD&sort_type=desc&offset=0&limit=10'
2025-04-02 18:21:31,760 - trading_bot.utils - ERROR - Failed to fetch https://public-api.birdeye.so/defi/v3/token/list after 3 attempts
2025-04-02 18:21:31,760 - trading_bot.token_analyzer - WARNING - No data from Birdeye token list endpoint
2025-04-02 18:21:31,859 - trading_bot.token_analyzer - INFO - Successfully fetched DexScreener data from https://api.dexscreener.com/latest/dex/tokens/solana
2025-04-02 18:21:31,859 - trading_bot.token_scanner - ERROR - Error scanning for trending tokens: 'NoneType' object is not iterable
2025-04-02 18:21:31,859 - trading_bot - INFO - No tokens found meeting screening criteria, analyzing other tokens...
2025-04-02 18:21:31,861 - trading_bot.token_scanner - ERROR - Token analysis failed: 'TokenAnalyzer' object has no attribute 'evaluate_trading_potential'
2025-04-02 18:21:31,889 - trading_bot.token_analyzer - INFO - Successfully fetched DexScreener data from https://api.dexscreener.com/latest/dex/tokens/solana
2025-04-02 18:21:31,889 - trading_bot.token_scanner - ERROR - Error scanning for trending tokens: 'NoneType' object is not iterable
2025-04-02 18:21:31,890 - trading_bot.token_scanner - INFO - Analyzing other discovered tokens...
2025-04-02 18:21:31,892 - trading_bot.token_scanner - ERROR - Token analysis failed: 'TokenAnalyzer' object has no attribute 'evaluate_trading_potential'
2025-04-02 18:21:31,892 - trading_bot.token_scanner - INFO - Scan complete, waiting 60 seconds for next scan
2025-04-02 18:22:31,905 - trading_bot.token_scanner - INFO - Scanning Twitter for tokens...
2025-04-02 18:22:32,266 - trading_bot.token_scanner - INFO - Discovered 1 tokens from Twitter
2025-04-02 18:22:32,267 - trading_bot.token_scanner - INFO - Scanning DexScreener for tokens...
2025-04-02 18:22:32,426 - trading_bot.token_scanner - WARNING - Invalid DexScreener response
2025-04-02 18:22:32,427 - trading_bot.token_scanner - INFO - Analyzing tokens by screening criteria...
2025-04-02 18:22:32,482 - trading_bot.token_analyzer - WARNING - No DexScreener data for top gainers
2025-04-02 18:22:32,625 - trading_bot.utils - WARNING - Fetch attempt 1/3 failed for https://public-api.birdeye.so/trader/gainers-losers: 401, message='Unauthorized', url='https://public-api.birdeye.so/trader/gainers-losers?type=1H&sort_by=PnL&sort_type=desc&offset=0&limit=5'
2025-04-02 18:22:34,763 - trading_bot.utils - WARNING - Fetch attempt 2/3 failed for https://public-api.birdeye.so/trader/gainers-losers: 401, message='Unauthorized', url='https://public-api.birdeye.so/trader/gainers-losers?type=1H&sort_by=PnL&sort_type=desc&offset=0&limit=5'
2025-04-02 18:22:38,899 - trading_bot.utils - WARNING - Fetch attempt 3/3 failed for https://public-api.birdeye.so/trader/gainers-losers: 401, message='Unauthorized', url='https://public-api.birdeye.so/trader/gainers-losers?type=1H&sort_by=PnL&sort_type=desc&offset=0&limit=5'
2025-04-02 18:22:38,900 - trading_bot.utils - ERROR - Failed to fetch https://public-api.birdeye.so/trader/gainers-losers after 3 attempts
2025-04-02 18:22:38,901 - trading_bot.token_analyzer - WARNING - No Birdeye data for top gainers (1h)
2025-04-02 18:22:38,997 - trading_bot.token_analyzer - WARNING - No DexScreener data for top gainers
2025-04-02 18:22:39,184 - trading_bot.utils - WARNING - Fetch attempt 1/3 failed for https://public-api.birdeye.so/trader/gainers-losers: 401, message='Unauthorized', url='https://public-api.birdeye.so/trader/gainers-losers?type=6H&sort_by=PnL&sort_type=desc&offset=0&limit=5'
2025-04-02 18:22:41,311 - trading_bot.utils - WARNING - Fetch attempt 2/3 failed for https://public-api.birdeye.so/trader/gainers-losers: 401, message='Unauthorized', url='https://public-api.birdeye.so/trader/gainers-losers?type=6H&sort_by=PnL&sort_type=desc&offset=0&limit=5'
2025-04-02 18:22:45,449 - trading_bot.utils - WARNING - Fetch attempt 3/3 failed for https://public-api.birdeye.so/trader/gainers-losers: 401, message='Unauthorized', url='https://public-api.birdeye.so/trader/gainers-losers?type=6H&sort_by=PnL&sort_type=desc&offset=0&limit=5'
2025-04-02 18:22:45,451 - trading_bot.utils - ERROR - Failed to fetch https://public-api.birdeye.so/trader/gainers-losers after 3 attempts
2025-04-02 18:22:45,452 - trading_bot.token_analyzer - WARNING - No Birdeye data for top gainers (6h)
2025-04-02 18:22:45,487 - trading_bot.token_analyzer - WARNING - No DexScreener data for top gainers
2025-04-02 18:22:45,638 - trading_bot.utils - WARNING - Fetch attempt 1/3 failed for https://public-api.birdeye.so/trader/gainers-losers: 401, message='Unauthorized', url='https://public-api.birdeye.so/trader/gainers-losers?type=1D&sort_by=PnL&sort_type=desc&offset=0&limit=5'
2025-04-02 18:22:47,773 - trading_bot.utils - WARNING - Fetch attempt 2/3 failed for https://public-api.birdeye.so/trader/gainers-losers: 401, message='Unauthorized', url='https://public-api.birdeye.so/trader/gainers-losers?type=1D&sort_by=PnL&sort_type=desc&offset=0&limit=5'
2025-04-02 18:22:51,907 - trading_bot.utils - WARNING - Fetch attempt 3/3 failed for https://public-api.birdeye.so/trader/gainers-losers: 401, message='Unauthorized', url='https://public-api.birdeye.so/trader/gainers-losers?type=1D&sort_by=PnL&sort_type=desc&offset=0&limit=5'
2025-04-02 18:22:51,910 - trading_bot.utils - ERROR - Failed to fetch https://public-api.birdeye.so/trader/gainers-losers after 3 attempts
2025-04-02 18:22:51,910 - trading_bot.token_analyzer - WARNING - No Birdeye data for top gainers (24h)
2025-04-02 18:22:51,911 - trading_bot.token_scanner - INFO - Found 0 top gainer tokens
2025-04-02 18:22:52,052 - trading_bot.utils - WARNING - Fetch attempt 1/3 failed for https://public-api.birdeye.so/defi/token_trending: 401, message='Unauthorized', url='https://public-api.birdeye.so/defi/token_trending?sort_by=rank&sort_type=asc&offset=0&limit=10'
2025-04-02 18:22:54,188 - trading_bot.utils - WARNING - Fetch attempt 2/3 failed for https://public-api.birdeye.so/defi/token_trending: 401, message='Unauthorized', url='https://public-api.birdeye.so/defi/token_trending?sort_by=rank&sort_type=asc&offset=0&limit=10'
2025-04-02 18:22:58,328 - trading_bot.utils - WARNING - Fetch attempt 3/3 failed for https://public-api.birdeye.so/defi/token_trending: 401, message='Unauthorized', url='https://public-api.birdeye.so/defi/token_trending?sort_by=rank&sort_type=asc&offset=0&limit=10'
2025-04-02 18:22:58,330 - trading_bot.utils - ERROR - Failed to fetch https://public-api.birdeye.so/defi/token_trending after 3 attempts
2025-04-02 18:22:58,330 - trading_bot.token_analyzer - WARNING - No data from Birdeye token trending endpoint, trying alternative
2025-04-02 18:22:58,509 - trading_bot.utils - WARNING - Fetch attempt 1/3 failed for https://public-api.birdeye.so/defi/v3/token/list: 401, message='Unauthorized', url='https://public-api.birdeye.so/defi/v3/token/list?sort_by=volume24hUSD&sort_type=desc&offset=0&limit=10'
2025-04-02 18:23:00,662 - trading_bot.utils - WARNING - Fetch attempt 2/3 failed for https://public-api.birdeye.so/defi/v3/token/list: 401, message='Unauthorized', url='https://public-api.birdeye.so/defi/v3/token/list?sort_by=volume24hUSD&sort_type=desc&offset=0&limit=10'
2025-04-02 18:23:04,817 - trading_bot.utils - WARNING - Fetch attempt 3/3 failed for https://public-api.birdeye.so/defi/v3/token/list: 401, message='Unauthorized', url='https://public-api.birdeye.so/defi/v3/token/list?sort_by=volume24hUSD&sort_type=desc&offset=0&limit=10'
2025-04-02 18:23:04,820 - trading_bot.utils - ERROR - Failed to fetch https://public-api.birdeye.so/defi/v3/token/list after 3 attempts
2025-04-02 18:23:04,820 - trading_bot.token_analyzer - WARNING - No data from Birdeye token list endpoint
2025-04-02 18:23:04,948 - trading_bot.token_analyzer - INFO - Successfully fetched DexScreener data from https://api.dexscreener.com/latest/dex/tokens/solana
2025-04-02 18:23:04,948 - trading_bot.token_scanner - ERROR - Error scanning for trending tokens: 'NoneType' object is not iterable
2025-04-02 18:23:04,949 - trading_bot.token_scanner - INFO - Analyzing other discovered tokens...
2025-04-02 18:23:04,951 - trading_bot.token_scanner - ERROR - Token analysis failed: 'TokenAnalyzer' object has no attribute 'evaluate_trading_potential'
2025-04-02 18:23:04,952 - trading_bot.token_scanner - INFO - Scan complete, waiting 60 seconds for next scan
2025-04-02 18:24:04,967 - trading_bot.token_scanner - INFO - Scanning Twitter for tokens...
2025-04-02 18:24:05,343 - trading_bot.token_scanner - INFO - Discovered 1 tokens from Twitter
2025-04-02 18:24:05,344 - trading_bot.token_scanner - INFO - Scanning DexScreener for tokens...
2025-04-02 18:24:05,417 - trading_bot.token_scanner - WARNING - Invalid DexScreener response
2025-04-02 18:24:05,418 - trading_bot.token_scanner - INFO - Analyzing tokens by screening criteria...
2025-04-02 18:24:05,473 - trading_bot.token_analyzer - WARNING - No DexScreener data for top gainers
2025-04-02 18:24:05,669 - trading_bot.utils - WARNING - Fetch attempt 1/3 failed for https://public-api.birdeye.so/trader/gainers-losers: 401, message='Unauthorized', url='https://public-api.birdeye.so/trader/gainers-losers?type=1H&sort_by=PnL&sort_type=desc&offset=0&limit=5'
2025-04-02 18:24:07,908 - trading_bot.utils - WARNING - Fetch attempt 2/3 failed for https://public-api.birdeye.so/trader/gainers-losers: 401, message='Unauthorized', url='https://public-api.birdeye.so/trader/gainers-losers?type=1H&sort_by=PnL&sort_type=desc&offset=0&limit=5'
2025-04-02 18:24:12,054 - trading_bot.utils - WARNING - Fetch attempt 3/3 failed for https://public-api.birdeye.so/trader/gainers-losers: 401, message='Unauthorized', url='https://public-api.birdeye.so/trader/gainers-losers?type=1H&sort_by=PnL&sort_type=desc&offset=0&limit=5'
2025-04-02 18:24:12,056 - trading_bot.utils - ERROR - Failed to fetch https://public-api.birdeye.so/trader/gainers-losers after 3 attempts
2025-04-02 18:24:12,056 - trading_bot.token_analyzer - WARNING - No Birdeye data for top gainers (1h)
2025-04-02 18:24:12,121 - trading_bot.token_analyzer - WARNING - No DexScreener data for top gainers
2025-04-02 18:24:12,275 - trading_bot.utils - WARNING - Fetch attempt 1/3 failed for https://public-api.birdeye.so/trader/gainers-losers: 401, message='Unauthorized', url='https://public-api.birdeye.so/trader/gainers-losers?type=6H&sort_by=PnL&sort_type=desc&offset=0&limit=5'
2025-04-02 18:24:14,397 - trading_bot.utils - WARNING - Fetch attempt 2/3 failed for https://public-api.birdeye.so/trader/gainers-losers: 401, message='Unauthorized', url='https://public-api.birdeye.so/trader/gainers-losers?type=6H&sort_by=PnL&sort_type=desc&offset=0&limit=5'
2025-04-02 18:24:18,540 - trading_bot.utils - WARNING - Fetch attempt 3/3 failed for https://public-api.birdeye.so/trader/gainers-losers: 401, message='Unauthorized', url='https://public-api.birdeye.so/trader/gainers-losers?type=6H&sort_by=PnL&sort_type=desc&offset=0&limit=5'
2025-04-02 18:24:18,543 - trading_bot.utils - ERROR - Failed to fetch https://public-api.birdeye.so/trader/gainers-losers after 3 attempts
2025-04-02 18:24:18,544 - trading_bot.token_analyzer - WARNING - No Birdeye data for top gainers (6h)
2025-04-02 18:24:18,590 - trading_bot.token_analyzer - WARNING - No DexScreener data for top gainers
2025-04-02 18:24:18,772 - trading_bot.utils - WARNING - Fetch attempt 1/3 failed for https://public-api.birdeye.so/trader/gainers-losers: 401, message='Unauthorized', url='https://public-api.birdeye.so/trader/gainers-losers?type=1D&sort_by=PnL&sort_type=desc&offset=0&limit=5'
2025-04-02 18:24:20,924 - trading_bot.utils - WARNING - Fetch attempt 2/3 failed for https://public-api.birdeye.so/trader/gainers-losers: 401, message='Unauthorized', url='https://public-api.birdeye.so/trader/gainers-losers?type=1D&sort_by=PnL&sort_type=desc&offset=0&limit=5'
2025-04-02 18:24:25,075 - trading_bot.utils - WARNING - Fetch attempt 3/3 failed for https://public-api.birdeye.so/trader/gainers-losers: 401, message='Unauthorized', url='https://public-api.birdeye.so/trader/gainers-losers?type=1D&sort_by=PnL&sort_type=desc&offset=0&limit=5'
2025-04-02 18:24:25,077 - trading_bot.utils - ERROR - Failed to fetch https://public-api.birdeye.so/trader/gainers-losers after 3 attempts
2025-04-02 18:24:25,077 - trading_bot.token_analyzer - WARNING - No Birdeye data for top gainers (24h)
2025-04-02 18:24:25,078 - trading_bot.token_scanner - INFO - Found 0 top gainer tokens
2025-04-02 18:24:25,219 - trading_bot.utils - WARNING - Fetch attempt 1/3 failed for https://public-api.birdeye.so/defi/token_trending: 401, message='Unauthorized', url='https://public-api.birdeye.so/defi/token_trending?sort_by=rank&sort_type=asc&offset=0&limit=10'
2025-04-02 18:24:27,344 - trading_bot.utils - WARNING - Fetch attempt 2/3 failed for https://public-api.birdeye.so/defi/token_trending: 401, message='Unauthorized', url='https://public-api.birdeye.so/defi/token_trending?sort_by=rank&sort_type=asc&offset=0&limit=10'
2025-04-02 18:24:31,481 - trading_bot.utils - WARNING - Fetch attempt 3/3 failed for https://public-api.birdeye.so/defi/token_trending: 401, message='Unauthorized', url='https://public-api.birdeye.so/defi/token_trending?sort_by=rank&sort_type=asc&offset=0&limit=10'
2025-04-02 18:24:31,484 - trading_bot.utils - ERROR - Failed to fetch https://public-api.birdeye.so/defi/token_trending after 3 attempts
2025-04-02 18:24:31,484 - trading_bot.token_analyzer - WARNING - No data from Birdeye token trending endpoint, trying alternative
2025-04-02 18:24:31,648 - trading_bot.utils - WARNING - Fetch attempt 1/3 failed for https://public-api.birdeye.so/defi/v3/token/list: 401, message='Unauthorized', url='https://public-api.birdeye.so/defi/v3/token/list?sort_by=volume24hUSD&sort_type=desc&offset=0&limit=10'
2025-04-02 18:24:33,792 - trading_bot.utils - WARNING - Fetch attempt 2/3 failed for https://public-api.birdeye.so/defi/v3/token/list: 401, message='Unauthorized', url='https://public-api.birdeye.so/defi/v3/token/list?sort_by=volume24hUSD&sort_type=desc&offset=0&limit=10'
2025-04-02 18:24:37,934 - trading_bot.utils - WARNING - Fetch attempt 3/3 failed for https://public-api.birdeye.so/defi/v3/token/list: 401, message='Unauthorized', url='https://public-api.birdeye.so/defi/v3/token/list?sort_by=volume24hUSD&sort_type=desc&offset=0&limit=10'
2025-04-02 18:24:37,937 - trading_bot.utils - ERROR - Failed to fetch https://public-api.birdeye.so/defi/v3/token/list after 3 attempts
2025-04-02 18:24:37,937 - trading_bot.token_analyzer - WARNING - No data from Birdeye token list endpoint
2025-04-02 18:24:38,079 - trading_bot.token_analyzer - INFO - Successfully fetched DexScreener data from https://api.dexscreener.com/latest/dex/tokens/solana
2025-04-02 18:24:38,080 - trading_bot.token_scanner - ERROR - Error scanning for trending tokens: 'NoneType' object is not iterable
2025-04-02 18:24:38,080 - trading_bot.token_scanner - INFO - Analyzing other discovered tokens...
2025-04-02 18:24:38,085 - trading_bot.token_scanner - ERROR - Token analysis failed: 'TokenAnalyzer' object has no attribute 'evaluate_trading_potential'
2025-04-02 18:24:38,085 - trading_bot.token_scanner - INFO - Scan complete, waiting 60 seconds for next scan
2025-04-02 18:24:54,483 - trading_bot - CRITICAL - Received signal 2. Initiating graceful shutdown...
2025-04-02 18:24:58,968 - trading_bot - INFO - Closing connections
2025-04-02 18:24:58,969 - trading_bot.solana_trader - INFO - Solana RPC client closed
2025-04-02 18:24:58,970 - trading_bot - INFO - ==================================================
2025-04-02 18:24:58,970 - trading_bot - INFO -    Solana Trading Bot Shutdown Complete
2025-04-02 18:24:58,970 - trading_bot - INFO - ==================================================
2025-04-02 18:24:58,972 - trading_bot - INFO - Bot execution completed
