2025-04-02 20:05:43,691 - trading_bot.database - INFO - Database tables initialized
2025-04-02 20:05:43,691 - trading_bot.solana_trader - INFO - Wallet initialized: 8GU6LRQBNMQyTrQrzufXNczGUizf9oS2AwsX94Zn6Bzv
2025-04-02 20:05:43,697 - trading_bot.solana_trader - INFO - Trading bot running in SIMULATION MODE - no real trades will be executed
2025-04-02 20:05:43,699 - trading_bot.solana_trader - INFO - Loaded 0 active orders
2025-04-02 20:05:43,700 - trading_bot.database - INFO - Database tables initialized
2025-04-02 20:05:43,707 - trading_bot.token_scanner - INFO - Twitter client initialized
2025-04-02 20:05:43,716 - trading_bot.database - INFO - Database tables initialized
2025-04-02 20:05:43,717 - trading_bot - INFO - ==================================================
2025-04-02 20:05:43,717 - trading_bot - INFO -    Solana Trading Bot Starting
2025-04-02 20:05:43,718 - trading_bot - INFO - ==================================================
2025-04-02 20:05:44,018 - trading_bot.solana_trader - INFO - Connected to Solana RPC
2025-04-02 20:05:44,151 - trading_bot - INFO - Initial Wallet Balance: 0.0000 SOL ($0.00)
2025-04-02 20:05:44,152 - trading_bot.token_scanner - INFO - Starting token scanner
2025-04-02 20:05:44,153 - trading_bot.token_scanner - INFO - Scanning Twitter for tokens...
2025-04-02 20:05:44,515 - trading_bot.token_scanner - INFO - Discovered 0 tokens from Twitter
2025-04-02 20:05:44,515 - trading_bot.token_scanner - INFO - Analyzing tokens by screening criteria...
2025-04-02 20:05:44,516 - trading_bot.solana_trader - INFO - Starting position monitor
2025-04-02 20:05:44,517 - trading_bot - INFO - Starting token discovery and trading process
2025-04-02 20:05:44,596 - trading_bot - INFO - Current wallet balance: 0.0000 SOL ($0.00)
2025-04-02 20:05:44,916 - trading_bot.token_analyzer - ERROR - Error fetching top gainers from Birdeye: float() argument must be a string or a real number, not 'NoneType'
2025-04-02 20:05:44,916 - trading_bot.token_scanner - INFO - Found 0 top gainer tokens
2025-04-02 20:05:45,049 - trading_bot.token_analyzer - ERROR - Error fetching top gainers from Birdeye: float() argument must be a string or a real number, not 'NoneType'
2025-04-02 20:05:45,050 - trading_bot.token_scanner - INFO - Found 0 top gainer tokens
2025-04-02 20:05:45,135 - trading_bot.token_analyzer - INFO - Found 10 trending tokens
2025-04-02 20:05:45,136 - trading_bot.token_scanner - INFO - Found 10 trending tokens
2025-04-02 20:05:45,266 - trading_bot.token_analyzer - INFO - Found 10 trending tokens
2025-04-02 20:05:45,266 - trading_bot.token_scanner - INFO - Found 10 trending tokens
2025-04-02 20:05:45,423 - trading_bot.utils - WARNING - Fetch attempt 1/3 failed for https://public-api.birdeye.so/defi/token_metadata?address=DitHyRMQiSDhn5cnKMJV2CDDt6sVct96YrECiM49pump: 404, message='Not Found', url='https://public-api.birdeye.so/defi/token_metadata?address=DitHyRMQiSDhn5cnKMJV2CDDt6sVct96YrECiM49pump'
2025-04-02 20:05:45,568 - trading_bot.utils - WARNING - Fetch attempt 1/3 failed for https://public-api.birdeye.so/defi/token_metadata?address=DitHyRMQiSDhn5cnKMJV2CDDt6sVct96YrECiM49pump: 404, message='Not Found', url='https://public-api.birdeye.so/defi/token_metadata?address=DitHyRMQiSDhn5cnKMJV2CDDt6sVct96YrECiM49pump'
2025-04-02 20:05:47,547 - trading_bot.utils - WARNING - Fetch attempt 2/3 failed for https://public-api.birdeye.so/defi/token_metadata?address=DitHyRMQiSDhn5cnKMJV2CDDt6sVct96YrECiM49pump: 404, message='Not Found', url='https://public-api.birdeye.so/defi/token_metadata?address=DitHyRMQiSDhn5cnKMJV2CDDt6sVct96YrECiM49pump'
2025-04-02 20:05:47,710 - trading_bot.utils - WARNING - Fetch attempt 2/3 failed for https://public-api.birdeye.so/defi/token_metadata?address=DitHyRMQiSDhn5cnKMJV2CDDt6sVct96YrECiM49pump: 404, message='Not Found', url='https://public-api.birdeye.so/defi/token_metadata?address=DitHyRMQiSDhn5cnKMJV2CDDt6sVct96YrECiM49pump'
2025-04-02 20:05:51,684 - trading_bot.utils - WARNING - Fetch attempt 3/3 failed for https://public-api.birdeye.so/defi/token_metadata?address=DitHyRMQiSDhn5cnKMJV2CDDt6sVct96YrECiM49pump: 404, message='Not Found', url='https://public-api.birdeye.so/defi/token_metadata?address=DitHyRMQiSDhn5cnKMJV2CDDt6sVct96YrECiM49pump'
2025-04-02 20:05:51,684 - trading_bot.utils - ERROR - Failed to fetch https://public-api.birdeye.so/defi/token_metadata?address=DitHyRMQiSDhn5cnKMJV2CDDt6sVct96YrECiM49pump after 3 attempts
2025-04-02 20:05:51,839 - trading_bot.utils - WARNING - Fetch attempt 3/3 failed for https://public-api.birdeye.so/defi/token_metadata?address=DitHyRMQiSDhn5cnKMJV2CDDt6sVct96YrECiM49pump: 404, message='Not Found', url='https://public-api.birdeye.so/defi/token_metadata?address=DitHyRMQiSDhn5cnKMJV2CDDt6sVct96YrECiM49pump'
2025-04-02 20:05:51,840 - trading_bot.utils - ERROR - Failed to fetch https://public-api.birdeye.so/defi/token_metadata?address=DitHyRMQiSDhn5cnKMJV2CDDt6sVct96YrECiM49pump after 3 attempts
2025-04-02 20:05:51,856 - trading_bot.utils - WARNING - Fetch attempt 1/3 failed for https://public-api.birdeye.so/defi/token_metadata?address=3NZ9JMVBmGAqocybic2c7LQCJScmgsAZ6vQqTDzcqmJh: 404, message='Not Found', url='https://public-api.birdeye.so/defi/token_metadata?address=3NZ9JMVBmGAqocybic2c7LQCJScmgsAZ6vQqTDzcqmJh'
2025-04-02 20:05:52,035 - trading_bot.utils - WARNING - Fetch attempt 1/3 failed for https://public-api.birdeye.so/defi/token_metadata?address=3NZ9JMVBmGAqocybic2c7LQCJScmgsAZ6vQqTDzcqmJh: 404, message='Not Found', url='https://public-api.birdeye.so/defi/token_metadata?address=3NZ9JMVBmGAqocybic2c7LQCJScmgsAZ6vQqTDzcqmJh'
2025-04-02 20:05:53,995 - trading_bot.utils - WARNING - Fetch attempt 2/3 failed for https://public-api.birdeye.so/defi/token_metadata?address=3NZ9JMVBmGAqocybic2c7LQCJScmgsAZ6vQqTDzcqmJh: 404, message='Not Found', url='https://public-api.birdeye.so/defi/token_metadata?address=3NZ9JMVBmGAqocybic2c7LQCJScmgsAZ6vQqTDzcqmJh'
2025-04-02 20:05:54,191 - trading_bot.utils - WARNING - Fetch attempt 2/3 failed for https://public-api.birdeye.so/defi/token_metadata?address=3NZ9JMVBmGAqocybic2c7LQCJScmgsAZ6vQqTDzcqmJh: 404, message='Not Found', url='https://public-api.birdeye.so/defi/token_metadata?address=3NZ9JMVBmGAqocybic2c7LQCJScmgsAZ6vQqTDzcqmJh'
2025-04-02 20:05:58,139 - trading_bot.utils - WARNING - Fetch attempt 3/3 failed for https://public-api.birdeye.so/defi/token_metadata?address=3NZ9JMVBmGAqocybic2c7LQCJScmgsAZ6vQqTDzcqmJh: 404, message='Not Found', url='https://public-api.birdeye.so/defi/token_metadata?address=3NZ9JMVBmGAqocybic2c7LQCJScmgsAZ6vQqTDzcqmJh'
2025-04-02 20:05:58,140 - trading_bot.utils - ERROR - Failed to fetch https://public-api.birdeye.so/defi/token_metadata?address=3NZ9JMVBmGAqocybic2c7LQCJScmgsAZ6vQqTDzcqmJh after 3 attempts
2025-04-02 20:05:58,305 - trading_bot.utils - WARNING - Fetch attempt 1/3 failed for https://public-api.birdeye.so/defi/token_metadata?address=C3DwDjT17gDvvCYC2nsdGHxDHVmQRdhKfpAdqQ29pump: 404, message='Not Found', url='https://public-api.birdeye.so/defi/token_metadata?address=C3DwDjT17gDvvCYC2nsdGHxDHVmQRdhKfpAdqQ29pump'
2025-04-02 20:05:58,342 - trading_bot.utils - WARNING - Fetch attempt 3/3 failed for https://public-api.birdeye.so/defi/token_metadata?address=3NZ9JMVBmGAqocybic2c7LQCJScmgsAZ6vQqTDzcqmJh: 404, message='Not Found', url='https://public-api.birdeye.so/defi/token_metadata?address=3NZ9JMVBmGAqocybic2c7LQCJScmgsAZ6vQqTDzcqmJh'
2025-04-02 20:05:58,342 - trading_bot.utils - ERROR - Failed to fetch https://public-api.birdeye.so/defi/token_metadata?address=3NZ9JMVBmGAqocybic2c7LQCJScmgsAZ6vQqTDzcqmJh after 3 attempts
2025-04-02 20:05:58,569 - trading_bot.utils - WARNING - Fetch attempt 1/3 failed for https://public-api.birdeye.so/defi/token_metadata?address=C3DwDjT17gDvvCYC2nsdGHxDHVmQRdhKfpAdqQ29pump: 404, message='Not Found', url='https://public-api.birdeye.so/defi/token_metadata?address=C3DwDjT17gDvvCYC2nsdGHxDHVmQRdhKfpAdqQ29pump'
2025-04-02 20:06:00,445 - trading_bot.utils - WARNING - Fetch attempt 2/3 failed for https://public-api.birdeye.so/defi/token_metadata?address=C3DwDjT17gDvvCYC2nsdGHxDHVmQRdhKfpAdqQ29pump: 404, message='Not Found', url='https://public-api.birdeye.so/defi/token_metadata?address=C3DwDjT17gDvvCYC2nsdGHxDHVmQRdhKfpAdqQ29pump'
2025-04-02 20:06:00,716 - trading_bot.utils - WARNING - Fetch attempt 2/3 failed for https://public-api.birdeye.so/defi/token_metadata?address=C3DwDjT17gDvvCYC2nsdGHxDHVmQRdhKfpAdqQ29pump: 404, message='Not Found', url='https://public-api.birdeye.so/defi/token_metadata?address=C3DwDjT17gDvvCYC2nsdGHxDHVmQRdhKfpAdqQ29pump'
2025-04-02 20:06:04,573 - trading_bot.utils - WARNING - Fetch attempt 3/3 failed for https://public-api.birdeye.so/defi/token_metadata?address=C3DwDjT17gDvvCYC2nsdGHxDHVmQRdhKfpAdqQ29pump: 404, message='Not Found', url='https://public-api.birdeye.so/defi/token_metadata?address=C3DwDjT17gDvvCYC2nsdGHxDHVmQRdhKfpAdqQ29pump'
2025-04-02 20:06:04,573 - trading_bot.utils - ERROR - Failed to fetch https://public-api.birdeye.so/defi/token_metadata?address=C3DwDjT17gDvvCYC2nsdGHxDHVmQRdhKfpAdqQ29pump after 3 attempts
2025-04-02 20:06:04,779 - trading_bot.utils - WARNING - Fetch attempt 1/3 failed for https://public-api.birdeye.so/defi/token_metadata?address=7LSsEoJGhLeZzGvDofTdNg7M3JttxQqGWNLo6vWMpump: 404, message='Not Found', url='https://public-api.birdeye.so/defi/token_metadata?address=7LSsEoJGhLeZzGvDofTdNg7M3JttxQqGWNLo6vWMpump'
2025-04-02 20:06:05,042 - trading_bot.utils - WARNING - Fetch attempt 3/3 failed for https://public-api.birdeye.so/defi/token_metadata?address=C3DwDjT17gDvvCYC2nsdGHxDHVmQRdhKfpAdqQ29pump: 404, message='Not Found', url='https://public-api.birdeye.so/defi/token_metadata?address=C3DwDjT17gDvvCYC2nsdGHxDHVmQRdhKfpAdqQ29pump'
2025-04-02 20:06:05,043 - trading_bot.utils - ERROR - Failed to fetch https://public-api.birdeye.so/defi/token_metadata?address=C3DwDjT17gDvvCYC2nsdGHxDHVmQRdhKfpAdqQ29pump after 3 attempts
2025-04-02 20:06:05,261 - trading_bot.utils - WARNING - Fetch attempt 1/3 failed for https://public-api.birdeye.so/defi/token_metadata?address=7LSsEoJGhLeZzGvDofTdNg7M3JttxQqGWNLo6vWMpump: 404, message='Not Found', url='https://public-api.birdeye.so/defi/token_metadata?address=7LSsEoJGhLeZzGvDofTdNg7M3JttxQqGWNLo6vWMpump'
2025-04-02 20:06:06,943 - trading_bot.utils - WARNING - Fetch attempt 2/3 failed for https://public-api.birdeye.so/defi/token_metadata?address=7LSsEoJGhLeZzGvDofTdNg7M3JttxQqGWNLo6vWMpump: 404, message='Not Found', url='https://public-api.birdeye.so/defi/token_metadata?address=7LSsEoJGhLeZzGvDofTdNg7M3JttxQqGWNLo6vWMpump'
2025-04-02 20:06:07,416 - trading_bot.utils - WARNING - Fetch attempt 2/3 failed for https://public-api.birdeye.so/defi/token_metadata?address=7LSsEoJGhLeZzGvDofTdNg7M3JttxQqGWNLo6vWMpump: 404, message='Not Found', url='https://public-api.birdeye.so/defi/token_metadata?address=7LSsEoJGhLeZzGvDofTdNg7M3JttxQqGWNLo6vWMpump'
2025-04-02 20:06:11,086 - trading_bot.utils - WARNING - Fetch attempt 3/3 failed for https://public-api.birdeye.so/defi/token_metadata?address=7LSsEoJGhLeZzGvDofTdNg7M3JttxQqGWNLo6vWMpump: 404, message='Not Found', url='https://public-api.birdeye.so/defi/token_metadata?address=7LSsEoJGhLeZzGvDofTdNg7M3JttxQqGWNLo6vWMpump'
2025-04-02 20:06:11,088 - trading_bot.utils - ERROR - Failed to fetch https://public-api.birdeye.so/defi/token_metadata?address=7LSsEoJGhLeZzGvDofTdNg7M3JttxQqGWNLo6vWMpump after 3 attempts
2025-04-02 20:06:11,240 - trading_bot.utils - WARNING - Fetch attempt 1/3 failed for https://public-api.birdeye.so/defi/token_metadata?address=HNg5PYJmtqcmzXrv6S9zP1CDKk5BgDuyFBxbvNApump: 404, message='Not Found', url='https://public-api.birdeye.so/defi/token_metadata?address=HNg5PYJmtqcmzXrv6S9zP1CDKk5BgDuyFBxbvNApump'
2025-04-02 20:06:11,563 - trading_bot.utils - WARNING - Fetch attempt 3/3 failed for https://public-api.birdeye.so/defi/token_metadata?address=7LSsEoJGhLeZzGvDofTdNg7M3JttxQqGWNLo6vWMpump: 404, message='Not Found', url='https://public-api.birdeye.so/defi/token_metadata?address=7LSsEoJGhLeZzGvDofTdNg7M3JttxQqGWNLo6vWMpump'
2025-04-02 20:06:11,564 - trading_bot.utils - ERROR - Failed to fetch https://public-api.birdeye.so/defi/token_metadata?address=7LSsEoJGhLeZzGvDofTdNg7M3JttxQqGWNLo6vWMpump after 3 attempts
2025-04-02 20:06:11,785 - trading_bot.utils - WARNING - Fetch attempt 1/3 failed for https://public-api.birdeye.so/defi/token_metadata?address=HNg5PYJmtqcmzXrv6S9zP1CDKk5BgDuyFBxbvNApump: 404, message='Not Found', url='https://public-api.birdeye.so/defi/token_metadata?address=HNg5PYJmtqcmzXrv6S9zP1CDKk5BgDuyFBxbvNApump'
2025-04-02 20:06:13,381 - trading_bot.utils - WARNING - Fetch attempt 2/3 failed for https://public-api.birdeye.so/defi/token_metadata?address=HNg5PYJmtqcmzXrv6S9zP1CDKk5BgDuyFBxbvNApump: 404, message='Not Found', url='https://public-api.birdeye.so/defi/token_metadata?address=HNg5PYJmtqcmzXrv6S9zP1CDKk5BgDuyFBxbvNApump'
2025-04-02 20:06:13,933 - trading_bot.utils - WARNING - Fetch attempt 2/3 failed for https://public-api.birdeye.so/defi/token_metadata?address=HNg5PYJmtqcmzXrv6S9zP1CDKk5BgDuyFBxbvNApump: 404, message='Not Found', url='https://public-api.birdeye.so/defi/token_metadata?address=HNg5PYJmtqcmzXrv6S9zP1CDKk5BgDuyFBxbvNApump'
2025-04-02 20:06:17,516 - trading_bot.utils - WARNING - Fetch attempt 3/3 failed for https://public-api.birdeye.so/defi/token_metadata?address=HNg5PYJmtqcmzXrv6S9zP1CDKk5BgDuyFBxbvNApump: 404, message='Not Found', url='https://public-api.birdeye.so/defi/token_metadata?address=HNg5PYJmtqcmzXrv6S9zP1CDKk5BgDuyFBxbvNApump'
2025-04-02 20:06:17,519 - trading_bot.utils - ERROR - Failed to fetch https://public-api.birdeye.so/defi/token_metadata?address=HNg5PYJmtqcmzXrv6S9zP1CDKk5BgDuyFBxbvNApump after 3 attempts
2025-04-02 20:06:17,760 - trading_bot.utils - WARNING - Fetch attempt 1/3 failed for https://public-api.birdeye.so/defi/token_metadata?address=6AJcP7wuLwmRYLBNbi825wgguaPsWzPBEHcHndpRpump: 404, message='Not Found', url='https://public-api.birdeye.so/defi/token_metadata?address=6AJcP7wuLwmRYLBNbi825wgguaPsWzPBEHcHndpRpump'
2025-04-02 20:06:18,085 - trading_bot.utils - WARNING - Fetch attempt 3/3 failed for https://public-api.birdeye.so/defi/token_metadata?address=HNg5PYJmtqcmzXrv6S9zP1CDKk5BgDuyFBxbvNApump: 404, message='Not Found', url='https://public-api.birdeye.so/defi/token_metadata?address=HNg5PYJmtqcmzXrv6S9zP1CDKk5BgDuyFBxbvNApump'
2025-04-02 20:06:18,088 - trading_bot.utils - ERROR - Failed to fetch https://public-api.birdeye.so/defi/token_metadata?address=HNg5PYJmtqcmzXrv6S9zP1CDKk5BgDuyFBxbvNApump after 3 attempts
2025-04-02 20:06:18,280 - trading_bot.utils - WARNING - Fetch attempt 1/3 failed for https://public-api.birdeye.so/defi/token_metadata?address=6AJcP7wuLwmRYLBNbi825wgguaPsWzPBEHcHndpRpump: 404, message='Not Found', url='https://public-api.birdeye.so/defi/token_metadata?address=6AJcP7wuLwmRYLBNbi825wgguaPsWzPBEHcHndpRpump'
2025-04-02 20:06:19,913 - trading_bot.utils - WARNING - Fetch attempt 2/3 failed for https://public-api.birdeye.so/defi/token_metadata?address=6AJcP7wuLwmRYLBNbi825wgguaPsWzPBEHcHndpRpump: 404, message='Not Found', url='https://public-api.birdeye.so/defi/token_metadata?address=6AJcP7wuLwmRYLBNbi825wgguaPsWzPBEHcHndpRpump'
2025-04-02 20:06:20,432 - trading_bot.utils - WARNING - Fetch attempt 2/3 failed for https://public-api.birdeye.so/defi/token_metadata?address=6AJcP7wuLwmRYLBNbi825wgguaPsWzPBEHcHndpRpump: 404, message='Not Found', url='https://public-api.birdeye.so/defi/token_metadata?address=6AJcP7wuLwmRYLBNbi825wgguaPsWzPBEHcHndpRpump'
2025-04-02 20:06:24,068 - trading_bot.utils - WARNING - Fetch attempt 3/3 failed for https://public-api.birdeye.so/defi/token_metadata?address=6AJcP7wuLwmRYLBNbi825wgguaPsWzPBEHcHndpRpump: 404, message='Not Found', url='https://public-api.birdeye.so/defi/token_metadata?address=6AJcP7wuLwmRYLBNbi825wgguaPsWzPBEHcHndpRpump'
2025-04-02 20:06:24,069 - trading_bot.utils - ERROR - Failed to fetch https://public-api.birdeye.so/defi/token_metadata?address=6AJcP7wuLwmRYLBNbi825wgguaPsWzPBEHcHndpRpump after 3 attempts
2025-04-02 20:06:24,233 - trading_bot.utils - WARNING - Fetch attempt 1/3 failed for https://public-api.birdeye.so/defi/token_metadata?address=34HDZNbUkTyTrgYKy2ox43yp2f8PJ5hoM7xsrfNApump: 404, message='Not Found', url='https://public-api.birdeye.so/defi/token_metadata?address=34HDZNbUkTyTrgYKy2ox43yp2f8PJ5hoM7xsrfNApump'
2025-04-02 20:06:24,581 - trading_bot.utils - WARNING - Fetch attempt 3/3 failed for https://public-api.birdeye.so/defi/token_metadata?address=6AJcP7wuLwmRYLBNbi825wgguaPsWzPBEHcHndpRpump: 404, message='Not Found', url='https://public-api.birdeye.so/defi/token_metadata?address=6AJcP7wuLwmRYLBNbi825wgguaPsWzPBEHcHndpRpump'
2025-04-02 20:06:24,582 - trading_bot.utils - ERROR - Failed to fetch https://public-api.birdeye.so/defi/token_metadata?address=6AJcP7wuLwmRYLBNbi825wgguaPsWzPBEHcHndpRpump after 3 attempts
2025-04-02 20:06:24,772 - trading_bot.utils - WARNING - Fetch attempt 1/3 failed for https://public-api.birdeye.so/defi/token_metadata?address=34HDZNbUkTyTrgYKy2ox43yp2f8PJ5hoM7xsrfNApump: 404, message='Not Found', url='https://public-api.birdeye.so/defi/token_metadata?address=34HDZNbUkTyTrgYKy2ox43yp2f8PJ5hoM7xsrfNApump'
2025-04-02 20:06:26,370 - trading_bot.utils - WARNING - Fetch attempt 2/3 failed for https://public-api.birdeye.so/defi/token_metadata?address=34HDZNbUkTyTrgYKy2ox43yp2f8PJ5hoM7xsrfNApump: 404, message='Not Found', url='https://public-api.birdeye.so/defi/token_metadata?address=34HDZNbUkTyTrgYKy2ox43yp2f8PJ5hoM7xsrfNApump'
2025-04-02 20:06:26,926 - trading_bot.utils - WARNING - Fetch attempt 2/3 failed for https://public-api.birdeye.so/defi/token_metadata?address=34HDZNbUkTyTrgYKy2ox43yp2f8PJ5hoM7xsrfNApump: 404, message='Not Found', url='https://public-api.birdeye.so/defi/token_metadata?address=34HDZNbUkTyTrgYKy2ox43yp2f8PJ5hoM7xsrfNApump'
2025-04-02 20:06:30,504 - trading_bot.utils - WARNING - Fetch attempt 3/3 failed for https://public-api.birdeye.so/defi/token_metadata?address=34HDZNbUkTyTrgYKy2ox43yp2f8PJ5hoM7xsrfNApump: 404, message='Not Found', url='https://public-api.birdeye.so/defi/token_metadata?address=34HDZNbUkTyTrgYKy2ox43yp2f8PJ5hoM7xsrfNApump'
2025-04-02 20:06:30,505 - trading_bot.utils - ERROR - Failed to fetch https://public-api.birdeye.so/defi/token_metadata?address=34HDZNbUkTyTrgYKy2ox43yp2f8PJ5hoM7xsrfNApump after 3 attempts
2025-04-02 20:06:30,700 - trading_bot.utils - WARNING - Fetch attempt 1/3 failed for https://public-api.birdeye.so/defi/token_metadata?address=2zMMhcVQEXDtdE6vsFS7S7D5oUodfJHE8vd1gnBouauv: 404, message='Not Found', url='https://public-api.birdeye.so/defi/token_metadata?address=2zMMhcVQEXDtdE6vsFS7S7D5oUodfJHE8vd1gnBouauv'
2025-04-02 20:06:31,086 - trading_bot.utils - WARNING - Fetch attempt 3/3 failed for https://public-api.birdeye.so/defi/token_metadata?address=34HDZNbUkTyTrgYKy2ox43yp2f8PJ5hoM7xsrfNApump: 404, message='Not Found', url='https://public-api.birdeye.so/defi/token_metadata?address=34HDZNbUkTyTrgYKy2ox43yp2f8PJ5hoM7xsrfNApump'
2025-04-02 20:06:31,090 - trading_bot.utils - ERROR - Failed to fetch https://public-api.birdeye.so/defi/token_metadata?address=34HDZNbUkTyTrgYKy2ox43yp2f8PJ5hoM7xsrfNApump after 3 attempts
2025-04-02 20:06:31,283 - trading_bot.utils - WARNING - Fetch attempt 1/3 failed for https://public-api.birdeye.so/defi/token_metadata?address=2zMMhcVQEXDtdE6vsFS7S7D5oUodfJHE8vd1gnBouauv: 404, message='Not Found', url='https://public-api.birdeye.so/defi/token_metadata?address=2zMMhcVQEXDtdE6vsFS7S7D5oUodfJHE8vd1gnBouauv'
2025-04-02 20:06:32,848 - trading_bot.utils - WARNING - Fetch attempt 2/3 failed for https://public-api.birdeye.so/defi/token_metadata?address=2zMMhcVQEXDtdE6vsFS7S7D5oUodfJHE8vd1gnBouauv: 404, message='Not Found', url='https://public-api.birdeye.so/defi/token_metadata?address=2zMMhcVQEXDtdE6vsFS7S7D5oUodfJHE8vd1gnBouauv'
2025-04-02 20:06:33,435 - trading_bot.utils - WARNING - Fetch attempt 2/3 failed for https://public-api.birdeye.so/defi/token_metadata?address=2zMMhcVQEXDtdE6vsFS7S7D5oUodfJHE8vd1gnBouauv: 404, message='Not Found', url='https://public-api.birdeye.so/defi/token_metadata?address=2zMMhcVQEXDtdE6vsFS7S7D5oUodfJHE8vd1gnBouauv'
2025-04-02 20:06:37,001 - trading_bot.utils - WARNING - Fetch attempt 3/3 failed for https://public-api.birdeye.so/defi/token_metadata?address=2zMMhcVQEXDtdE6vsFS7S7D5oUodfJHE8vd1gnBouauv: 404, message='Not Found', url='https://public-api.birdeye.so/defi/token_metadata?address=2zMMhcVQEXDtdE6vsFS7S7D5oUodfJHE8vd1gnBouauv'
2025-04-02 20:06:37,003 - trading_bot.utils - ERROR - Failed to fetch https://public-api.birdeye.so/defi/token_metadata?address=2zMMhcVQEXDtdE6vsFS7S7D5oUodfJHE8vd1gnBouauv after 3 attempts
2025-04-02 20:06:37,238 - trading_bot.utils - WARNING - Fetch attempt 1/3 failed for https://public-api.birdeye.so/defi/token_metadata?address=4k3Dyjzvzp8eMZWUXbBCjEvwSkkk59S5iCNLY3QrkX6R: 404, message='Not Found', url='https://public-api.birdeye.so/defi/token_metadata?address=4k3Dyjzvzp8eMZWUXbBCjEvwSkkk59S5iCNLY3QrkX6R'
2025-04-02 20:06:37,594 - trading_bot.utils - WARNING - Fetch attempt 3/3 failed for https://public-api.birdeye.so/defi/token_metadata?address=2zMMhcVQEXDtdE6vsFS7S7D5oUodfJHE8vd1gnBouauv: 404, message='Not Found', url='https://public-api.birdeye.so/defi/token_metadata?address=2zMMhcVQEXDtdE6vsFS7S7D5oUodfJHE8vd1gnBouauv'
2025-04-02 20:06:37,596 - trading_bot.utils - ERROR - Failed to fetch https://public-api.birdeye.so/defi/token_metadata?address=2zMMhcVQEXDtdE6vsFS7S7D5oUodfJHE8vd1gnBouauv after 3 attempts
2025-04-02 20:06:37,759 - trading_bot.utils - WARNING - Fetch attempt 1/3 failed for https://public-api.birdeye.so/defi/token_metadata?address=4k3Dyjzvzp8eMZWUXbBCjEvwSkkk59S5iCNLY3QrkX6R: 404, message='Not Found', url='https://public-api.birdeye.so/defi/token_metadata?address=4k3Dyjzvzp8eMZWUXbBCjEvwSkkk59S5iCNLY3QrkX6R'
2025-04-02 20:06:39,387 - trading_bot.utils - WARNING - Fetch attempt 2/3 failed for https://public-api.birdeye.so/defi/token_metadata?address=4k3Dyjzvzp8eMZWUXbBCjEvwSkkk59S5iCNLY3QrkX6R: 404, message='Not Found', url='https://public-api.birdeye.so/defi/token_metadata?address=4k3Dyjzvzp8eMZWUXbBCjEvwSkkk59S5iCNLY3QrkX6R'
2025-04-02 20:06:39,895 - trading_bot.utils - WARNING - Fetch attempt 2/3 failed for https://public-api.birdeye.so/defi/token_metadata?address=4k3Dyjzvzp8eMZWUXbBCjEvwSkkk59S5iCNLY3QrkX6R: 404, message='Not Found', url='https://public-api.birdeye.so/defi/token_metadata?address=4k3Dyjzvzp8eMZWUXbBCjEvwSkkk59S5iCNLY3QrkX6R'
2025-04-02 20:06:43,557 - trading_bot.utils - WARNING - Fetch attempt 3/3 failed for https://public-api.birdeye.so/defi/token_metadata?address=4k3Dyjzvzp8eMZWUXbBCjEvwSkkk59S5iCNLY3QrkX6R: 404, message='Not Found', url='https://public-api.birdeye.so/defi/token_metadata?address=4k3Dyjzvzp8eMZWUXbBCjEvwSkkk59S5iCNLY3QrkX6R'
2025-04-02 20:06:43,559 - trading_bot.utils - ERROR - Failed to fetch https://public-api.birdeye.so/defi/token_metadata?address=4k3Dyjzvzp8eMZWUXbBCjEvwSkkk59S5iCNLY3QrkX6R after 3 attempts
2025-04-02 20:06:43,741 - trading_bot.utils - WARNING - Fetch attempt 1/3 failed for https://public-api.birdeye.so/defi/token_metadata?address=7vfCXTUXx5WJV5JADk17DUJ4ksgau7utNKj4b963voxs: 404, message='Not Found', url='https://public-api.birdeye.so/defi/token_metadata?address=7vfCXTUXx5WJV5JADk17DUJ4ksgau7utNKj4b963voxs'
2025-04-02 20:06:44,039 - trading_bot.utils - WARNING - Fetch attempt 3/3 failed for https://public-api.birdeye.so/defi/token_metadata?address=4k3Dyjzvzp8eMZWUXbBCjEvwSkkk59S5iCNLY3QrkX6R: 404, message='Not Found', url='https://public-api.birdeye.so/defi/token_metadata?address=4k3Dyjzvzp8eMZWUXbBCjEvwSkkk59S5iCNLY3QrkX6R'
2025-04-02 20:06:44,041 - trading_bot.utils - ERROR - Failed to fetch https://public-api.birdeye.so/defi/token_metadata?address=4k3Dyjzvzp8eMZWUXbBCjEvwSkkk59S5iCNLY3QrkX6R after 3 attempts
2025-04-02 20:06:44,241 - trading_bot.utils - WARNING - Fetch attempt 1/3 failed for https://public-api.birdeye.so/defi/token_metadata?address=7vfCXTUXx5WJV5JADk17DUJ4ksgau7utNKj4b963voxs: 404, message='Not Found', url='https://public-api.birdeye.so/defi/token_metadata?address=7vfCXTUXx5WJV5JADk17DUJ4ksgau7utNKj4b963voxs'
2025-04-02 20:06:45,879 - trading_bot.utils - WARNING - Fetch attempt 2/3 failed for https://public-api.birdeye.so/defi/token_metadata?address=7vfCXTUXx5WJV5JADk17DUJ4ksgau7utNKj4b963voxs: 404, message='Not Found', url='https://public-api.birdeye.so/defi/token_metadata?address=7vfCXTUXx5WJV5JADk17DUJ4ksgau7utNKj4b963voxs'
2025-04-02 20:06:46,391 - trading_bot.utils - WARNING - Fetch attempt 2/3 failed for https://public-api.birdeye.so/defi/token_metadata?address=7vfCXTUXx5WJV5JADk17DUJ4ksgau7utNKj4b963voxs: 404, message='Not Found', url='https://public-api.birdeye.so/defi/token_metadata?address=7vfCXTUXx5WJV5JADk17DUJ4ksgau7utNKj4b963voxs'
2025-04-02 20:06:50,018 - trading_bot.utils - WARNING - Fetch attempt 3/3 failed for https://public-api.birdeye.so/defi/token_metadata?address=7vfCXTUXx5WJV5JADk17DUJ4ksgau7utNKj4b963voxs: 404, message='Not Found', url='https://public-api.birdeye.so/defi/token_metadata?address=7vfCXTUXx5WJV5JADk17DUJ4ksgau7utNKj4b963voxs'
2025-04-02 20:06:50,018 - trading_bot.utils - ERROR - Failed to fetch https://public-api.birdeye.so/defi/token_metadata?address=7vfCXTUXx5WJV5JADk17DUJ4ksgau7utNKj4b963voxs after 3 attempts
2025-04-02 20:06:50,037 - trading_bot.token_scanner - INFO - Analyzing other discovered tokens...
2025-04-02 20:06:50,204 - trading_bot.utils - WARNING - Fetch attempt 1/3 failed for https://public-api.birdeye.so/defi/token_metadata?address=ERKYpXQNHXNJxgWBt9X5CSs4w1SSLWmXMsm1zRCoiqPs: 404, message='Not Found', url='https://public-api.birdeye.so/defi/token_metadata?address=ERKYpXQNHXNJxgWBt9X5CSs4w1SSLWmXMsm1zRCoiqPs'
2025-04-02 20:06:50,546 - trading_bot.utils - WARNING - Fetch attempt 3/3 failed for https://public-api.birdeye.so/defi/token_metadata?address=7vfCXTUXx5WJV5JADk17DUJ4ksgau7utNKj4b963voxs: 404, message='Not Found', url='https://public-api.birdeye.so/defi/token_metadata?address=7vfCXTUXx5WJV5JADk17DUJ4ksgau7utNKj4b963voxs'
2025-04-02 20:06:50,547 - trading_bot.utils - ERROR - Failed to fetch https://public-api.birdeye.so/defi/token_metadata?address=7vfCXTUXx5WJV5JADk17DUJ4ksgau7utNKj4b963voxs after 3 attempts
2025-04-02 20:06:50,554 - trading_bot - INFO - No tokens found meeting screening criteria, analyzing other tokens...
2025-04-02 20:06:50,706 - trading_bot.utils - WARNING - Fetch attempt 1/3 failed for https://public-api.birdeye.so/defi/token_metadata?address=ERKYpXQNHXNJxgWBt9X5CSs4w1SSLWmXMsm1zRCoiqPs: 404, message='Not Found', url='https://public-api.birdeye.so/defi/token_metadata?address=ERKYpXQNHXNJxgWBt9X5CSs4w1SSLWmXMsm1zRCoiqPs'
2025-04-02 20:06:52,352 - trading_bot.utils - WARNING - Fetch attempt 2/3 failed for https://public-api.birdeye.so/defi/token_metadata?address=ERKYpXQNHXNJxgWBt9X5CSs4w1SSLWmXMsm1zRCoiqPs: 404, message='Not Found', url='https://public-api.birdeye.so/defi/token_metadata?address=ERKYpXQNHXNJxgWBt9X5CSs4w1SSLWmXMsm1zRCoiqPs'
2025-04-02 20:06:52,855 - trading_bot.utils - WARNING - Fetch attempt 2/3 failed for https://public-api.birdeye.so/defi/token_metadata?address=ERKYpXQNHXNJxgWBt9X5CSs4w1SSLWmXMsm1zRCoiqPs: 404, message='Not Found', url='https://public-api.birdeye.so/defi/token_metadata?address=ERKYpXQNHXNJxgWBt9X5CSs4w1SSLWmXMsm1zRCoiqPs'
2025-04-02 20:06:56,510 - trading_bot.utils - WARNING - Fetch attempt 3/3 failed for https://public-api.birdeye.so/defi/token_metadata?address=ERKYpXQNHXNJxgWBt9X5CSs4w1SSLWmXMsm1zRCoiqPs: 404, message='Not Found', url='https://public-api.birdeye.so/defi/token_metadata?address=ERKYpXQNHXNJxgWBt9X5CSs4w1SSLWmXMsm1zRCoiqPs'
2025-04-02 20:06:56,511 - trading_bot.utils - ERROR - Failed to fetch https://public-api.birdeye.so/defi/token_metadata?address=ERKYpXQNHXNJxgWBt9X5CSs4w1SSLWmXMsm1zRCoiqPs after 3 attempts
2025-04-02 20:06:56,705 - trading_bot.utils - WARNING - Fetch attempt 1/3 failed for https://public-api.birdeye.so/defi/token_metadata?address=ERKYpXQNHXNJxgWBt9X5CSs4w1SSLWmXMsm1zRCoiqPs: 404, message='Not Found', url='https://public-api.birdeye.so/defi/token_metadata?address=ERKYpXQNHXNJxgWBt9X5CSs4w1SSLWmXMsm1zRCoiqPs'
2025-04-02 20:06:57,002 - trading_bot.utils - WARNING - Fetch attempt 3/3 failed for https://public-api.birdeye.so/defi/token_metadata?address=ERKYpXQNHXNJxgWBt9X5CSs4w1SSLWmXMsm1zRCoiqPs: 404, message='Not Found', url='https://public-api.birdeye.so/defi/token_metadata?address=ERKYpXQNHXNJxgWBt9X5CSs4w1SSLWmXMsm1zRCoiqPs'
2025-04-02 20:06:57,003 - trading_bot.utils - ERROR - Failed to fetch https://public-api.birdeye.so/defi/token_metadata?address=ERKYpXQNHXNJxgWBt9X5CSs4w1SSLWmXMsm1zRCoiqPs after 3 attempts
2025-04-02 20:06:57,193 - trading_bot.utils - WARNING - Fetch attempt 1/3 failed for https://public-api.birdeye.so/defi/token_metadata?address=ERKYpXQNHXNJxgWBt9X5CSs4w1SSLWmXMsm1zRCoiqPs: 404, message='Not Found', url='https://public-api.birdeye.so/defi/token_metadata?address=ERKYpXQNHXNJxgWBt9X5CSs4w1SSLWmXMsm1zRCoiqPs'
2025-04-02 20:06:58,844 - trading_bot.utils - WARNING - Fetch attempt 2/3 failed for https://public-api.birdeye.so/defi/token_metadata?address=ERKYpXQNHXNJxgWBt9X5CSs4w1SSLWmXMsm1zRCoiqPs: 404, message='Not Found', url='https://public-api.birdeye.so/defi/token_metadata?address=ERKYpXQNHXNJxgWBt9X5CSs4w1SSLWmXMsm1zRCoiqPs'
2025-04-02 20:06:59,346 - trading_bot.utils - WARNING - Fetch attempt 2/3 failed for https://public-api.birdeye.so/defi/token_metadata?address=ERKYpXQNHXNJxgWBt9X5CSs4w1SSLWmXMsm1zRCoiqPs: 404, message='Not Found', url='https://public-api.birdeye.so/defi/token_metadata?address=ERKYpXQNHXNJxgWBt9X5CSs4w1SSLWmXMsm1zRCoiqPs'
2025-04-02 20:07:02,990 - trading_bot.utils - WARNING - Fetch attempt 3/3 failed for https://public-api.birdeye.so/defi/token_metadata?address=ERKYpXQNHXNJxgWBt9X5CSs4w1SSLWmXMsm1zRCoiqPs: 404, message='Not Found', url='https://public-api.birdeye.so/defi/token_metadata?address=ERKYpXQNHXNJxgWBt9X5CSs4w1SSLWmXMsm1zRCoiqPs'
2025-04-02 20:07:02,991 - trading_bot.utils - ERROR - Failed to fetch https://public-api.birdeye.so/defi/token_metadata?address=ERKYpXQNHXNJxgWBt9X5CSs4w1SSLWmXMsm1zRCoiqPs after 3 attempts
2025-04-02 20:07:03,508 - trading_bot.utils - WARNING - Fetch attempt 3/3 failed for https://public-api.birdeye.so/defi/token_metadata?address=ERKYpXQNHXNJxgWBt9X5CSs4w1SSLWmXMsm1zRCoiqPs: 404, message='Not Found', url='https://public-api.birdeye.so/defi/token_metadata?address=ERKYpXQNHXNJxgWBt9X5CSs4w1SSLWmXMsm1zRCoiqPs'
2025-04-02 20:07:03,509 - trading_bot.utils - ERROR - Failed to fetch https://public-api.birdeye.so/defi/token_metadata?address=ERKYpXQNHXNJxgWBt9X5CSs4w1SSLWmXMsm1zRCoiqPs after 3 attempts
2025-04-02 20:07:04,192 - trading_bot.utils - WARNING - Fetch attempt 1/3 failed for https://public-api.birdeye.so/defi/token_metadata?address=3YSb6EMSpZhzunwGAJzpoDTqCJUHxzznrVkfyCRvP6eH: 404, message='Not Found', url='https://public-api.birdeye.so/defi/token_metadata?address=3YSb6EMSpZhzunwGAJzpoDTqCJUHxzznrVkfyCRvP6eH'
2025-04-02 20:07:04,719 - trading_bot.utils - WARNING - Fetch attempt 1/3 failed for https://public-api.birdeye.so/defi/token_metadata?address=3YSb6EMSpZhzunwGAJzpoDTqCJUHxzznrVkfyCRvP6eH: 404, message='Not Found', url='https://public-api.birdeye.so/defi/token_metadata?address=3YSb6EMSpZhzunwGAJzpoDTqCJUHxzznrVkfyCRvP6eH'
2025-04-02 20:07:06,345 - trading_bot.utils - WARNING - Fetch attempt 2/3 failed for https://public-api.birdeye.so/defi/token_metadata?address=3YSb6EMSpZhzunwGAJzpoDTqCJUHxzznrVkfyCRvP6eH: 404, message='Not Found', url='https://public-api.birdeye.so/defi/token_metadata?address=3YSb6EMSpZhzunwGAJzpoDTqCJUHxzznrVkfyCRvP6eH'
2025-04-02 20:07:06,877 - trading_bot.utils - WARNING - Fetch attempt 2/3 failed for https://public-api.birdeye.so/defi/token_metadata?address=3YSb6EMSpZhzunwGAJzpoDTqCJUHxzznrVkfyCRvP6eH: 404, message='Not Found', url='https://public-api.birdeye.so/defi/token_metadata?address=3YSb6EMSpZhzunwGAJzpoDTqCJUHxzznrVkfyCRvP6eH'
2025-04-02 20:07:10,504 - trading_bot.utils - WARNING - Fetch attempt 3/3 failed for https://public-api.birdeye.so/defi/token_metadata?address=3YSb6EMSpZhzunwGAJzpoDTqCJUHxzznrVkfyCRvP6eH: 404, message='Not Found', url='https://public-api.birdeye.so/defi/token_metadata?address=3YSb6EMSpZhzunwGAJzpoDTqCJUHxzznrVkfyCRvP6eH'
2025-04-02 20:07:10,506 - trading_bot.utils - ERROR - Failed to fetch https://public-api.birdeye.so/defi/token_metadata?address=3YSb6EMSpZhzunwGAJzpoDTqCJUHxzznrVkfyCRvP6eH after 3 attempts
2025-04-02 20:07:10,695 - trading_bot.utils - WARNING - Fetch attempt 1/3 failed for https://public-api.birdeye.so/defi/token_metadata?address=3YSb6EMSpZhzunwGAJzpoDTqCJUHxzznrVkfyCRvP6eH: 404, message='Not Found', url='https://public-api.birdeye.so/defi/token_metadata?address=3YSb6EMSpZhzunwGAJzpoDTqCJUHxzznrVkfyCRvP6eH'
2025-04-02 20:07:11,017 - trading_bot.utils - WARNING - Fetch attempt 3/3 failed for https://public-api.birdeye.so/defi/token_metadata?address=3YSb6EMSpZhzunwGAJzpoDTqCJUHxzznrVkfyCRvP6eH: 404, message='Not Found', url='https://public-api.birdeye.so/defi/token_metadata?address=3YSb6EMSpZhzunwGAJzpoDTqCJUHxzznrVkfyCRvP6eH'
2025-04-02 20:07:11,019 - trading_bot.utils - ERROR - Failed to fetch https://public-api.birdeye.so/defi/token_metadata?address=3YSb6EMSpZhzunwGAJzpoDTqCJUHxzznrVkfyCRvP6eH after 3 attempts
2025-04-02 20:07:11,215 - trading_bot.utils - WARNING - Fetch attempt 1/3 failed for https://public-api.birdeye.so/defi/token_metadata?address=3YSb6EMSpZhzunwGAJzpoDTqCJUHxzznrVkfyCRvP6eH: 404, message='Not Found', url='https://public-api.birdeye.so/defi/token_metadata?address=3YSb6EMSpZhzunwGAJzpoDTqCJUHxzznrVkfyCRvP6eH'
2025-04-02 20:07:12,850 - trading_bot.utils - WARNING - Fetch attempt 2/3 failed for https://public-api.birdeye.so/defi/token_metadata?address=3YSb6EMSpZhzunwGAJzpoDTqCJUHxzznrVkfyCRvP6eH: 404, message='Not Found', url='https://public-api.birdeye.so/defi/token_metadata?address=3YSb6EMSpZhzunwGAJzpoDTqCJUHxzznrVkfyCRvP6eH'
2025-04-02 20:07:13,382 - trading_bot.utils - WARNING - Fetch attempt 2/3 failed for https://public-api.birdeye.so/defi/token_metadata?address=3YSb6EMSpZhzunwGAJzpoDTqCJUHxzznrVkfyCRvP6eH: 404, message='Not Found', url='https://public-api.birdeye.so/defi/token_metadata?address=3YSb6EMSpZhzunwGAJzpoDTqCJUHxzznrVkfyCRvP6eH'
2025-04-02 20:07:17,008 - trading_bot.utils - WARNING - Fetch attempt 3/3 failed for https://public-api.birdeye.so/defi/token_metadata?address=3YSb6EMSpZhzunwGAJzpoDTqCJUHxzznrVkfyCRvP6eH: 404, message='Not Found', url='https://public-api.birdeye.so/defi/token_metadata?address=3YSb6EMSpZhzunwGAJzpoDTqCJUHxzznrVkfyCRvP6eH'
2025-04-02 20:07:17,010 - trading_bot.utils - ERROR - Failed to fetch https://public-api.birdeye.so/defi/token_metadata?address=3YSb6EMSpZhzunwGAJzpoDTqCJUHxzznrVkfyCRvP6eH after 3 attempts
2025-04-02 20:07:17,534 - trading_bot.utils - WARNING - Fetch attempt 3/3 failed for https://public-api.birdeye.so/defi/token_metadata?address=3YSb6EMSpZhzunwGAJzpoDTqCJUHxzznrVkfyCRvP6eH: 404, message='Not Found', url='https://public-api.birdeye.so/defi/token_metadata?address=3YSb6EMSpZhzunwGAJzpoDTqCJUHxzznrVkfyCRvP6eH'
2025-04-02 20:07:17,535 - trading_bot.utils - ERROR - Failed to fetch https://public-api.birdeye.so/defi/token_metadata?address=3YSb6EMSpZhzunwGAJzpoDTqCJUHxzznrVkfyCRvP6eH after 3 attempts
2025-04-02 20:07:18,362 - trading_bot.utils - WARNING - Fetch attempt 1/3 failed for https://public-api.birdeye.so/defi/token_metadata?address=3NZ9JMVBmGAqocybic2c7LQCJScmgsAZ6vQqTDzcqmJh: 404, message='Not Found', url='https://public-api.birdeye.so/defi/token_metadata?address=3NZ9JMVBmGAqocybic2c7LQCJScmgsAZ6vQqTDzcqmJh'
2025-04-02 20:07:18,731 - trading_bot.utils - WARNING - Fetch attempt 1/3 failed for https://public-api.birdeye.so/defi/token_metadata?address=3NZ9JMVBmGAqocybic2c7LQCJScmgsAZ6vQqTDzcqmJh: 404, message='Not Found', url='https://public-api.birdeye.so/defi/token_metadata?address=3NZ9JMVBmGAqocybic2c7LQCJScmgsAZ6vQqTDzcqmJh'
2025-04-02 20:07:20,501 - trading_bot.utils - WARNING - Fetch attempt 2/3 failed for https://public-api.birdeye.so/defi/token_metadata?address=3NZ9JMVBmGAqocybic2c7LQCJScmgsAZ6vQqTDzcqmJh: 404, message='Not Found', url='https://public-api.birdeye.so/defi/token_metadata?address=3NZ9JMVBmGAqocybic2c7LQCJScmgsAZ6vQqTDzcqmJh'
2025-04-02 20:07:20,876 - trading_bot.utils - WARNING - Fetch attempt 2/3 failed for https://public-api.birdeye.so/defi/token_metadata?address=3NZ9JMVBmGAqocybic2c7LQCJScmgsAZ6vQqTDzcqmJh: 404, message='Not Found', url='https://public-api.birdeye.so/defi/token_metadata?address=3NZ9JMVBmGAqocybic2c7LQCJScmgsAZ6vQqTDzcqmJh'
2025-04-02 20:07:24,640 - trading_bot.utils - WARNING - Fetch attempt 3/3 failed for https://public-api.birdeye.so/defi/token_metadata?address=3NZ9JMVBmGAqocybic2c7LQCJScmgsAZ6vQqTDzcqmJh: 404, message='Not Found', url='https://public-api.birdeye.so/defi/token_metadata?address=3NZ9JMVBmGAqocybic2c7LQCJScmgsAZ6vQqTDzcqmJh'
2025-04-02 20:07:24,641 - trading_bot.utils - ERROR - Failed to fetch https://public-api.birdeye.so/defi/token_metadata?address=3NZ9JMVBmGAqocybic2c7LQCJScmgsAZ6vQqTDzcqmJh after 3 attempts
2025-04-02 20:07:24,814 - trading_bot.utils - WARNING - Fetch attempt 1/3 failed for https://public-api.birdeye.so/defi/token_metadata?address=3NZ9JMVBmGAqocybic2c7LQCJScmgsAZ6vQqTDzcqmJh: 404, message='Not Found', url='https://public-api.birdeye.so/defi/token_metadata?address=3NZ9JMVBmGAqocybic2c7LQCJScmgsAZ6vQqTDzcqmJh'
2025-04-02 20:07:25,031 - trading_bot.utils - WARNING - Fetch attempt 3/3 failed for https://public-api.birdeye.so/defi/token_metadata?address=3NZ9JMVBmGAqocybic2c7LQCJScmgsAZ6vQqTDzcqmJh: 404, message='Not Found', url='https://public-api.birdeye.so/defi/token_metadata?address=3NZ9JMVBmGAqocybic2c7LQCJScmgsAZ6vQqTDzcqmJh'
2025-04-02 20:07:25,032 - trading_bot.utils - ERROR - Failed to fetch https://public-api.birdeye.so/defi/token_metadata?address=3NZ9JMVBmGAqocybic2c7LQCJScmgsAZ6vQqTDzcqmJh after 3 attempts
2025-04-02 20:07:25,378 - trading_bot.utils - WARNING - Fetch attempt 1/3 failed for https://public-api.birdeye.so/defi/token_metadata?address=3NZ9JMVBmGAqocybic2c7LQCJScmgsAZ6vQqTDzcqmJh: 404, message='Not Found', url='https://public-api.birdeye.so/defi/token_metadata?address=3NZ9JMVBmGAqocybic2c7LQCJScmgsAZ6vQqTDzcqmJh'
2025-04-02 20:07:26,944 - trading_bot.utils - WARNING - Fetch attempt 2/3 failed for https://public-api.birdeye.so/defi/token_metadata?address=3NZ9JMVBmGAqocybic2c7LQCJScmgsAZ6vQqTDzcqmJh: 404, message='Not Found', url='https://public-api.birdeye.so/defi/token_metadata?address=3NZ9JMVBmGAqocybic2c7LQCJScmgsAZ6vQqTDzcqmJh'
2025-04-02 20:07:27,505 - trading_bot.utils - WARNING - Fetch attempt 2/3 failed for https://public-api.birdeye.so/defi/token_metadata?address=3NZ9JMVBmGAqocybic2c7LQCJScmgsAZ6vQqTDzcqmJh: 404, message='Not Found', url='https://public-api.birdeye.so/defi/token_metadata?address=3NZ9JMVBmGAqocybic2c7LQCJScmgsAZ6vQqTDzcqmJh'
2025-04-02 20:07:31,079 - trading_bot.utils - WARNING - Fetch attempt 3/3 failed for https://public-api.birdeye.so/defi/token_metadata?address=3NZ9JMVBmGAqocybic2c7LQCJScmgsAZ6vQqTDzcqmJh: 404, message='Not Found', url='https://public-api.birdeye.so/defi/token_metadata?address=3NZ9JMVBmGAqocybic2c7LQCJScmgsAZ6vQqTDzcqmJh'
2025-04-02 20:07:31,081 - trading_bot.utils - ERROR - Failed to fetch https://public-api.birdeye.so/defi/token_metadata?address=3NZ9JMVBmGAqocybic2c7LQCJScmgsAZ6vQqTDzcqmJh after 3 attempts
2025-04-02 20:07:31,636 - trading_bot.utils - WARNING - Fetch attempt 3/3 failed for https://public-api.birdeye.so/defi/token_metadata?address=3NZ9JMVBmGAqocybic2c7LQCJScmgsAZ6vQqTDzcqmJh: 404, message='Not Found', url='https://public-api.birdeye.so/defi/token_metadata?address=3NZ9JMVBmGAqocybic2c7LQCJScmgsAZ6vQqTDzcqmJh'
2025-04-02 20:07:31,639 - trading_bot.utils - ERROR - Failed to fetch https://public-api.birdeye.so/defi/token_metadata?address=3NZ9JMVBmGAqocybic2c7LQCJScmgsAZ6vQqTDzcqmJh after 3 attempts
2025-04-02 20:07:32,286 - trading_bot.utils - WARNING - Fetch attempt 1/3 failed for https://public-api.birdeye.so/defi/token_metadata?address=2zMMhcVQEXDtdE6vsFS7S7D5oUodfJHE8vd1gnBouauv: 404, message='Not Found', url='https://public-api.birdeye.so/defi/token_metadata?address=2zMMhcVQEXDtdE6vsFS7S7D5oUodfJHE8vd1gnBouauv'
2025-04-02 20:07:32,858 - trading_bot.utils - WARNING - Fetch attempt 1/3 failed for https://public-api.birdeye.so/defi/token_metadata?address=2zMMhcVQEXDtdE6vsFS7S7D5oUodfJHE8vd1gnBouauv: 404, message='Not Found', url='https://public-api.birdeye.so/defi/token_metadata?address=2zMMhcVQEXDtdE6vsFS7S7D5oUodfJHE8vd1gnBouauv'
2025-04-02 20:07:34,429 - trading_bot.utils - WARNING - Fetch attempt 2/3 failed for https://public-api.birdeye.so/defi/token_metadata?address=2zMMhcVQEXDtdE6vsFS7S7D5oUodfJHE8vd1gnBouauv: 404, message='Not Found', url='https://public-api.birdeye.so/defi/token_metadata?address=2zMMhcVQEXDtdE6vsFS7S7D5oUodfJHE8vd1gnBouauv'
2025-04-02 20:07:35,003 - trading_bot.utils - WARNING - Fetch attempt 2/3 failed for https://public-api.birdeye.so/defi/token_metadata?address=2zMMhcVQEXDtdE6vsFS7S7D5oUodfJHE8vd1gnBouauv: 404, message='Not Found', url='https://public-api.birdeye.so/defi/token_metadata?address=2zMMhcVQEXDtdE6vsFS7S7D5oUodfJHE8vd1gnBouauv'
2025-04-02 20:07:38,579 - trading_bot.utils - WARNING - Fetch attempt 3/3 failed for https://public-api.birdeye.so/defi/token_metadata?address=2zMMhcVQEXDtdE6vsFS7S7D5oUodfJHE8vd1gnBouauv: 404, message='Not Found', url='https://public-api.birdeye.so/defi/token_metadata?address=2zMMhcVQEXDtdE6vsFS7S7D5oUodfJHE8vd1gnBouauv'
2025-04-02 20:07:38,580 - trading_bot.utils - ERROR - Failed to fetch https://public-api.birdeye.so/defi/token_metadata?address=2zMMhcVQEXDtdE6vsFS7S7D5oUodfJHE8vd1gnBouauv after 3 attempts
2025-04-02 20:07:38,934 - trading_bot.utils - WARNING - Fetch attempt 1/3 failed for https://public-api.birdeye.so/defi/token_metadata?address=2zMMhcVQEXDtdE6vsFS7S7D5oUodfJHE8vd1gnBouauv: 404, message='Not Found', url='https://public-api.birdeye.so/defi/token_metadata?address=2zMMhcVQEXDtdE6vsFS7S7D5oUodfJHE8vd1gnBouauv'
2025-04-02 20:07:39,160 - trading_bot.utils - WARNING - Fetch attempt 3/3 failed for https://public-api.birdeye.so/defi/token_metadata?address=2zMMhcVQEXDtdE6vsFS7S7D5oUodfJHE8vd1gnBouauv: 404, message='Not Found', url='https://public-api.birdeye.so/defi/token_metadata?address=2zMMhcVQEXDtdE6vsFS7S7D5oUodfJHE8vd1gnBouauv'
2025-04-02 20:07:39,162 - trading_bot.utils - ERROR - Failed to fetch https://public-api.birdeye.so/defi/token_metadata?address=2zMMhcVQEXDtdE6vsFS7S7D5oUodfJHE8vd1gnBouauv after 3 attempts
2025-04-02 20:07:39,409 - trading_bot.utils - WARNING - Fetch attempt 1/3 failed for https://public-api.birdeye.so/defi/token_metadata?address=2zMMhcVQEXDtdE6vsFS7S7D5oUodfJHE8vd1gnBouauv: 404, message='Not Found', url='https://public-api.birdeye.so/defi/token_metadata?address=2zMMhcVQEXDtdE6vsFS7S7D5oUodfJHE8vd1gnBouauv'
2025-04-02 20:07:41,070 - trading_bot.utils - WARNING - Fetch attempt 2/3 failed for https://public-api.birdeye.so/defi/token_metadata?address=2zMMhcVQEXDtdE6vsFS7S7D5oUodfJHE8vd1gnBouauv: 404, message='Not Found', url='https://public-api.birdeye.so/defi/token_metadata?address=2zMMhcVQEXDtdE6vsFS7S7D5oUodfJHE8vd1gnBouauv'
2025-04-02 20:07:41,552 - trading_bot.utils - WARNING - Fetch attempt 2/3 failed for https://public-api.birdeye.so/defi/token_metadata?address=2zMMhcVQEXDtdE6vsFS7S7D5oUodfJHE8vd1gnBouauv: 404, message='Not Found', url='https://public-api.birdeye.so/defi/token_metadata?address=2zMMhcVQEXDtdE6vsFS7S7D5oUodfJHE8vd1gnBouauv'
2025-04-02 20:07:45,249 - trading_bot.utils - WARNING - Fetch attempt 3/3 failed for https://public-api.birdeye.so/defi/token_metadata?address=2zMMhcVQEXDtdE6vsFS7S7D5oUodfJHE8vd1gnBouauv: 404, message='Not Found', url='https://public-api.birdeye.so/defi/token_metadata?address=2zMMhcVQEXDtdE6vsFS7S7D5oUodfJHE8vd1gnBouauv'
2025-04-02 20:07:45,251 - trading_bot.utils - ERROR - Failed to fetch https://public-api.birdeye.so/defi/token_metadata?address=2zMMhcVQEXDtdE6vsFS7S7D5oUodfJHE8vd1gnBouauv after 3 attempts
2025-04-02 20:07:45,710 - trading_bot.utils - WARNING - Fetch attempt 3/3 failed for https://public-api.birdeye.so/defi/token_metadata?address=2zMMhcVQEXDtdE6vsFS7S7D5oUodfJHE8vd1gnBouauv: 404, message='Not Found', url='https://public-api.birdeye.so/defi/token_metadata?address=2zMMhcVQEXDtdE6vsFS7S7D5oUodfJHE8vd1gnBouauv'
2025-04-02 20:07:45,712 - trading_bot.utils - ERROR - Failed to fetch https://public-api.birdeye.so/defi/token_metadata?address=2zMMhcVQEXDtdE6vsFS7S7D5oUodfJHE8vd1gnBouauv after 3 attempts
2025-04-02 20:07:46,270 - trading_bot.token_scanner - INFO - Scan complete, waiting 60 seconds for next scan
2025-04-02 20:08:46,278 - trading_bot.token_scanner - INFO - Scanning Twitter for tokens...
2025-04-02 20:08:46,569 - trading_bot.token_scanner - INFO - Discovered 0 tokens from Twitter
2025-04-02 20:08:46,570 - trading_bot.token_scanner - INFO - Analyzing tokens by screening criteria...
2025-04-02 20:08:46,901 - trading_bot.token_analyzer - ERROR - Error fetching top gainers from Birdeye: float() argument must be a string or a real number, not 'NoneType'
2025-04-02 20:08:46,902 - trading_bot.token_scanner - INFO - Found 0 top gainer tokens
2025-04-02 20:08:47,137 - trading_bot.token_analyzer - INFO - Found 10 trending tokens
2025-04-02 20:08:47,138 - trading_bot.token_scanner - INFO - Found 10 trending tokens
2025-04-02 20:08:47,430 - trading_bot.utils - WARNING - Fetch attempt 1/3 failed for https://public-api.birdeye.so/defi/token_metadata?address=4TBi66vi32S7J8X1A6eWfaLHYmUXu7CStcEmsJQdpump: 404, message='Not Found', url='https://public-api.birdeye.so/defi/token_metadata?address=4TBi66vi32S7J8X1A6eWfaLHYmUXu7CStcEmsJQdpump'
2025-04-02 20:08:49,574 - trading_bot.utils - WARNING - Fetch attempt 2/3 failed for https://public-api.birdeye.so/defi/token_metadata?address=4TBi66vi32S7J8X1A6eWfaLHYmUXu7CStcEmsJQdpump: 404, message='Not Found', url='https://public-api.birdeye.so/defi/token_metadata?address=4TBi66vi32S7J8X1A6eWfaLHYmUXu7CStcEmsJQdpump'
2025-04-02 20:08:53,719 - trading_bot.utils - WARNING - Fetch attempt 3/3 failed for https://public-api.birdeye.so/defi/token_metadata?address=4TBi66vi32S7J8X1A6eWfaLHYmUXu7CStcEmsJQdpump: 404, message='Not Found', url='https://public-api.birdeye.so/defi/token_metadata?address=4TBi66vi32S7J8X1A6eWfaLHYmUXu7CStcEmsJQdpump'
2025-04-02 20:08:53,721 - trading_bot.utils - ERROR - Failed to fetch https://public-api.birdeye.so/defi/token_metadata?address=4TBi66vi32S7J8X1A6eWfaLHYmUXu7CStcEmsJQdpump after 3 attempts
2025-04-02 20:08:53,906 - trading_bot.utils - WARNING - Fetch attempt 1/3 failed for https://public-api.birdeye.so/defi/token_metadata?address=DitHyRMQiSDhn5cnKMJV2CDDt6sVct96YrECiM49pump: 404, message='Not Found', url='https://public-api.birdeye.so/defi/token_metadata?address=DitHyRMQiSDhn5cnKMJV2CDDt6sVct96YrECiM49pump'
2025-04-02 20:08:56,033 - trading_bot.utils - WARNING - Fetch attempt 2/3 failed for https://public-api.birdeye.so/defi/token_metadata?address=DitHyRMQiSDhn5cnKMJV2CDDt6sVct96YrECiM49pump: 404, message='Not Found', url='https://public-api.birdeye.so/defi/token_metadata?address=DitHyRMQiSDhn5cnKMJV2CDDt6sVct96YrECiM49pump'
2025-04-02 20:09:00,163 - trading_bot.utils - WARNING - Fetch attempt 3/3 failed for https://public-api.birdeye.so/defi/token_metadata?address=DitHyRMQiSDhn5cnKMJV2CDDt6sVct96YrECiM49pump: 404, message='Not Found', url='https://public-api.birdeye.so/defi/token_metadata?address=DitHyRMQiSDhn5cnKMJV2CDDt6sVct96YrECiM49pump'
2025-04-02 20:09:00,165 - trading_bot.utils - ERROR - Failed to fetch https://public-api.birdeye.so/defi/token_metadata?address=DitHyRMQiSDhn5cnKMJV2CDDt6sVct96YrECiM49pump after 3 attempts
2025-04-02 20:09:00,327 - trading_bot.utils - WARNING - Fetch attempt 1/3 failed for https://public-api.birdeye.so/defi/token_metadata?address=3NZ9JMVBmGAqocybic2c7LQCJScmgsAZ6vQqTDzcqmJh: 404, message='Not Found', url='https://public-api.birdeye.so/defi/token_metadata?address=3NZ9JMVBmGAqocybic2c7LQCJScmgsAZ6vQqTDzcqmJh'
2025-04-02 20:09:02,475 - trading_bot.utils - WARNING - Fetch attempt 2/3 failed for https://public-api.birdeye.so/defi/token_metadata?address=3NZ9JMVBmGAqocybic2c7LQCJScmgsAZ6vQqTDzcqmJh: 404, message='Not Found', url='https://public-api.birdeye.so/defi/token_metadata?address=3NZ9JMVBmGAqocybic2c7LQCJScmgsAZ6vQqTDzcqmJh'
2025-04-02 20:09:06,798 - trading_bot.utils - WARNING - Fetch attempt 3/3 failed for https://public-api.birdeye.so/defi/token_metadata?address=3NZ9JMVBmGAqocybic2c7LQCJScmgsAZ6vQqTDzcqmJh: 404, message='Not Found', url='https://public-api.birdeye.so/defi/token_metadata?address=3NZ9JMVBmGAqocybic2c7LQCJScmgsAZ6vQqTDzcqmJh'
2025-04-02 20:09:06,799 - trading_bot.utils - ERROR - Failed to fetch https://public-api.birdeye.so/defi/token_metadata?address=3NZ9JMVBmGAqocybic2c7LQCJScmgsAZ6vQqTDzcqmJh after 3 attempts
2025-04-02 20:09:07,075 - trading_bot.utils - WARNING - Fetch attempt 1/3 failed for https://public-api.birdeye.so/defi/token_metadata?address=C3DwDjT17gDvvCYC2nsdGHxDHVmQRdhKfpAdqQ29pump: 404, message='Not Found', url='https://public-api.birdeye.so/defi/token_metadata?address=C3DwDjT17gDvvCYC2nsdGHxDHVmQRdhKfpAdqQ29pump'
2025-04-02 20:09:09,223 - trading_bot.utils - WARNING - Fetch attempt 2/3 failed for https://public-api.birdeye.so/defi/token_metadata?address=C3DwDjT17gDvvCYC2nsdGHxDHVmQRdhKfpAdqQ29pump: 404, message='Not Found', url='https://public-api.birdeye.so/defi/token_metadata?address=C3DwDjT17gDvvCYC2nsdGHxDHVmQRdhKfpAdqQ29pump'
2025-04-02 20:09:13,380 - trading_bot.utils - WARNING - Fetch attempt 3/3 failed for https://public-api.birdeye.so/defi/token_metadata?address=C3DwDjT17gDvvCYC2nsdGHxDHVmQRdhKfpAdqQ29pump: 404, message='Not Found', url='https://public-api.birdeye.so/defi/token_metadata?address=C3DwDjT17gDvvCYC2nsdGHxDHVmQRdhKfpAdqQ29pump'
2025-04-02 20:09:13,381 - trading_bot.utils - ERROR - Failed to fetch https://public-api.birdeye.so/defi/token_metadata?address=C3DwDjT17gDvvCYC2nsdGHxDHVmQRdhKfpAdqQ29pump after 3 attempts
2025-04-02 20:09:13,607 - trading_bot.utils - WARNING - Fetch attempt 1/3 failed for https://public-api.birdeye.so/defi/token_metadata?address=7LSsEoJGhLeZzGvDofTdNg7M3JttxQqGWNLo6vWMpump: 404, message='Not Found', url='https://public-api.birdeye.so/defi/token_metadata?address=7LSsEoJGhLeZzGvDofTdNg7M3JttxQqGWNLo6vWMpump'
2025-04-02 20:09:15,756 - trading_bot.utils - WARNING - Fetch attempt 2/3 failed for https://public-api.birdeye.so/defi/token_metadata?address=7LSsEoJGhLeZzGvDofTdNg7M3JttxQqGWNLo6vWMpump: 404, message='Not Found', url='https://public-api.birdeye.so/defi/token_metadata?address=7LSsEoJGhLeZzGvDofTdNg7M3JttxQqGWNLo6vWMpump'
2025-04-02 20:09:17,136 - trading_bot - CRITICAL - Received signal 2. Initiating graceful shutdown...
2025-04-02 20:09:19,910 - trading_bot.utils - WARNING - Fetch attempt 3/3 failed for https://public-api.birdeye.so/defi/token_metadata?address=7LSsEoJGhLeZzGvDofTdNg7M3JttxQqGWNLo6vWMpump: 404, message='Not Found', url='https://public-api.birdeye.so/defi/token_metadata?address=7LSsEoJGhLeZzGvDofTdNg7M3JttxQqGWNLo6vWMpump'
2025-04-02 20:09:19,911 - trading_bot.utils - ERROR - Failed to fetch https://public-api.birdeye.so/defi/token_metadata?address=7LSsEoJGhLeZzGvDofTdNg7M3JttxQqGWNLo6vWMpump after 3 attempts
2025-04-02 20:09:20,141 - trading_bot.utils - WARNING - Fetch attempt 1/3 failed for https://public-api.birdeye.so/defi/token_metadata?address=HNg5PYJmtqcmzXrv6S9zP1CDKk5BgDuyFBxbvNApump: 404, message='Not Found', url='https://public-api.birdeye.so/defi/token_metadata?address=HNg5PYJmtqcmzXrv6S9zP1CDKk5BgDuyFBxbvNApump'
