2025-05-12 13:53:46,788 - trading_bot.database - INFO - Database tables initialized
2025-05-12 13:53:46,789 - trading_bot.solana_trader - INFO - Wallet initialized: 8GU6LRQBNMQyTrQrzufXNczGUizf9oS2AwsX94Zn6Bzv
2025-05-12 13:53:46,801 - trading_bot.birdeye_api - INFO - BirdeyeAPI initialized with DexScreener fallback enabled
2025-05-12 13:53:46,802 - trading_bot.solana_trader - INFO - Trading bot running in SIMULATION MODE - no real trades will be executed
2025-05-12 13:53:46,806 - trading_bot.solana_trader - INFO - Loaded 0 active orders
2025-05-12 13:53:46,808 - trading_bot.database - INFO - Database tables initialized
2025-05-12 13:53:46,816 - trading_bot.birdeye_api - INFO - BirdeyeAPI initialized with DexScreener fallback enabled
2025-05-12 13:53:46,817 - trading_bot.token_scanner - INFO - Twitter client initialized
2025-05-12 13:53:46,818 - trading_bot.database - INFO - Database tables initialized
2025-05-12 13:53:46,819 - trading_bot - INFO - ==================================================
2025-05-12 13:53:46,819 - trading_bot - INFO -    Solana Trading Bot Starting
2025-05-12 13:53:46,819 - trading_bot - INFO - ==================================================
2025-05-12 13:53:46,883 - trading_bot - INFO - Initial Wallet Balance: 5.0000 SOL ($864.20)
2025-05-12 13:53:46,884 - trading_bot.token_scanner - INFO - Starting token scanner
2025-05-12 13:53:46,885 - trading_bot.token_scanner - INFO - Scanning Twitter for tokens...
2025-05-12 13:53:47,209 - trading_bot.token_scanner - INFO - Discovered 4 tokens from Twitter
2025-05-12 13:53:47,209 - trading_bot.token_scanner - INFO - Analyzing tokens by screening criteria...
2025-05-12 13:53:47,211 - trading_bot.solana_trader - INFO - Starting position monitor
2025-05-12 13:53:47,215 - trading_bot - INFO - Starting token discovery and trading process
2025-05-12 13:53:47,259 - trading_bot - INFO - Current wallet balance: 5.0000 SOL ($864.20)
2025-05-12 13:53:47,325 - trading_bot.birdeye_api - WARNING - No tokens data from DexScreener
2025-05-12 13:53:47,326 - trading_bot.birdeye_api - WARNING - No tokens data from DexScreener
2025-05-12 13:53:47,327 - trading_bot.birdeye_api - WARNING - No tokens found for top gainers (24h)
2025-05-12 13:53:47,328 - trading_bot.birdeye_api - WARNING - No tokens found for top gainers (24h)
2025-05-12 13:53:47,396 - trading_bot.token_analyzer - WARNING - No DexScreener data for top gainers
2025-05-12 13:53:47,398 - trading_bot.token_scanner - INFO - Found 0 top gainer tokens
2025-05-12 13:53:47,433 - trading_bot.birdeye_api - WARNING - No tokens data from DexScreener
2025-05-12 13:53:47,434 - trading_bot.birdeye_api - WARNING - No tokens found for trending tokens
2025-05-12 13:53:47,435 - trading_bot.token_analyzer - WARNING - No DexScreener data for top gainers
2025-05-12 13:53:47,436 - trading_bot.token_scanner - INFO - Found 0 top gainer tokens
2025-05-12 13:53:47,479 - trading_bot.token_analyzer - WARNING - No DexScreener data for trending tokens
2025-05-12 13:53:47,480 - trading_bot.token_scanner - INFO - No trending tokens found
2025-05-12 13:53:47,480 - trading_bot - INFO - No tokens found meeting screening criteria, analyzing other tokens...
2025-05-12 13:53:47,771 - trading_bot.token_analyzer - ERROR - Twitter API error: 400 Bad Request
There were errors processing your request: Reference to invalid operator 'cashtag'. Operator is not available in current product or product packaging. Please refer to complete available operator list at http://t.co/operators. (at position 1)
2025-05-12 13:53:47,773 - trading_bot.token_analyzer - INFO - Using Birdeye security score for GTEudFoEJWDkjddY7EpaErX3hFQ5g3ybjLHndmaebonk: 33.900639
2025-05-12 13:53:47,774 - trading_bot.birdeye_api - WARNING - No tokens data from DexScreener
2025-05-12 13:53:47,776 - trading_bot.birdeye_api - WARNING - No tokens found for trending tokens
2025-05-12 13:53:47,836 - trading_bot.token_analyzer - WARNING - No DexScreener data for trending tokens
2025-05-12 13:53:47,838 - trading_bot.token_scanner - INFO - No trending tokens found
2025-05-12 13:53:47,839 - trading_bot.token_scanner - INFO - Analyzing other discovered tokens...
2025-05-12 13:53:48,018 - trading_bot.token_analyzer - ERROR - Twitter API error: 400 Bad Request
There were errors processing your request: Reference to invalid operator 'cashtag'. Operator is not available in current product or product packaging. Please refer to complete available operator list at http://t.co/operators. (at position 1)
2025-05-12 13:53:48,019 - trading_bot.token_analyzer - INFO - Using Birdeye security score for 87NX88QLu8qA2qUS56aT3u56AzsBDSdMyV2uhSowbonk: 33.537431
2025-05-12 13:53:48,884 - trading_bot.birdeye_api - WARNING - No DexScreener data for 5SdR5ZAXixSnp9ZbTxBYZFS4EPaTMSEhi9fz1Foboop
2025-05-12 13:53:48,885 - trading_bot.birdeye_api - WARNING - Failed to get token info for 5SdR5ZAXixSnp9ZbTxBYZFS4EPaTMSEhi9fz1Foboop
2025-05-12 13:53:48,927 - trading_bot.token_analyzer - WARNING - No DexScreener data for 5SdR5ZAXixSnp9ZbTxBYZFS4EPaTMSEhi9fz1Foboop
2025-05-12 13:53:49,398 - trading_bot.token_analyzer - ERROR - Twitter API error: 400 Bad Request
There were errors processing your request: Reference to invalid operator 'cashtag'. Operator is not available in current product or product packaging. Please refer to complete available operator list at http://t.co/operators. (at position 1)
2025-05-12 13:53:49,399 - trading_bot.token_analyzer - INFO - Using Birdeye security score for Ej9jJDCD85mZysgorrY582Vpv7HLgDyi7Fa2jRCjgscZ: 3.7191929999999997
2025-05-12 13:53:50,063 - trading_bot.birdeye_api - WARNING - No DexScreener data for HqWhpQvUZGbQ6qPCrY9gtMLsEG5qiYQzEbbJyUY5bonk
2025-05-12 13:53:50,065 - trading_bot.birdeye_api - WARNING - Failed to get token info for HqWhpQvUZGbQ6qPCrY9gtMLsEG5qiYQzEbbJyUY5bonk
2025-05-12 13:53:50,129 - trading_bot.token_analyzer - WARNING - No DexScreener data for HqWhpQvUZGbQ6qPCrY9gtMLsEG5qiYQzEbbJyUY5bonk
2025-05-12 13:53:50,658 - trading_bot.token_analyzer - ERROR - Twitter API error: 400 Bad Request
There were errors processing your request: Reference to invalid operator 'cashtag'. Operator is not available in current product or product packaging. Please refer to complete available operator list at http://t.co/operators. (at position 1)
2025-05-12 13:53:50,659 - trading_bot.token_analyzer - INFO - Using Birdeye security score for boopkpWqe68MSxLqBGogs8ZbUDN4GXaLhFwNP7mpP1i: 70.0
2025-05-12 13:53:51,346 - trading_bot.token_analyzer - ERROR - Twitter API error: 400 Bad Request
There were errors processing your request: Reference to invalid operator 'cashtag'. Operator is not available in current product or product packaging. Please refer to complete available operator list at http://t.co/operators. (at position 1)
2025-05-12 13:53:51,348 - trading_bot.token_analyzer - INFO - Using Birdeye security score for 3qbHojvc62ME5YcqPw7YRRf74ZFYsBS1LSPtsKmMtb8r: 0.361624
2025-05-12 13:53:52,127 - trading_bot.token_analyzer - ERROR - Twitter API error: 400 Bad Request
There were errors processing your request: Reference to invalid operator 'cashtag'. Operator is not available in current product or product packaging. Please refer to complete available operator list at http://t.co/operators. (at position 1)
2025-05-12 13:53:52,128 - trading_bot.token_analyzer - INFO - Using Birdeye security score for 8YtovCPNWr1V1GzUg4co7cdv8KhzpkgFbaV2RdpbLRUb: 2.149504
2025-05-12 13:53:52,650 - trading_bot.token_analyzer - ERROR - Twitter API error: 400 Bad Request
There were errors processing your request: Reference to invalid operator 'cashtag'. Operator is not available in current product or product packaging. Please refer to complete available operator list at http://t.co/operators. (at position 1)
2025-05-12 13:53:52,651 - trading_bot.token_analyzer - INFO - Using Birdeye security score for 3pGyE8coXwBy8rx71zjtHDRrSA5TvKmuRgqwhK3Xmoon: 26.190014
2025-05-12 13:53:53,292 - trading_bot.token_analyzer - ERROR - Twitter API error: 400 Bad Request
There were errors processing your request: no viable alternative at character '$' (at position 2)
2025-05-12 13:53:53,293 - trading_bot.token_analyzer - INFO - Using Birdeye security score for ECMYTGjvXWR3mb5RFEh3F1mAqFBe5EEe53A2n1F1sbpg: 6.657483
2025-05-12 13:53:54,308 - trading_bot.token_scanner - INFO - Scan complete, waiting 60 seconds for next scan
2025-05-12 13:54:54,325 - trading_bot.token_scanner - INFO - Scanning Twitter for tokens...
2025-05-12 13:54:54,684 - trading_bot.token_scanner - INFO - Discovered 4 tokens from Twitter
2025-05-12 13:54:54,685 - trading_bot.token_scanner - INFO - Analyzing tokens by screening criteria...
2025-05-12 13:54:54,814 - trading_bot.birdeye_api - WARNING - No tokens data from DexScreener
2025-05-12 13:54:54,816 - trading_bot.birdeye_api - WARNING - No tokens found for top gainers (24h)
2025-05-12 13:54:54,924 - trading_bot.token_analyzer - WARNING - No DexScreener data for top gainers
2025-05-12 13:54:54,926 - trading_bot.token_scanner - INFO - Found 0 top gainer tokens
2025-05-12 13:54:54,994 - trading_bot.birdeye_api - WARNING - No tokens data from DexScreener
2025-05-12 13:54:54,995 - trading_bot.birdeye_api - WARNING - No tokens found for trending tokens
2025-05-12 13:54:55,035 - trading_bot.token_analyzer - WARNING - No DexScreener data for trending tokens
2025-05-12 13:54:55,036 - trading_bot.token_scanner - INFO - No trending tokens found
2025-05-12 13:54:55,037 - trading_bot.token_scanner - INFO - Analyzing other discovered tokens...
2025-05-12 13:54:55,040 - trading_bot.token_scanner - INFO - Scan complete, waiting 60 seconds for next scan
2025-05-12 13:55:55,049 - trading_bot.token_scanner - INFO - Scanning Twitter for tokens...
2025-05-12 13:55:55,439 - trading_bot.token_scanner - INFO - Discovered 4 tokens from Twitter
2025-05-12 13:55:55,440 - trading_bot.token_scanner - INFO - Analyzing tokens by screening criteria...
2025-05-12 13:55:55,583 - trading_bot.birdeye_api - WARNING - No tokens data from DexScreener
2025-05-12 13:55:55,584 - trading_bot.birdeye_api - WARNING - No tokens found for top gainers (24h)
2025-05-12 13:55:55,673 - trading_bot.token_analyzer - WARNING - No DexScreener data for top gainers
2025-05-12 13:55:55,676 - trading_bot.token_scanner - INFO - Found 0 top gainer tokens
2025-05-12 13:55:55,718 - trading_bot.birdeye_api - WARNING - No tokens data from DexScreener
2025-05-12 13:55:55,720 - trading_bot.birdeye_api - WARNING - No tokens found for trending tokens
2025-05-12 13:55:55,760 - trading_bot.token_analyzer - WARNING - No DexScreener data for trending tokens
2025-05-12 13:55:55,761 - trading_bot.token_scanner - INFO - No trending tokens found
2025-05-12 13:55:55,762 - trading_bot.token_scanner - INFO - Analyzing other discovered tokens...
2025-05-12 13:55:55,767 - trading_bot.token_scanner - INFO - Scan complete, waiting 60 seconds for next scan
2025-05-12 13:56:55,779 - trading_bot.token_scanner - INFO - Scanning Twitter for tokens...
2025-05-12 13:56:56,155 - trading_bot.token_scanner - INFO - Discovered 4 tokens from Twitter
2025-05-12 13:56:56,158 - trading_bot.token_scanner - INFO - Analyzing tokens by screening criteria...
2025-05-12 13:56:56,287 - trading_bot.birdeye_api - WARNING - No tokens data from DexScreener
2025-05-12 13:56:56,290 - trading_bot.birdeye_api - WARNING - No tokens found for top gainers (24h)
2025-05-12 13:56:56,379 - trading_bot.token_analyzer - WARNING - No DexScreener data for top gainers
2025-05-12 13:56:56,382 - trading_bot.token_scanner - INFO - Found 0 top gainer tokens
2025-05-12 13:56:56,474 - trading_bot.birdeye_api - WARNING - No tokens data from DexScreener
2025-05-12 13:56:56,476 - trading_bot.birdeye_api - WARNING - No tokens found for trending tokens
2025-05-12 13:56:56,562 - trading_bot.token_analyzer - WARNING - No DexScreener data for trending tokens
2025-05-12 13:56:56,565 - trading_bot.token_scanner - INFO - No trending tokens found
2025-05-12 13:56:56,566 - trading_bot.token_scanner - INFO - Analyzing other discovered tokens...
2025-05-12 13:56:56,578 - trading_bot.token_scanner - INFO - Scan complete, waiting 60 seconds for next scan
2025-05-12 13:57:56,589 - trading_bot.token_scanner - INFO - Scanning Twitter for tokens...
2025-05-12 13:57:57,006 - trading_bot.token_scanner - INFO - Discovered 3 tokens from Twitter
2025-05-12 13:57:57,007 - trading_bot.token_scanner - INFO - Analyzing tokens by screening criteria...
2025-05-12 13:57:57,165 - trading_bot.birdeye_api - WARNING - No tokens data from DexScreener
2025-05-12 13:57:57,169 - trading_bot.birdeye_api - WARNING - No tokens found for top gainers (24h)
2025-05-12 13:57:57,252 - trading_bot.token_analyzer - WARNING - No DexScreener data for top gainers
2025-05-12 13:57:57,254 - trading_bot.token_scanner - INFO - Found 0 top gainer tokens
2025-05-12 13:57:57,304 - trading_bot.birdeye_api - WARNING - No tokens data from DexScreener
2025-05-12 13:57:57,306 - trading_bot.birdeye_api - WARNING - No tokens found for trending tokens
2025-05-12 13:57:57,483 - trading_bot.token_analyzer - WARNING - No DexScreener data for trending tokens
2025-05-12 13:57:57,487 - trading_bot.token_scanner - INFO - No trending tokens found
2025-05-12 13:57:57,488 - trading_bot.token_scanner - INFO - Analyzing other discovered tokens...
2025-05-12 13:57:57,497 - trading_bot.token_scanner - INFO - Scan complete, waiting 60 seconds for next scan
2025-05-12 13:58:27,927 - trading_bot - CRITICAL - Received signal 2. Initiating graceful shutdown...
2025-05-12 13:58:46,947 - trading_bot - INFO - Closing connections
2025-05-12 13:58:46,948 - trading_bot - INFO - ==================================================
2025-05-12 13:58:46,948 - trading_bot - INFO -    Solana Trading Bot Shutdown Complete
2025-05-12 13:58:46,949 - trading_bot - INFO - ==================================================
