2025-04-02 18:25:04,277 - trading_bot.database - INFO - Database tables initialized
2025-04-02 18:25:04,277 - trading_bot.solana_trader - INFO - Wallet initialized: 8GU6LRQBNMQyTrQrzufXNczGUizf9oS2AwsX94Zn6Bzv
2025-04-02 18:25:04,285 - trading_bot.solana_trader - INFO - Trading bot running in SIMULATION MODE - no real trades will be executed
2025-04-02 18:25:04,287 - trading_bot.solana_trader - INFO - Loaded 0 active orders
2025-04-02 18:25:04,288 - trading_bot.database - INFO - Database tables initialized
2025-04-02 18:25:04,293 - trading_bot.token_scanner - INFO - Twitter client initialized
2025-04-02 18:25:04,294 - trading_bot.database - INFO - Database tables initialized
2025-04-02 18:25:04,295 - trading_bot - INFO - ==================================================
2025-04-02 18:25:04,295 - trading_bot - INFO -    Solana Trading Bot Starting
2025-04-02 18:25:04,295 - trading_bot - INFO - ==================================================
2025-04-02 18:25:04,574 - trading_bot.solana_trader - INFO - Connected to Solana RPC
2025-04-02 18:25:04,654 - trading_bot - INFO - Initial Wallet Balance: 0.0000 SOL ($0.00)
2025-04-02 18:25:04,654 - trading_bot.token_scanner - INFO - Starting token scanner
2025-04-02 18:25:04,655 - trading_bot.token_scanner - INFO - Scanning Twitter for tokens...
2025-04-02 18:25:05,049 - trading_bot.token_scanner - INFO - Discovered 1 tokens from Twitter
2025-04-02 18:25:05,050 - trading_bot.token_scanner - INFO - Scanning DexScreener for tokens...
2025-04-02 18:25:05,050 - trading_bot.solana_trader - INFO - Starting position monitor
2025-04-02 18:25:05,052 - trading_bot - INFO - Starting token discovery and trading process
2025-04-02 18:25:05,112 - trading_bot.token_scanner - WARNING - Invalid DexScreener response
2025-04-02 18:25:05,113 - trading_bot.token_scanner - INFO - Analyzing tokens by screening criteria...
2025-04-02 18:25:05,124 - trading_bot - INFO - Current wallet balance: 0.0000 SOL ($0.00)
2025-04-02 18:25:05,150 - trading_bot.token_analyzer - WARNING - No DexScreener data for top gainers
2025-04-02 18:25:05,167 - trading_bot.token_analyzer - WARNING - No DexScreener data for top gainers
2025-04-02 18:25:05,306 - trading_bot.utils - WARNING - Fetch attempt 1/3 failed for https://public-api.birdeye.so/trader/gainers-losers: 401, message='Unauthorized', url='https://public-api.birdeye.so/trader/gainers-losers?type=1H&sort_by=PnL&sort_type=desc&offset=0&limit=5'
2025-04-02 18:25:05,337 - trading_bot.utils - WARNING - Fetch attempt 1/3 failed for https://public-api.birdeye.so/trader/gainers-losers: 401, message='Unauthorized', url='https://public-api.birdeye.so/trader/gainers-losers?type=1H&sort_by=PnL&sort_type=desc&offset=0&limit=5'
2025-04-02 18:25:07,457 - trading_bot.utils - WARNING - Fetch attempt 2/3 failed for https://public-api.birdeye.so/trader/gainers-losers: 401, message='Unauthorized', url='https://public-api.birdeye.so/trader/gainers-losers?type=1H&sort_by=PnL&sort_type=desc&offset=0&limit=5'
2025-04-02 18:25:07,471 - trading_bot.utils - WARNING - Fetch attempt 2/3 failed for https://public-api.birdeye.so/trader/gainers-losers: 401, message='Unauthorized', url='https://public-api.birdeye.so/trader/gainers-losers?type=1H&sort_by=PnL&sort_type=desc&offset=0&limit=5'
2025-04-02 18:25:11,600 - trading_bot.utils - WARNING - Fetch attempt 3/3 failed for https://public-api.birdeye.so/trader/gainers-losers: 401, message='Unauthorized', url='https://public-api.birdeye.so/trader/gainers-losers?type=1H&sort_by=PnL&sort_type=desc&offset=0&limit=5'
2025-04-02 18:25:11,600 - trading_bot.utils - ERROR - Failed to fetch https://public-api.birdeye.so/trader/gainers-losers after 3 attempts
2025-04-02 18:25:11,601 - trading_bot.token_analyzer - WARNING - No Birdeye data for top gainers (1h)
2025-04-02 18:25:11,619 - trading_bot.utils - WARNING - Fetch attempt 3/3 failed for https://public-api.birdeye.so/trader/gainers-losers: 401, message='Unauthorized', url='https://public-api.birdeye.so/trader/gainers-losers?type=1H&sort_by=PnL&sort_type=desc&offset=0&limit=5'
2025-04-02 18:25:11,620 - trading_bot.utils - ERROR - Failed to fetch https://public-api.birdeye.so/trader/gainers-losers after 3 attempts
2025-04-02 18:25:11,620 - trading_bot.token_analyzer - WARNING - No Birdeye data for top gainers (1h)
2025-04-02 18:25:11,660 - trading_bot.token_analyzer - WARNING - No DexScreener data for top gainers
2025-04-02 18:25:11,682 - trading_bot.token_analyzer - WARNING - No DexScreener data for top gainers
2025-04-02 18:25:11,829 - trading_bot.utils - WARNING - Fetch attempt 1/3 failed for https://public-api.birdeye.so/trader/gainers-losers: 401, message='Unauthorized', url='https://public-api.birdeye.so/trader/gainers-losers?type=6H&sort_by=PnL&sort_type=desc&offset=0&limit=5'
2025-04-02 18:25:11,843 - trading_bot.utils - WARNING - Fetch attempt 1/3 failed for https://public-api.birdeye.so/trader/gainers-losers: 401, message='Unauthorized', url='https://public-api.birdeye.so/trader/gainers-losers?type=6H&sort_by=PnL&sort_type=desc&offset=0&limit=5'
2025-04-02 18:25:13,961 - trading_bot.utils - WARNING - Fetch attempt 2/3 failed for https://public-api.birdeye.so/trader/gainers-losers: 401, message='Unauthorized', url='https://public-api.birdeye.so/trader/gainers-losers?type=6H&sort_by=PnL&sort_type=desc&offset=0&limit=5'
2025-04-02 18:25:13,973 - trading_bot.utils - WARNING - Fetch attempt 2/3 failed for https://public-api.birdeye.so/trader/gainers-losers: 401, message='Unauthorized', url='https://public-api.birdeye.so/trader/gainers-losers?type=6H&sort_by=PnL&sort_type=desc&offset=0&limit=5'
2025-04-02 18:25:18,104 - trading_bot.utils - WARNING - Fetch attempt 3/3 failed for https://public-api.birdeye.so/trader/gainers-losers: 401, message='Unauthorized', url='https://public-api.birdeye.so/trader/gainers-losers?type=6H&sort_by=PnL&sort_type=desc&offset=0&limit=5'
2025-04-02 18:25:18,105 - trading_bot.utils - ERROR - Failed to fetch https://public-api.birdeye.so/trader/gainers-losers after 3 attempts
2025-04-02 18:25:18,105 - trading_bot.token_analyzer - WARNING - No Birdeye data for top gainers (6h)
2025-04-02 18:25:18,187 - trading_bot.token_analyzer - WARNING - No DexScreener data for top gainers
2025-04-02 18:25:18,296 - trading_bot.utils - WARNING - Fetch attempt 3/3 failed for https://public-api.birdeye.so/trader/gainers-losers: 401, message='Unauthorized', url='https://public-api.birdeye.so/trader/gainers-losers?type=6H&sort_by=PnL&sort_type=desc&offset=0&limit=5'
2025-04-02 18:25:18,297 - trading_bot.utils - ERROR - Failed to fetch https://public-api.birdeye.so/trader/gainers-losers after 3 attempts
2025-04-02 18:25:18,297 - trading_bot.token_analyzer - WARNING - No Birdeye data for top gainers (6h)
2025-04-02 18:25:18,365 - trading_bot.token_analyzer - WARNING - No DexScreener data for top gainers
2025-04-02 18:25:18,367 - trading_bot.utils - WARNING - Fetch attempt 1/3 failed for https://public-api.birdeye.so/trader/gainers-losers: 401, message='Unauthorized', url='https://public-api.birdeye.so/trader/gainers-losers?type=1D&sort_by=PnL&sort_type=desc&offset=0&limit=5'
2025-04-02 18:25:18,510 - trading_bot.utils - WARNING - Fetch attempt 1/3 failed for https://public-api.birdeye.so/trader/gainers-losers: 401, message='Unauthorized', url='https://public-api.birdeye.so/trader/gainers-losers?type=1D&sort_by=PnL&sort_type=desc&offset=0&limit=5'
2025-04-02 18:25:20,509 - trading_bot.utils - WARNING - Fetch attempt 2/3 failed for https://public-api.birdeye.so/trader/gainers-losers: 401, message='Unauthorized', url='https://public-api.birdeye.so/trader/gainers-losers?type=1D&sort_by=PnL&sort_type=desc&offset=0&limit=5'
2025-04-02 18:25:20,641 - trading_bot.utils - WARNING - Fetch attempt 2/3 failed for https://public-api.birdeye.so/trader/gainers-losers: 401, message='Unauthorized', url='https://public-api.birdeye.so/trader/gainers-losers?type=1D&sort_by=PnL&sort_type=desc&offset=0&limit=5'
2025-04-02 18:25:24,637 - trading_bot.utils - WARNING - Fetch attempt 3/3 failed for https://public-api.birdeye.so/trader/gainers-losers: 401, message='Unauthorized', url='https://public-api.birdeye.so/trader/gainers-losers?type=1D&sort_by=PnL&sort_type=desc&offset=0&limit=5'
2025-04-02 18:25:24,638 - trading_bot.utils - ERROR - Failed to fetch https://public-api.birdeye.so/trader/gainers-losers after 3 attempts
2025-04-02 18:25:24,638 - trading_bot.token_analyzer - WARNING - No Birdeye data for top gainers (24h)
2025-04-02 18:25:24,638 - trading_bot.token_scanner - INFO - Found 0 top gainer tokens
2025-04-02 18:25:24,773 - trading_bot.utils - WARNING - Fetch attempt 3/3 failed for https://public-api.birdeye.so/trader/gainers-losers: 401, message='Unauthorized', url='https://public-api.birdeye.so/trader/gainers-losers?type=1D&sort_by=PnL&sort_type=desc&offset=0&limit=5'
2025-04-02 18:25:24,774 - trading_bot.utils - ERROR - Failed to fetch https://public-api.birdeye.so/trader/gainers-losers after 3 attempts
2025-04-02 18:25:24,774 - trading_bot.token_analyzer - WARNING - No Birdeye data for top gainers (24h)
2025-04-02 18:25:24,775 - trading_bot.token_scanner - INFO - Found 0 top gainer tokens
2025-04-02 18:25:24,810 - trading_bot.utils - WARNING - Fetch attempt 1/3 failed for https://public-api.birdeye.so/defi/token_trending: 401, message='Unauthorized', url='https://public-api.birdeye.so/defi/token_trending?sort_by=rank&sort_type=asc&offset=0&limit=10'
2025-04-02 18:25:24,946 - trading_bot.utils - WARNING - Fetch attempt 1/3 failed for https://public-api.birdeye.so/defi/token_trending: 401, message='Unauthorized', url='https://public-api.birdeye.so/defi/token_trending?sort_by=rank&sort_type=asc&offset=0&limit=10'
2025-04-02 18:25:26,958 - trading_bot.utils - WARNING - Fetch attempt 2/3 failed for https://public-api.birdeye.so/defi/token_trending: 401, message='Unauthorized', url='https://public-api.birdeye.so/defi/token_trending?sort_by=rank&sort_type=asc&offset=0&limit=10'
2025-04-02 18:25:27,081 - trading_bot.utils - WARNING - Fetch attempt 2/3 failed for https://public-api.birdeye.so/defi/token_trending: 401, message='Unauthorized', url='https://public-api.birdeye.so/defi/token_trending?sort_by=rank&sort_type=asc&offset=0&limit=10'
2025-04-02 18:25:31,097 - trading_bot.utils - WARNING - Fetch attempt 3/3 failed for https://public-api.birdeye.so/defi/token_trending: 401, message='Unauthorized', url='https://public-api.birdeye.so/defi/token_trending?sort_by=rank&sort_type=asc&offset=0&limit=10'
2025-04-02 18:25:31,098 - trading_bot.utils - ERROR - Failed to fetch https://public-api.birdeye.so/defi/token_trending after 3 attempts
2025-04-02 18:25:31,099 - trading_bot.token_analyzer - WARNING - No data from Birdeye token trending endpoint, trying alternative
2025-04-02 18:25:31,225 - trading_bot.utils - WARNING - Fetch attempt 3/3 failed for https://public-api.birdeye.so/defi/token_trending: 401, message='Unauthorized', url='https://public-api.birdeye.so/defi/token_trending?sort_by=rank&sort_type=asc&offset=0&limit=10'
2025-04-02 18:25:31,226 - trading_bot.utils - ERROR - Failed to fetch https://public-api.birdeye.so/defi/token_trending after 3 attempts
2025-04-02 18:25:31,226 - trading_bot.token_analyzer - WARNING - No data from Birdeye token trending endpoint, trying alternative
2025-04-02 18:25:31,251 - trading_bot.utils - WARNING - Fetch attempt 1/3 failed for https://public-api.birdeye.so/defi/tokenlist: 401, message='Unauthorized', url='https://public-api.birdeye.so/defi/tokenlist?sort_by=volume24hUSD&sort_type=desc&offset=0&limit=10'
2025-04-02 18:25:31,406 - trading_bot.utils - WARNING - Fetch attempt 1/3 failed for https://public-api.birdeye.so/defi/tokenlist: 401, message='Unauthorized', url='https://public-api.birdeye.so/defi/tokenlist?sort_by=volume24hUSD&sort_type=desc&offset=0&limit=10'
2025-04-02 18:25:33,381 - trading_bot.utils - WARNING - Fetch attempt 2/3 failed for https://public-api.birdeye.so/defi/tokenlist: 401, message='Unauthorized', url='https://public-api.birdeye.so/defi/tokenlist?sort_by=volume24hUSD&sort_type=desc&offset=0&limit=10'
2025-04-02 18:25:33,545 - trading_bot.utils - WARNING - Fetch attempt 2/3 failed for https://public-api.birdeye.so/defi/tokenlist: 401, message='Unauthorized', url='https://public-api.birdeye.so/defi/tokenlist?sort_by=volume24hUSD&sort_type=desc&offset=0&limit=10'
2025-04-02 18:25:37,509 - trading_bot.utils - WARNING - Fetch attempt 3/3 failed for https://public-api.birdeye.so/defi/tokenlist: 401, message='Unauthorized', url='https://public-api.birdeye.so/defi/tokenlist?sort_by=volume24hUSD&sort_type=desc&offset=0&limit=10'
2025-04-02 18:25:37,509 - trading_bot.utils - ERROR - Failed to fetch https://public-api.birdeye.so/defi/tokenlist after 3 attempts
2025-04-02 18:25:37,510 - trading_bot.token_analyzer - WARNING - No data from Birdeye token list endpoint
2025-04-02 18:25:37,646 - trading_bot.token_analyzer - INFO - Successfully fetched DexScreener data from https://api.dexscreener.com/latest/dex/tokens/solana
2025-04-02 18:25:37,646 - trading_bot.token_scanner - ERROR - Error scanning for trending tokens: 'NoneType' object is not iterable
2025-04-02 18:25:37,646 - trading_bot.token_scanner - INFO - Analyzing other discovered tokens...
2025-04-02 18:25:37,649 - trading_bot.token_scanner - ERROR - Token analysis failed: 'TokenAnalyzer' object has no attribute 'evaluate_trading_potential'
2025-04-02 18:25:37,650 - trading_bot.token_scanner - INFO - Scan complete, waiting 60 seconds for next scan
2025-04-02 18:25:37,685 - trading_bot.utils - WARNING - Fetch attempt 3/3 failed for https://public-api.birdeye.so/defi/tokenlist: 401, message='Unauthorized', url='https://public-api.birdeye.so/defi/tokenlist?sort_by=volume24hUSD&sort_type=desc&offset=0&limit=10'
2025-04-02 18:25:37,686 - trading_bot.utils - ERROR - Failed to fetch https://public-api.birdeye.so/defi/tokenlist after 3 attempts
2025-04-02 18:25:37,686 - trading_bot.token_analyzer - WARNING - No data from Birdeye token list endpoint
2025-04-02 18:25:37,729 - trading_bot.token_analyzer - INFO - Successfully fetched DexScreener data from https://api.dexscreener.com/latest/dex/tokens/solana
2025-04-02 18:25:37,729 - trading_bot.token_scanner - ERROR - Error scanning for trending tokens: 'NoneType' object is not iterable
2025-04-02 18:25:37,729 - trading_bot - INFO - No tokens found meeting screening criteria, analyzing other tokens...
2025-04-02 18:25:37,731 - trading_bot.token_scanner - ERROR - Token analysis failed: 'TokenAnalyzer' object has no attribute 'evaluate_trading_potential'
2025-04-02 18:26:37,664 - trading_bot.token_scanner - INFO - Scanning Twitter for tokens...
2025-04-02 18:26:38,000 - trading_bot.token_scanner - INFO - Discovered 1 tokens from Twitter
2025-04-02 18:26:38,001 - trading_bot.token_scanner - INFO - Scanning DexScreener for tokens...
2025-04-02 18:26:38,168 - trading_bot.token_scanner - WARNING - Invalid DexScreener response
2025-04-02 18:26:38,168 - trading_bot.token_scanner - INFO - Analyzing tokens by screening criteria...
2025-04-02 18:26:38,208 - trading_bot.token_analyzer - WARNING - No DexScreener data for top gainers
2025-04-02 18:26:38,377 - trading_bot.utils - WARNING - Fetch attempt 1/3 failed for https://public-api.birdeye.so/trader/gainers-losers: 401, message='Unauthorized', url='https://public-api.birdeye.so/trader/gainers-losers?type=1H&sort_by=PnL&sort_type=desc&offset=0&limit=5'
2025-04-02 18:26:40,684 - trading_bot.utils - WARNING - Fetch attempt 2/3 failed for https://public-api.birdeye.so/trader/gainers-losers: 401, message='Unauthorized', url='https://public-api.birdeye.so/trader/gainers-losers?type=1H&sort_by=PnL&sort_type=desc&offset=0&limit=5'
2025-04-02 18:26:44,824 - trading_bot.utils - WARNING - Fetch attempt 3/3 failed for https://public-api.birdeye.so/trader/gainers-losers: 401, message='Unauthorized', url='https://public-api.birdeye.so/trader/gainers-losers?type=1H&sort_by=PnL&sort_type=desc&offset=0&limit=5'
2025-04-02 18:26:44,825 - trading_bot.utils - ERROR - Failed to fetch https://public-api.birdeye.so/trader/gainers-losers after 3 attempts
2025-04-02 18:26:44,826 - trading_bot.token_analyzer - WARNING - No Birdeye data for top gainers (1h)
2025-04-02 18:26:44,873 - trading_bot.token_analyzer - WARNING - No DexScreener data for top gainers
2025-04-02 18:26:45,053 - trading_bot.utils - WARNING - Fetch attempt 1/3 failed for https://public-api.birdeye.so/trader/gainers-losers: 401, message='Unauthorized', url='https://public-api.birdeye.so/trader/gainers-losers?type=6H&sort_by=PnL&sort_type=desc&offset=0&limit=5'
2025-04-02 18:26:47,207 - trading_bot.utils - WARNING - Fetch attempt 2/3 failed for https://public-api.birdeye.so/trader/gainers-losers: 401, message='Unauthorized', url='https://public-api.birdeye.so/trader/gainers-losers?type=6H&sort_by=PnL&sort_type=desc&offset=0&limit=5'
2025-04-02 18:26:51,345 - trading_bot.utils - WARNING - Fetch attempt 3/3 failed for https://public-api.birdeye.so/trader/gainers-losers: 401, message='Unauthorized', url='https://public-api.birdeye.so/trader/gainers-losers?type=6H&sort_by=PnL&sort_type=desc&offset=0&limit=5'
2025-04-02 18:26:51,347 - trading_bot.utils - ERROR - Failed to fetch https://public-api.birdeye.so/trader/gainers-losers after 3 attempts
2025-04-02 18:26:51,348 - trading_bot.token_analyzer - WARNING - No Birdeye data for top gainers (6h)
2025-04-02 18:26:51,388 - trading_bot.token_analyzer - WARNING - No DexScreener data for top gainers
2025-04-02 18:26:51,548 - trading_bot.utils - WARNING - Fetch attempt 1/3 failed for https://public-api.birdeye.so/trader/gainers-losers: 401, message='Unauthorized', url='https://public-api.birdeye.so/trader/gainers-losers?type=1D&sort_by=PnL&sort_type=desc&offset=0&limit=5'
2025-04-02 18:26:53,679 - trading_bot.utils - WARNING - Fetch attempt 2/3 failed for https://public-api.birdeye.so/trader/gainers-losers: 401, message='Unauthorized', url='https://public-api.birdeye.so/trader/gainers-losers?type=1D&sort_by=PnL&sort_type=desc&offset=0&limit=5'
2025-04-02 18:26:57,809 - trading_bot.utils - WARNING - Fetch attempt 3/3 failed for https://public-api.birdeye.so/trader/gainers-losers: 401, message='Unauthorized', url='https://public-api.birdeye.so/trader/gainers-losers?type=1D&sort_by=PnL&sort_type=desc&offset=0&limit=5'
2025-04-02 18:26:57,811 - trading_bot.utils - ERROR - Failed to fetch https://public-api.birdeye.so/trader/gainers-losers after 3 attempts
2025-04-02 18:26:57,812 - trading_bot.token_analyzer - WARNING - No Birdeye data for top gainers (24h)
2025-04-02 18:26:57,812 - trading_bot.token_scanner - INFO - Found 0 top gainer tokens
2025-04-02 18:26:57,973 - trading_bot.utils - WARNING - Fetch attempt 1/3 failed for https://public-api.birdeye.so/defi/token_trending: 401, message='Unauthorized', url='https://public-api.birdeye.so/defi/token_trending?sort_by=rank&sort_type=asc&offset=0&limit=10'
2025-04-02 18:27:00,119 - trading_bot.utils - WARNING - Fetch attempt 2/3 failed for https://public-api.birdeye.so/defi/token_trending: 401, message='Unauthorized', url='https://public-api.birdeye.so/defi/token_trending?sort_by=rank&sort_type=asc&offset=0&limit=10'
2025-04-02 18:27:04,254 - trading_bot.utils - WARNING - Fetch attempt 3/3 failed for https://public-api.birdeye.so/defi/token_trending: 401, message='Unauthorized', url='https://public-api.birdeye.so/defi/token_trending?sort_by=rank&sort_type=asc&offset=0&limit=10'
2025-04-02 18:27:04,256 - trading_bot.utils - ERROR - Failed to fetch https://public-api.birdeye.so/defi/token_trending after 3 attempts
2025-04-02 18:27:04,256 - trading_bot.token_analyzer - WARNING - No data from Birdeye token trending endpoint, trying alternative
2025-04-02 18:27:04,439 - trading_bot.utils - WARNING - Fetch attempt 1/3 failed for https://public-api.birdeye.so/defi/tokenlist: 401, message='Unauthorized', url='https://public-api.birdeye.so/defi/tokenlist?sort_by=volume24hUSD&sort_type=desc&offset=0&limit=10'
2025-04-02 18:27:06,601 - trading_bot.utils - WARNING - Fetch attempt 2/3 failed for https://public-api.birdeye.so/defi/tokenlist: 401, message='Unauthorized', url='https://public-api.birdeye.so/defi/tokenlist?sort_by=volume24hUSD&sort_type=desc&offset=0&limit=10'
2025-04-02 18:27:10,740 - trading_bot.utils - WARNING - Fetch attempt 3/3 failed for https://public-api.birdeye.so/defi/tokenlist: 401, message='Unauthorized', url='https://public-api.birdeye.so/defi/tokenlist?sort_by=volume24hUSD&sort_type=desc&offset=0&limit=10'
2025-04-02 18:27:10,748 - trading_bot.utils - ERROR - Failed to fetch https://public-api.birdeye.so/defi/tokenlist after 3 attempts
2025-04-02 18:27:10,749 - trading_bot.token_analyzer - WARNING - No data from Birdeye token list endpoint
2025-04-02 18:27:10,951 - trading_bot.token_analyzer - INFO - Successfully fetched DexScreener data from https://api.dexscreener.com/latest/dex/tokens/solana
2025-04-02 18:27:10,952 - trading_bot.token_scanner - ERROR - Error scanning for trending tokens: 'NoneType' object is not iterable
2025-04-02 18:27:10,952 - trading_bot.token_scanner - INFO - Analyzing other discovered tokens...
2025-04-02 18:27:10,957 - trading_bot.token_scanner - ERROR - Token analysis failed: 'TokenAnalyzer' object has no attribute 'evaluate_trading_potential'
2025-04-02 18:27:10,957 - trading_bot.token_scanner - INFO - Scan complete, waiting 60 seconds for next scan
2025-04-02 18:28:10,964 - trading_bot.token_scanner - INFO - Scanning Twitter for tokens...
2025-04-02 18:28:11,308 - trading_bot.token_scanner - INFO - Discovered 1 tokens from Twitter
2025-04-02 18:28:11,309 - trading_bot.token_scanner - INFO - Scanning DexScreener for tokens...
2025-04-02 18:28:11,352 - trading_bot.token_scanner - WARNING - Invalid DexScreener response
2025-04-02 18:28:11,353 - trading_bot.token_scanner - INFO - Analyzing tokens by screening criteria...
2025-04-02 18:28:11,418 - trading_bot.token_analyzer - WARNING - No DexScreener data for top gainers
2025-04-02 18:28:11,557 - trading_bot.utils - WARNING - Fetch attempt 1/3 failed for https://public-api.birdeye.so/trader/gainers-losers: 401, message='Unauthorized', url='https://public-api.birdeye.so/trader/gainers-losers?type=1H&sort_by=PnL&sort_type=desc&offset=0&limit=5'
2025-04-02 18:28:13,684 - trading_bot.utils - WARNING - Fetch attempt 2/3 failed for https://public-api.birdeye.so/trader/gainers-losers: 401, message='Unauthorized', url='https://public-api.birdeye.so/trader/gainers-losers?type=1H&sort_by=PnL&sort_type=desc&offset=0&limit=5'
2025-04-02 18:28:17,810 - trading_bot.utils - WARNING - Fetch attempt 3/3 failed for https://public-api.birdeye.so/trader/gainers-losers: 401, message='Unauthorized', url='https://public-api.birdeye.so/trader/gainers-losers?type=1H&sort_by=PnL&sort_type=desc&offset=0&limit=5'
2025-04-02 18:28:17,813 - trading_bot.utils - ERROR - Failed to fetch https://public-api.birdeye.so/trader/gainers-losers after 3 attempts
2025-04-02 18:28:17,814 - trading_bot.token_analyzer - WARNING - No Birdeye data for top gainers (1h)
2025-04-02 18:28:17,879 - trading_bot.token_analyzer - WARNING - No DexScreener data for top gainers
2025-04-02 18:28:18,042 - trading_bot.utils - WARNING - Fetch attempt 1/3 failed for https://public-api.birdeye.so/trader/gainers-losers: 401, message='Unauthorized', url='https://public-api.birdeye.so/trader/gainers-losers?type=6H&sort_by=PnL&sort_type=desc&offset=0&limit=5'
2025-04-02 18:28:20,176 - trading_bot.utils - WARNING - Fetch attempt 2/3 failed for https://public-api.birdeye.so/trader/gainers-losers: 401, message='Unauthorized', url='https://public-api.birdeye.so/trader/gainers-losers?type=6H&sort_by=PnL&sort_type=desc&offset=0&limit=5'
2025-04-02 18:28:24,319 - trading_bot.utils - WARNING - Fetch attempt 3/3 failed for https://public-api.birdeye.so/trader/gainers-losers: 401, message='Unauthorized', url='https://public-api.birdeye.so/trader/gainers-losers?type=6H&sort_by=PnL&sort_type=desc&offset=0&limit=5'
2025-04-02 18:28:24,322 - trading_bot.utils - ERROR - Failed to fetch https://public-api.birdeye.so/trader/gainers-losers after 3 attempts
2025-04-02 18:28:24,322 - trading_bot.token_analyzer - WARNING - No Birdeye data for top gainers (6h)
2025-04-02 18:28:24,360 - trading_bot.token_analyzer - WARNING - No DexScreener data for top gainers
2025-04-02 18:28:24,536 - trading_bot.utils - WARNING - Fetch attempt 1/3 failed for https://public-api.birdeye.so/trader/gainers-losers: 401, message='Unauthorized', url='https://public-api.birdeye.so/trader/gainers-losers?type=1D&sort_by=PnL&sort_type=desc&offset=0&limit=5'
2025-04-02 18:28:26,679 - trading_bot.utils - WARNING - Fetch attempt 2/3 failed for https://public-api.birdeye.so/trader/gainers-losers: 401, message='Unauthorized', url='https://public-api.birdeye.so/trader/gainers-losers?type=1D&sort_by=PnL&sort_type=desc&offset=0&limit=5'
2025-04-02 18:28:30,814 - trading_bot.utils - WARNING - Fetch attempt 3/3 failed for https://public-api.birdeye.so/trader/gainers-losers: 401, message='Unauthorized', url='https://public-api.birdeye.so/trader/gainers-losers?type=1D&sort_by=PnL&sort_type=desc&offset=0&limit=5'
2025-04-02 18:28:30,815 - trading_bot.utils - ERROR - Failed to fetch https://public-api.birdeye.so/trader/gainers-losers after 3 attempts
2025-04-02 18:28:30,815 - trading_bot.token_analyzer - WARNING - No Birdeye data for top gainers (24h)
2025-04-02 18:28:30,815 - trading_bot.token_scanner - INFO - Found 0 top gainer tokens
2025-04-02 18:28:30,977 - trading_bot.utils - WARNING - Fetch attempt 1/3 failed for https://public-api.birdeye.so/defi/token_trending: 401, message='Unauthorized', url='https://public-api.birdeye.so/defi/token_trending?sort_by=rank&sort_type=asc&offset=0&limit=10'
2025-04-02 18:28:33,123 - trading_bot.utils - WARNING - Fetch attempt 2/3 failed for https://public-api.birdeye.so/defi/token_trending: 401, message='Unauthorized', url='https://public-api.birdeye.so/defi/token_trending?sort_by=rank&sort_type=asc&offset=0&limit=10'
2025-04-02 18:28:37,250 - trading_bot.utils - WARNING - Fetch attempt 3/3 failed for https://public-api.birdeye.so/defi/token_trending: 401, message='Unauthorized', url='https://public-api.birdeye.so/defi/token_trending?sort_by=rank&sort_type=asc&offset=0&limit=10'
2025-04-02 18:28:37,252 - trading_bot.utils - ERROR - Failed to fetch https://public-api.birdeye.so/defi/token_trending after 3 attempts
2025-04-02 18:28:37,253 - trading_bot.token_analyzer - WARNING - No data from Birdeye token trending endpoint, trying alternative
2025-04-02 18:28:37,396 - trading_bot.utils - WARNING - Fetch attempt 1/3 failed for https://public-api.birdeye.so/defi/tokenlist: 401, message='Unauthorized', url='https://public-api.birdeye.so/defi/tokenlist?sort_by=volume24hUSD&sort_type=desc&offset=0&limit=10'
2025-04-02 18:28:39,547 - trading_bot.utils - WARNING - Fetch attempt 2/3 failed for https://public-api.birdeye.so/defi/tokenlist: 401, message='Unauthorized', url='https://public-api.birdeye.so/defi/tokenlist?sort_by=volume24hUSD&sort_type=desc&offset=0&limit=10'
2025-04-02 18:28:43,684 - trading_bot.utils - WARNING - Fetch attempt 3/3 failed for https://public-api.birdeye.so/defi/tokenlist: 401, message='Unauthorized', url='https://public-api.birdeye.so/defi/tokenlist?sort_by=volume24hUSD&sort_type=desc&offset=0&limit=10'
2025-04-02 18:28:43,687 - trading_bot.utils - ERROR - Failed to fetch https://public-api.birdeye.so/defi/tokenlist after 3 attempts
2025-04-02 18:28:43,687 - trading_bot.token_analyzer - WARNING - No data from Birdeye token list endpoint
2025-04-02 18:28:43,874 - trading_bot.token_analyzer - INFO - Successfully fetched DexScreener data from https://api.dexscreener.com/latest/dex/tokens/solana
2025-04-02 18:28:43,877 - trading_bot.token_scanner - ERROR - Error scanning for trending tokens: 'NoneType' object is not iterable
2025-04-02 18:28:43,878 - trading_bot.token_scanner - INFO - Analyzing other discovered tokens...
2025-04-02 18:28:43,881 - trading_bot.token_scanner - ERROR - Token analysis failed: 'TokenAnalyzer' object has no attribute 'evaluate_trading_potential'
2025-04-02 18:28:43,881 - trading_bot.token_scanner - INFO - Scan complete, waiting 60 seconds for next scan
2025-04-02 18:29:43,896 - trading_bot.token_scanner - INFO - Scanning Twitter for tokens...
2025-04-02 18:29:44,293 - trading_bot.token_scanner - INFO - Discovered 1 tokens from Twitter
2025-04-02 18:29:44,295 - trading_bot.token_scanner - INFO - Scanning DexScreener for tokens...
2025-04-02 18:29:44,414 - trading_bot.token_scanner - WARNING - Invalid DexScreener response
2025-04-02 18:29:44,415 - trading_bot.token_scanner - INFO - Analyzing tokens by screening criteria...
2025-04-02 18:29:44,454 - trading_bot.token_analyzer - WARNING - No DexScreener data for top gainers
2025-04-02 18:29:44,631 - trading_bot.utils - WARNING - Fetch attempt 1/3 failed for https://public-api.birdeye.so/trader/gainers-losers: 401, message='Unauthorized', url='https://public-api.birdeye.so/trader/gainers-losers?type=1H&sort_by=PnL&sort_type=desc&offset=0&limit=5'
2025-04-02 18:29:46,762 - trading_bot.utils - WARNING - Fetch attempt 2/3 failed for https://public-api.birdeye.so/trader/gainers-losers: 401, message='Unauthorized', url='https://public-api.birdeye.so/trader/gainers-losers?type=1H&sort_by=PnL&sort_type=desc&offset=0&limit=5'
2025-04-02 18:29:50,913 - trading_bot.utils - WARNING - Fetch attempt 3/3 failed for https://public-api.birdeye.so/trader/gainers-losers: 401, message='Unauthorized', url='https://public-api.birdeye.so/trader/gainers-losers?type=1H&sort_by=PnL&sort_type=desc&offset=0&limit=5'
2025-04-02 18:29:50,915 - trading_bot.utils - ERROR - Failed to fetch https://public-api.birdeye.so/trader/gainers-losers after 3 attempts
2025-04-02 18:29:50,916 - trading_bot.token_analyzer - WARNING - No Birdeye data for top gainers (1h)
2025-04-02 18:29:50,987 - trading_bot.token_analyzer - WARNING - No DexScreener data for top gainers
2025-04-02 18:29:51,136 - trading_bot.utils - WARNING - Fetch attempt 1/3 failed for https://public-api.birdeye.so/trader/gainers-losers: 401, message='Unauthorized', url='https://public-api.birdeye.so/trader/gainers-losers?type=6H&sort_by=PnL&sort_type=desc&offset=0&limit=5'
2025-04-02 18:29:53,291 - trading_bot.utils - WARNING - Fetch attempt 2/3 failed for https://public-api.birdeye.so/trader/gainers-losers: 401, message='Unauthorized', url='https://public-api.birdeye.so/trader/gainers-losers?type=6H&sort_by=PnL&sort_type=desc&offset=0&limit=5'
2025-04-02 18:29:57,428 - trading_bot.utils - WARNING - Fetch attempt 3/3 failed for https://public-api.birdeye.so/trader/gainers-losers: 401, message='Unauthorized', url='https://public-api.birdeye.so/trader/gainers-losers?type=6H&sort_by=PnL&sort_type=desc&offset=0&limit=5'
2025-04-02 18:29:57,428 - trading_bot.utils - ERROR - Failed to fetch https://public-api.birdeye.so/trader/gainers-losers after 3 attempts
2025-04-02 18:29:57,429 - trading_bot.token_analyzer - WARNING - No Birdeye data for top gainers (6h)
2025-04-02 18:29:57,468 - trading_bot.token_analyzer - WARNING - No DexScreener data for top gainers
2025-04-02 18:29:57,617 - trading_bot.utils - WARNING - Fetch attempt 1/3 failed for https://public-api.birdeye.so/trader/gainers-losers: 401, message='Unauthorized', url='https://public-api.birdeye.so/trader/gainers-losers?type=1D&sort_by=PnL&sort_type=desc&offset=0&limit=5'
2025-04-02 18:29:59,773 - trading_bot.utils - WARNING - Fetch attempt 2/3 failed for https://public-api.birdeye.so/trader/gainers-losers: 401, message='Unauthorized', url='https://public-api.birdeye.so/trader/gainers-losers?type=1D&sort_by=PnL&sort_type=desc&offset=0&limit=5'
2025-04-02 18:30:03,919 - trading_bot.utils - WARNING - Fetch attempt 3/3 failed for https://public-api.birdeye.so/trader/gainers-losers: 401, message='Unauthorized', url='https://public-api.birdeye.so/trader/gainers-losers?type=1D&sort_by=PnL&sort_type=desc&offset=0&limit=5'
2025-04-02 18:30:03,921 - trading_bot.utils - ERROR - Failed to fetch https://public-api.birdeye.so/trader/gainers-losers after 3 attempts
2025-04-02 18:30:03,921 - trading_bot.token_analyzer - WARNING - No Birdeye data for top gainers (24h)
2025-04-02 18:30:03,922 - trading_bot.token_scanner - INFO - Found 0 top gainer tokens
2025-04-02 18:30:04,061 - trading_bot.utils - WARNING - Fetch attempt 1/3 failed for https://public-api.birdeye.so/defi/token_trending: 401, message='Unauthorized', url='https://public-api.birdeye.so/defi/token_trending?sort_by=rank&sort_type=asc&offset=0&limit=10'
2025-04-02 18:30:06,204 - trading_bot.utils - WARNING - Fetch attempt 2/3 failed for https://public-api.birdeye.so/defi/token_trending: 401, message='Unauthorized', url='https://public-api.birdeye.so/defi/token_trending?sort_by=rank&sort_type=asc&offset=0&limit=10'
2025-04-02 18:30:10,335 - trading_bot.utils - WARNING - Fetch attempt 3/3 failed for https://public-api.birdeye.so/defi/token_trending: 401, message='Unauthorized', url='https://public-api.birdeye.so/defi/token_trending?sort_by=rank&sort_type=asc&offset=0&limit=10'
2025-04-02 18:30:10,338 - trading_bot.utils - ERROR - Failed to fetch https://public-api.birdeye.so/defi/token_trending after 3 attempts
2025-04-02 18:30:10,338 - trading_bot.token_analyzer - WARNING - No data from Birdeye token trending endpoint, trying alternative
2025-04-02 18:30:10,481 - trading_bot.utils - WARNING - Fetch attempt 1/3 failed for https://public-api.birdeye.so/defi/tokenlist: 401, message='Unauthorized', url='https://public-api.birdeye.so/defi/tokenlist?sort_by=volume24hUSD&sort_type=desc&offset=0&limit=10'
2025-04-02 18:30:12,628 - trading_bot.utils - WARNING - Fetch attempt 2/3 failed for https://public-api.birdeye.so/defi/tokenlist: 401, message='Unauthorized', url='https://public-api.birdeye.so/defi/tokenlist?sort_by=volume24hUSD&sort_type=desc&offset=0&limit=10'
2025-04-02 18:30:16,763 - trading_bot.utils - WARNING - Fetch attempt 3/3 failed for https://public-api.birdeye.so/defi/tokenlist: 401, message='Unauthorized', url='https://public-api.birdeye.so/defi/tokenlist?sort_by=volume24hUSD&sort_type=desc&offset=0&limit=10'
2025-04-02 18:30:16,765 - trading_bot.utils - ERROR - Failed to fetch https://public-api.birdeye.so/defi/tokenlist after 3 attempts
2025-04-02 18:30:16,765 - trading_bot.token_analyzer - WARNING - No data from Birdeye token list endpoint
2025-04-02 18:30:16,945 - trading_bot.token_analyzer - INFO - Successfully fetched DexScreener data from https://api.dexscreener.com/latest/dex/tokens/solana
2025-04-02 18:30:16,946 - trading_bot.token_scanner - ERROR - Error scanning for trending tokens: 'NoneType' object is not iterable
2025-04-02 18:30:16,946 - trading_bot.token_scanner - INFO - Analyzing other discovered tokens...
2025-04-02 18:30:16,948 - trading_bot.token_scanner - ERROR - Token analysis failed: 'TokenAnalyzer' object has no attribute 'evaluate_trading_potential'
2025-04-02 18:30:16,948 - trading_bot.token_scanner - INFO - Scan complete, waiting 60 seconds for next scan
2025-04-02 18:30:38,068 - trading_bot.solana_trader - INFO - Connected to Solana RPC
2025-04-02 18:30:38,195 - trading_bot - INFO - Current wallet balance: 0.0000 SOL ($0.00)
2025-04-02 18:30:38,316 - trading_bot.token_analyzer - WARNING - No DexScreener data for top gainers
2025-04-02 18:30:38,481 - trading_bot.utils - WARNING - Fetch attempt 1/3 failed for https://public-api.birdeye.so/trader/gainers-losers: 401, message='Unauthorized', url='https://public-api.birdeye.so/trader/gainers-losers?type=1H&sort_by=PnL&sort_type=desc&offset=0&limit=5'
2025-04-02 18:30:40,610 - trading_bot.utils - WARNING - Fetch attempt 2/3 failed for https://public-api.birdeye.so/trader/gainers-losers: 401, message='Unauthorized', url='https://public-api.birdeye.so/trader/gainers-losers?type=1H&sort_by=PnL&sort_type=desc&offset=0&limit=5'
2025-04-02 18:30:44,749 - trading_bot.utils - WARNING - Fetch attempt 3/3 failed for https://public-api.birdeye.so/trader/gainers-losers: 401, message='Unauthorized', url='https://public-api.birdeye.so/trader/gainers-losers?type=1H&sort_by=PnL&sort_type=desc&offset=0&limit=5'
2025-04-02 18:30:44,750 - trading_bot.utils - ERROR - Failed to fetch https://public-api.birdeye.so/trader/gainers-losers after 3 attempts
2025-04-02 18:30:44,750 - trading_bot.token_analyzer - WARNING - No Birdeye data for top gainers (1h)
2025-04-02 18:30:44,793 - trading_bot.token_analyzer - WARNING - No DexScreener data for top gainers
2025-04-02 18:30:44,939 - trading_bot.utils - WARNING - Fetch attempt 1/3 failed for https://public-api.birdeye.so/trader/gainers-losers: 401, message='Unauthorized', url='https://public-api.birdeye.so/trader/gainers-losers?type=6H&sort_by=PnL&sort_type=desc&offset=0&limit=5'
2025-04-02 18:30:47,075 - trading_bot.utils - WARNING - Fetch attempt 2/3 failed for https://public-api.birdeye.so/trader/gainers-losers: 401, message='Unauthorized', url='https://public-api.birdeye.so/trader/gainers-losers?type=6H&sort_by=PnL&sort_type=desc&offset=0&limit=5'
2025-04-02 18:30:51,208 - trading_bot.utils - WARNING - Fetch attempt 3/3 failed for https://public-api.birdeye.so/trader/gainers-losers: 401, message='Unauthorized', url='https://public-api.birdeye.so/trader/gainers-losers?type=6H&sort_by=PnL&sort_type=desc&offset=0&limit=5'
2025-04-02 18:30:51,210 - trading_bot.utils - ERROR - Failed to fetch https://public-api.birdeye.so/trader/gainers-losers after 3 attempts
2025-04-02 18:30:51,210 - trading_bot.token_analyzer - WARNING - No Birdeye data for top gainers (6h)
2025-04-02 18:30:51,305 - trading_bot.token_analyzer - WARNING - No DexScreener data for top gainers
2025-04-02 18:30:51,448 - trading_bot.utils - WARNING - Fetch attempt 1/3 failed for https://public-api.birdeye.so/trader/gainers-losers: 401, message='Unauthorized', url='https://public-api.birdeye.so/trader/gainers-losers?type=1D&sort_by=PnL&sort_type=desc&offset=0&limit=5'
2025-04-02 18:30:53,573 - trading_bot.utils - WARNING - Fetch attempt 2/3 failed for https://public-api.birdeye.so/trader/gainers-losers: 401, message='Unauthorized', url='https://public-api.birdeye.so/trader/gainers-losers?type=1D&sort_by=PnL&sort_type=desc&offset=0&limit=5'
2025-04-02 18:30:57,708 - trading_bot.utils - WARNING - Fetch attempt 3/3 failed for https://public-api.birdeye.so/trader/gainers-losers: 401, message='Unauthorized', url='https://public-api.birdeye.so/trader/gainers-losers?type=1D&sort_by=PnL&sort_type=desc&offset=0&limit=5'
2025-04-02 18:30:57,710 - trading_bot.utils - ERROR - Failed to fetch https://public-api.birdeye.so/trader/gainers-losers after 3 attempts
2025-04-02 18:30:57,710 - trading_bot.token_analyzer - WARNING - No Birdeye data for top gainers (24h)
2025-04-02 18:30:57,710 - trading_bot.token_scanner - INFO - Found 0 top gainer tokens
2025-04-02 18:30:57,869 - trading_bot.utils - WARNING - Fetch attempt 1/3 failed for https://public-api.birdeye.so/defi/token_trending: 401, message='Unauthorized', url='https://public-api.birdeye.so/defi/token_trending?sort_by=rank&sort_type=asc&offset=0&limit=10'
2025-04-02 18:31:00,010 - trading_bot.utils - WARNING - Fetch attempt 2/3 failed for https://public-api.birdeye.so/defi/token_trending: 401, message='Unauthorized', url='https://public-api.birdeye.so/defi/token_trending?sort_by=rank&sort_type=asc&offset=0&limit=10'
2025-04-02 18:31:04,163 - trading_bot.utils - WARNING - Fetch attempt 3/3 failed for https://public-api.birdeye.so/defi/token_trending: 401, message='Unauthorized', url='https://public-api.birdeye.so/defi/token_trending?sort_by=rank&sort_type=asc&offset=0&limit=10'
2025-04-02 18:31:04,164 - trading_bot.utils - ERROR - Failed to fetch https://public-api.birdeye.so/defi/token_trending after 3 attempts
2025-04-02 18:31:04,165 - trading_bot.token_analyzer - WARNING - No data from Birdeye token trending endpoint, trying alternative
2025-04-02 18:31:04,348 - trading_bot.utils - WARNING - Fetch attempt 1/3 failed for https://public-api.birdeye.so/defi/tokenlist: 401, message='Unauthorized', url='https://public-api.birdeye.so/defi/tokenlist?sort_by=volume24hUSD&sort_type=desc&offset=0&limit=10'
2025-04-02 18:31:06,492 - trading_bot.utils - WARNING - Fetch attempt 2/3 failed for https://public-api.birdeye.so/defi/tokenlist: 401, message='Unauthorized', url='https://public-api.birdeye.so/defi/tokenlist?sort_by=volume24hUSD&sort_type=desc&offset=0&limit=10'
2025-04-02 18:31:10,635 - trading_bot.utils - WARNING - Fetch attempt 3/3 failed for https://public-api.birdeye.so/defi/tokenlist: 401, message='Unauthorized', url='https://public-api.birdeye.so/defi/tokenlist?sort_by=volume24hUSD&sort_type=desc&offset=0&limit=10'
2025-04-02 18:31:10,637 - trading_bot.utils - ERROR - Failed to fetch https://public-api.birdeye.so/defi/tokenlist after 3 attempts
2025-04-02 18:31:10,637 - trading_bot.token_analyzer - WARNING - No data from Birdeye token list endpoint
2025-04-02 18:31:10,852 - trading_bot.token_analyzer - INFO - Successfully fetched DexScreener data from https://api.dexscreener.com/latest/dex/tokens/solana
2025-04-02 18:31:10,853 - trading_bot.token_scanner - ERROR - Error scanning for trending tokens: 'NoneType' object is not iterable
2025-04-02 18:31:10,853 - trading_bot - INFO - No tokens found meeting screening criteria, analyzing other tokens...
2025-04-02 18:31:10,854 - trading_bot.token_scanner - ERROR - Token analysis failed: 'TokenAnalyzer' object has no attribute 'evaluate_trading_potential'
2025-04-02 18:31:16,962 - trading_bot.token_scanner - INFO - Scanning Twitter for tokens...
2025-04-02 18:31:17,295 - trading_bot.token_scanner - INFO - Discovered 1 tokens from Twitter
2025-04-02 18:31:17,296 - trading_bot.token_scanner - INFO - Scanning DexScreener for tokens...
2025-04-02 18:31:17,427 - trading_bot.token_scanner - WARNING - Invalid DexScreener response
2025-04-02 18:31:17,427 - trading_bot.token_scanner - INFO - Analyzing tokens by screening criteria...
2025-04-02 18:31:17,497 - trading_bot.token_analyzer - WARNING - No DexScreener data for top gainers
2025-04-02 18:31:17,667 - trading_bot.utils - WARNING - Fetch attempt 1/3 failed for https://public-api.birdeye.so/trader/gainers-losers: 401, message='Unauthorized', url='https://public-api.birdeye.so/trader/gainers-losers?type=1H&sort_by=PnL&sort_type=desc&offset=0&limit=5'
2025-04-02 18:31:19,800 - trading_bot.utils - WARNING - Fetch attempt 2/3 failed for https://public-api.birdeye.so/trader/gainers-losers: 401, message='Unauthorized', url='https://public-api.birdeye.so/trader/gainers-losers?type=1H&sort_by=PnL&sort_type=desc&offset=0&limit=5'
2025-04-02 18:31:23,948 - trading_bot.utils - WARNING - Fetch attempt 3/3 failed for https://public-api.birdeye.so/trader/gainers-losers: 401, message='Unauthorized', url='https://public-api.birdeye.so/trader/gainers-losers?type=1H&sort_by=PnL&sort_type=desc&offset=0&limit=5'
2025-04-02 18:31:23,950 - trading_bot.utils - ERROR - Failed to fetch https://public-api.birdeye.so/trader/gainers-losers after 3 attempts
2025-04-02 18:31:23,951 - trading_bot.token_analyzer - WARNING - No Birdeye data for top gainers (1h)
2025-04-02 18:31:24,023 - trading_bot.token_analyzer - WARNING - No DexScreener data for top gainers
2025-04-02 18:31:24,159 - trading_bot.utils - WARNING - Fetch attempt 1/3 failed for https://public-api.birdeye.so/trader/gainers-losers: 401, message='Unauthorized', url='https://public-api.birdeye.so/trader/gainers-losers?type=6H&sort_by=PnL&sort_type=desc&offset=0&limit=5'
2025-04-02 18:31:26,288 - trading_bot.utils - WARNING - Fetch attempt 2/3 failed for https://public-api.birdeye.so/trader/gainers-losers: 401, message='Unauthorized', url='https://public-api.birdeye.so/trader/gainers-losers?type=6H&sort_by=PnL&sort_type=desc&offset=0&limit=5'
2025-04-02 18:31:30,426 - trading_bot.utils - WARNING - Fetch attempt 3/3 failed for https://public-api.birdeye.so/trader/gainers-losers: 401, message='Unauthorized', url='https://public-api.birdeye.so/trader/gainers-losers?type=6H&sort_by=PnL&sort_type=desc&offset=0&limit=5'
2025-04-02 18:31:30,427 - trading_bot.utils - ERROR - Failed to fetch https://public-api.birdeye.so/trader/gainers-losers after 3 attempts
2025-04-02 18:31:30,428 - trading_bot.token_analyzer - WARNING - No Birdeye data for top gainers (6h)
2025-04-02 18:31:30,475 - trading_bot.token_analyzer - WARNING - No DexScreener data for top gainers
2025-04-02 18:31:30,639 - trading_bot.utils - WARNING - Fetch attempt 1/3 failed for https://public-api.birdeye.so/trader/gainers-losers: 401, message='Unauthorized', url='https://public-api.birdeye.so/trader/gainers-losers?type=1D&sort_by=PnL&sort_type=desc&offset=0&limit=5'
2025-04-02 18:31:32,779 - trading_bot.utils - WARNING - Fetch attempt 2/3 failed for https://public-api.birdeye.so/trader/gainers-losers: 401, message='Unauthorized', url='https://public-api.birdeye.so/trader/gainers-losers?type=1D&sort_by=PnL&sort_type=desc&offset=0&limit=5'
2025-04-02 18:31:36,912 - trading_bot.utils - WARNING - Fetch attempt 3/3 failed for https://public-api.birdeye.so/trader/gainers-losers: 401, message='Unauthorized', url='https://public-api.birdeye.so/trader/gainers-losers?type=1D&sort_by=PnL&sort_type=desc&offset=0&limit=5'
2025-04-02 18:31:36,913 - trading_bot.utils - ERROR - Failed to fetch https://public-api.birdeye.so/trader/gainers-losers after 3 attempts
2025-04-02 18:31:36,914 - trading_bot.token_analyzer - WARNING - No Birdeye data for top gainers (24h)
2025-04-02 18:31:36,914 - trading_bot.token_scanner - INFO - Found 0 top gainer tokens
2025-04-02 18:31:37,087 - trading_bot.utils - WARNING - Fetch attempt 1/3 failed for https://public-api.birdeye.so/defi/token_trending: 401, message='Unauthorized', url='https://public-api.birdeye.so/defi/token_trending?sort_by=rank&sort_type=asc&offset=0&limit=10'
2025-04-02 18:31:39,219 - trading_bot.utils - WARNING - Fetch attempt 2/3 failed for https://public-api.birdeye.so/defi/token_trending: 401, message='Unauthorized', url='https://public-api.birdeye.so/defi/token_trending?sort_by=rank&sort_type=asc&offset=0&limit=10'
2025-04-02 18:31:43,351 - trading_bot.utils - WARNING - Fetch attempt 3/3 failed for https://public-api.birdeye.so/defi/token_trending: 401, message='Unauthorized', url='https://public-api.birdeye.so/defi/token_trending?sort_by=rank&sort_type=asc&offset=0&limit=10'
2025-04-02 18:31:43,353 - trading_bot.utils - ERROR - Failed to fetch https://public-api.birdeye.so/defi/token_trending after 3 attempts
2025-04-02 18:31:43,353 - trading_bot.token_analyzer - WARNING - No data from Birdeye token trending endpoint, trying alternative
2025-04-02 18:31:43,570 - trading_bot.utils - WARNING - Fetch attempt 1/3 failed for https://public-api.birdeye.so/defi/tokenlist: 401, message='Unauthorized', url='https://public-api.birdeye.so/defi/tokenlist?sort_by=volume24hUSD&sort_type=desc&offset=0&limit=10'
2025-04-02 18:31:45,707 - trading_bot.utils - WARNING - Fetch attempt 2/3 failed for https://public-api.birdeye.so/defi/tokenlist: 401, message='Unauthorized', url='https://public-api.birdeye.so/defi/tokenlist?sort_by=volume24hUSD&sort_type=desc&offset=0&limit=10'
2025-04-02 18:31:49,849 - trading_bot.utils - WARNING - Fetch attempt 3/3 failed for https://public-api.birdeye.so/defi/tokenlist: 401, message='Unauthorized', url='https://public-api.birdeye.so/defi/tokenlist?sort_by=volume24hUSD&sort_type=desc&offset=0&limit=10'
2025-04-02 18:31:49,851 - trading_bot.utils - ERROR - Failed to fetch https://public-api.birdeye.so/defi/tokenlist after 3 attempts
2025-04-02 18:31:49,852 - trading_bot.token_analyzer - WARNING - No data from Birdeye token list endpoint
2025-04-02 18:31:50,002 - trading_bot.token_analyzer - INFO - Successfully fetched DexScreener data from https://api.dexscreener.com/latest/dex/tokens/solana
2025-04-02 18:31:50,003 - trading_bot.token_scanner - ERROR - Error scanning for trending tokens: 'NoneType' object is not iterable
2025-04-02 18:31:50,003 - trading_bot.token_scanner - INFO - Analyzing other discovered tokens...
2025-04-02 18:31:50,005 - trading_bot.token_scanner - ERROR - Token analysis failed: 'TokenAnalyzer' object has no attribute 'evaluate_trading_potential'
2025-04-02 18:31:50,006 - trading_bot.token_scanner - INFO - Scan complete, waiting 60 seconds for next scan
2025-04-02 18:32:50,019 - trading_bot.token_scanner - INFO - Scanning Twitter for tokens...
2025-04-02 18:32:50,420 - trading_bot.token_scanner - INFO - Discovered 1 tokens from Twitter
2025-04-02 18:32:50,421 - trading_bot.token_scanner - INFO - Scanning DexScreener for tokens...
2025-04-02 18:32:50,640 - trading_bot.token_scanner - WARNING - Invalid DexScreener response
2025-04-02 18:32:50,641 - trading_bot.token_scanner - INFO - Analyzing tokens by screening criteria...
2025-04-02 18:32:50,924 - trading_bot.token_analyzer - WARNING - No DexScreener data for top gainers
2025-04-02 18:32:51,297 - trading_bot.utils - WARNING - Fetch attempt 1/3 failed for https://public-api.birdeye.so/trader/gainers-losers: 401, message='Unauthorized', url='https://public-api.birdeye.so/trader/gainers-losers?type=1H&sort_by=PnL&sort_type=desc&offset=0&limit=5'
2025-04-02 18:32:53,437 - trading_bot.utils - WARNING - Fetch attempt 2/3 failed for https://public-api.birdeye.so/trader/gainers-losers: 401, message='Unauthorized', url='https://public-api.birdeye.so/trader/gainers-losers?type=1H&sort_by=PnL&sort_type=desc&offset=0&limit=5'
2025-04-02 18:32:57,587 - trading_bot.utils - WARNING - Fetch attempt 3/3 failed for https://public-api.birdeye.so/trader/gainers-losers: 401, message='Unauthorized', url='https://public-api.birdeye.so/trader/gainers-losers?type=1H&sort_by=PnL&sort_type=desc&offset=0&limit=5'
2025-04-02 18:32:57,588 - trading_bot.utils - ERROR - Failed to fetch https://public-api.birdeye.so/trader/gainers-losers after 3 attempts
2025-04-02 18:32:57,588 - trading_bot.token_analyzer - WARNING - No Birdeye data for top gainers (1h)
2025-04-02 18:32:57,666 - trading_bot.token_analyzer - WARNING - No DexScreener data for top gainers
2025-04-02 18:32:57,822 - trading_bot.utils - WARNING - Fetch attempt 1/3 failed for https://public-api.birdeye.so/trader/gainers-losers: 401, message='Unauthorized', url='https://public-api.birdeye.so/trader/gainers-losers?type=6H&sort_by=PnL&sort_type=desc&offset=0&limit=5'
2025-04-02 18:32:59,951 - trading_bot.utils - WARNING - Fetch attempt 2/3 failed for https://public-api.birdeye.so/trader/gainers-losers: 401, message='Unauthorized', url='https://public-api.birdeye.so/trader/gainers-losers?type=6H&sort_by=PnL&sort_type=desc&offset=0&limit=5'
2025-04-02 18:33:04,091 - trading_bot.utils - WARNING - Fetch attempt 3/3 failed for https://public-api.birdeye.so/trader/gainers-losers: 401, message='Unauthorized', url='https://public-api.birdeye.so/trader/gainers-losers?type=6H&sort_by=PnL&sort_type=desc&offset=0&limit=5'
2025-04-02 18:33:04,093 - trading_bot.utils - ERROR - Failed to fetch https://public-api.birdeye.so/trader/gainers-losers after 3 attempts
2025-04-02 18:33:04,093 - trading_bot.token_analyzer - WARNING - No Birdeye data for top gainers (6h)
2025-04-02 18:33:04,159 - trading_bot.token_analyzer - WARNING - No DexScreener data for top gainers
2025-04-02 18:33:04,328 - trading_bot.utils - WARNING - Fetch attempt 1/3 failed for https://public-api.birdeye.so/trader/gainers-losers: 401, message='Unauthorized', url='https://public-api.birdeye.so/trader/gainers-losers?type=1D&sort_by=PnL&sort_type=desc&offset=0&limit=5'
2025-04-02 18:33:06,483 - trading_bot.utils - WARNING - Fetch attempt 2/3 failed for https://public-api.birdeye.so/trader/gainers-losers: 401, message='Unauthorized', url='https://public-api.birdeye.so/trader/gainers-losers?type=1D&sort_by=PnL&sort_type=desc&offset=0&limit=5'
2025-04-02 18:33:10,628 - trading_bot.utils - WARNING - Fetch attempt 3/3 failed for https://public-api.birdeye.so/trader/gainers-losers: 401, message='Unauthorized', url='https://public-api.birdeye.so/trader/gainers-losers?type=1D&sort_by=PnL&sort_type=desc&offset=0&limit=5'
2025-04-02 18:33:10,630 - trading_bot.utils - ERROR - Failed to fetch https://public-api.birdeye.so/trader/gainers-losers after 3 attempts
2025-04-02 18:33:10,631 - trading_bot.token_analyzer - WARNING - No Birdeye data for top gainers (24h)
2025-04-02 18:33:10,631 - trading_bot.token_scanner - INFO - Found 0 top gainer tokens
2025-04-02 18:33:10,972 - trading_bot.utils - WARNING - Fetch attempt 1/3 failed for https://public-api.birdeye.so/defi/token_trending: 401, message='Unauthorized', url='https://public-api.birdeye.so/defi/token_trending?sort_by=rank&sort_type=asc&offset=0&limit=10'
2025-04-02 18:33:13,107 - trading_bot.utils - WARNING - Fetch attempt 2/3 failed for https://public-api.birdeye.so/defi/token_trending: 401, message='Unauthorized', url='https://public-api.birdeye.so/defi/token_trending?sort_by=rank&sort_type=asc&offset=0&limit=10'
2025-04-02 18:33:17,246 - trading_bot.utils - WARNING - Fetch attempt 3/3 failed for https://public-api.birdeye.so/defi/token_trending: 401, message='Unauthorized', url='https://public-api.birdeye.so/defi/token_trending?sort_by=rank&sort_type=asc&offset=0&limit=10'
2025-04-02 18:33:17,247 - trading_bot.utils - ERROR - Failed to fetch https://public-api.birdeye.so/defi/token_trending after 3 attempts
2025-04-02 18:33:17,248 - trading_bot.token_analyzer - WARNING - No data from Birdeye token trending endpoint, trying alternative
2025-04-02 18:33:17,607 - trading_bot.utils - WARNING - Fetch attempt 1/3 failed for https://public-api.birdeye.so/defi/tokenlist: 401, message='Unauthorized', url='https://public-api.birdeye.so/defi/tokenlist?sort_by=volume24hUSD&sort_type=desc&offset=0&limit=10'
2025-04-02 18:33:19,782 - trading_bot.utils - WARNING - Fetch attempt 2/3 failed for https://public-api.birdeye.so/defi/tokenlist: 401, message='Unauthorized', url='https://public-api.birdeye.so/defi/tokenlist?sort_by=volume24hUSD&sort_type=desc&offset=0&limit=10'
2025-04-02 18:33:23,916 - trading_bot.utils - WARNING - Fetch attempt 3/3 failed for https://public-api.birdeye.so/defi/tokenlist: 401, message='Unauthorized', url='https://public-api.birdeye.so/defi/tokenlist?sort_by=volume24hUSD&sort_type=desc&offset=0&limit=10'
2025-04-02 18:33:23,918 - trading_bot.utils - ERROR - Failed to fetch https://public-api.birdeye.so/defi/tokenlist after 3 attempts
2025-04-02 18:33:23,918 - trading_bot.token_analyzer - WARNING - No data from Birdeye token list endpoint
2025-04-02 18:33:24,065 - trading_bot.token_analyzer - INFO - Successfully fetched DexScreener data from https://api.dexscreener.com/latest/dex/tokens/solana
2025-04-02 18:33:24,065 - trading_bot.token_scanner - ERROR - Error scanning for trending tokens: 'NoneType' object is not iterable
2025-04-02 18:33:24,066 - trading_bot.token_scanner - INFO - Analyzing other discovered tokens...
2025-04-02 18:33:24,068 - trading_bot.token_scanner - ERROR - Token analysis failed: 'TokenAnalyzer' object has no attribute 'evaluate_trading_potential'
2025-04-02 18:33:24,068 - trading_bot.token_scanner - INFO - Scan complete, waiting 60 seconds for next scan
2025-04-02 18:34:24,081 - trading_bot.token_scanner - INFO - Scanning Twitter for tokens...
2025-04-02 18:34:24,451 - trading_bot.token_scanner - INFO - Discovered 1 tokens from Twitter
2025-04-02 18:34:24,452 - trading_bot.token_scanner - INFO - Scanning DexScreener for tokens...
2025-04-02 18:34:24,569 - trading_bot.token_scanner - WARNING - Invalid DexScreener response
2025-04-02 18:34:24,569 - trading_bot.token_scanner - INFO - Analyzing tokens by screening criteria...
2025-04-02 18:34:24,655 - trading_bot.token_analyzer - WARNING - No DexScreener data for top gainers
2025-04-02 18:34:24,809 - trading_bot.utils - WARNING - Fetch attempt 1/3 failed for https://public-api.birdeye.so/trader/gainers-losers: 401, message='Unauthorized', url='https://public-api.birdeye.so/trader/gainers-losers?type=1H&sort_by=PnL&sort_type=desc&offset=0&limit=5'
2025-04-02 18:34:26,946 - trading_bot.utils - WARNING - Fetch attempt 2/3 failed for https://public-api.birdeye.so/trader/gainers-losers: 401, message='Unauthorized', url='https://public-api.birdeye.so/trader/gainers-losers?type=1H&sort_by=PnL&sort_type=desc&offset=0&limit=5'
2025-04-02 18:34:31,087 - trading_bot.utils - WARNING - Fetch attempt 3/3 failed for https://public-api.birdeye.so/trader/gainers-losers: 401, message='Unauthorized', url='https://public-api.birdeye.so/trader/gainers-losers?type=1H&sort_by=PnL&sort_type=desc&offset=0&limit=5'
2025-04-02 18:34:31,088 - trading_bot.utils - ERROR - Failed to fetch https://public-api.birdeye.so/trader/gainers-losers after 3 attempts
2025-04-02 18:34:31,088 - trading_bot.token_analyzer - WARNING - No Birdeye data for top gainers (1h)
2025-04-02 18:34:31,161 - trading_bot.token_analyzer - WARNING - No DexScreener data for top gainers
2025-04-02 18:34:31,497 - trading_bot.utils - WARNING - Fetch attempt 1/3 failed for https://public-api.birdeye.so/trader/gainers-losers: 401, message='Unauthorized', url='https://public-api.birdeye.so/trader/gainers-losers?type=6H&sort_by=PnL&sort_type=desc&offset=0&limit=5'
2025-04-02 18:34:33,638 - trading_bot.utils - WARNING - Fetch attempt 2/3 failed for https://public-api.birdeye.so/trader/gainers-losers: 401, message='Unauthorized', url='https://public-api.birdeye.so/trader/gainers-losers?type=6H&sort_by=PnL&sort_type=desc&offset=0&limit=5'
2025-04-02 18:34:37,781 - trading_bot.utils - WARNING - Fetch attempt 3/3 failed for https://public-api.birdeye.so/trader/gainers-losers: 401, message='Unauthorized', url='https://public-api.birdeye.so/trader/gainers-losers?type=6H&sort_by=PnL&sort_type=desc&offset=0&limit=5'
2025-04-02 18:34:37,783 - trading_bot.utils - ERROR - Failed to fetch https://public-api.birdeye.so/trader/gainers-losers after 3 attempts
2025-04-02 18:34:37,783 - trading_bot.token_analyzer - WARNING - No Birdeye data for top gainers (6h)
2025-04-02 18:34:37,818 - trading_bot.token_analyzer - WARNING - No DexScreener data for top gainers
2025-04-02 18:34:38,003 - trading_bot.utils - WARNING - Fetch attempt 1/3 failed for https://public-api.birdeye.so/trader/gainers-losers: 401, message='Unauthorized', url='https://public-api.birdeye.so/trader/gainers-losers?type=1D&sort_by=PnL&sort_type=desc&offset=0&limit=5'
2025-04-02 18:34:40,141 - trading_bot.utils - WARNING - Fetch attempt 2/3 failed for https://public-api.birdeye.so/trader/gainers-losers: 401, message='Unauthorized', url='https://public-api.birdeye.so/trader/gainers-losers?type=1D&sort_by=PnL&sort_type=desc&offset=0&limit=5'
2025-04-02 18:34:44,287 - trading_bot.utils - WARNING - Fetch attempt 3/3 failed for https://public-api.birdeye.so/trader/gainers-losers: 401, message='Unauthorized', url='https://public-api.birdeye.so/trader/gainers-losers?type=1D&sort_by=PnL&sort_type=desc&offset=0&limit=5'
2025-04-02 18:34:44,289 - trading_bot.utils - ERROR - Failed to fetch https://public-api.birdeye.so/trader/gainers-losers after 3 attempts
2025-04-02 18:34:44,289 - trading_bot.token_analyzer - WARNING - No Birdeye data for top gainers (24h)
2025-04-02 18:34:44,289 - trading_bot.token_scanner - INFO - Found 0 top gainer tokens
2025-04-02 18:34:44,445 - trading_bot.utils - WARNING - Fetch attempt 1/3 failed for https://public-api.birdeye.so/defi/token_trending: 401, message='Unauthorized', url='https://public-api.birdeye.so/defi/token_trending?sort_by=rank&sort_type=asc&offset=0&limit=10'
2025-04-02 18:34:46,592 - trading_bot.utils - WARNING - Fetch attempt 2/3 failed for https://public-api.birdeye.so/defi/token_trending: 401, message='Unauthorized', url='https://public-api.birdeye.so/defi/token_trending?sort_by=rank&sort_type=asc&offset=0&limit=10'
2025-04-02 18:34:50,725 - trading_bot.utils - WARNING - Fetch attempt 3/3 failed for https://public-api.birdeye.so/defi/token_trending: 401, message='Unauthorized', url='https://public-api.birdeye.so/defi/token_trending?sort_by=rank&sort_type=asc&offset=0&limit=10'
2025-04-02 18:34:50,728 - trading_bot.utils - ERROR - Failed to fetch https://public-api.birdeye.so/defi/token_trending after 3 attempts
2025-04-02 18:34:50,728 - trading_bot.token_analyzer - WARNING - No data from Birdeye token trending endpoint, trying alternative
2025-04-02 18:34:50,901 - trading_bot.utils - WARNING - Fetch attempt 1/3 failed for https://public-api.birdeye.so/defi/tokenlist: 401, message='Unauthorized', url='https://public-api.birdeye.so/defi/tokenlist?sort_by=volume24hUSD&sort_type=desc&offset=0&limit=10'
2025-04-02 18:34:53,050 - trading_bot.utils - WARNING - Fetch attempt 2/3 failed for https://public-api.birdeye.so/defi/tokenlist: 401, message='Unauthorized', url='https://public-api.birdeye.so/defi/tokenlist?sort_by=volume24hUSD&sort_type=desc&offset=0&limit=10'
2025-04-02 18:34:57,192 - trading_bot.utils - WARNING - Fetch attempt 3/3 failed for https://public-api.birdeye.so/defi/tokenlist: 401, message='Unauthorized', url='https://public-api.birdeye.so/defi/tokenlist?sort_by=volume24hUSD&sort_type=desc&offset=0&limit=10'
2025-04-02 18:34:57,194 - trading_bot.utils - ERROR - Failed to fetch https://public-api.birdeye.so/defi/tokenlist after 3 attempts
2025-04-02 18:34:57,195 - trading_bot.token_analyzer - WARNING - No data from Birdeye token list endpoint
2025-04-02 18:34:57,362 - trading_bot.token_analyzer - INFO - Successfully fetched DexScreener data from https://api.dexscreener.com/latest/dex/tokens/solana
2025-04-02 18:34:57,363 - trading_bot.token_scanner - ERROR - Error scanning for trending tokens: 'NoneType' object is not iterable
2025-04-02 18:34:57,364 - trading_bot.token_scanner - INFO - Analyzing other discovered tokens...
2025-04-02 18:34:57,366 - trading_bot.token_scanner - ERROR - Token analysis failed: 'TokenAnalyzer' object has no attribute 'evaluate_trading_potential'
2025-04-02 18:34:57,366 - trading_bot.token_scanner - INFO - Scan complete, waiting 60 seconds for next scan
2025-04-02 18:35:57,379 - trading_bot.token_scanner - INFO - Scanning Twitter for tokens...
2025-04-02 18:35:57,804 - trading_bot.token_scanner - INFO - Discovered 1 tokens from Twitter
2025-04-02 18:35:57,805 - trading_bot.token_scanner - INFO - Scanning DexScreener for tokens...
2025-04-02 18:35:58,012 - trading_bot.token_scanner - WARNING - Invalid DexScreener response
2025-04-02 18:35:58,014 - trading_bot.token_scanner - INFO - Analyzing tokens by screening criteria...
2025-04-02 18:35:58,080 - trading_bot.token_analyzer - WARNING - No DexScreener data for top gainers
2025-04-02 18:35:58,253 - trading_bot.utils - WARNING - Fetch attempt 1/3 failed for https://public-api.birdeye.so/trader/gainers-losers: 401, message='Unauthorized', url='https://public-api.birdeye.so/trader/gainers-losers?type=1H&sort_by=PnL&sort_type=desc&offset=0&limit=5'
2025-04-02 18:36:00,413 - trading_bot.utils - WARNING - Fetch attempt 2/3 failed for https://public-api.birdeye.so/trader/gainers-losers: 401, message='Unauthorized', url='https://public-api.birdeye.so/trader/gainers-losers?type=1H&sort_by=PnL&sort_type=desc&offset=0&limit=5'
2025-04-02 18:36:04,561 - trading_bot.utils - WARNING - Fetch attempt 3/3 failed for https://public-api.birdeye.so/trader/gainers-losers: 401, message='Unauthorized', url='https://public-api.birdeye.so/trader/gainers-losers?type=1H&sort_by=PnL&sort_type=desc&offset=0&limit=5'
2025-04-02 18:36:04,564 - trading_bot.utils - ERROR - Failed to fetch https://public-api.birdeye.so/trader/gainers-losers after 3 attempts
2025-04-02 18:36:04,564 - trading_bot.token_analyzer - WARNING - No Birdeye data for top gainers (1h)
2025-04-02 18:36:04,651 - trading_bot.token_analyzer - WARNING - No DexScreener data for top gainers
2025-04-02 18:36:04,812 - trading_bot.utils - WARNING - Fetch attempt 1/3 failed for https://public-api.birdeye.so/trader/gainers-losers: 401, message='Unauthorized', url='https://public-api.birdeye.so/trader/gainers-losers?type=6H&sort_by=PnL&sort_type=desc&offset=0&limit=5'
2025-04-02 18:36:06,940 - trading_bot.utils - WARNING - Fetch attempt 2/3 failed for https://public-api.birdeye.so/trader/gainers-losers: 401, message='Unauthorized', url='https://public-api.birdeye.so/trader/gainers-losers?type=6H&sort_by=PnL&sort_type=desc&offset=0&limit=5'
2025-04-02 18:36:11,323 - trading_bot.solana_trader - INFO - Connected to Solana RPC
2025-04-02 18:36:11,368 - trading_bot.utils - WARNING - Fetch attempt 3/3 failed for https://public-api.birdeye.so/trader/gainers-losers: 401, message='Unauthorized', url='https://public-api.birdeye.so/trader/gainers-losers?type=6H&sort_by=PnL&sort_type=desc&offset=0&limit=5'
2025-04-02 18:36:11,369 - trading_bot.utils - ERROR - Failed to fetch https://public-api.birdeye.so/trader/gainers-losers after 3 attempts
2025-04-02 18:36:11,369 - trading_bot.token_analyzer - WARNING - No Birdeye data for top gainers (6h)
2025-04-02 18:36:11,424 - trading_bot.token_analyzer - WARNING - No DexScreener data for top gainers
2025-04-02 18:36:11,476 - trading_bot - INFO - Current wallet balance: 0.0000 SOL ($0.00)
2025-04-02 18:36:11,570 - trading_bot.token_analyzer - WARNING - No DexScreener data for top gainers
2025-04-02 18:36:11,588 - trading_bot.utils - WARNING - Fetch attempt 1/3 failed for https://public-api.birdeye.so/trader/gainers-losers: 401, message='Unauthorized', url='https://public-api.birdeye.so/trader/gainers-losers?type=1D&sort_by=PnL&sort_type=desc&offset=0&limit=5'
2025-04-02 18:36:11,749 - trading_bot.utils - WARNING - Fetch attempt 1/3 failed for https://public-api.birdeye.so/trader/gainers-losers: 401, message='Unauthorized', url='https://public-api.birdeye.so/trader/gainers-losers?type=1H&sort_by=PnL&sort_type=desc&offset=0&limit=5'
2025-04-02 18:36:13,727 - trading_bot.utils - WARNING - Fetch attempt 2/3 failed for https://public-api.birdeye.so/trader/gainers-losers: 401, message='Unauthorized', url='https://public-api.birdeye.so/trader/gainers-losers?type=1D&sort_by=PnL&sort_type=desc&offset=0&limit=5'
2025-04-02 18:36:13,891 - trading_bot.utils - WARNING - Fetch attempt 2/3 failed for https://public-api.birdeye.so/trader/gainers-losers: 401, message='Unauthorized', url='https://public-api.birdeye.so/trader/gainers-losers?type=1H&sort_by=PnL&sort_type=desc&offset=0&limit=5'
2025-04-02 18:36:17,872 - trading_bot.utils - WARNING - Fetch attempt 3/3 failed for https://public-api.birdeye.so/trader/gainers-losers: 401, message='Unauthorized', url='https://public-api.birdeye.so/trader/gainers-losers?type=1D&sort_by=PnL&sort_type=desc&offset=0&limit=5'
2025-04-02 18:36:17,875 - trading_bot.utils - ERROR - Failed to fetch https://public-api.birdeye.so/trader/gainers-losers after 3 attempts
2025-04-02 18:36:17,875 - trading_bot.token_analyzer - WARNING - No Birdeye data for top gainers (24h)
2025-04-02 18:36:17,875 - trading_bot.token_scanner - INFO - Found 0 top gainer tokens
2025-04-02 18:36:18,041 - trading_bot.utils - WARNING - Fetch attempt 3/3 failed for https://public-api.birdeye.so/trader/gainers-losers: 401, message='Unauthorized', url='https://public-api.birdeye.so/trader/gainers-losers?type=1H&sort_by=PnL&sort_type=desc&offset=0&limit=5'
2025-04-02 18:36:18,043 - trading_bot.utils - ERROR - Failed to fetch https://public-api.birdeye.so/trader/gainers-losers after 3 attempts
2025-04-02 18:36:18,044 - trading_bot.token_analyzer - WARNING - No Birdeye data for top gainers (1h)
2025-04-02 18:36:18,123 - trading_bot.token_analyzer - WARNING - No DexScreener data for top gainers
2025-04-02 18:36:18,220 - trading_bot.utils - WARNING - Fetch attempt 1/3 failed for https://public-api.birdeye.so/defi/token_trending: 401, message='Unauthorized', url='https://public-api.birdeye.so/defi/token_trending?sort_by=rank&sort_type=asc&offset=0&limit=10'
2025-04-02 18:36:18,270 - trading_bot.utils - WARNING - Fetch attempt 1/3 failed for https://public-api.birdeye.so/trader/gainers-losers: 401, message='Unauthorized', url='https://public-api.birdeye.so/trader/gainers-losers?type=6H&sort_by=PnL&sort_type=desc&offset=0&limit=5'
2025-04-02 18:36:20,367 - trading_bot.utils - WARNING - Fetch attempt 2/3 failed for https://public-api.birdeye.so/defi/token_trending: 401, message='Unauthorized', url='https://public-api.birdeye.so/defi/token_trending?sort_by=rank&sort_type=asc&offset=0&limit=10'
2025-04-02 18:36:20,401 - trading_bot.utils - WARNING - Fetch attempt 2/3 failed for https://public-api.birdeye.so/trader/gainers-losers: 401, message='Unauthorized', url='https://public-api.birdeye.so/trader/gainers-losers?type=6H&sort_by=PnL&sort_type=desc&offset=0&limit=5'
2025-04-02 18:36:24,499 - trading_bot.utils - WARNING - Fetch attempt 3/3 failed for https://public-api.birdeye.so/defi/token_trending: 401, message='Unauthorized', url='https://public-api.birdeye.so/defi/token_trending?sort_by=rank&sort_type=asc&offset=0&limit=10'
2025-04-02 18:36:24,501 - trading_bot.utils - ERROR - Failed to fetch https://public-api.birdeye.so/defi/token_trending after 3 attempts
2025-04-02 18:36:24,501 - trading_bot.token_analyzer - WARNING - No data from Birdeye token trending endpoint, trying alternative
2025-04-02 18:36:24,540 - trading_bot.utils - WARNING - Fetch attempt 3/3 failed for https://public-api.birdeye.so/trader/gainers-losers: 401, message='Unauthorized', url='https://public-api.birdeye.so/trader/gainers-losers?type=6H&sort_by=PnL&sort_type=desc&offset=0&limit=5'
2025-04-02 18:36:24,540 - trading_bot.utils - ERROR - Failed to fetch https://public-api.birdeye.so/trader/gainers-losers after 3 attempts
2025-04-02 18:36:24,540 - trading_bot.token_analyzer - WARNING - No Birdeye data for top gainers (6h)
2025-04-02 18:36:24,575 - trading_bot.token_analyzer - WARNING - No DexScreener data for top gainers
2025-04-02 18:36:24,672 - trading_bot.utils - WARNING - Fetch attempt 1/3 failed for https://public-api.birdeye.so/defi/tokenlist: 401, message='Unauthorized', url='https://public-api.birdeye.so/defi/tokenlist?sort_by=volume24hUSD&sort_type=desc&offset=0&limit=10'
2025-04-02 18:36:24,892 - trading_bot.utils - WARNING - Fetch attempt 1/3 failed for https://public-api.birdeye.so/trader/gainers-losers: 401, message='Unauthorized', url='https://public-api.birdeye.so/trader/gainers-losers?type=1D&sort_by=PnL&sort_type=desc&offset=0&limit=5'
2025-04-02 18:36:26,815 - trading_bot.utils - WARNING - Fetch attempt 2/3 failed for https://public-api.birdeye.so/defi/tokenlist: 401, message='Unauthorized', url='https://public-api.birdeye.so/defi/tokenlist?sort_by=volume24hUSD&sort_type=desc&offset=0&limit=10'
2025-04-02 18:36:27,045 - trading_bot.utils - WARNING - Fetch attempt 2/3 failed for https://public-api.birdeye.so/trader/gainers-losers: 401, message='Unauthorized', url='https://public-api.birdeye.so/trader/gainers-losers?type=1D&sort_by=PnL&sort_type=desc&offset=0&limit=5'
2025-04-02 18:36:30,960 - trading_bot.utils - WARNING - Fetch attempt 3/3 failed for https://public-api.birdeye.so/defi/tokenlist: 401, message='Unauthorized', url='https://public-api.birdeye.so/defi/tokenlist?sort_by=volume24hUSD&sort_type=desc&offset=0&limit=10'
2025-04-02 18:36:30,963 - trading_bot.utils - ERROR - Failed to fetch https://public-api.birdeye.so/defi/tokenlist after 3 attempts
2025-04-02 18:36:30,963 - trading_bot.token_analyzer - WARNING - No data from Birdeye token list endpoint
2025-04-02 18:36:31,189 - trading_bot.token_analyzer - INFO - Successfully fetched DexScreener data from https://api.dexscreener.com/latest/dex/tokens/solana
2025-04-02 18:36:31,191 - trading_bot.token_scanner - ERROR - Error scanning for trending tokens: 'NoneType' object is not iterable
2025-04-02 18:36:31,191 - trading_bot.token_scanner - INFO - Analyzing other discovered tokens...
2025-04-02 18:36:31,193 - trading_bot.token_scanner - ERROR - Token analysis failed: 'TokenAnalyzer' object has no attribute 'evaluate_trading_potential'
2025-04-02 18:36:31,193 - trading_bot.token_scanner - INFO - Scan complete, waiting 60 seconds for next scan
2025-04-02 18:36:31,193 - trading_bot.utils - WARNING - Fetch attempt 3/3 failed for https://public-api.birdeye.so/trader/gainers-losers: 401, message='Unauthorized', url='https://public-api.birdeye.so/trader/gainers-losers?type=1D&sort_by=PnL&sort_type=desc&offset=0&limit=5'
2025-04-02 18:36:31,194 - trading_bot.utils - ERROR - Failed to fetch https://public-api.birdeye.so/trader/gainers-losers after 3 attempts
2025-04-02 18:36:31,194 - trading_bot.token_analyzer - WARNING - No Birdeye data for top gainers (24h)
2025-04-02 18:36:31,194 - trading_bot.token_scanner - INFO - Found 0 top gainer tokens
2025-04-02 18:36:31,359 - trading_bot.utils - WARNING - Fetch attempt 1/3 failed for https://public-api.birdeye.so/defi/token_trending: 401, message='Unauthorized', url='https://public-api.birdeye.so/defi/token_trending?sort_by=rank&sort_type=asc&offset=0&limit=10'
2025-04-02 18:36:33,506 - trading_bot.utils - WARNING - Fetch attempt 2/3 failed for https://public-api.birdeye.so/defi/token_trending: 401, message='Unauthorized', url='https://public-api.birdeye.so/defi/token_trending?sort_by=rank&sort_type=asc&offset=0&limit=10'
2025-04-02 18:36:37,642 - trading_bot.utils - WARNING - Fetch attempt 3/3 failed for https://public-api.birdeye.so/defi/token_trending: 401, message='Unauthorized', url='https://public-api.birdeye.so/defi/token_trending?sort_by=rank&sort_type=asc&offset=0&limit=10'
2025-04-02 18:36:37,644 - trading_bot.utils - ERROR - Failed to fetch https://public-api.birdeye.so/defi/token_trending after 3 attempts
2025-04-02 18:36:37,645 - trading_bot.token_analyzer - WARNING - No data from Birdeye token trending endpoint, trying alternative
2025-04-02 18:36:37,849 - trading_bot.utils - WARNING - Fetch attempt 1/3 failed for https://public-api.birdeye.so/defi/tokenlist: 401, message='Unauthorized', url='https://public-api.birdeye.so/defi/tokenlist?sort_by=volume24hUSD&sort_type=desc&offset=0&limit=10'
2025-04-02 18:36:40,006 - trading_bot.utils - WARNING - Fetch attempt 2/3 failed for https://public-api.birdeye.so/defi/tokenlist: 401, message='Unauthorized', url='https://public-api.birdeye.so/defi/tokenlist?sort_by=volume24hUSD&sort_type=desc&offset=0&limit=10'
2025-04-02 18:36:44,142 - trading_bot.utils - WARNING - Fetch attempt 3/3 failed for https://public-api.birdeye.so/defi/tokenlist: 401, message='Unauthorized', url='https://public-api.birdeye.so/defi/tokenlist?sort_by=volume24hUSD&sort_type=desc&offset=0&limit=10'
2025-04-02 18:36:44,143 - trading_bot.utils - ERROR - Failed to fetch https://public-api.birdeye.so/defi/tokenlist after 3 attempts
2025-04-02 18:36:44,143 - trading_bot.token_analyzer - WARNING - No data from Birdeye token list endpoint
2025-04-02 18:36:44,187 - trading_bot.token_analyzer - INFO - Successfully fetched DexScreener data from https://api.dexscreener.com/latest/dex/tokens/solana
2025-04-02 18:36:44,187 - trading_bot.token_scanner - ERROR - Error scanning for trending tokens: 'NoneType' object is not iterable
2025-04-02 18:36:44,188 - trading_bot - INFO - No tokens found meeting screening criteria, analyzing other tokens...
2025-04-02 18:36:44,189 - trading_bot.token_scanner - ERROR - Token analysis failed: 'TokenAnalyzer' object has no attribute 'evaluate_trading_potential'
2025-04-02 18:37:31,201 - trading_bot.token_scanner - INFO - Scanning Twitter for tokens...
2025-04-02 18:37:31,587 - trading_bot.token_scanner - INFO - Discovered 1 tokens from Twitter
2025-04-02 18:37:31,588 - trading_bot.token_scanner - INFO - Scanning DexScreener for tokens...
2025-04-02 18:37:31,712 - trading_bot.token_scanner - WARNING - Invalid DexScreener response
2025-04-02 18:37:31,714 - trading_bot.token_scanner - INFO - Analyzing tokens by screening criteria...
2025-04-02 18:37:31,809 - trading_bot.token_analyzer - WARNING - No DexScreener data for top gainers
2025-04-02 18:37:31,969 - trading_bot.utils - WARNING - Fetch attempt 1/3 failed for https://public-api.birdeye.so/trader/gainers-losers: 401, message='Unauthorized', url='https://public-api.birdeye.so/trader/gainers-losers?type=1H&sort_by=PnL&sort_type=desc&offset=0&limit=5'
2025-04-02 18:37:34,114 - trading_bot.utils - WARNING - Fetch attempt 2/3 failed for https://public-api.birdeye.so/trader/gainers-losers: 401, message='Unauthorized', url='https://public-api.birdeye.so/trader/gainers-losers?type=1H&sort_by=PnL&sort_type=desc&offset=0&limit=5'
2025-04-02 18:37:38,249 - trading_bot.utils - WARNING - Fetch attempt 3/3 failed for https://public-api.birdeye.so/trader/gainers-losers: 401, message='Unauthorized', url='https://public-api.birdeye.so/trader/gainers-losers?type=1H&sort_by=PnL&sort_type=desc&offset=0&limit=5'
2025-04-02 18:37:38,250 - trading_bot.utils - ERROR - Failed to fetch https://public-api.birdeye.so/trader/gainers-losers after 3 attempts
2025-04-02 18:37:38,250 - trading_bot.token_analyzer - WARNING - No Birdeye data for top gainers (1h)
2025-04-02 18:37:38,287 - trading_bot.token_analyzer - WARNING - No DexScreener data for top gainers
2025-04-02 18:37:38,446 - trading_bot.utils - WARNING - Fetch attempt 1/3 failed for https://public-api.birdeye.so/trader/gainers-losers: 401, message='Unauthorized', url='https://public-api.birdeye.so/trader/gainers-losers?type=6H&sort_by=PnL&sort_type=desc&offset=0&limit=5'
2025-04-02 18:37:40,579 - trading_bot.utils - WARNING - Fetch attempt 2/3 failed for https://public-api.birdeye.so/trader/gainers-losers: 401, message='Unauthorized', url='https://public-api.birdeye.so/trader/gainers-losers?type=6H&sort_by=PnL&sort_type=desc&offset=0&limit=5'
2025-04-02 18:37:44,723 - trading_bot.utils - WARNING - Fetch attempt 3/3 failed for https://public-api.birdeye.so/trader/gainers-losers: 401, message='Unauthorized', url='https://public-api.birdeye.so/trader/gainers-losers?type=6H&sort_by=PnL&sort_type=desc&offset=0&limit=5'
2025-04-02 18:37:44,724 - trading_bot.utils - ERROR - Failed to fetch https://public-api.birdeye.so/trader/gainers-losers after 3 attempts
2025-04-02 18:37:44,724 - trading_bot.token_analyzer - WARNING - No Birdeye data for top gainers (6h)
2025-04-02 18:37:44,760 - trading_bot.token_analyzer - WARNING - No DexScreener data for top gainers
2025-04-02 18:37:44,939 - trading_bot.utils - WARNING - Fetch attempt 1/3 failed for https://public-api.birdeye.so/trader/gainers-losers: 401, message='Unauthorized', url='https://public-api.birdeye.so/trader/gainers-losers?type=1D&sort_by=PnL&sort_type=desc&offset=0&limit=5'
2025-04-02 18:37:47,257 - trading_bot.utils - WARNING - Fetch attempt 2/3 failed for https://public-api.birdeye.so/trader/gainers-losers: 401, message='Unauthorized', url='https://public-api.birdeye.so/trader/gainers-losers?type=1D&sort_by=PnL&sort_type=desc&offset=0&limit=5'
2025-04-02 18:37:51,404 - trading_bot.utils - WARNING - Fetch attempt 3/3 failed for https://public-api.birdeye.so/trader/gainers-losers: 401, message='Unauthorized', url='https://public-api.birdeye.so/trader/gainers-losers?type=1D&sort_by=PnL&sort_type=desc&offset=0&limit=5'
2025-04-02 18:37:51,406 - trading_bot.utils - ERROR - Failed to fetch https://public-api.birdeye.so/trader/gainers-losers after 3 attempts
2025-04-02 18:37:51,406 - trading_bot.token_analyzer - WARNING - No Birdeye data for top gainers (24h)
2025-04-02 18:37:51,407 - trading_bot.token_scanner - INFO - Found 0 top gainer tokens
2025-04-02 18:37:51,614 - trading_bot.utils - WARNING - Fetch attempt 1/3 failed for https://public-api.birdeye.so/defi/token_trending: 401, message='Unauthorized', url='https://public-api.birdeye.so/defi/token_trending?sort_by=rank&sort_type=asc&offset=0&limit=10'
2025-04-02 18:37:53,756 - trading_bot.utils - WARNING - Fetch attempt 2/3 failed for https://public-api.birdeye.so/defi/token_trending: 401, message='Unauthorized', url='https://public-api.birdeye.so/defi/token_trending?sort_by=rank&sort_type=asc&offset=0&limit=10'
2025-04-02 18:37:57,897 - trading_bot.utils - WARNING - Fetch attempt 3/3 failed for https://public-api.birdeye.so/defi/token_trending: 401, message='Unauthorized', url='https://public-api.birdeye.so/defi/token_trending?sort_by=rank&sort_type=asc&offset=0&limit=10'
2025-04-02 18:37:57,898 - trading_bot.utils - ERROR - Failed to fetch https://public-api.birdeye.so/defi/token_trending after 3 attempts
2025-04-02 18:37:57,899 - trading_bot.token_analyzer - WARNING - No data from Birdeye token trending endpoint, trying alternative
2025-04-02 18:37:58,047 - trading_bot.utils - WARNING - Fetch attempt 1/3 failed for https://public-api.birdeye.so/defi/tokenlist: 401, message='Unauthorized', url='https://public-api.birdeye.so/defi/tokenlist?sort_by=volume24hUSD&sort_type=desc&offset=0&limit=10'
2025-04-02 18:37:58,363 - trading_bot - CRITICAL - Received signal 2. Initiating graceful shutdown...
2025-04-02 18:38:00,190 - trading_bot.utils - WARNING - Fetch attempt 2/3 failed for https://public-api.birdeye.so/defi/tokenlist: 401, message='Unauthorized', url='https://public-api.birdeye.so/defi/tokenlist?sort_by=volume24hUSD&sort_type=desc&offset=0&limit=10'
2025-04-02 18:38:04,320 - trading_bot.utils - WARNING - Fetch attempt 3/3 failed for https://public-api.birdeye.so/defi/tokenlist: 401, message='Unauthorized', url='https://public-api.birdeye.so/defi/tokenlist?sort_by=volume24hUSD&sort_type=desc&offset=0&limit=10'
2025-04-02 18:38:04,321 - trading_bot.utils - ERROR - Failed to fetch https://public-api.birdeye.so/defi/tokenlist after 3 attempts
2025-04-02 18:38:04,321 - trading_bot.token_analyzer - WARNING - No data from Birdeye token list endpoint
2025-04-02 18:38:04,490 - trading_bot.token_analyzer - INFO - Successfully fetched DexScreener data from https://api.dexscreener.com/latest/dex/tokens/solana
2025-04-02 18:38:04,490 - trading_bot.token_scanner - ERROR - Error scanning for trending tokens: 'NoneType' object is not iterable
2025-04-02 18:38:04,490 - trading_bot.token_scanner - INFO - Analyzing other discovered tokens...
2025-04-02 18:38:04,493 - trading_bot.token_scanner - ERROR - Token analysis failed: 'TokenAnalyzer' object has no attribute 'evaluate_trading_potential'
2025-04-02 18:38:04,493 - trading_bot.token_scanner - INFO - Scan complete, waiting 60 seconds for next scan
2025-04-02 18:38:04,771 - trading_bot - INFO - Closing connections
2025-04-02 18:38:04,771 - trading_bot.solana_trader - INFO - Solana RPC client closed
2025-04-02 18:38:04,772 - trading_bot - INFO - ==================================================
2025-04-02 18:38:04,772 - trading_bot - INFO -    Solana Trading Bot Shutdown Complete
2025-04-02 18:38:04,772 - trading_bot - INFO - ==================================================
2025-04-02 18:38:04,774 - trading_bot - INFO - Bot execution completed
