2025-05-13 00:53:26,162 - database - INFO - Database tables initialized
2025-05-13 00:53:26,700 - solana_trader - INFO - Processing private key as hex string
2025-05-13 00:53:26,701 - solana_trader - INFO - Attempting to create keypair using seed method
2025-05-13 00:53:26,702 - solana_trader - INFO - Wallet address: 16um9NG9V88CWR9vESe42WfmNrDcTNq9jUit5t5mpgf
2025-05-13 00:53:26,703 - trading_bot.birdeye_api - INFO - BirdeyeAPI initialized with DexScreener fallback enabled
2025-05-13 00:53:26,895 - solana_trader - INFO - Connected to Solana network via https://mainnet.helius-rpc.com/?api-key=3c05add4-9974-4e11-a003-ef52c488edee
2025-05-13 00:53:26,969 - solana_trader - INFO - Got SOL price from CoinGecko: $169.44
2025-05-13 00:53:27,127 - trading_bot.dashboard - INFO - Current SOL price for calculations: $169.44
2025-05-13 00:53:27,203 - trading_bot.dashboard - INFO - Updated 48 positions with proper USD values
2025-05-13 00:53:27,292 - trading_bot.utils - WARNING - Detected 'pump' in token address: 3siTgKmX1oWFvKzKtfbNKQ8MFq9kRnA8wQodhbwYpump
2025-05-13 00:53:27,293 - trading_bot.birdeye_api - INFO - Retrieved 1 tokens from DexScreener
2025-05-13 00:53:27,294 - trading_bot.birdeye_api - INFO - Found 1 trending tokens
2025-05-13 00:53:27,295 - trading_bot.dashboard - INFO - Calculating stats from 50 trades
2025-05-13 00:53:27,297 - trading_bot.dashboard - INFO - Found 0 completed (SELL) trades
2025-05-13 00:53:27,297 - trading_bot.dashboard - INFO - No completed trades found for statistics
2025-05-13 00:53:27,300 - database - INFO - Database tables initialized
2025-05-13 00:53:27,313 - trading_bot.birdeye_api - INFO - BirdeyeAPI initialized with DexScreener fallback enabled
2025-05-13 00:53:27,314 - trading_bot.token_scanner - INFO - Twitter client initialized
2025-05-13 00:53:27,314 - solana_trader - INFO - Closing SolanaTrader connections
2025-05-13 00:53:28,089 - trading_bot - ERROR - Error parsing timestamp 2025-05-13 12:48:33 AM ET: Invalid isoformat string: '2025-05-13 12:48:33 AM ET'
2025-05-13 00:53:28,089 - trading_bot - ERROR - Error parsing timestamp 2025-05-13 12:48:33 AM ET: Invalid isoformat string: '2025-05-13 12:48:33 AM ET'
2025-05-13 00:53:28,090 - trading_bot - ERROR - Error parsing timestamp 2025-05-13 12:48:32 AM ET: Invalid isoformat string: '2025-05-13 12:48:32 AM ET'
2025-05-13 00:53:28,091 - trading_bot - ERROR - Error parsing timestamp 2025-05-13 12:48:32 AM ET: Invalid isoformat string: '2025-05-13 12:48:32 AM ET'
2025-05-13 00:53:28,091 - trading_bot - ERROR - Error parsing timestamp 2025-05-13 12:48:32 AM ET: Invalid isoformat string: '2025-05-13 12:48:32 AM ET'
2025-05-13 00:53:28,092 - trading_bot - ERROR - Error parsing timestamp 2025-05-13 12:36:01 AM ET: Invalid isoformat string: '2025-05-13 12:36:01 AM ET'
2025-05-13 00:53:28,092 - trading_bot - ERROR - Error parsing timestamp 2025-05-13 12:36:01 AM ET: Invalid isoformat string: '2025-05-13 12:36:01 AM ET'
2025-05-13 00:53:28,093 - trading_bot - ERROR - Error parsing timestamp 2025-05-13 12:36:01 AM ET: Invalid isoformat string: '2025-05-13 12:36:01 AM ET'
2025-05-13 00:53:28,094 - trading_bot - ERROR - Error parsing timestamp 2025-05-13 12:36:00 AM ET: Invalid isoformat string: '2025-05-13 12:36:00 AM ET'
2025-05-13 00:53:28,094 - trading_bot - ERROR - Error parsing timestamp 2025-05-13 12:36:00 AM ET: Invalid isoformat string: '2025-05-13 12:36:00 AM ET'
2025-05-13 00:53:28,095 - trading_bot - ERROR - Error parsing timestamp 2025-05-13 12:30:55 AM ET: Invalid isoformat string: '2025-05-13 12:30:55 AM ET'
2025-05-13 00:53:28,096 - trading_bot - ERROR - Error parsing timestamp 2025-05-13 12:25:50 AM ET: Invalid isoformat string: '2025-05-13 12:25:50 AM ET'
2025-05-13 00:53:28,096 - trading_bot - ERROR - Error parsing timestamp 2025-05-13 12:21:33 AM ET: Invalid isoformat string: '2025-05-13 12:21:33 AM ET'
2025-05-13 00:53:28,096 - trading_bot - ERROR - Error parsing timestamp 2025-05-13 12:21:33 AM ET: Invalid isoformat string: '2025-05-13 12:21:33 AM ET'
2025-05-13 00:53:28,096 - trading_bot - ERROR - Error parsing timestamp 2025-05-13 12:21:33 AM ET: Invalid isoformat string: '2025-05-13 12:21:33 AM ET'
2025-05-13 00:53:28,097 - trading_bot - ERROR - Error parsing timestamp 2025-05-13 12:21:33 AM ET: Invalid isoformat string: '2025-05-13 12:21:33 AM ET'
2025-05-13 00:53:28,097 - trading_bot - ERROR - Error parsing timestamp 2025-05-13 12:21:32 AM ET: Invalid isoformat string: '2025-05-13 12:21:32 AM ET'
2025-05-13 00:53:28,097 - trading_bot - ERROR - Error parsing timestamp 2025-05-13 12:21:32 AM ET: Invalid isoformat string: '2025-05-13 12:21:32 AM ET'
2025-05-13 00:53:28,097 - trading_bot - ERROR - Error parsing timestamp 2025-05-13 12:21:32 AM ET: Invalid isoformat string: '2025-05-13 12:21:32 AM ET'
2025-05-13 00:53:28,098 - trading_bot - ERROR - Error parsing timestamp 2025-05-13 12:21:32 AM ET: Invalid isoformat string: '2025-05-13 12:21:32 AM ET'
2025-05-13 00:53:28,098 - trading_bot - ERROR - Error parsing timestamp 2025-05-13 12:21:32 AM ET: Invalid isoformat string: '2025-05-13 12:21:32 AM ET'
2025-05-13 00:53:28,099 - trading_bot - ERROR - Error parsing timestamp 2025-05-13 12:06:11 AM ET: Invalid isoformat string: '2025-05-13 12:06:11 AM ET'
2025-05-13 00:53:28,099 - trading_bot - ERROR - Error parsing timestamp 2025-05-13 12:06:11 AM ET: Invalid isoformat string: '2025-05-13 12:06:11 AM ET'
2025-05-13 00:53:28,099 - trading_bot - ERROR - Error parsing timestamp 2025-05-13 12:06:10 AM ET: Invalid isoformat string: '2025-05-13 12:06:10 AM ET'
2025-05-13 00:53:28,099 - trading_bot - ERROR - Error parsing timestamp 2025-05-13 12:06:10 AM ET: Invalid isoformat string: '2025-05-13 12:06:10 AM ET'
2025-05-13 00:53:28,100 - trading_bot - ERROR - Error parsing timestamp 2025-05-13 12:06:10 AM ET: Invalid isoformat string: '2025-05-13 12:06:10 AM ET'
2025-05-13 00:53:28,100 - trading_bot - ERROR - Error parsing timestamp 2025-05-13 12:00:59 AM ET: Invalid isoformat string: '2025-05-13 12:00:59 AM ET'
2025-05-13 00:53:28,100 - trading_bot - ERROR - Error parsing timestamp 2025-05-13 12:00:59 AM ET: Invalid isoformat string: '2025-05-13 12:00:59 AM ET'
2025-05-13 00:53:28,101 - trading_bot - ERROR - Error parsing timestamp 2025-05-13 12:00:59 AM ET: Invalid isoformat string: '2025-05-13 12:00:59 AM ET'
2025-05-13 00:53:28,102 - trading_bot - ERROR - Error parsing timestamp 2025-05-13 12:00:59 AM ET: Invalid isoformat string: '2025-05-13 12:00:59 AM ET'
2025-05-13 00:53:28,102 - trading_bot - ERROR - Error parsing timestamp 2025-05-13 12:00:59 AM ET: Invalid isoformat string: '2025-05-13 12:00:59 AM ET'
2025-05-13 00:53:28,103 - trading_bot - ERROR - Error parsing timestamp 2025-05-13 12:00:59 AM ET: Invalid isoformat string: '2025-05-13 12:00:59 AM ET'
2025-05-13 00:53:28,103 - trading_bot - ERROR - Error parsing timestamp 2025-05-12 11:56:32 PM ET: Invalid isoformat string: '2025-05-12 11:56:32 PM ET'
2025-05-13 00:53:28,104 - trading_bot - ERROR - Error parsing timestamp 2025-05-12 11:56:32 PM ET: Invalid isoformat string: '2025-05-12 11:56:32 PM ET'
2025-05-13 00:53:28,105 - trading_bot - ERROR - Error parsing timestamp 2025-05-12 11:56:32 PM ET: Invalid isoformat string: '2025-05-12 11:56:32 PM ET'
2025-05-13 00:53:28,105 - trading_bot - ERROR - Error parsing timestamp 2025-05-12 11:56:32 PM ET: Invalid isoformat string: '2025-05-12 11:56:32 PM ET'
2025-05-13 00:53:28,106 - trading_bot - ERROR - Error parsing timestamp 2025-05-12 11:56:32 PM ET: Invalid isoformat string: '2025-05-12 11:56:32 PM ET'
2025-05-13 00:53:28,106 - trading_bot - ERROR - Error parsing timestamp 2025-05-12 11:51:35 PM ET: Invalid isoformat string: '2025-05-12 11:51:35 PM ET'
2025-05-13 00:53:28,106 - trading_bot - ERROR - Error parsing timestamp 2025-05-12 11:51:35 PM ET: Invalid isoformat string: '2025-05-12 11:51:35 PM ET'
2025-05-13 00:53:28,107 - trading_bot - ERROR - Error parsing timestamp 2025-05-12 11:51:35 PM ET: Invalid isoformat string: '2025-05-12 11:51:35 PM ET'
2025-05-13 00:53:28,107 - trading_bot - ERROR - Error parsing timestamp 2025-05-12 11:51:35 PM ET: Invalid isoformat string: '2025-05-12 11:51:35 PM ET'
2025-05-13 00:53:28,108 - trading_bot - ERROR - Error parsing timestamp 2025-05-12 11:46:25 PM ET: Invalid isoformat string: '2025-05-12 11:46:25 PM ET'
2025-05-13 00:53:28,108 - trading_bot - ERROR - Error parsing timestamp 2025-05-12 11:46:25 PM ET: Invalid isoformat string: '2025-05-12 11:46:25 PM ET'
2025-05-13 00:53:28,108 - trading_bot - ERROR - Error parsing timestamp 2025-05-12 11:46:25 PM ET: Invalid isoformat string: '2025-05-12 11:46:25 PM ET'
2025-05-13 00:53:28,108 - trading_bot - ERROR - Error parsing timestamp 2025-05-12 11:46:25 PM ET: Invalid isoformat string: '2025-05-12 11:46:25 PM ET'
2025-05-13 00:53:28,108 - trading_bot - ERROR - Error parsing timestamp 2025-05-12 11:46:25 PM ET: Invalid isoformat string: '2025-05-12 11:46:25 PM ET'
2025-05-13 00:53:28,108 - trading_bot - ERROR - Error parsing timestamp 2025-05-12 11:46:25 PM ET: Invalid isoformat string: '2025-05-12 11:46:25 PM ET'
2025-05-13 00:53:28,108 - trading_bot - ERROR - Error parsing timestamp 2025-05-12 11:46:25 PM ET: Invalid isoformat string: '2025-05-12 11:46:25 PM ET'
2025-05-13 00:53:28,109 - trading_bot - ERROR - Error parsing timestamp 2025-05-12 11:46:25 PM ET: Invalid isoformat string: '2025-05-12 11:46:25 PM ET'
2025-05-13 00:53:28,109 - trading_bot - ERROR - Error parsing timestamp 2025-05-12 11:46:24 PM ET: Invalid isoformat string: '2025-05-12 11:46:24 PM ET'
2025-05-13 00:53:28,134 - trading_bot - ERROR - Error parsing timestamp 2025-05-13 12:48:33 AM ET: Invalid isoformat string: '2025-05-13 12:48:33 AM ET'
2025-05-13 00:53:28,135 - trading_bot - ERROR - Error parsing timestamp 2025-05-13 12:48:33 AM ET: Invalid isoformat string: '2025-05-13 12:48:33 AM ET'
2025-05-13 00:53:28,136 - trading_bot - ERROR - Error parsing timestamp 2025-05-13 12:48:32 AM ET: Invalid isoformat string: '2025-05-13 12:48:32 AM ET'
2025-05-13 00:53:28,137 - trading_bot - ERROR - Error parsing timestamp 2025-05-13 12:48:32 AM ET: Invalid isoformat string: '2025-05-13 12:48:32 AM ET'
2025-05-13 00:53:28,138 - trading_bot - ERROR - Error parsing timestamp 2025-05-13 12:48:32 AM ET: Invalid isoformat string: '2025-05-13 12:48:32 AM ET'
2025-05-13 00:53:28,139 - trading_bot - ERROR - Error parsing timestamp 2025-05-13 12:36:01 AM ET: Invalid isoformat string: '2025-05-13 12:36:01 AM ET'
2025-05-13 00:53:28,140 - trading_bot - ERROR - Error parsing timestamp 2025-05-13 12:36:01 AM ET: Invalid isoformat string: '2025-05-13 12:36:01 AM ET'
2025-05-13 00:53:28,140 - trading_bot - ERROR - Error parsing timestamp 2025-05-13 12:36:01 AM ET: Invalid isoformat string: '2025-05-13 12:36:01 AM ET'
2025-05-13 00:53:28,141 - trading_bot - ERROR - Error parsing timestamp 2025-05-13 12:36:00 AM ET: Invalid isoformat string: '2025-05-13 12:36:00 AM ET'
2025-05-13 00:53:28,142 - trading_bot - ERROR - Error parsing timestamp 2025-05-13 12:36:00 AM ET: Invalid isoformat string: '2025-05-13 12:36:00 AM ET'
2025-05-13 00:53:28,143 - trading_bot - ERROR - Error parsing timestamp 2025-05-13 12:30:55 AM ET: Invalid isoformat string: '2025-05-13 12:30:55 AM ET'
2025-05-13 00:53:28,144 - trading_bot - ERROR - Error parsing timestamp 2025-05-13 12:25:50 AM ET: Invalid isoformat string: '2025-05-13 12:25:50 AM ET'
2025-05-13 00:53:28,144 - trading_bot - ERROR - Error parsing timestamp 2025-05-13 12:21:33 AM ET: Invalid isoformat string: '2025-05-13 12:21:33 AM ET'
2025-05-13 00:53:28,145 - trading_bot - ERROR - Error parsing timestamp 2025-05-13 12:21:33 AM ET: Invalid isoformat string: '2025-05-13 12:21:33 AM ET'
2025-05-13 00:53:28,146 - trading_bot - ERROR - Error parsing timestamp 2025-05-13 12:21:33 AM ET: Invalid isoformat string: '2025-05-13 12:21:33 AM ET'
2025-05-13 00:53:28,147 - trading_bot - ERROR - Error parsing timestamp 2025-05-13 12:21:33 AM ET: Invalid isoformat string: '2025-05-13 12:21:33 AM ET'
2025-05-13 00:53:28,148 - trading_bot - ERROR - Error parsing timestamp 2025-05-13 12:21:32 AM ET: Invalid isoformat string: '2025-05-13 12:21:32 AM ET'
2025-05-13 00:53:28,149 - trading_bot - ERROR - Error parsing timestamp 2025-05-13 12:21:32 AM ET: Invalid isoformat string: '2025-05-13 12:21:32 AM ET'
2025-05-13 00:53:28,149 - trading_bot - ERROR - Error parsing timestamp 2025-05-13 12:21:32 AM ET: Invalid isoformat string: '2025-05-13 12:21:32 AM ET'
2025-05-13 00:53:28,150 - trading_bot - ERROR - Error parsing timestamp 2025-05-13 12:21:32 AM ET: Invalid isoformat string: '2025-05-13 12:21:32 AM ET'
2025-05-13 00:53:28,151 - trading_bot - ERROR - Error parsing timestamp 2025-05-13 12:21:32 AM ET: Invalid isoformat string: '2025-05-13 12:21:32 AM ET'
2025-05-13 00:53:28,152 - trading_bot - ERROR - Error parsing timestamp 2025-05-13 12:06:11 AM ET: Invalid isoformat string: '2025-05-13 12:06:11 AM ET'
2025-05-13 00:53:28,153 - trading_bot - ERROR - Error parsing timestamp 2025-05-13 12:06:11 AM ET: Invalid isoformat string: '2025-05-13 12:06:11 AM ET'
2025-05-13 00:53:28,154 - trading_bot - ERROR - Error parsing timestamp 2025-05-13 12:06:10 AM ET: Invalid isoformat string: '2025-05-13 12:06:10 AM ET'
2025-05-13 00:53:28,155 - trading_bot - ERROR - Error parsing timestamp 2025-05-13 12:06:10 AM ET: Invalid isoformat string: '2025-05-13 12:06:10 AM ET'
2025-05-13 00:53:28,156 - trading_bot - ERROR - Error parsing timestamp 2025-05-13 12:06:10 AM ET: Invalid isoformat string: '2025-05-13 12:06:10 AM ET'
2025-05-13 00:53:28,156 - trading_bot - ERROR - Error parsing timestamp 2025-05-13 12:00:59 AM ET: Invalid isoformat string: '2025-05-13 12:00:59 AM ET'
2025-05-13 00:53:28,157 - trading_bot - ERROR - Error parsing timestamp 2025-05-13 12:00:59 AM ET: Invalid isoformat string: '2025-05-13 12:00:59 AM ET'
2025-05-13 00:53:28,157 - trading_bot - ERROR - Error parsing timestamp 2025-05-13 12:00:59 AM ET: Invalid isoformat string: '2025-05-13 12:00:59 AM ET'
2025-05-13 00:53:28,158 - trading_bot - ERROR - Error parsing timestamp 2025-05-13 12:00:59 AM ET: Invalid isoformat string: '2025-05-13 12:00:59 AM ET'
2025-05-13 00:53:28,158 - trading_bot - ERROR - Error parsing timestamp 2025-05-13 12:00:59 AM ET: Invalid isoformat string: '2025-05-13 12:00:59 AM ET'
2025-05-13 00:53:28,159 - trading_bot - ERROR - Error parsing timestamp 2025-05-13 12:00:59 AM ET: Invalid isoformat string: '2025-05-13 12:00:59 AM ET'
2025-05-13 00:53:28,159 - trading_bot - ERROR - Error parsing timestamp 2025-05-12 11:56:32 PM ET: Invalid isoformat string: '2025-05-12 11:56:32 PM ET'
2025-05-13 00:53:28,159 - trading_bot - ERROR - Error parsing timestamp 2025-05-12 11:56:32 PM ET: Invalid isoformat string: '2025-05-12 11:56:32 PM ET'
2025-05-13 00:53:28,160 - trading_bot - ERROR - Error parsing timestamp 2025-05-12 11:56:32 PM ET: Invalid isoformat string: '2025-05-12 11:56:32 PM ET'
2025-05-13 00:53:28,160 - trading_bot - ERROR - Error parsing timestamp 2025-05-12 11:56:32 PM ET: Invalid isoformat string: '2025-05-12 11:56:32 PM ET'
2025-05-13 00:53:28,160 - trading_bot - ERROR - Error parsing timestamp 2025-05-12 11:56:32 PM ET: Invalid isoformat string: '2025-05-12 11:56:32 PM ET'
2025-05-13 00:53:28,161 - trading_bot - ERROR - Error parsing timestamp 2025-05-12 11:51:35 PM ET: Invalid isoformat string: '2025-05-12 11:51:35 PM ET'
2025-05-13 00:53:28,161 - trading_bot - ERROR - Error parsing timestamp 2025-05-12 11:51:35 PM ET: Invalid isoformat string: '2025-05-12 11:51:35 PM ET'
2025-05-13 00:53:28,162 - trading_bot - ERROR - Error parsing timestamp 2025-05-12 11:51:35 PM ET: Invalid isoformat string: '2025-05-12 11:51:35 PM ET'
2025-05-13 00:53:28,163 - trading_bot - ERROR - Error parsing timestamp 2025-05-12 11:51:35 PM ET: Invalid isoformat string: '2025-05-12 11:51:35 PM ET'
2025-05-13 00:53:28,163 - trading_bot - ERROR - Error parsing timestamp 2025-05-12 11:46:25 PM ET: Invalid isoformat string: '2025-05-12 11:46:25 PM ET'
2025-05-13 00:53:28,163 - trading_bot - ERROR - Error parsing timestamp 2025-05-12 11:46:25 PM ET: Invalid isoformat string: '2025-05-12 11:46:25 PM ET'
2025-05-13 00:53:28,164 - trading_bot - ERROR - Error parsing timestamp 2025-05-12 11:46:25 PM ET: Invalid isoformat string: '2025-05-12 11:46:25 PM ET'
2025-05-13 00:53:28,165 - trading_bot - ERROR - Error parsing timestamp 2025-05-12 11:46:25 PM ET: Invalid isoformat string: '2025-05-12 11:46:25 PM ET'
2025-05-13 00:53:28,166 - trading_bot - ERROR - Error parsing timestamp 2025-05-12 11:46:25 PM ET: Invalid isoformat string: '2025-05-12 11:46:25 PM ET'
2025-05-13 00:53:28,166 - trading_bot - ERROR - Error parsing timestamp 2025-05-12 11:46:25 PM ET: Invalid isoformat string: '2025-05-12 11:46:25 PM ET'
2025-05-13 00:53:28,167 - trading_bot - ERROR - Error parsing timestamp 2025-05-12 11:46:25 PM ET: Invalid isoformat string: '2025-05-12 11:46:25 PM ET'
2025-05-13 00:53:28,167 - trading_bot - ERROR - Error parsing timestamp 2025-05-12 11:46:25 PM ET: Invalid isoformat string: '2025-05-12 11:46:25 PM ET'
2025-05-13 00:53:28,167 - trading_bot - ERROR - Error parsing timestamp 2025-05-12 11:46:24 PM ET: Invalid isoformat string: '2025-05-12 11:46:24 PM ET'
2025-05-13 00:53:59,472 - database - INFO - Database tables initialized
2025-05-13 00:54:00,108 - solana_trader - INFO - Processing private key as hex string
2025-05-13 00:54:00,108 - solana_trader - INFO - Attempting to create keypair using seed method
2025-05-13 00:54:00,109 - solana_trader - INFO - Wallet address: 16um9NG9V88CWR9vESe42WfmNrDcTNq9jUit5t5mpgf
2025-05-13 00:54:00,109 - trading_bot.birdeye_api - INFO - BirdeyeAPI initialized with DexScreener fallback enabled
2025-05-13 00:54:00,240 - solana_trader - INFO - Connected to Solana network via https://mainnet.helius-rpc.com/?api-key=3c05add4-9974-4e11-a003-ef52c488edee
2025-05-13 00:54:00,504 - trading_bot.dashboard - INFO - Current SOL price for calculations: $169.44
2025-05-13 00:54:00,579 - trading_bot.dashboard - INFO - Updated 53 positions with proper USD values
2025-05-13 00:54:00,696 - trading_bot.utils - WARNING - Detected 'pump' in token address: 3siTgKmX1oWFvKzKtfbNKQ8MFq9kRnA8wQodhbwYpump
2025-05-13 00:54:00,698 - trading_bot.birdeye_api - INFO - Retrieved 1 tokens from DexScreener
2025-05-13 00:54:00,699 - trading_bot.birdeye_api - INFO - Found 1 trending tokens
2025-05-13 00:54:00,700 - trading_bot.dashboard - INFO - Calculating stats from 50 trades
2025-05-13 00:54:00,702 - trading_bot.dashboard - INFO - Found 0 completed (SELL) trades
2025-05-13 00:54:00,703 - trading_bot.dashboard - INFO - No completed trades found for statistics
2025-05-13 00:54:00,707 - database - INFO - Database tables initialized
2025-05-13 00:54:00,722 - trading_bot.birdeye_api - INFO - BirdeyeAPI initialized with DexScreener fallback enabled
2025-05-13 00:54:00,723 - trading_bot.token_scanner - INFO - Twitter client initialized
2025-05-13 00:54:00,724 - solana_trader - INFO - Closing SolanaTrader connections
2025-05-13 00:54:01,143 - trading_bot - ERROR - Error parsing timestamp 2025-05-13 12:53:38 AM ET: Invalid isoformat string: '2025-05-13 12:53:38 AM ET'
2025-05-13 00:54:01,144 - trading_bot - ERROR - Error parsing timestamp 2025-05-13 12:53:38 AM ET: Invalid isoformat string: '2025-05-13 12:53:38 AM ET'
2025-05-13 00:54:01,145 - trading_bot - ERROR - Error parsing timestamp 2025-05-13 12:53:38 AM ET: Invalid isoformat string: '2025-05-13 12:53:38 AM ET'
2025-05-13 00:54:01,146 - trading_bot - ERROR - Error parsing timestamp 2025-05-13 12:53:38 AM ET: Invalid isoformat string: '2025-05-13 12:53:38 AM ET'
2025-05-13 00:54:01,147 - trading_bot - ERROR - Error parsing timestamp 2025-05-13 12:53:37 AM ET: Invalid isoformat string: '2025-05-13 12:53:37 AM ET'
2025-05-13 00:54:01,148 - trading_bot - ERROR - Error parsing timestamp 2025-05-13 12:48:33 AM ET: Invalid isoformat string: '2025-05-13 12:48:33 AM ET'
2025-05-13 00:54:01,149 - trading_bot - ERROR - Error parsing timestamp 2025-05-13 12:48:33 AM ET: Invalid isoformat string: '2025-05-13 12:48:33 AM ET'
2025-05-13 00:54:01,150 - trading_bot - ERROR - Error parsing timestamp 2025-05-13 12:48:32 AM ET: Invalid isoformat string: '2025-05-13 12:48:32 AM ET'
2025-05-13 00:54:01,150 - trading_bot - ERROR - Error parsing timestamp 2025-05-13 12:48:32 AM ET: Invalid isoformat string: '2025-05-13 12:48:32 AM ET'
2025-05-13 00:54:01,151 - trading_bot - ERROR - Error parsing timestamp 2025-05-13 12:48:32 AM ET: Invalid isoformat string: '2025-05-13 12:48:32 AM ET'
2025-05-13 00:54:01,152 - trading_bot - ERROR - Error parsing timestamp 2025-05-13 12:36:01 AM ET: Invalid isoformat string: '2025-05-13 12:36:01 AM ET'
2025-05-13 00:54:01,153 - trading_bot - ERROR - Error parsing timestamp 2025-05-13 12:36:01 AM ET: Invalid isoformat string: '2025-05-13 12:36:01 AM ET'
2025-05-13 00:54:01,154 - trading_bot - ERROR - Error parsing timestamp 2025-05-13 12:36:01 AM ET: Invalid isoformat string: '2025-05-13 12:36:01 AM ET'
2025-05-13 00:54:01,155 - trading_bot - ERROR - Error parsing timestamp 2025-05-13 12:36:00 AM ET: Invalid isoformat string: '2025-05-13 12:36:00 AM ET'
2025-05-13 00:54:01,155 - trading_bot - ERROR - Error parsing timestamp 2025-05-13 12:36:00 AM ET: Invalid isoformat string: '2025-05-13 12:36:00 AM ET'
2025-05-13 00:54:01,157 - trading_bot - ERROR - Error parsing timestamp 2025-05-13 12:30:55 AM ET: Invalid isoformat string: '2025-05-13 12:30:55 AM ET'
2025-05-13 00:54:01,158 - trading_bot - ERROR - Error parsing timestamp 2025-05-13 12:25:50 AM ET: Invalid isoformat string: '2025-05-13 12:25:50 AM ET'
2025-05-13 00:54:01,158 - trading_bot - ERROR - Error parsing timestamp 2025-05-13 12:21:33 AM ET: Invalid isoformat string: '2025-05-13 12:21:33 AM ET'
2025-05-13 00:54:01,159 - trading_bot - ERROR - Error parsing timestamp 2025-05-13 12:21:33 AM ET: Invalid isoformat string: '2025-05-13 12:21:33 AM ET'
2025-05-13 00:54:01,160 - trading_bot - ERROR - Error parsing timestamp 2025-05-13 12:21:33 AM ET: Invalid isoformat string: '2025-05-13 12:21:33 AM ET'
2025-05-13 00:54:01,160 - trading_bot - ERROR - Error parsing timestamp 2025-05-13 12:21:33 AM ET: Invalid isoformat string: '2025-05-13 12:21:33 AM ET'
2025-05-13 00:54:01,161 - trading_bot - ERROR - Error parsing timestamp 2025-05-13 12:21:32 AM ET: Invalid isoformat string: '2025-05-13 12:21:32 AM ET'
2025-05-13 00:54:01,162 - trading_bot - ERROR - Error parsing timestamp 2025-05-13 12:21:32 AM ET: Invalid isoformat string: '2025-05-13 12:21:32 AM ET'
2025-05-13 00:54:01,163 - trading_bot - ERROR - Error parsing timestamp 2025-05-13 12:21:32 AM ET: Invalid isoformat string: '2025-05-13 12:21:32 AM ET'
2025-05-13 00:54:01,164 - trading_bot - ERROR - Error parsing timestamp 2025-05-13 12:21:32 AM ET: Invalid isoformat string: '2025-05-13 12:21:32 AM ET'
2025-05-13 00:54:01,165 - trading_bot - ERROR - Error parsing timestamp 2025-05-13 12:21:32 AM ET: Invalid isoformat string: '2025-05-13 12:21:32 AM ET'
2025-05-13 00:54:01,165 - trading_bot - ERROR - Error parsing timestamp 2025-05-13 12:06:11 AM ET: Invalid isoformat string: '2025-05-13 12:06:11 AM ET'
2025-05-13 00:54:01,165 - trading_bot - ERROR - Error parsing timestamp 2025-05-13 12:06:11 AM ET: Invalid isoformat string: '2025-05-13 12:06:11 AM ET'
2025-05-13 00:54:01,166 - trading_bot - ERROR - Error parsing timestamp 2025-05-13 12:06:10 AM ET: Invalid isoformat string: '2025-05-13 12:06:10 AM ET'
2025-05-13 00:54:01,166 - trading_bot - ERROR - Error parsing timestamp 2025-05-13 12:06:10 AM ET: Invalid isoformat string: '2025-05-13 12:06:10 AM ET'
2025-05-13 00:54:01,167 - trading_bot - ERROR - Error parsing timestamp 2025-05-13 12:06:10 AM ET: Invalid isoformat string: '2025-05-13 12:06:10 AM ET'
2025-05-13 00:54:01,168 - trading_bot - ERROR - Error parsing timestamp 2025-05-13 12:00:59 AM ET: Invalid isoformat string: '2025-05-13 12:00:59 AM ET'
2025-05-13 00:54:01,168 - trading_bot - ERROR - Error parsing timestamp 2025-05-13 12:00:59 AM ET: Invalid isoformat string: '2025-05-13 12:00:59 AM ET'
2025-05-13 00:54:01,168 - trading_bot - ERROR - Error parsing timestamp 2025-05-13 12:00:59 AM ET: Invalid isoformat string: '2025-05-13 12:00:59 AM ET'
2025-05-13 00:54:01,168 - trading_bot - ERROR - Error parsing timestamp 2025-05-13 12:00:59 AM ET: Invalid isoformat string: '2025-05-13 12:00:59 AM ET'
2025-05-13 00:54:01,169 - trading_bot - ERROR - Error parsing timestamp 2025-05-13 12:00:59 AM ET: Invalid isoformat string: '2025-05-13 12:00:59 AM ET'
2025-05-13 00:54:01,169 - trading_bot - ERROR - Error parsing timestamp 2025-05-13 12:00:59 AM ET: Invalid isoformat string: '2025-05-13 12:00:59 AM ET'
2025-05-13 00:54:01,169 - trading_bot - ERROR - Error parsing timestamp 2025-05-12 11:56:32 PM ET: Invalid isoformat string: '2025-05-12 11:56:32 PM ET'
2025-05-13 00:54:01,169 - trading_bot - ERROR - Error parsing timestamp 2025-05-12 11:56:32 PM ET: Invalid isoformat string: '2025-05-12 11:56:32 PM ET'
2025-05-13 00:54:01,170 - trading_bot - ERROR - Error parsing timestamp 2025-05-12 11:56:32 PM ET: Invalid isoformat string: '2025-05-12 11:56:32 PM ET'
2025-05-13 00:54:01,170 - trading_bot - ERROR - Error parsing timestamp 2025-05-12 11:56:32 PM ET: Invalid isoformat string: '2025-05-12 11:56:32 PM ET'
2025-05-13 00:54:01,170 - trading_bot - ERROR - Error parsing timestamp 2025-05-12 11:56:32 PM ET: Invalid isoformat string: '2025-05-12 11:56:32 PM ET'
2025-05-13 00:54:01,170 - trading_bot - ERROR - Error parsing timestamp 2025-05-12 11:51:35 PM ET: Invalid isoformat string: '2025-05-12 11:51:35 PM ET'
2025-05-13 00:54:01,171 - trading_bot - ERROR - Error parsing timestamp 2025-05-12 11:51:35 PM ET: Invalid isoformat string: '2025-05-12 11:51:35 PM ET'
2025-05-13 00:54:01,171 - trading_bot - ERROR - Error parsing timestamp 2025-05-12 11:51:35 PM ET: Invalid isoformat string: '2025-05-12 11:51:35 PM ET'
2025-05-13 00:54:01,172 - trading_bot - ERROR - Error parsing timestamp 2025-05-12 11:51:35 PM ET: Invalid isoformat string: '2025-05-12 11:51:35 PM ET'
2025-05-13 00:54:01,172 - trading_bot - ERROR - Error parsing timestamp 2025-05-12 11:46:25 PM ET: Invalid isoformat string: '2025-05-12 11:46:25 PM ET'
2025-05-13 00:54:01,172 - trading_bot - ERROR - Error parsing timestamp 2025-05-12 11:46:25 PM ET: Invalid isoformat string: '2025-05-12 11:46:25 PM ET'
2025-05-13 00:54:01,172 - trading_bot - ERROR - Error parsing timestamp 2025-05-12 11:46:25 PM ET: Invalid isoformat string: '2025-05-12 11:46:25 PM ET'
2025-05-13 00:54:01,172 - trading_bot - ERROR - Error parsing timestamp 2025-05-12 11:46:25 PM ET: Invalid isoformat string: '2025-05-12 11:46:25 PM ET'
2025-05-13 00:54:01,187 - trading_bot - ERROR - Error parsing timestamp 2025-05-13 12:53:38 AM ET: Invalid isoformat string: '2025-05-13 12:53:38 AM ET'
2025-05-13 00:54:01,189 - trading_bot - ERROR - Error parsing timestamp 2025-05-13 12:53:38 AM ET: Invalid isoformat string: '2025-05-13 12:53:38 AM ET'
2025-05-13 00:54:01,190 - trading_bot - ERROR - Error parsing timestamp 2025-05-13 12:53:38 AM ET: Invalid isoformat string: '2025-05-13 12:53:38 AM ET'
2025-05-13 00:54:01,190 - trading_bot - ERROR - Error parsing timestamp 2025-05-13 12:53:38 AM ET: Invalid isoformat string: '2025-05-13 12:53:38 AM ET'
2025-05-13 00:54:01,191 - trading_bot - ERROR - Error parsing timestamp 2025-05-13 12:53:37 AM ET: Invalid isoformat string: '2025-05-13 12:53:37 AM ET'
2025-05-13 00:54:01,193 - trading_bot - ERROR - Error parsing timestamp 2025-05-13 12:48:33 AM ET: Invalid isoformat string: '2025-05-13 12:48:33 AM ET'
2025-05-13 00:54:01,193 - trading_bot - ERROR - Error parsing timestamp 2025-05-13 12:48:33 AM ET: Invalid isoformat string: '2025-05-13 12:48:33 AM ET'
2025-05-13 00:54:01,194 - trading_bot - ERROR - Error parsing timestamp 2025-05-13 12:48:32 AM ET: Invalid isoformat string: '2025-05-13 12:48:32 AM ET'
2025-05-13 00:54:01,195 - trading_bot - ERROR - Error parsing timestamp 2025-05-13 12:48:32 AM ET: Invalid isoformat string: '2025-05-13 12:48:32 AM ET'
2025-05-13 00:54:01,196 - trading_bot - ERROR - Error parsing timestamp 2025-05-13 12:48:32 AM ET: Invalid isoformat string: '2025-05-13 12:48:32 AM ET'
2025-05-13 00:54:01,197 - trading_bot - ERROR - Error parsing timestamp 2025-05-13 12:36:01 AM ET: Invalid isoformat string: '2025-05-13 12:36:01 AM ET'
2025-05-13 00:54:01,198 - trading_bot - ERROR - Error parsing timestamp 2025-05-13 12:36:01 AM ET: Invalid isoformat string: '2025-05-13 12:36:01 AM ET'
2025-05-13 00:54:01,199 - trading_bot - ERROR - Error parsing timestamp 2025-05-13 12:36:01 AM ET: Invalid isoformat string: '2025-05-13 12:36:01 AM ET'
2025-05-13 00:54:01,200 - trading_bot - ERROR - Error parsing timestamp 2025-05-13 12:36:00 AM ET: Invalid isoformat string: '2025-05-13 12:36:00 AM ET'
2025-05-13 00:54:01,200 - trading_bot - ERROR - Error parsing timestamp 2025-05-13 12:36:00 AM ET: Invalid isoformat string: '2025-05-13 12:36:00 AM ET'
2025-05-13 00:54:01,201 - trading_bot - ERROR - Error parsing timestamp 2025-05-13 12:30:55 AM ET: Invalid isoformat string: '2025-05-13 12:30:55 AM ET'
2025-05-13 00:54:01,202 - trading_bot - ERROR - Error parsing timestamp 2025-05-13 12:25:50 AM ET: Invalid isoformat string: '2025-05-13 12:25:50 AM ET'
2025-05-13 00:54:01,203 - trading_bot - ERROR - Error parsing timestamp 2025-05-13 12:21:33 AM ET: Invalid isoformat string: '2025-05-13 12:21:33 AM ET'
2025-05-13 00:54:01,203 - trading_bot - ERROR - Error parsing timestamp 2025-05-13 12:21:33 AM ET: Invalid isoformat string: '2025-05-13 12:21:33 AM ET'
2025-05-13 00:54:01,204 - trading_bot - ERROR - Error parsing timestamp 2025-05-13 12:21:33 AM ET: Invalid isoformat string: '2025-05-13 12:21:33 AM ET'
2025-05-13 00:54:01,205 - trading_bot - ERROR - Error parsing timestamp 2025-05-13 12:21:33 AM ET: Invalid isoformat string: '2025-05-13 12:21:33 AM ET'
2025-05-13 00:54:01,206 - trading_bot - ERROR - Error parsing timestamp 2025-05-13 12:21:32 AM ET: Invalid isoformat string: '2025-05-13 12:21:32 AM ET'
2025-05-13 00:54:01,206 - trading_bot - ERROR - Error parsing timestamp 2025-05-13 12:21:32 AM ET: Invalid isoformat string: '2025-05-13 12:21:32 AM ET'
2025-05-13 00:54:01,207 - trading_bot - ERROR - Error parsing timestamp 2025-05-13 12:21:32 AM ET: Invalid isoformat string: '2025-05-13 12:21:32 AM ET'
2025-05-13 00:54:01,207 - trading_bot - ERROR - Error parsing timestamp 2025-05-13 12:21:32 AM ET: Invalid isoformat string: '2025-05-13 12:21:32 AM ET'
2025-05-13 00:54:01,209 - trading_bot - ERROR - Error parsing timestamp 2025-05-13 12:21:32 AM ET: Invalid isoformat string: '2025-05-13 12:21:32 AM ET'
2025-05-13 00:54:01,209 - trading_bot - ERROR - Error parsing timestamp 2025-05-13 12:06:11 AM ET: Invalid isoformat string: '2025-05-13 12:06:11 AM ET'
2025-05-13 00:54:01,211 - trading_bot - ERROR - Error parsing timestamp 2025-05-13 12:06:11 AM ET: Invalid isoformat string: '2025-05-13 12:06:11 AM ET'
2025-05-13 00:54:01,212 - trading_bot - ERROR - Error parsing timestamp 2025-05-13 12:06:10 AM ET: Invalid isoformat string: '2025-05-13 12:06:10 AM ET'
2025-05-13 00:54:01,213 - trading_bot - ERROR - Error parsing timestamp 2025-05-13 12:06:10 AM ET: Invalid isoformat string: '2025-05-13 12:06:10 AM ET'
2025-05-13 00:54:01,214 - trading_bot - ERROR - Error parsing timestamp 2025-05-13 12:06:10 AM ET: Invalid isoformat string: '2025-05-13 12:06:10 AM ET'
2025-05-13 00:54:01,215 - trading_bot - ERROR - Error parsing timestamp 2025-05-13 12:00:59 AM ET: Invalid isoformat string: '2025-05-13 12:00:59 AM ET'
2025-05-13 00:54:01,216 - trading_bot - ERROR - Error parsing timestamp 2025-05-13 12:00:59 AM ET: Invalid isoformat string: '2025-05-13 12:00:59 AM ET'
2025-05-13 00:54:01,217 - trading_bot - ERROR - Error parsing timestamp 2025-05-13 12:00:59 AM ET: Invalid isoformat string: '2025-05-13 12:00:59 AM ET'
2025-05-13 00:54:01,218 - trading_bot - ERROR - Error parsing timestamp 2025-05-13 12:00:59 AM ET: Invalid isoformat string: '2025-05-13 12:00:59 AM ET'
2025-05-13 00:54:01,219 - trading_bot - ERROR - Error parsing timestamp 2025-05-13 12:00:59 AM ET: Invalid isoformat string: '2025-05-13 12:00:59 AM ET'
2025-05-13 00:54:01,220 - trading_bot - ERROR - Error parsing timestamp 2025-05-13 12:00:59 AM ET: Invalid isoformat string: '2025-05-13 12:00:59 AM ET'
2025-05-13 00:54:01,221 - trading_bot - ERROR - Error parsing timestamp 2025-05-12 11:56:32 PM ET: Invalid isoformat string: '2025-05-12 11:56:32 PM ET'
2025-05-13 00:54:01,222 - trading_bot - ERROR - Error parsing timestamp 2025-05-12 11:56:32 PM ET: Invalid isoformat string: '2025-05-12 11:56:32 PM ET'
2025-05-13 00:54:01,223 - trading_bot - ERROR - Error parsing timestamp 2025-05-12 11:56:32 PM ET: Invalid isoformat string: '2025-05-12 11:56:32 PM ET'
2025-05-13 00:54:01,223 - trading_bot - ERROR - Error parsing timestamp 2025-05-12 11:56:32 PM ET: Invalid isoformat string: '2025-05-12 11:56:32 PM ET'
2025-05-13 00:54:01,224 - trading_bot - ERROR - Error parsing timestamp 2025-05-12 11:56:32 PM ET: Invalid isoformat string: '2025-05-12 11:56:32 PM ET'
2025-05-13 00:54:01,224 - trading_bot - ERROR - Error parsing timestamp 2025-05-12 11:51:35 PM ET: Invalid isoformat string: '2025-05-12 11:51:35 PM ET'
2025-05-13 00:54:01,225 - trading_bot - ERROR - Error parsing timestamp 2025-05-12 11:51:35 PM ET: Invalid isoformat string: '2025-05-12 11:51:35 PM ET'
2025-05-13 00:54:01,225 - trading_bot - ERROR - Error parsing timestamp 2025-05-12 11:51:35 PM ET: Invalid isoformat string: '2025-05-12 11:51:35 PM ET'
2025-05-13 00:54:01,226 - trading_bot - ERROR - Error parsing timestamp 2025-05-12 11:51:35 PM ET: Invalid isoformat string: '2025-05-12 11:51:35 PM ET'
2025-05-13 00:54:01,226 - trading_bot - ERROR - Error parsing timestamp 2025-05-12 11:46:25 PM ET: Invalid isoformat string: '2025-05-12 11:46:25 PM ET'
2025-05-13 00:54:01,226 - trading_bot - ERROR - Error parsing timestamp 2025-05-12 11:46:25 PM ET: Invalid isoformat string: '2025-05-12 11:46:25 PM ET'
2025-05-13 00:54:01,227 - trading_bot - ERROR - Error parsing timestamp 2025-05-12 11:46:25 PM ET: Invalid isoformat string: '2025-05-12 11:46:25 PM ET'
2025-05-13 00:54:01,227 - trading_bot - ERROR - Error parsing timestamp 2025-05-12 11:46:25 PM ET: Invalid isoformat string: '2025-05-12 11:46:25 PM ET'
