2025-04-02 18:41:23,030 - trading_bot.database - INFO - Database tables initialized
2025-04-02 18:41:23,040 - trading_bot.token_analyzer - DEBUG - Twitter client initialized for token analyzer
2025-04-02 18:41:23,040 - trading_bot - INFO - Testing trending tokens...
2025-04-02 18:41:23,206 - trading_bot.utils - WARNING - Fetch attempt 1/3 failed for https://public-api.birdeye.so/defi/token_trending: 401, message='Unauthorized', url='https://public-api.birdeye.so/defi/token_trending?sort_by=rank&sort_type=asc&offset=0&limit=5'
2025-04-02 18:41:25,342 - trading_bot.utils - WARNING - Fetch attempt 2/3 failed for https://public-api.birdeye.so/defi/token_trending: 401, message='Unauthorized', url='https://public-api.birdeye.so/defi/token_trending?sort_by=rank&sort_type=asc&offset=0&limit=5'
2025-04-02 18:41:29,476 - trading_bot.utils - WARNING - Fetch attempt 3/3 failed for https://public-api.birdeye.so/defi/token_trending: 401, message='Unauthorized', url='https://public-api.birdeye.so/defi/token_trending?sort_by=rank&sort_type=asc&offset=0&limit=5'
2025-04-02 18:41:29,477 - trading_bot.utils - ERROR - Failed to fetch https://public-api.birdeye.so/defi/token_trending after 3 attempts
2025-04-02 18:41:29,477 - trading_bot.token_analyzer - WARNING - No valid data from Birdeye token trending endpoint
2025-04-02 18:41:29,670 - trading_bot.utils - WARNING - Fetch attempt 1/3 failed for https://public-api.birdeye.so/defi/tokenlist: 401, message='Unauthorized', url='https://public-api.birdeye.so/defi/tokenlist?sort_by=volume24hUSD&sort_type=desc&offset=0&limit=5'
2025-04-02 18:41:31,816 - trading_bot.utils - WARNING - Fetch attempt 2/3 failed for https://public-api.birdeye.so/defi/tokenlist: 401, message='Unauthorized', url='https://public-api.birdeye.so/defi/tokenlist?sort_by=volume24hUSD&sort_type=desc&offset=0&limit=5'
2025-04-02 18:41:35,970 - trading_bot.utils - WARNING - Fetch attempt 3/3 failed for https://public-api.birdeye.so/defi/tokenlist: 401, message='Unauthorized', url='https://public-api.birdeye.so/defi/tokenlist?sort_by=volume24hUSD&sort_type=desc&offset=0&limit=5'
2025-04-02 18:41:35,970 - trading_bot.utils - ERROR - Failed to fetch https://public-api.birdeye.so/defi/tokenlist after 3 attempts
2025-04-02 18:41:35,971 - trading_bot.token_analyzer - WARNING - No data from Birdeye token list endpoint
2025-04-02 18:41:36,370 - trading_bot.token_analyzer - INFO - Successfully fetched DexScreener data from https://api.dexscreener.com/latest/dex/tokens/solana
2025-04-02 18:41:36,371 - trading_bot - ERROR - Error testing trending tokens: 'NoneType' object is not iterable
2025-04-02 18:41:36,371 - trading_bot - INFO - Testing top gainers for 1h...
2025-04-02 18:41:36,496 - trading_bot.token_analyzer - WARNING - No DexScreener data for top gainers
2025-04-02 18:41:36,663 - trading_bot.utils - WARNING - Fetch attempt 1/3 failed for https://public-api.birdeye.so/trader/gainers-losers: 401, message='Unauthorized', url='https://public-api.birdeye.so/trader/gainers-losers?type=hour&sort_by=PnL&sort_type=desc&offset=0&limit=5'
2025-04-02 18:41:38,993 - trading_bot.utils - WARNING - Fetch attempt 2/3 failed for https://public-api.birdeye.so/trader/gainers-losers: 401, message='Unauthorized', url='https://public-api.birdeye.so/trader/gainers-losers?type=hour&sort_by=PnL&sort_type=desc&offset=0&limit=5'
2025-04-02 18:41:43,137 - trading_bot.utils - WARNING - Fetch attempt 3/3 failed for https://public-api.birdeye.so/trader/gainers-losers: 401, message='Unauthorized', url='https://public-api.birdeye.so/trader/gainers-losers?type=hour&sort_by=PnL&sort_type=desc&offset=0&limit=5'
2025-04-02 18:41:43,138 - trading_bot.utils - ERROR - Failed to fetch https://public-api.birdeye.so/trader/gainers-losers after 3 attempts
2025-04-02 18:41:43,138 - trading_bot.token_analyzer - WARNING - No valid Birdeye data for top gainers (1h)
2025-04-02 18:41:43,139 - trading_bot - INFO - Found 0 top gainers for 1h:
2025-04-02 18:41:43,139 - trading_bot - INFO - Testing top gainers for 6h...
2025-04-02 18:41:43,220 - trading_bot.token_analyzer - WARNING - No DexScreener data for top gainers
2025-04-02 18:41:43,379 - trading_bot.utils - WARNING - Fetch attempt 1/3 failed for https://public-api.birdeye.so/trader/gainers-losers: 401, message='Unauthorized', url='https://public-api.birdeye.so/trader/gainers-losers?type=6hour&sort_by=PnL&sort_type=desc&offset=0&limit=5'
2025-04-02 18:41:45,514 - trading_bot.utils - WARNING - Fetch attempt 2/3 failed for https://public-api.birdeye.so/trader/gainers-losers: 401, message='Unauthorized', url='https://public-api.birdeye.so/trader/gainers-losers?type=6hour&sort_by=PnL&sort_type=desc&offset=0&limit=5'
2025-04-02 18:41:49,640 - trading_bot.utils - WARNING - Fetch attempt 3/3 failed for https://public-api.birdeye.so/trader/gainers-losers: 401, message='Unauthorized', url='https://public-api.birdeye.so/trader/gainers-losers?type=6hour&sort_by=PnL&sort_type=desc&offset=0&limit=5'
2025-04-02 18:41:49,640 - trading_bot.utils - ERROR - Failed to fetch https://public-api.birdeye.so/trader/gainers-losers after 3 attempts
2025-04-02 18:41:49,641 - trading_bot.token_analyzer - WARNING - No valid Birdeye data for top gainers (6h)
2025-04-02 18:41:49,642 - trading_bot - INFO - Found 0 top gainers for 6h:
2025-04-02 18:41:49,642 - trading_bot - INFO - Testing top gainers for 24h...
2025-04-02 18:41:49,706 - trading_bot.token_analyzer - WARNING - No DexScreener data for top gainers
2025-04-02 18:41:49,865 - trading_bot.utils - WARNING - Fetch attempt 1/3 failed for https://public-api.birdeye.so/trader/gainers-losers: 401, message='Unauthorized', url='https://public-api.birdeye.so/trader/gainers-losers?type=today&sort_by=PnL&sort_type=desc&offset=0&limit=5'
2025-04-02 18:41:51,992 - trading_bot.utils - WARNING - Fetch attempt 2/3 failed for https://public-api.birdeye.so/trader/gainers-losers: 401, message='Unauthorized', url='https://public-api.birdeye.so/trader/gainers-losers?type=today&sort_by=PnL&sort_type=desc&offset=0&limit=5'
2025-04-02 18:41:56,137 - trading_bot.utils - WARNING - Fetch attempt 3/3 failed for https://public-api.birdeye.so/trader/gainers-losers: 401, message='Unauthorized', url='https://public-api.birdeye.so/trader/gainers-losers?type=today&sort_by=PnL&sort_type=desc&offset=0&limit=5'
2025-04-02 18:41:56,139 - trading_bot.utils - ERROR - Failed to fetch https://public-api.birdeye.so/trader/gainers-losers after 3 attempts
2025-04-02 18:41:56,139 - trading_bot.token_analyzer - WARNING - No valid Birdeye data for top gainers (24h)
2025-04-02 18:41:56,139 - trading_bot - INFO - Found 0 top gainers for 24h:
2025-04-02 18:41:56,140 - trading_bot.database - INFO - Database connection closed
