2025-04-22 08:58:34,756 - trading_bot.database - INFO - Database tables initialized
2025-04-22 08:58:34,760 - trading_bot.solana_trader - INFO - Wallet initialized: 8GU6LRQBNMQyTrQrzufXNczGUizf9oS2AwsX94Zn6Bzv
2025-04-22 08:58:34,774 - trading_bot.solana_trader - INFO - Trading bot running in SIMULATION MODE - no real trades will be executed
2025-04-22 08:58:34,788 - trading_bot.solana_trader - INFO - Loaded 0 active orders
2025-04-22 08:58:34,790 - trading_bot.database - INFO - Database tables initialized
2025-04-22 08:58:34,797 - trading_bot.token_scanner - INFO - Twitter client initialized
2025-04-22 08:58:34,799 - trading_bot.database - INFO - Database tables initialized
2025-04-22 08:58:34,801 - trading_bot - INFO - ==================================================
2025-04-22 08:58:34,801 - trading_bot - INFO -    Solana Trading Bot Starting
2025-04-22 08:58:34,801 - trading_bot - INFO - ==================================================
2025-04-22 08:58:35,581 - trading_bot.solana_trader - INFO - Connected to Solana RPC
2025-04-22 08:58:35,808 - trading_bot - INFO - Initial Wallet Balance: 0.0000 SOL ($0.00)
2025-04-22 08:58:35,809 - trading_bot.token_scanner - INFO - Starting token scanner
2025-04-22 08:58:35,809 - trading_bot.token_scanner - INFO - Scanning Twitter for tokens...
2025-04-22 08:58:36,167 - trading_bot.token_scanner - INFO - Discovered 3 tokens from Twitter
2025-04-22 08:58:36,168 - trading_bot.token_scanner - INFO - Analyzing tokens by screening criteria...
2025-04-22 08:58:36,169 - trading_bot.solana_trader - INFO - Starting position monitor
2025-04-22 08:58:36,170 - trading_bot - INFO - Starting token discovery and trading process
2025-04-22 08:58:36,258 - trading_bot - INFO - Current wallet balance: 0.0000 SOL ($0.00)
2025-04-22 08:58:36,449 - trading_bot.token_scanner - INFO - Found 5 top gainer tokens
2025-04-22 08:58:36,496 - trading_bot.token_scanner - INFO - Found 5 top gainer tokens
2025-04-22 08:58:36,704 - trading_bot.token_analyzer - INFO - Found 9 trending tokens
2025-04-22 08:58:36,704 - trading_bot.token_scanner - INFO - Found 9 trending tokens
2025-04-22 08:58:36,781 - trading_bot.token_analyzer - INFO - Found 9 trending tokens
2025-04-22 08:58:36,782 - trading_bot.token_scanner - INFO - Found 9 trending tokens
2025-04-22 08:58:40,384 - trading_bot - INFO - No tokens found meeting screening criteria, analyzing other tokens...
2025-04-22 08:58:40,492 - trading_bot.token_scanner - INFO - Analyzing other discovered tokens...
2025-04-22 08:58:54,628 - trading_bot.token_scanner - INFO - Scan complete, waiting 60 seconds for next scan
2025-04-22 08:59:54,634 - trading_bot.token_scanner - INFO - Scanning Twitter for tokens...
2025-04-22 08:59:54,974 - trading_bot.token_scanner - INFO - Discovered 3 tokens from Twitter
2025-04-22 08:59:54,975 - trading_bot.token_scanner - INFO - Analyzing tokens by screening criteria...
2025-04-22 08:59:55,966 - trading_bot.token_scanner - INFO - Found 5 top gainer tokens
2025-04-22 08:59:56,204 - trading_bot.token_analyzer - INFO - Found 9 trending tokens
2025-04-22 08:59:56,204 - trading_bot.token_scanner - INFO - Found 9 trending tokens
2025-04-22 08:59:59,839 - trading_bot.token_scanner - INFO - Analyzing other discovered tokens...
2025-04-22 08:59:59,842 - trading_bot.token_scanner - INFO - Scan complete, waiting 60 seconds for next scan
2025-04-22 09:00:59,851 - trading_bot.token_scanner - INFO - Scanning Twitter for tokens...
2025-04-22 09:01:00,166 - trading_bot.token_scanner - INFO - Discovered 3 tokens from Twitter
2025-04-22 09:01:00,166 - trading_bot.token_scanner - INFO - Analyzing tokens by screening criteria...
2025-04-22 09:01:00,431 - trading_bot.token_scanner - INFO - Found 5 top gainer tokens
2025-04-22 09:01:00,662 - trading_bot.token_analyzer - INFO - Found 9 trending tokens
2025-04-22 09:01:00,662 - trading_bot.token_scanner - INFO - Found 9 trending tokens
2025-04-22 09:01:04,395 - trading_bot.token_scanner - INFO - Analyzing other discovered tokens...
2025-04-22 09:01:04,400 - trading_bot.token_scanner - INFO - Scan complete, waiting 60 seconds for next scan
2025-04-22 09:02:04,403 - trading_bot.token_scanner - INFO - Scanning Twitter for tokens...
2025-04-22 09:02:04,717 - trading_bot.token_scanner - INFO - Discovered 3 tokens from Twitter
2025-04-22 09:02:04,718 - trading_bot.token_scanner - INFO - Analyzing tokens by screening criteria...
2025-04-22 09:02:05,016 - trading_bot.token_scanner - INFO - Found 5 top gainer tokens
2025-04-22 09:02:05,276 - trading_bot.token_analyzer - INFO - Found 9 trending tokens
2025-04-22 09:02:05,276 - trading_bot.token_scanner - INFO - Found 9 trending tokens
2025-04-22 09:02:08,994 - trading_bot.token_scanner - INFO - Analyzing other discovered tokens...
2025-04-22 09:02:08,998 - trading_bot.token_scanner - INFO - Scan complete, waiting 60 seconds for next scan
2025-04-22 09:03:09,011 - trading_bot.token_scanner - INFO - Scanning Twitter for tokens...
2025-04-22 09:03:09,332 - trading_bot.token_scanner - INFO - Discovered 3 tokens from Twitter
2025-04-22 09:03:09,332 - trading_bot.token_scanner - INFO - Analyzing tokens by screening criteria...
2025-04-22 09:03:09,611 - trading_bot.token_scanner - INFO - Found 5 top gainer tokens
2025-04-22 09:03:09,849 - trading_bot.token_analyzer - INFO - Found 9 trending tokens
2025-04-22 09:03:09,850 - trading_bot.token_scanner - INFO - Found 9 trending tokens
2025-04-22 09:03:13,687 - trading_bot.token_scanner - INFO - Analyzing other discovered tokens...
2025-04-22 09:03:13,691 - trading_bot.token_scanner - INFO - Scan complete, waiting 60 seconds for next scan
2025-04-22 09:03:54,872 - trading_bot.solana_trader - INFO - Connected to Solana RPC
2025-04-22 09:03:54,985 - trading_bot - INFO - Current wallet balance: 0.0000 SOL ($0.00)
2025-04-22 09:03:55,215 - trading_bot.token_scanner - INFO - Found 5 top gainer tokens
2025-04-22 09:03:55,465 - trading_bot.token_analyzer - INFO - Found 9 trending tokens
2025-04-22 09:03:55,465 - trading_bot.token_scanner - INFO - Found 9 trending tokens
2025-04-22 09:03:59,611 - trading_bot - INFO - No tokens found meeting screening criteria, analyzing other tokens...
2025-04-22 09:04:13,706 - trading_bot.token_scanner - INFO - Scanning Twitter for tokens...
2025-04-22 09:04:14,064 - trading_bot.token_scanner - INFO - Discovered 3 tokens from Twitter
2025-04-22 09:04:14,065 - trading_bot.token_scanner - INFO - Analyzing tokens by screening criteria...
2025-04-22 09:04:14,315 - trading_bot.token_scanner - INFO - Found 5 top gainer tokens
2025-04-22 09:04:14,597 - trading_bot.token_analyzer - INFO - Found 9 trending tokens
2025-04-22 09:04:14,598 - trading_bot.token_scanner - INFO - Found 9 trending tokens
2025-04-22 09:04:18,354 - trading_bot.token_scanner - INFO - Analyzing other discovered tokens...
2025-04-22 09:04:18,359 - trading_bot.token_scanner - INFO - Scan complete, waiting 60 seconds for next scan
2025-04-22 09:05:18,368 - trading_bot.token_scanner - INFO - Scanning Twitter for tokens...
2025-04-22 09:05:18,628 - trading_bot.token_scanner - INFO - Discovered 0 tokens from Twitter
2025-04-22 09:05:18,628 - trading_bot.token_scanner - INFO - Analyzing tokens by screening criteria...
2025-04-22 09:05:18,888 - trading_bot.token_scanner - INFO - Found 5 top gainer tokens
2025-04-22 09:05:19,104 - trading_bot.token_analyzer - INFO - Found 9 trending tokens
2025-04-22 09:05:19,104 - trading_bot.token_scanner - INFO - Found 9 trending tokens
2025-04-22 09:05:22,756 - trading_bot.token_scanner - INFO - Analyzing other discovered tokens...
2025-04-22 09:05:22,760 - trading_bot.token_scanner - INFO - Scan complete, waiting 60 seconds for next scan
2025-04-22 09:06:22,768 - trading_bot.token_scanner - INFO - Scanning Twitter for tokens...
2025-04-22 09:06:23,071 - trading_bot.token_scanner - INFO - Discovered 0 tokens from Twitter
2025-04-22 09:06:23,071 - trading_bot.token_scanner - INFO - Analyzing tokens by screening criteria...
2025-04-22 09:06:23,343 - trading_bot.token_scanner - INFO - Found 5 top gainer tokens
2025-04-22 09:06:23,550 - trading_bot.token_analyzer - INFO - Found 9 trending tokens
2025-04-22 09:06:23,551 - trading_bot.token_scanner - INFO - Found 9 trending tokens
2025-04-22 09:06:27,351 - trading_bot.token_scanner - INFO - Analyzing other discovered tokens...
2025-04-22 09:06:27,355 - trading_bot.token_scanner - INFO - Scan complete, waiting 60 seconds for next scan
2025-04-22 09:07:27,366 - trading_bot.token_scanner - INFO - Scanning Twitter for tokens...
2025-04-22 09:07:27,643 - trading_bot.token_scanner - INFO - Discovered 0 tokens from Twitter
2025-04-22 09:07:27,644 - trading_bot.token_scanner - INFO - Analyzing tokens by screening criteria...
2025-04-22 09:07:27,885 - trading_bot.token_scanner - INFO - Found 5 top gainer tokens
2025-04-22 09:07:28,318 - trading_bot.token_analyzer - INFO - Found 9 trending tokens
2025-04-22 09:07:28,318 - trading_bot.token_scanner - INFO - Found 9 trending tokens
2025-04-22 09:07:32,315 - trading_bot.token_scanner - INFO - Analyzing other discovered tokens...
2025-04-22 09:07:32,318 - trading_bot.token_scanner - INFO - Scan complete, waiting 60 seconds for next scan
2025-04-22 09:08:32,333 - trading_bot.token_scanner - INFO - Scanning Twitter for tokens...
2025-04-22 09:08:32,742 - trading_bot.token_scanner - INFO - Discovered 0 tokens from Twitter
2025-04-22 09:08:32,742 - trading_bot.token_scanner - INFO - Analyzing tokens by screening criteria...
2025-04-22 09:08:33,076 - trading_bot.token_scanner - INFO - Found 5 top gainer tokens
2025-04-22 09:08:33,283 - trading_bot.token_analyzer - INFO - Found 9 trending tokens
2025-04-22 09:08:33,283 - trading_bot.token_scanner - INFO - Found 9 trending tokens
2025-04-22 09:08:36,915 - trading_bot.token_scanner - INFO - Analyzing other discovered tokens...
2025-04-22 09:08:36,920 - trading_bot.token_scanner - INFO - Scan complete, waiting 60 seconds for next scan
2025-04-22 09:08:59,998 - trading_bot.solana_trader - INFO - Connected to Solana RPC
2025-04-22 09:09:00,188 - trading_bot - INFO - Current wallet balance: 0.0000 SOL ($0.00)
2025-04-22 09:09:00,442 - trading_bot.token_scanner - INFO - Found 5 top gainer tokens
2025-04-22 09:09:00,663 - trading_bot.token_analyzer - INFO - Found 9 trending tokens
2025-04-22 09:09:00,664 - trading_bot.token_scanner - INFO - Found 9 trending tokens
2025-04-22 09:09:04,668 - trading_bot - INFO - No tokens found meeting screening criteria, analyzing other tokens...
2025-04-22 09:09:36,933 - trading_bot.token_scanner - INFO - Scanning Twitter for tokens...
2025-04-22 09:09:37,516 - trading_bot.token_scanner - INFO - Discovered 0 tokens from Twitter
2025-04-22 09:09:37,516 - trading_bot.token_scanner - INFO - Analyzing tokens by screening criteria...
2025-04-22 09:09:37,819 - trading_bot.token_scanner - INFO - Found 5 top gainer tokens
2025-04-22 09:09:38,029 - trading_bot.token_analyzer - INFO - Found 9 trending tokens
2025-04-22 09:09:38,030 - trading_bot.token_scanner - INFO - Found 9 trending tokens
2025-04-22 09:09:41,944 - trading_bot.token_scanner - INFO - Analyzing other discovered tokens...
2025-04-22 09:09:41,948 - trading_bot.token_scanner - INFO - Scan complete, waiting 60 seconds for next scan
2025-04-22 09:10:41,950 - trading_bot.token_scanner - INFO - Scanning Twitter for tokens...
2025-04-22 09:10:42,227 - trading_bot.token_scanner - INFO - Discovered 0 tokens from Twitter
2025-04-22 09:10:42,228 - trading_bot.token_scanner - INFO - Analyzing tokens by screening criteria...
2025-04-22 09:10:42,475 - trading_bot.token_scanner - INFO - Found 5 top gainer tokens
2025-04-22 09:10:42,720 - trading_bot.token_analyzer - INFO - Found 9 trending tokens
2025-04-22 09:10:42,721 - trading_bot.token_scanner - INFO - Found 9 trending tokens
2025-04-22 09:10:46,652 - trading_bot.token_scanner - INFO - Analyzing other discovered tokens...
2025-04-22 09:10:46,666 - trading_bot.token_scanner - INFO - Scan complete, waiting 60 seconds for next scan
2025-04-22 09:11:46,669 - trading_bot.token_scanner - INFO - Scanning Twitter for tokens...
2025-04-22 09:11:47,006 - trading_bot.token_scanner - INFO - Discovered 0 tokens from Twitter
2025-04-22 09:11:47,007 - trading_bot.token_scanner - INFO - Analyzing tokens by screening criteria...
2025-04-22 09:11:47,318 - trading_bot.token_scanner - INFO - Found 5 top gainer tokens
2025-04-22 09:11:47,582 - trading_bot.token_analyzer - INFO - Found 9 trending tokens
2025-04-22 09:11:47,583 - trading_bot.token_scanner - INFO - Found 9 trending tokens
2025-04-22 09:11:51,379 - trading_bot.token_scanner - INFO - Analyzing other discovered tokens...
2025-04-22 09:11:51,383 - trading_bot.token_scanner - INFO - Scan complete, waiting 60 seconds for next scan
2025-04-22 09:12:51,390 - trading_bot.token_scanner - INFO - Scanning Twitter for tokens...
2025-04-22 09:12:51,692 - trading_bot.token_scanner - INFO - Discovered 1 tokens from Twitter
2025-04-22 09:12:51,692 - trading_bot.token_scanner - INFO - Analyzing tokens by screening criteria...
2025-04-22 09:12:51,957 - trading_bot.token_scanner - INFO - Found 5 top gainer tokens
2025-04-22 09:12:52,220 - trading_bot.token_analyzer - INFO - Found 9 trending tokens
2025-04-22 09:12:52,221 - trading_bot.token_scanner - INFO - Found 9 trending tokens
2025-04-22 09:12:55,809 - trading_bot.token_scanner - INFO - Analyzing other discovered tokens...
2025-04-22 09:12:57,335 - trading_bot.token_scanner - INFO - Scan complete, waiting 60 seconds for next scan
2025-04-22 10:15:09,998 - trading_bot.token_scanner - INFO - Scanning Twitter for tokens...
2025-04-22 10:15:10,609 - trading_bot.token_scanner - INFO - Discovered 1 tokens from Twitter
2025-04-22 10:15:10,610 - trading_bot.token_scanner - INFO - Analyzing tokens by screening criteria...
2025-04-22 10:15:11,468 - trading_bot.solana_trader - INFO - Connected to Solana RPC
2025-04-22 10:15:11,679 - trading_bot.token_scanner - INFO - Found 5 top gainer tokens
2025-04-22 10:15:11,975 - trading_bot - INFO - Current wallet balance: 0.0000 SOL ($0.00)
2025-04-22 10:15:11,976 - trading_bot.token_analyzer - INFO - Found 9 trending tokens
2025-04-22 10:15:11,976 - trading_bot.token_scanner - INFO - Found 9 trending tokens
2025-04-22 10:15:12,386 - trading_bot.token_scanner - INFO - Found 5 top gainer tokens
2025-04-22 10:15:12,622 - trading_bot - CRITICAL - Received signal 2. Initiating graceful shutdown...
2025-04-22 10:15:12,792 - trading_bot.token_analyzer - INFO - Found 9 trending tokens
2025-04-22 10:15:12,792 - trading_bot.token_scanner - INFO - Found 9 trending tokens
2025-04-22 10:15:16,290 - trading_bot.token_scanner - INFO - Analyzing other discovered tokens...
2025-04-22 10:15:16,749 - trading_bot - INFO - No tokens found meeting screening criteria, analyzing other tokens...
2025-04-22 10:15:17,067 - trading_bot - CRITICAL - Received signal 2. Initiating graceful shutdown...
2025-04-22 10:15:17,785 - trading_bot.token_scanner - INFO - Scan complete, waiting 60 seconds for next scan
2025-04-22 10:15:18,432 - trading_bot - CRITICAL - Received signal 2. Initiating graceful shutdown...
2025-04-22 10:15:21,201 - trading_bot - CRITICAL - Received signal 2. Initiating graceful shutdown...
2025-04-22 10:15:22,610 - trading_bot - CRITICAL - Received signal 2. Initiating graceful shutdown...
2025-04-22 10:15:23,352 - trading_bot - CRITICAL - Received signal 2. Initiating graceful shutdown...
2025-04-22 10:15:23,578 - trading_bot - CRITICAL - Received signal 2. Initiating graceful shutdown...
2025-04-22 10:15:23,847 - trading_bot - CRITICAL - Received signal 2. Initiating graceful shutdown...
2025-04-22 10:15:25,091 - trading_bot - CRITICAL - Received signal 2. Initiating graceful shutdown...
2025-04-22 10:15:25,323 - trading_bot - CRITICAL - Received signal 2. Initiating graceful shutdown...
2025-04-22 10:15:25,524 - trading_bot - CRITICAL - Received signal 2. Initiating graceful shutdown...
2025-04-22 10:15:25,735 - trading_bot - CRITICAL - Received signal 2. Initiating graceful shutdown...
2025-04-22 10:15:33,060 - trading_bot - CRITICAL - Received signal 2. Initiating graceful shutdown...
2025-04-22 10:16:09,987 - trading_bot - INFO - Closing connections
2025-04-22 10:16:09,989 - trading_bot.solana_trader - INFO - Solana RPC client closed
2025-04-22 10:16:09,989 - trading_bot - INFO - ==================================================
2025-04-22 10:16:09,990 - trading_bot - INFO -    Solana Trading Bot Shutdown Complete
2025-04-22 10:16:09,990 - trading_bot - INFO - ==================================================
2025-04-22 10:16:09,994 - trading_bot - INFO - Bot execution completed
