2025-05-12 18:10:30,383 - trading_bot.solana_trader - INFO - Trading bot running in SIMULATION MODE - no real trades will be executed
2025-05-12 18:10:30,385 - trading_bot.database - INFO - Database tables initialized
2025-05-12 18:10:30,395 - trading_bot.birdeye_api - INFO - BirdeyeAPI initialized with DexScreener fallback enabled
2025-05-12 18:10:30,408 - trading_bot.solana_trader - INFO - Loaded 26 active orders
2025-05-12 18:10:30,409 - trading_bot.database - INFO - Database tables initialized
2025-05-12 18:10:30,418 - trading_bot.birdeye_api - INFO - BirdeyeAPI initialized with DexScreener fallback enabled
2025-05-12 18:10:30,420 - trading_bot.token_scanner - INFO - Twitter client initialized
2025-05-12 18:10:30,421 - trading_bot.database - INFO - Database tables initialized
2025-05-12 18:10:30,423 - trading_bot - INFO - ==================================================
2025-05-12 18:10:30,423 - trading_bot - INFO -    Solana Trading Bot Starting
2025-05-12 18:10:30,423 - trading_bot - INFO - ==================================================
2025-05-12 18:10:30,471 - trading_bot - INFO - Initial Wallet Balance: 5.0000 SOL ($864.20)
2025-05-12 18:10:30,472 - trading_bot.token_scanner - INFO - Starting token scanner
2025-05-12 18:10:30,473 - trading_bot.token_scanner - INFO - Scanning Twitter for tokens...
2025-05-12 18:10:31,037 - trading_bot.token_scanner - INFO - Discovered 17 tokens from Twitter
2025-05-12 18:10:31,038 - trading_bot.token_scanner - INFO - Analyzing tokens by screening criteria...
2025-05-12 18:10:31,039 - trading_bot.solana_trader - INFO - Starting position monitor
2025-05-12 18:10:31,047 - trading_bot - INFO - Starting token discovery and trading process
2025-05-12 18:10:31,048 - trading_bot - INFO - Current wallet balance: 5.0000 SOL ($864.20)
2025-05-12 18:10:31,107 - trading_bot.birdeye_api - INFO - Retrieved 2 tokens from DexScreener
2025-05-12 18:10:31,108 - trading_bot.birdeye_api - INFO - Found 1 top gainers for 24h
2025-05-12 18:10:31,108 - trading_bot.token_analyzer - INFO - Retrieved 1 top gainers from Birdeye API
2025-05-12 18:10:31,109 - trading_bot.token_scanner - INFO - Found 1 top gainer tokens
2025-05-12 18:10:31,176 - trading_bot.solana_trader - INFO - Position: UNKNOWN (2pAFnY2Sp6d3kPCm684LuMf7CHakpCo2TQsNa4iXxjPQ)
2025-05-12 18:10:31,176 - trading_bot.solana_trader - INFO -   - Buy price: 0.00000032
2025-05-12 18:10:31,177 - trading_bot.solana_trader - INFO -   - Current price: 0.00005408
2025-05-12 18:10:31,177 - trading_bot.solana_trader - INFO -   - P/L: 17015.76% (171.16x)
2025-05-12 18:10:31,178 - trading_bot.solana_trader - ERROR - Error monitoring positions: 'take_profit_target'
2025-05-12 18:10:31,774 - trading_bot.token_scanner - INFO - Found 2 trending tokens
2025-05-12 18:10:31,842 - trading_bot.birdeye_api - INFO - Retrieved 2 tokens from DexScreener
2025-05-12 18:10:31,843 - trading_bot.birdeye_api - INFO - Found 1 top gainers for 24h
2025-05-12 18:10:31,843 - trading_bot.token_analyzer - INFO - Retrieved 1 top gainers from Birdeye API
2025-05-12 18:10:31,843 - trading_bot.token_scanner - INFO - Found 1 top gainer tokens
2025-05-12 18:10:32,829 - trading_bot.token_scanner - INFO - Scanning PumpFun for tokens...
2025-05-12 18:10:32,830 - trading_bot.token_scanner - INFO - Using simulated PumpFun data due to API certificate issues
2025-05-12 18:10:32,858 - trading_bot.token_scanner - INFO - Found 3 simulated tokens from PumpFun
2025-05-12 18:10:32,859 - trading_bot.token_scanner - INFO - Analyzing other discovered tokens...
2025-05-12 18:10:32,864 - trading_bot.token_scanner - INFO - Found 2 trending tokens
2025-05-12 18:10:32,886 - trading_bot - INFO - No tokens found meeting screening criteria, analyzing other tokens...
2025-05-12 18:10:32,891 - trading_bot.token_analyzer - INFO - Using Birdeye security score for fESbUKjuMY6jzDH9VP8cy4p3pu2q5W2rK2XghVfNseP: 7.957072
2025-05-12 18:10:32,892 - trading_bot.token_scanner - INFO - Tradable token found: SOLANA (fESbUKjuMY6jzDH9VP8cy4p3pu2q5W2rK2XghVfNseP)
2025-05-12 18:10:33,419 - trading_bot.birdeye_api - WARNING - No DexScreener data for FTcBNFiCQeqK8niPcFKFGLx9nrtj7X3hLTG3EaQYM9N9
2025-05-12 18:10:33,420 - trading_bot.birdeye_api - WARNING - Failed to get token info for FTcBNFiCQeqK8niPcFKFGLx9nrtj7X3hLTG3EaQYM9N9
2025-05-12 18:10:33,478 - trading_bot.token_analyzer - WARNING - No DexScreener data for FTcBNFiCQeqK8niPcFKFGLx9nrtj7X3hLTG3EaQYM9N9
2025-05-12 18:10:34,020 - trading_bot.birdeye_api - WARNING - No DexScreener data for DYgNtUQKnfVbxYqCJ6LiDN8ByuTuFnZ3NPVAWmsYAxuN
2025-05-12 18:10:34,021 - trading_bot.birdeye_api - WARNING - Failed to get token info for DYgNtUQKnfVbxYqCJ6LiDN8ByuTuFnZ3NPVAWmsYAxuN
2025-05-12 18:10:34,055 - trading_bot.token_analyzer - WARNING - No DexScreener data for DYgNtUQKnfVbxYqCJ6LiDN8ByuTuFnZ3NPVAWmsYAxuN
2025-05-12 18:10:34,586 - trading_bot.birdeye_api - WARNING - No DexScreener data for 6rKnbuVgTFWKunX19B3qU3ZW85qHgTWsUC8XgRnwKvGZ
2025-05-12 18:10:34,588 - trading_bot.birdeye_api - WARNING - Failed to get token info for 6rKnbuVgTFWKunX19B3qU3ZW85qHgTWsUC8XgRnwKvGZ
2025-05-12 18:10:34,700 - trading_bot.token_analyzer - WARNING - No DexScreener data for 6rKnbuVgTFWKunX19B3qU3ZW85qHgTWsUC8XgRnwKvGZ
2025-05-12 18:10:35,421 - trading_bot.token_analyzer - INFO - Using Birdeye security score for FUAfBo2jgks6gB4Z4LfZkqSZgzNucisEHqnNebaRxM1P: 70.0
2025-05-12 18:10:35,421 - trading_bot.token_scanner - INFO - Tradable token found: MELANIA (FUAfBo2jgks6gB4Z4LfZkqSZgzNucisEHqnNebaRxM1P)
2025-05-12 18:10:36,140 - trading_bot.token_analyzer - INFO - Using Birdeye security score for Ey59PH7Z4BFU4HjyKnyMdWt5GGN76KazTAwQihoUXRnk: 70.0
2025-05-12 18:10:36,140 - trading_bot.token_scanner - INFO - Tradable token found: UNKNOWN (Ey59PH7Z4BFU4HjyKnyMdWt5GGN76KazTAwQihoUXRnk)
2025-05-12 18:10:36,623 - trading_bot.token_analyzer - ERROR - Twitter API error: 400 Bad Request
There were errors processing your request: Reference to invalid operator 'cashtag'. Operator is not available in current product or product packaging. Please refer to complete available operator list at http://t.co/operators. (at position 1)
2025-05-12 18:10:36,625 - trading_bot.token_analyzer - INFO - Using Birdeye security score for 2jbSMgwyJ714ZEgePgKNd5zQdwfakze6UtWpDSu1Sea5: 33.488195
2025-05-12 18:10:36,626 - trading_bot.token_scanner - INFO - Tradable token found: BITCHCOIN (2jbSMgwyJ714ZEgePgKNd5zQdwfakze6UtWpDSu1Sea5)
2025-05-12 18:10:37,415 - trading_bot.token_analyzer - INFO - Using Birdeye security score for ETmqDHKobaoUGGDF42NWF1B1WDUipLsChGykH5mNznPq: 30.923731
2025-05-12 18:10:37,416 - trading_bot.token_scanner - INFO - Tradable token found: BWT (ETmqDHKobaoUGGDF42NWF1B1WDUipLsChGykH5mNznPq)
2025-05-12 18:10:37,637 - trading_bot - INFO - Already have position in SOLANA (fESbUKjuMY6jzDH9VP8cy4p3pu2q5W2rK2XghVfNseP), skipping
2025-05-12 18:10:37,642 - trading_bot - INFO - Already have position in MELANIA (FUAfBo2jgks6gB4Z4LfZkqSZgzNucisEHqnNebaRxM1P), skipping
2025-05-12 18:10:37,650 - trading_bot - INFO - Token $BITCHCOIN qualified for trading:
2025-05-12 18:10:37,650 - trading_bot - INFO -   - Volume 24h: $344,166.86
2025-05-12 18:10:37,650 - trading_bot - INFO -   - Liquidity: $34,881.95
2025-05-12 18:10:37,651 - trading_bot - INFO -   - Market Cap: $0.00
2025-05-12 18:10:37,652 - trading_bot - INFO -   - Holders: 0
2025-05-12 18:10:37,653 - trading_bot - INFO -   - Price Change 24h: 40.67%
2025-05-12 18:10:37,653 - trading_bot - INFO -   - Security Score: 0.0/100
2025-05-12 18:10:37,654 - trading_bot - INFO - Trading $BITCHCOIN (2jbSMgwyJ714ZEgePgKNd5zQdwfakze6UtWpDSu1Sea5) for 0.55 SOL
2025-05-12 18:10:37,915 - trading_bot.token_analyzer - ERROR - Twitter API error: 400 Bad Request
There were errors processing your request: Reference to invalid operator 'cashtag'. Operator is not available in current product or product packaging. Please refer to complete available operator list at http://t.co/operators. (at position 1)
2025-05-12 18:10:37,930 - trading_bot.solana_trader - INFO - SIMULATION: BUY 0.55 SOL of $BITCHCOIN (2jbSMgwyJ714ZEgePgKNd5zQdwfakze6UtWpDSu1Sea5) at 2.3918074519787086e-06 tokens/SOL
2025-05-12 18:10:37,931 - trading_bot - INFO - Successfully traded $BITCHCOIN: SIM_BUY_2jbSMgwy_1747087837
2025-05-12 18:10:38,420 - trading_bot.token_scanner - INFO - Scan complete, waiting 60 seconds for next scan
2025-05-12 18:11:01,202 - trading_bot.solana_trader - INFO - Position: BITCHCOIN (2jbSMgwyJ714ZEgePgKNd5zQdwfakze6UtWpDSu1Sea5)
2025-05-12 18:11:01,203 - trading_bot.solana_trader - INFO -   - Buy price: 0.00000239
2025-05-12 18:11:01,205 - trading_bot.solana_trader - INFO -   - Current price: 0.000413
2025-05-12 18:11:01,205 - trading_bot.solana_trader - INFO -   - P/L: 17184.00% (172.84x)
2025-05-12 18:11:01,206 - trading_bot.solana_trader - ERROR - Error monitoring positions: 'take_profit_target'
2025-05-12 18:11:31,226 - trading_bot.solana_trader - INFO - Position: BITCHCOIN (2jbSMgwyJ714ZEgePgKNd5zQdwfakze6UtWpDSu1Sea5)
2025-05-12 18:11:31,226 - trading_bot.solana_trader - INFO -   - Buy price: 0.00000239
2025-05-12 18:11:31,227 - trading_bot.solana_trader - INFO -   - Current price: 0.000413
2025-05-12 18:11:31,227 - trading_bot.solana_trader - INFO -   - P/L: 17184.00% (172.84x)
2025-05-12 18:11:31,227 - trading_bot.solana_trader - ERROR - Error monitoring positions: 'take_profit_target'
2025-05-12 18:11:38,434 - trading_bot.token_scanner - INFO - Scanning Twitter for tokens...
2025-05-12 18:11:39,004 - trading_bot.token_scanner - INFO - Discovered 15 tokens from Twitter
2025-05-12 18:11:39,005 - trading_bot.token_scanner - INFO - Analyzing tokens by screening criteria...
2025-05-12 18:11:39,005 - trading_bot.token_analyzer - INFO - Retrieved 1 top gainers from Birdeye API
2025-05-12 18:11:39,006 - trading_bot.token_scanner - INFO - Found 1 top gainer tokens
2025-05-12 18:11:39,469 - trading_bot.token_scanner - INFO - Found 2 trending tokens
2025-05-12 18:11:39,492 - trading_bot.token_scanner - INFO - Scanning PumpFun for tokens...
2025-05-12 18:11:39,493 - trading_bot.token_scanner - INFO - Using simulated PumpFun data due to API certificate issues
2025-05-12 18:11:39,527 - trading_bot.token_scanner - INFO - Found 3 simulated tokens from PumpFun
2025-05-12 18:11:39,528 - trading_bot.token_scanner - INFO - Analyzing other discovered tokens...
2025-05-12 18:11:39,854 - trading_bot.token_analyzer - INFO - Using Birdeye security score for GKYCGrk1HxQ1StEgof9kAKtJ2HTaSxKVGg7g8iEZbonk: 9.962012999999999
2025-05-12 18:11:39,855 - trading_bot.token_scanner - INFO - Tradable token found: MIKE (GKYCGrk1HxQ1StEgof9kAKtJ2HTaSxKVGg7g8iEZbonk)
2025-05-12 18:11:41,114 - trading_bot.token_analyzer - INFO - Using Birdeye security score for 8evMH55JXY5xcciE7DQu4QCQrteBeG8abSHkGYQb5hdD: 42.475697
2025-05-12 18:11:41,114 - trading_bot.token_scanner - INFO - Tradable token found: ZAPCARD (8evMH55JXY5xcciE7DQu4QCQrteBeG8abSHkGYQb5hdD)
2025-05-12 18:11:42,172 - trading_bot.birdeye_api - WARNING - No DexScreener data for 6o4xg49tfwyEr7jNwwsGk6BrCd9sAqyQP1Qr7ENMbonk
2025-05-12 18:11:42,173 - trading_bot.birdeye_api - WARNING - Failed to get token info for 6o4xg49tfwyEr7jNwwsGk6BrCd9sAqyQP1Qr7ENMbonk
2025-05-12 18:11:42,263 - trading_bot.token_analyzer - WARNING - No DexScreener data for 6o4xg49tfwyEr7jNwwsGk6BrCd9sAqyQP1Qr7ENMbonk
2025-05-12 18:11:43,273 - trading_bot.token_scanner - INFO - Scan complete, waiting 60 seconds for next scan
2025-05-12 18:12:01,241 - trading_bot.solana_trader - INFO - Position: BITCHCOIN (2jbSMgwyJ714ZEgePgKNd5zQdwfakze6UtWpDSu1Sea5)
2025-05-12 18:12:01,242 - trading_bot.solana_trader - INFO -   - Buy price: 0.00000239
2025-05-12 18:12:01,242 - trading_bot.solana_trader - INFO -   - Current price: 0.000413
2025-05-12 18:12:01,243 - trading_bot.solana_trader - INFO -   - P/L: 17184.00% (172.84x)
2025-05-12 18:12:01,244 - trading_bot.solana_trader - ERROR - Error monitoring positions: 'take_profit_target'
2025-05-12 18:12:31,265 - trading_bot.solana_trader - INFO - Position: BITCHCOIN (2jbSMgwyJ714ZEgePgKNd5zQdwfakze6UtWpDSu1Sea5)
2025-05-12 18:12:31,266 - trading_bot.solana_trader - INFO -   - Buy price: 0.00000239
2025-05-12 18:12:31,266 - trading_bot.solana_trader - INFO -   - Current price: 0.000413
2025-05-12 18:12:31,266 - trading_bot.solana_trader - INFO -   - P/L: 17184.00% (172.84x)
2025-05-12 18:12:31,266 - trading_bot.solana_trader - ERROR - Error monitoring positions: 'take_profit_target'
2025-05-12 18:12:43,282 - trading_bot.token_scanner - INFO - Scanning Twitter for tokens...
2025-05-12 18:12:43,876 - trading_bot.token_scanner - INFO - Discovered 14 tokens from Twitter
2025-05-12 18:12:43,876 - trading_bot.token_scanner - INFO - Analyzing tokens by screening criteria...
2025-05-12 18:12:43,876 - trading_bot.token_analyzer - INFO - Retrieved 1 top gainers from Birdeye API
2025-05-12 18:12:43,876 - trading_bot.token_scanner - INFO - Found 1 top gainer tokens
2025-05-12 18:12:44,524 - trading_bot.token_scanner - INFO - Found 2 trending tokens
2025-05-12 18:12:44,559 - trading_bot.token_scanner - INFO - Scanning PumpFun for tokens...
2025-05-12 18:12:44,560 - trading_bot.token_scanner - INFO - Using simulated PumpFun data due to API certificate issues
2025-05-12 18:12:44,596 - trading_bot.token_scanner - INFO - Found 3 simulated tokens from PumpFun
2025-05-12 18:12:44,596 - trading_bot.token_scanner - INFO - Analyzing other discovered tokens...
2025-05-12 18:12:44,941 - trading_bot.token_analyzer - INFO - Using Birdeye security score for 2pAFnY2Sp6d3kPCm684LuMf7CHakpCo2TQsNa4iXxjPQ: 2.349505
2025-05-12 18:12:44,941 - trading_bot.token_scanner - INFO - Tradable token found: UNKNOWN (2pAFnY2Sp6d3kPCm684LuMf7CHakpCo2TQsNa4iXxjPQ)
2025-05-12 18:12:45,950 - trading_bot.token_scanner - INFO - Scan complete, waiting 60 seconds for next scan
2025-05-12 18:13:01,278 - trading_bot.solana_trader - INFO - Position: BITCHCOIN (2jbSMgwyJ714ZEgePgKNd5zQdwfakze6UtWpDSu1Sea5)
2025-05-12 18:13:01,279 - trading_bot.solana_trader - INFO -   - Buy price: 0.00000239
2025-05-12 18:13:01,280 - trading_bot.solana_trader - INFO -   - Current price: 0.000413
2025-05-12 18:13:01,280 - trading_bot.solana_trader - INFO -   - P/L: 17184.00% (172.84x)
2025-05-12 18:13:01,280 - trading_bot.solana_trader - ERROR - Error monitoring positions: 'take_profit_target'
2025-05-12 18:13:31,300 - trading_bot.solana_trader - INFO - Position: BITCHCOIN (2jbSMgwyJ714ZEgePgKNd5zQdwfakze6UtWpDSu1Sea5)
2025-05-12 18:13:31,300 - trading_bot.solana_trader - INFO -   - Buy price: 0.00000239
2025-05-12 18:13:31,300 - trading_bot.solana_trader - INFO -   - Current price: 0.000413
2025-05-12 18:13:31,301 - trading_bot.solana_trader - INFO -   - P/L: 17184.00% (172.84x)
2025-05-12 18:13:31,301 - trading_bot.solana_trader - ERROR - Error monitoring positions: 'take_profit_target'
2025-05-12 18:13:45,964 - trading_bot.token_scanner - INFO - Scanning Twitter for tokens...
2025-05-12 18:13:46,392 - trading_bot.token_scanner - INFO - Discovered 7 tokens from Twitter
2025-05-12 18:13:46,393 - trading_bot.token_scanner - INFO - Analyzing tokens by screening criteria...
2025-05-12 18:13:46,393 - trading_bot.token_analyzer - INFO - Retrieved 1 top gainers from Birdeye API
2025-05-12 18:13:46,394 - trading_bot.token_scanner - INFO - Found 1 top gainer tokens
2025-05-12 18:13:47,069 - trading_bot.token_scanner - INFO - Found 2 trending tokens
2025-05-12 18:13:47,099 - trading_bot.token_scanner - INFO - Scanning PumpFun for tokens...
2025-05-12 18:13:47,100 - trading_bot.token_scanner - INFO - Using simulated PumpFun data due to API certificate issues
2025-05-12 18:13:47,127 - trading_bot.token_scanner - INFO - Found 3 simulated tokens from PumpFun
2025-05-12 18:13:47,127 - trading_bot.token_scanner - INFO - Analyzing other discovered tokens...
2025-05-12 18:13:47,161 - trading_bot.birdeye_api - WARNING - No DexScreener data for FRnEASyYqr6USfUynAa1cXkQWGrGkAugmSfGAuDkbonk
2025-05-12 18:13:47,162 - trading_bot.birdeye_api - WARNING - Failed to get token info for FRnEASyYqr6USfUynAa1cXkQWGrGkAugmSfGAuDkbonk
2025-05-12 18:13:47,261 - trading_bot.token_analyzer - WARNING - No DexScreener data for FRnEASyYqr6USfUynAa1cXkQWGrGkAugmSfGAuDkbonk
2025-05-12 18:13:48,263 - trading_bot.token_scanner - INFO - Scan complete, waiting 60 seconds for next scan
2025-05-12 18:14:01,336 - trading_bot.solana_trader - INFO - Position: BITCHCOIN (2jbSMgwyJ714ZEgePgKNd5zQdwfakze6UtWpDSu1Sea5)
2025-05-12 18:14:01,337 - trading_bot.solana_trader - INFO -   - Buy price: 0.00000239
2025-05-12 18:14:01,338 - trading_bot.solana_trader - INFO -   - Current price: 0.000413
2025-05-12 18:14:01,339 - trading_bot.solana_trader - INFO -   - P/L: 17184.00% (172.84x)
2025-05-12 18:14:01,339 - trading_bot.solana_trader - ERROR - Error monitoring positions: 'take_profit_target'
2025-05-12 18:14:31,363 - trading_bot.solana_trader - INFO - Position: BITCHCOIN (2jbSMgwyJ714ZEgePgKNd5zQdwfakze6UtWpDSu1Sea5)
2025-05-12 18:14:31,365 - trading_bot.solana_trader - INFO -   - Buy price: 0.00000239
2025-05-12 18:14:31,366 - trading_bot.solana_trader - INFO -   - Current price: 0.000413
2025-05-12 18:14:31,368 - trading_bot.solana_trader - INFO -   - P/L: 17184.00% (172.84x)
2025-05-12 18:14:31,369 - trading_bot.solana_trader - ERROR - Error monitoring positions: 'take_profit_target'
2025-05-12 18:14:48,278 - trading_bot.token_scanner - INFO - Scanning Twitter for tokens...
2025-05-12 18:14:48,732 - trading_bot.token_scanner - INFO - Discovered 10 tokens from Twitter
2025-05-12 18:14:48,733 - trading_bot.token_scanner - INFO - Analyzing tokens by screening criteria...
2025-05-12 18:14:48,733 - trading_bot.token_analyzer - INFO - Retrieved 1 top gainers from Birdeye API
2025-05-12 18:14:48,734 - trading_bot.token_scanner - INFO - Found 1 top gainer tokens
2025-05-12 18:14:49,718 - trading_bot.token_scanner - INFO - Found 2 trending tokens
2025-05-12 18:14:49,763 - trading_bot.token_scanner - INFO - Scanning PumpFun for tokens...
2025-05-12 18:14:49,764 - trading_bot.token_scanner - INFO - Using simulated PumpFun data due to API certificate issues
2025-05-12 18:14:49,823 - trading_bot.token_scanner - INFO - Found 3 simulated tokens from PumpFun
2025-05-12 18:14:49,824 - trading_bot.token_scanner - INFO - Analyzing other discovered tokens...
2025-05-12 18:14:49,873 - trading_bot.birdeye_api - WARNING - No DexScreener data for 8rUKHwnPNSKu355kahRUFSoko3XAGT2nkuWcSyAmbonk
2025-05-12 18:14:49,874 - trading_bot.birdeye_api - WARNING - Failed to get token info for 8rUKHwnPNSKu355kahRUFSoko3XAGT2nkuWcSyAmbonk
2025-05-12 18:14:49,911 - trading_bot.token_analyzer - WARNING - No DexScreener data for 8rUKHwnPNSKu355kahRUFSoko3XAGT2nkuWcSyAmbonk
2025-05-12 18:14:53,550 - trading_bot.token_analyzer - INFO - Using Birdeye security score for Cr2mM4szbt8286XMn7iTpY5A8S17LbGAu1UyodkyEwn4: 69.56640200000001
2025-05-12 18:14:53,552 - trading_bot.token_scanner - INFO - Tradable token found: FITCOIN (Cr2mM4szbt8286XMn7iTpY5A8S17LbGAu1UyodkyEwn4)
2025-05-12 18:14:54,984 - trading_bot.token_analyzer - INFO - Using Birdeye security score for BD78uBLz87HSw77mSt3zCTkxpFgBE2HJuaM8c4Es1ray: 39.989531
2025-05-12 18:14:54,986 - trading_bot.token_scanner - INFO - Tradable token found: MOONUT (BD78uBLz87HSw77mSt3zCTkxpFgBE2HJuaM8c4Es1ray)
2025-05-12 18:14:56,450 - trading_bot.token_analyzer - INFO - Using Birdeye security score for Gvs8NDo7FrzUhZtSRLC5CbQfNe4h1CkKvK8SWXzydJyX: 12.185368
2025-05-12 18:14:56,452 - trading_bot.token_scanner - INFO - Tradable token found: PP (Gvs8NDo7FrzUhZtSRLC5CbQfNe4h1CkKvK8SWXzydJyX)
2025-05-12 18:14:57,923 - trading_bot.token_analyzer - INFO - Using Birdeye security score for 8RhGnXjVroSjy24uZ8r1M9ChsorAPNUc4oSLyzoDrYoJ: 36.058221
2025-05-12 18:14:57,925 - trading_bot.token_scanner - INFO - Tradable token found: BITCHCOIN (8RhGnXjVroSjy24uZ8r1M9ChsorAPNUc4oSLyzoDrYoJ)
2025-05-12 18:14:58,934 - trading_bot.token_scanner - INFO - Scan complete, waiting 60 seconds for next scan
2025-05-12 18:15:01,392 - trading_bot.solana_trader - INFO - Position: BITCHCOIN (2jbSMgwyJ714ZEgePgKNd5zQdwfakze6UtWpDSu1Sea5)
2025-05-12 18:15:01,393 - trading_bot.solana_trader - INFO -   - Buy price: 0.00000239
2025-05-12 18:15:01,395 - trading_bot.solana_trader - INFO -   - Current price: 0.000413
2025-05-12 18:15:01,396 - trading_bot.solana_trader - INFO -   - P/L: 17184.00% (172.84x)
2025-05-12 18:15:01,398 - trading_bot.solana_trader - ERROR - Error monitoring positions: 'take_profit_target'
2025-05-12 18:15:31,432 - trading_bot.solana_trader - INFO - Position: BITCHCOIN (2jbSMgwyJ714ZEgePgKNd5zQdwfakze6UtWpDSu1Sea5)
2025-05-12 18:15:31,433 - trading_bot.solana_trader - INFO -   - Buy price: 0.00000239
2025-05-12 18:15:31,435 - trading_bot.solana_trader - INFO -   - Current price: 0.000413
2025-05-12 18:15:31,436 - trading_bot.solana_trader - INFO -   - P/L: 17184.00% (172.84x)
2025-05-12 18:15:31,437 - trading_bot.solana_trader - ERROR - Error monitoring positions: 'take_profit_target'
2025-05-12 18:15:37,986 - trading_bot - INFO - Current wallet balance: 5.0000 SOL ($864.15)
2025-05-12 18:15:38,155 - trading_bot.birdeye_api - INFO - Retrieved 2 tokens from DexScreener
2025-05-12 18:15:38,157 - trading_bot.birdeye_api - INFO - Found 1 top gainers for 24h
2025-05-12 18:15:38,158 - trading_bot.token_analyzer - INFO - Retrieved 1 top gainers from Birdeye API
2025-05-12 18:15:38,160 - trading_bot.token_scanner - INFO - Found 1 top gainer tokens
2025-05-12 18:15:38,599 - trading_bot.token_scanner - INFO - Found 2 trending tokens
2025-05-12 18:15:39,493 - trading_bot - INFO - No tokens found meeting screening criteria, analyzing other tokens...
2025-05-12 18:15:58,943 - trading_bot.token_scanner - INFO - Scanning Twitter for tokens...
2025-05-12 18:15:59,424 - trading_bot.token_scanner - INFO - Discovered 11 tokens from Twitter
2025-05-12 18:15:59,425 - trading_bot.token_scanner - INFO - Analyzing tokens by screening criteria...
2025-05-12 18:15:59,425 - trading_bot.token_analyzer - INFO - Retrieved 1 top gainers from Birdeye API
2025-05-12 18:15:59,426 - trading_bot.token_scanner - INFO - Found 1 top gainer tokens
2025-05-12 18:15:59,938 - trading_bot.token_scanner - INFO - Found 2 trending tokens
2025-05-12 18:15:59,973 - trading_bot.token_scanner - INFO - Scanning PumpFun for tokens...
2025-05-12 18:15:59,974 - trading_bot.token_scanner - INFO - Using simulated PumpFun data due to API certificate issues
2025-05-12 18:16:00,016 - trading_bot.token_scanner - INFO - Found 3 simulated tokens from PumpFun
2025-05-12 18:16:00,018 - trading_bot.token_scanner - INFO - Analyzing other discovered tokens...
2025-05-12 18:16:00,424 - trading_bot.token_analyzer - INFO - Using Birdeye security score for 87Zwma8pbNJd89iSQDYwpoKBafvvCTuBvcLqVW7Utk9Z: 34.262309
2025-05-12 18:16:00,425 - trading_bot.token_scanner - INFO - Tradable token found: SSE (87Zwma8pbNJd89iSQDYwpoKBafvvCTuBvcLqVW7Utk9Z)
2025-05-12 18:16:01,437 - trading_bot.token_scanner - INFO - Scan complete, waiting 60 seconds for next scan
2025-05-12 18:16:01,574 - trading_bot.solana_trader - INFO - Position: BITCHCOIN (2jbSMgwyJ714ZEgePgKNd5zQdwfakze6UtWpDSu1Sea5)
2025-05-12 18:16:01,575 - trading_bot.solana_trader - INFO -   - Buy price: 0.00000239
2025-05-12 18:16:01,575 - trading_bot.solana_trader - INFO -   - Current price: 0.000715
2025-05-12 18:16:01,577 - trading_bot.solana_trader - INFO -   - P/L: 29797.89% (298.98x)
2025-05-12 18:16:01,577 - trading_bot.solana_trader - ERROR - Error monitoring positions: 'take_profit_target'
