2025-04-02 19:03:04,333 - trading_bot.database - INFO - Database tables initialized
2025-04-02 19:03:04,341 - trading_bot.token_analyzer - DEBUG - Twitter client initialized for token analyzer
2025-04-02 19:03:04,342 - trading_bot - INFO - Testing trending tokens...
2025-04-02 19:03:04,519 - trading_bot.utils - WARNING - Fetch attempt 1/3 failed for https://public-api.birdeye.so/defi/token_trending: 401, message='Unauthorized', url='https://public-api.birdeye.so/defi/token_trending?sort_by=rank&sort_type=asc&offset=0&limit=5'
2025-04-02 19:03:06,651 - trading_bot.utils - WARNING - Fetch attempt 2/3 failed for https://public-api.birdeye.so/defi/token_trending: 401, message='Unauthorized', url='https://public-api.birdeye.so/defi/token_trending?sort_by=rank&sort_type=asc&offset=0&limit=5'
2025-04-02 19:03:10,783 - trading_bot.utils - WARNING - Fetch attempt 3/3 failed for https://public-api.birdeye.so/defi/token_trending: 401, message='Unauthorized', url='https://public-api.birdeye.so/defi/token_trending?sort_by=rank&sort_type=asc&offset=0&limit=5'
2025-04-02 19:03:10,784 - trading_bot.utils - ERROR - Failed to fetch https://public-api.birdeye.so/defi/token_trending after 3 attempts
2025-04-02 19:03:10,784 - trading_bot.token_analyzer - WARNING - No valid data from Birdeye token trending endpoint
2025-04-02 19:03:10,926 - trading_bot.utils - WARNING - Fetch attempt 1/3 failed for https://public-api.birdeye.so/defi/tokenlist: 401, message='Unauthorized', url='https://public-api.birdeye.so/defi/tokenlist?sort_by=volume24hUSD&sort_type=desc&offset=0&limit=5'
2025-04-02 19:03:13,057 - trading_bot.utils - WARNING - Fetch attempt 2/3 failed for https://public-api.birdeye.so/defi/tokenlist: 401, message='Unauthorized', url='https://public-api.birdeye.so/defi/tokenlist?sort_by=volume24hUSD&sort_type=desc&offset=0&limit=5'
2025-04-02 19:03:17,216 - trading_bot.utils - WARNING - Fetch attempt 3/3 failed for https://public-api.birdeye.so/defi/tokenlist: 401, message='Unauthorized', url='https://public-api.birdeye.so/defi/tokenlist?sort_by=volume24hUSD&sort_type=desc&offset=0&limit=5'
2025-04-02 19:03:17,217 - trading_bot.utils - ERROR - Failed to fetch https://public-api.birdeye.so/defi/tokenlist after 3 attempts
2025-04-02 19:03:17,217 - trading_bot.token_analyzer - WARNING - No data from Birdeye token list endpoint
2025-04-02 19:03:20,098 - trading_bot.token_analyzer - INFO - Successfully fetched DexScreener data from https://api.dexscreener.com/latest/dex/tokens/solana
2025-04-02 19:03:20,099 - trading_bot - ERROR - Error testing trending tokens: 'NoneType' object is not iterable
2025-04-02 19:03:20,099 - trading_bot - INFO - Testing top gainers for 1h...
2025-04-02 19:03:20,146 - trading_bot.token_analyzer - WARNING - No DexScreener data for top gainers
2025-04-02 19:03:20,289 - trading_bot.utils - WARNING - Fetch attempt 1/3 failed for https://public-api.birdeye.so/trader/gainers-losers: 401, message='Unauthorized', url='https://public-api.birdeye.so/trader/gainers-losers?type=hour&sort_by=PnL&sort_type=desc&offset=0&limit=5'
2025-04-02 19:03:22,417 - trading_bot.utils - WARNING - Fetch attempt 2/3 failed for https://public-api.birdeye.so/trader/gainers-losers: 401, message='Unauthorized', url='https://public-api.birdeye.so/trader/gainers-losers?type=hour&sort_by=PnL&sort_type=desc&offset=0&limit=5'
2025-04-02 19:03:26,549 - trading_bot.utils - WARNING - Fetch attempt 3/3 failed for https://public-api.birdeye.so/trader/gainers-losers: 401, message='Unauthorized', url='https://public-api.birdeye.so/trader/gainers-losers?type=hour&sort_by=PnL&sort_type=desc&offset=0&limit=5'
2025-04-02 19:03:26,551 - trading_bot.utils - ERROR - Failed to fetch https://public-api.birdeye.so/trader/gainers-losers after 3 attempts
2025-04-02 19:03:26,552 - trading_bot.token_analyzer - WARNING - No valid Birdeye data for top gainers (1h)
2025-04-02 19:03:26,552 - trading_bot - INFO - Found 0 top gainers for 1h:
2025-04-02 19:03:26,552 - trading_bot - INFO - Testing top gainers for 6h...
2025-04-02 19:03:26,589 - trading_bot.token_analyzer - WARNING - No DexScreener data for top gainers
2025-04-02 19:03:26,770 - trading_bot.utils - WARNING - Fetch attempt 1/3 failed for https://public-api.birdeye.so/trader/gainers-losers: 401, message='Unauthorized', url='https://public-api.birdeye.so/trader/gainers-losers?type=6hour&sort_by=PnL&sort_type=desc&offset=0&limit=5'
2025-04-02 19:03:28,915 - trading_bot.utils - WARNING - Fetch attempt 2/3 failed for https://public-api.birdeye.so/trader/gainers-losers: 401, message='Unauthorized', url='https://public-api.birdeye.so/trader/gainers-losers?type=6hour&sort_by=PnL&sort_type=desc&offset=0&limit=5'
2025-04-02 19:03:33,068 - trading_bot.utils - WARNING - Fetch attempt 3/3 failed for https://public-api.birdeye.so/trader/gainers-losers: 401, message='Unauthorized', url='https://public-api.birdeye.so/trader/gainers-losers?type=6hour&sort_by=PnL&sort_type=desc&offset=0&limit=5'
2025-04-02 19:03:33,071 - trading_bot.utils - ERROR - Failed to fetch https://public-api.birdeye.so/trader/gainers-losers after 3 attempts
2025-04-02 19:03:33,071 - trading_bot.token_analyzer - WARNING - No valid Birdeye data for top gainers (6h)
2025-04-02 19:03:33,071 - trading_bot - INFO - Found 0 top gainers for 6h:
2025-04-02 19:03:33,071 - trading_bot - INFO - Testing top gainers for 24h...
2025-04-02 19:03:33,196 - trading_bot.token_analyzer - WARNING - No DexScreener data for top gainers
2025-04-02 19:03:33,364 - trading_bot.utils - WARNING - Fetch attempt 1/3 failed for https://public-api.birdeye.so/trader/gainers-losers: 401, message='Unauthorized', url='https://public-api.birdeye.so/trader/gainers-losers?type=today&sort_by=PnL&sort_type=desc&offset=0&limit=5'
2025-04-02 19:03:35,494 - trading_bot.utils - WARNING - Fetch attempt 2/3 failed for https://public-api.birdeye.so/trader/gainers-losers: 401, message='Unauthorized', url='https://public-api.birdeye.so/trader/gainers-losers?type=today&sort_by=PnL&sort_type=desc&offset=0&limit=5'
2025-04-02 19:03:39,652 - trading_bot.utils - WARNING - Fetch attempt 3/3 failed for https://public-api.birdeye.so/trader/gainers-losers: 401, message='Unauthorized', url='https://public-api.birdeye.so/trader/gainers-losers?type=today&sort_by=PnL&sort_type=desc&offset=0&limit=5'
2025-04-02 19:03:39,653 - trading_bot.utils - ERROR - Failed to fetch https://public-api.birdeye.so/trader/gainers-losers after 3 attempts
2025-04-02 19:03:39,654 - trading_bot.token_analyzer - WARNING - No valid Birdeye data for top gainers (24h)
2025-04-02 19:03:39,654 - trading_bot - INFO - Found 0 top gainers for 24h:
2025-04-02 19:03:39,654 - trading_bot.database - INFO - Database connection closed
