2025-05-13 00:48:26,938 - trading_bot.birdeye_api - INFO - BirdeyeAPI initialized with DexScreener fallback enabled
2025-05-13 00:48:26,940 - trading_bot.token_scanner - INFO - Twitter client initialized
2025-05-13 00:48:26,941 - trading_bot - INFO - Trading bot initialized in REAL TRADING mode
2025-05-13 00:48:26,943 - trading_bot - INFO - ==================================================
2025-05-13 00:48:26,945 - trading_bot - INFO -    Solana Trading Bot Starting
2025-05-13 00:48:26,946 - trading_bot - INFO - ==================================================
2025-05-13 00:48:27,265 - trading_bot - INFO - Initial Wallet Balance: 1.0000 SOL ($169.34)
2025-05-13 00:48:27,267 - trading_bot.token_scanner - INFO - Starting token scanner
2025-05-13 00:48:27,268 - trading_bot.token_scanner - INFO - Bot paused by control settings
2025-05-13 00:48:27,697 - trading_bot - INFO - Starting token discovery and trading process
2025-05-13 00:48:27,749 - trading_bot - INFO - Current wallet balance: 1.0000 SOL ($169.34)
2025-05-13 00:48:28,137 - trading_bot.utils - WARNING - Detected 'pump' in token address: 3siTgKmX1oWFvKzKtfbNKQ8MFq9kRnA8wQodhbwYpump
2025-05-13 00:48:28,138 - trading_bot.birdeye_api - INFO - Retrieved 1 tokens from DexScreener
2025-05-13 00:48:28,139 - trading_bot.birdeye_api - INFO - Found 0 top gainers for 24h
2025-05-13 00:48:28,274 - trading_bot.token_analyzer - WARNING - No DexScreener data for top gainers
2025-05-13 00:48:28,276 - trading_bot.token_scanner - INFO - Found 5 top gainer tokens
2025-05-13 00:48:29,068 - trading_bot.utils - WARNING - Detected 'pump' in token address: 3siTgKmX1oWFvKzKtfbNKQ8MFq9kRnA8wQodhbwYpump
2025-05-13 00:48:29,069 - trading_bot.token_scanner - INFO - Found 1 trending tokens
2025-05-13 00:48:29,242 - trading_bot.birdeye_api - WARNING - No DexScreener data for Sim0TopGainer1747111708
2025-05-13 00:48:29,244 - trading_bot.birdeye_api - WARNING - Failed to get token info for Sim0TopGainer1747111708
2025-05-13 00:48:29,284 - trading_bot.token_analyzer - WARNING - No DexScreener data for Sim0TopGainer1747111708
2025-05-13 00:48:29,285 - trading_bot.token_analyzer - INFO - Creating minimal simulation data for Sim0TopGainer1747111708
2025-05-13 00:48:29,286 - trading_bot.token_analyzer - INFO - Generated simulation safety score for Sim0TopGainer1747111708: 72.10160303531387
2025-05-13 00:48:29,286 - trading_bot.token_scanner - INFO - Qualified token found: SIMSim0 (Sim0TopGainer1747111708)
2025-05-13 00:48:29,968 - trading_bot.birdeye_api - WARNING - No DexScreener data for Sim1TopGainer1747111708
2025-05-13 00:48:29,969 - trading_bot.birdeye_api - WARNING - Failed to get token info for Sim1TopGainer1747111708
2025-05-13 00:48:30,029 - trading_bot.token_analyzer - WARNING - No DexScreener data for Sim1TopGainer1747111708
2025-05-13 00:48:30,030 - trading_bot.token_analyzer - INFO - Creating minimal simulation data for Sim1TopGainer1747111708
2025-05-13 00:48:30,031 - trading_bot.token_analyzer - INFO - Generated simulation safety score for Sim1TopGainer1747111708: 71.56223367067628
2025-05-13 00:48:30,032 - trading_bot.token_scanner - INFO - Qualified token found: SIMSim1 (Sim1TopGainer1747111708)
2025-05-13 00:48:30,663 - trading_bot.birdeye_api - WARNING - No DexScreener data for Sim2TopGainer1747111708
2025-05-13 00:48:30,664 - trading_bot.birdeye_api - WARNING - Failed to get token info for Sim2TopGainer1747111708
2025-05-13 00:48:30,709 - trading_bot.token_analyzer - WARNING - No DexScreener data for Sim2TopGainer1747111708
2025-05-13 00:48:30,710 - trading_bot.token_analyzer - INFO - Creating minimal simulation data for Sim2TopGainer1747111708
2025-05-13 00:48:30,712 - trading_bot.token_analyzer - INFO - Generated simulation safety score for Sim2TopGainer1747111708: 58.41105497058395
2025-05-13 00:48:30,712 - trading_bot.token_scanner - INFO - Qualified token found: SIMSim2 (Sim2TopGainer1747111708)
2025-05-13 00:48:31,345 - trading_bot.birdeye_api - WARNING - No DexScreener data for Sim3TopGainer1747111708
2025-05-13 00:48:31,347 - trading_bot.birdeye_api - WARNING - Failed to get token info for Sim3TopGainer1747111708
2025-05-13 00:48:31,389 - trading_bot.token_analyzer - WARNING - No DexScreener data for Sim3TopGainer1747111708
2025-05-13 00:48:31,389 - trading_bot.token_analyzer - INFO - Creating minimal simulation data for Sim3TopGainer1747111708
2025-05-13 00:48:31,390 - trading_bot.token_analyzer - INFO - Generated simulation safety score for Sim3TopGainer1747111708: 71.21912024966745
2025-05-13 00:48:31,390 - trading_bot.token_scanner - INFO - Qualified token found: SIMSim3 (Sim3TopGainer1747111708)
2025-05-13 00:48:31,941 - trading_bot.birdeye_api - WARNING - No DexScreener data for Sim4TopGainer1747111708
2025-05-13 00:48:31,942 - trading_bot.birdeye_api - WARNING - Failed to get token info for Sim4TopGainer1747111708
2025-05-13 00:48:31,988 - trading_bot.token_analyzer - WARNING - No DexScreener data for Sim4TopGainer1747111708
2025-05-13 00:48:31,989 - trading_bot.token_analyzer - INFO - Creating minimal simulation data for Sim4TopGainer1747111708
2025-05-13 00:48:31,991 - trading_bot.token_analyzer - INFO - Generated simulation safety score for Sim4TopGainer1747111708: 50.12002507455304
2025-05-13 00:48:31,991 - trading_bot.token_scanner - INFO - Qualified token found: SIMSim4 (Sim4TopGainer1747111708)
2025-05-13 00:48:32,828 - trading_bot - INFO - Token SIMSim0 qualified for trading:
2025-05-13 00:48:32,829 - trading_bot - INFO -   - Volume 24h: $50,000.00
2025-05-13 00:48:32,829 - trading_bot - INFO -   - Liquidity: $25,000.00
2025-05-13 00:48:32,829 - trading_bot - INFO -   - Market Cap: $500,000.00
2025-05-13 00:48:32,830 - trading_bot - INFO -   - Holders: 100
2025-05-13 00:48:32,831 - trading_bot - INFO -   - Price Change 24h: 20.00%
2025-05-13 00:48:32,831 - trading_bot - INFO -   - Security Score: 72.1/100
2025-05-13 00:48:32,831 - trading_bot - INFO - Trading SIMSim0 (Sim0TopGainer1747111708) for 0.20000000000000015 SOL
2025-05-13 00:48:32,842 - trading_bot - INFO - Successfully traded SIMSim0: REAL_BUY_Sim0TopG_1747111712
2025-05-13 00:48:32,909 - trading_bot - INFO - Token SIMSim1 qualified for trading:
2025-05-13 00:48:32,910 - trading_bot - INFO -   - Volume 24h: $50,000.00
2025-05-13 00:48:32,910 - trading_bot - INFO -   - Liquidity: $25,000.00
2025-05-13 00:48:32,910 - trading_bot - INFO -   - Market Cap: $500,000.00
2025-05-13 00:48:32,911 - trading_bot - INFO -   - Holders: 100
2025-05-13 00:48:32,911 - trading_bot - INFO -   - Price Change 24h: 20.00%
2025-05-13 00:48:32,911 - trading_bot - INFO -   - Security Score: 71.6/100
2025-05-13 00:48:32,912 - trading_bot - INFO - Trading SIMSim1 (Sim1TopGainer1747111708) for 0.20000000000000015 SOL
2025-05-13 00:48:32,923 - trading_bot - INFO - Successfully traded SIMSim1: REAL_BUY_Sim1TopG_1747111712
2025-05-13 00:48:32,985 - trading_bot - INFO - Token SIMSim2 qualified for trading:
2025-05-13 00:48:32,986 - trading_bot - INFO -   - Volume 24h: $50,000.00
2025-05-13 00:48:32,987 - trading_bot - INFO -   - Liquidity: $25,000.00
2025-05-13 00:48:32,988 - trading_bot - INFO -   - Market Cap: $500,000.00
2025-05-13 00:48:32,989 - trading_bot - INFO -   - Holders: 100
2025-05-13 00:48:32,989 - trading_bot - INFO -   - Price Change 24h: 20.00%
2025-05-13 00:48:32,990 - trading_bot - INFO -   - Security Score: 58.4/100
2025-05-13 00:48:32,990 - trading_bot - INFO - Trading SIMSim2 (Sim2TopGainer1747111708) for 0.20000000000000015 SOL
2025-05-13 00:48:33,000 - trading_bot - INFO - Successfully traded SIMSim2: REAL_BUY_Sim2TopG_1747111712
2025-05-13 00:48:33,067 - trading_bot - INFO - Token SIMSim3 qualified for trading:
2025-05-13 00:48:33,068 - trading_bot - INFO -   - Volume 24h: $50,000.00
2025-05-13 00:48:33,069 - trading_bot - INFO -   - Liquidity: $25,000.00
2025-05-13 00:48:33,069 - trading_bot - INFO -   - Market Cap: $500,000.00
2025-05-13 00:48:33,070 - trading_bot - INFO -   - Holders: 100
2025-05-13 00:48:33,071 - trading_bot - INFO -   - Price Change 24h: 20.00%
2025-05-13 00:48:33,071 - trading_bot - INFO -   - Security Score: 71.2/100
2025-05-13 00:48:33,072 - trading_bot - INFO - Trading SIMSim3 (Sim3TopGainer1747111708) for 0.20000000000000015 SOL
2025-05-13 00:48:33,081 - trading_bot - INFO - Successfully traded SIMSim3: REAL_BUY_Sim3TopG_1747111713
2025-05-13 00:48:33,156 - trading_bot - INFO - Token SIMSim4 qualified for trading:
2025-05-13 00:48:33,157 - trading_bot - INFO -   - Volume 24h: $50,000.00
2025-05-13 00:48:33,158 - trading_bot - INFO -   - Liquidity: $25,000.00
2025-05-13 00:48:33,159 - trading_bot - INFO -   - Market Cap: $500,000.00
2025-05-13 00:48:33,160 - trading_bot - INFO -   - Holders: 100
2025-05-13 00:48:33,160 - trading_bot - INFO -   - Price Change 24h: 20.00%
2025-05-13 00:48:33,160 - trading_bot - INFO -   - Security Score: 50.1/100
2025-05-13 00:48:33,161 - trading_bot - INFO - Trading SIMSim4 (Sim4TopGainer1747111708) for 0.20000000000000015 SOL
2025-05-13 00:48:33,171 - trading_bot - INFO - Successfully traded SIMSim4: REAL_BUY_Sim4TopG_1747111713
2025-05-13 00:49:27,281 - trading_bot.token_scanner - INFO - Bot paused by control settings
2025-05-13 00:50:27,284 - trading_bot.token_scanner - INFO - Bot paused by control settings
2025-05-13 00:51:27,290 - trading_bot.token_scanner - INFO - Bot paused by control settings
2025-05-13 00:52:27,304 - trading_bot.token_scanner - INFO - Bot paused by control settings
2025-05-13 00:53:27,322 - trading_bot.token_scanner - INFO - Bot paused by control settings
2025-05-13 00:53:33,319 - trading_bot - INFO - Current wallet balance: 1.0000 SOL ($169.44)
2025-05-13 00:53:33,375 - trading_bot.utils - WARNING - Detected 'pump' in token address: 3siTgKmX1oWFvKzKtfbNKQ8MFq9kRnA8wQodhbwYpump
2025-05-13 00:53:33,376 - trading_bot.birdeye_api - INFO - Retrieved 1 tokens from DexScreener
2025-05-13 00:53:33,378 - trading_bot.birdeye_api - INFO - Found 0 top gainers for 24h
2025-05-13 00:53:33,448 - trading_bot.token_analyzer - WARNING - No DexScreener data for top gainers
2025-05-13 00:53:33,451 - trading_bot.token_scanner - INFO - Found 5 top gainer tokens
2025-05-13 00:53:33,897 - trading_bot.utils - WARNING - Detected 'pump' in token address: 3siTgKmX1oWFvKzKtfbNKQ8MFq9kRnA8wQodhbwYpump
2025-05-13 00:53:33,898 - trading_bot.token_scanner - INFO - Found 1 trending tokens
2025-05-13 00:53:34,068 - trading_bot.birdeye_api - WARNING - No DexScreener data for Sim0TopGainer1747112013
2025-05-13 00:53:34,070 - trading_bot.birdeye_api - WARNING - Failed to get token info for Sim0TopGainer1747112013
2025-05-13 00:53:34,112 - trading_bot.token_analyzer - WARNING - No DexScreener data for Sim0TopGainer1747112013
2025-05-13 00:53:34,113 - trading_bot.token_analyzer - INFO - Creating minimal simulation data for Sim0TopGainer1747112013
2025-05-13 00:53:34,114 - trading_bot.token_analyzer - INFO - Generated simulation safety score for Sim0TopGainer1747112013: 53.60364423197981
2025-05-13 00:53:34,114 - trading_bot.token_scanner - INFO - Qualified token found: SIMSim0 (Sim0TopGainer1747112013)
2025-05-13 00:53:34,735 - trading_bot.birdeye_api - WARNING - No DexScreener data for Sim1TopGainer1747112013
2025-05-13 00:53:34,737 - trading_bot.birdeye_api - WARNING - Failed to get token info for Sim1TopGainer1747112013
2025-05-13 00:53:34,780 - trading_bot.token_analyzer - WARNING - No DexScreener data for Sim1TopGainer1747112013
2025-05-13 00:53:34,781 - trading_bot.token_analyzer - INFO - Creating minimal simulation data for Sim1TopGainer1747112013
2025-05-13 00:53:34,782 - trading_bot.token_analyzer - INFO - Generated simulation safety score for Sim1TopGainer1747112013: 65.5808296751895
2025-05-13 00:53:34,783 - trading_bot.token_scanner - INFO - Qualified token found: SIMSim1 (Sim1TopGainer1747112013)
2025-05-13 00:53:35,518 - trading_bot.birdeye_api - WARNING - No DexScreener data for Sim2TopGainer1747112013
2025-05-13 00:53:35,519 - trading_bot.birdeye_api - WARNING - Failed to get token info for Sim2TopGainer1747112013
2025-05-13 00:53:35,570 - trading_bot.token_analyzer - WARNING - No DexScreener data for Sim2TopGainer1747112013
2025-05-13 00:53:35,570 - trading_bot.token_analyzer - INFO - Creating minimal simulation data for Sim2TopGainer1747112013
2025-05-13 00:53:35,572 - trading_bot.token_analyzer - INFO - Generated simulation safety score for Sim2TopGainer1747112013: 58.78922671598028
2025-05-13 00:53:35,572 - trading_bot.token_scanner - INFO - Qualified token found: SIMSim2 (Sim2TopGainer1747112013)
2025-05-13 00:53:36,297 - trading_bot.birdeye_api - WARNING - No DexScreener data for Sim3TopGainer1747112013
2025-05-13 00:53:36,299 - trading_bot.birdeye_api - WARNING - Failed to get token info for Sim3TopGainer1747112013
2025-05-13 00:53:36,350 - trading_bot.token_analyzer - WARNING - No DexScreener data for Sim3TopGainer1747112013
2025-05-13 00:53:36,352 - trading_bot.token_analyzer - INFO - Creating minimal simulation data for Sim3TopGainer1747112013
2025-05-13 00:53:36,355 - trading_bot.token_analyzer - INFO - Generated simulation safety score for Sim3TopGainer1747112013: 70.77719958130011
2025-05-13 00:53:36,356 - trading_bot.token_scanner - INFO - Qualified token found: SIMSim3 (Sim3TopGainer1747112013)
2025-05-13 00:53:36,996 - trading_bot.birdeye_api - WARNING - No DexScreener data for Sim4TopGainer1747112013
2025-05-13 00:53:36,998 - trading_bot.birdeye_api - WARNING - Failed to get token info for Sim4TopGainer1747112013
2025-05-13 00:53:37,038 - trading_bot.token_analyzer - WARNING - No DexScreener data for Sim4TopGainer1747112013
2025-05-13 00:53:37,039 - trading_bot.token_analyzer - INFO - Creating minimal simulation data for Sim4TopGainer1747112013
2025-05-13 00:53:37,041 - trading_bot.token_analyzer - INFO - Generated simulation safety score for Sim4TopGainer1747112013: 76.24051337106403
2025-05-13 00:53:37,042 - trading_bot.token_scanner - INFO - Qualified token found: SIMSim4 (Sim4TopGainer1747112013)
2025-05-13 00:53:37,920 - trading_bot - INFO - Token SIMSim0 qualified for trading:
2025-05-13 00:53:37,922 - trading_bot - INFO -   - Volume 24h: $50,000.00
2025-05-13 00:53:37,923 - trading_bot - INFO -   - Liquidity: $25,000.00
2025-05-13 00:53:37,924 - trading_bot - INFO -   - Market Cap: $500,000.00
2025-05-13 00:53:37,926 - trading_bot - INFO -   - Holders: 100
2025-05-13 00:53:37,927 - trading_bot - INFO -   - Price Change 24h: 20.00%
2025-05-13 00:53:37,928 - trading_bot - INFO -   - Security Score: 53.6/100
2025-05-13 00:53:37,929 - trading_bot - INFO - Trading SIMSim0 (Sim0TopGainer1747112013) for 0.20000000000000015 SOL
2025-05-13 00:53:37,948 - trading_bot - INFO - Successfully traded SIMSim0: REAL_BUY_Sim0TopG_1747112017
2025-05-13 00:53:38,138 - trading_bot - INFO - Token SIMSim1 qualified for trading:
2025-05-13 00:53:38,140 - trading_bot - INFO -   - Volume 24h: $50,000.00
2025-05-13 00:53:38,141 - trading_bot - INFO -   - Liquidity: $25,000.00
2025-05-13 00:53:38,142 - trading_bot - INFO -   - Market Cap: $500,000.00
2025-05-13 00:53:38,143 - trading_bot - INFO -   - Holders: 100
2025-05-13 00:53:38,144 - trading_bot - INFO -   - Price Change 24h: 20.00%
2025-05-13 00:53:38,146 - trading_bot - INFO -   - Security Score: 65.6/100
2025-05-13 00:53:38,146 - trading_bot - INFO - Trading SIMSim1 (Sim1TopGainer1747112013) for 0.20000000000000015 SOL
2025-05-13 00:53:38,160 - trading_bot - INFO - Successfully traded SIMSim1: REAL_BUY_Sim1TopG_1747112018
2025-05-13 00:53:38,432 - trading_bot - INFO - Token SIMSim2 qualified for trading:
2025-05-13 00:53:38,433 - trading_bot - INFO -   - Volume 24h: $50,000.00
2025-05-13 00:53:38,434 - trading_bot - INFO -   - Liquidity: $25,000.00
2025-05-13 00:53:38,435 - trading_bot - INFO -   - Market Cap: $500,000.00
2025-05-13 00:53:38,437 - trading_bot - INFO -   - Holders: 100
2025-05-13 00:53:38,438 - trading_bot - INFO -   - Price Change 24h: 20.00%
2025-05-13 00:53:38,439 - trading_bot - INFO -   - Security Score: 58.8/100
2025-05-13 00:53:38,440 - trading_bot - INFO - Trading SIMSim2 (Sim2TopGainer1747112013) for 0.20000000000000015 SOL
2025-05-13 00:53:38,457 - trading_bot - INFO - Successfully traded SIMSim2: REAL_BUY_Sim2TopG_1747112018
2025-05-13 00:53:38,672 - trading_bot - INFO - Token SIMSim3 qualified for trading:
2025-05-13 00:53:38,673 - trading_bot - INFO -   - Volume 24h: $50,000.00
2025-05-13 00:53:38,674 - trading_bot - INFO -   - Liquidity: $25,000.00
2025-05-13 00:53:38,674 - trading_bot - INFO -   - Market Cap: $500,000.00
2025-05-13 00:53:38,675 - trading_bot - INFO -   - Holders: 100
2025-05-13 00:53:38,676 - trading_bot - INFO -   - Price Change 24h: 20.00%
2025-05-13 00:53:38,677 - trading_bot - INFO -   - Security Score: 70.8/100
2025-05-13 00:53:38,678 - trading_bot - INFO - Trading SIMSim3 (Sim3TopGainer1747112013) for 0.20000000000000015 SOL
2025-05-13 00:53:38,701 - trading_bot - INFO - Successfully traded SIMSim3: REAL_BUY_Sim3TopG_1747112018
2025-05-13 00:53:38,907 - trading_bot - INFO - Token SIMSim4 qualified for trading:
2025-05-13 00:53:38,908 - trading_bot - INFO -   - Volume 24h: $50,000.00
2025-05-13 00:53:38,910 - trading_bot - INFO -   - Liquidity: $25,000.00
2025-05-13 00:53:38,910 - trading_bot - INFO -   - Market Cap: $500,000.00
2025-05-13 00:53:38,911 - trading_bot - INFO -   - Holders: 100
2025-05-13 00:53:38,912 - trading_bot - INFO -   - Price Change 24h: 20.00%
2025-05-13 00:53:38,913 - trading_bot - INFO -   - Security Score: 76.2/100
2025-05-13 00:53:38,913 - trading_bot - INFO - Trading SIMSim4 (Sim4TopGainer1747112013) for 0.20000000000000015 SOL
2025-05-13 00:53:38,933 - trading_bot - INFO - Successfully traded SIMSim4: REAL_BUY_Sim4TopG_1747112018
2025-05-13 00:54:27,330 - trading_bot.token_scanner - INFO - Bot paused by control settings
2025-05-13 00:55:27,347 - trading_bot.token_scanner - INFO - Bot paused by control settings
2025-05-13 00:56:27,351 - trading_bot.token_scanner - INFO - Bot paused by control settings
2025-05-13 00:57:27,360 - trading_bot.token_scanner - INFO - Bot paused by control settings
2025-05-13 00:58:27,369 - trading_bot.token_scanner - INFO - Bot paused by control settings
2025-05-13 00:58:39,072 - trading_bot - INFO - Current wallet balance: 1.0000 SOL ($169.64)
2025-05-13 00:58:39,123 - trading_bot.utils - WARNING - Detected 'pump' in token address: 3siTgKmX1oWFvKzKtfbNKQ8MFq9kRnA8wQodhbwYpump
2025-05-13 00:58:39,123 - trading_bot.birdeye_api - INFO - Retrieved 1 tokens from DexScreener
2025-05-13 00:58:39,124 - trading_bot.birdeye_api - INFO - Found 0 top gainers for 24h
2025-05-13 00:58:39,238 - trading_bot.token_analyzer - WARNING - No DexScreener data for top gainers
2025-05-13 00:58:39,240 - trading_bot.token_scanner - INFO - Found 5 top gainer tokens
2025-05-13 00:58:40,033 - trading_bot.utils - WARNING - Detected 'pump' in token address: 3siTgKmX1oWFvKzKtfbNKQ8MFq9kRnA8wQodhbwYpump
2025-05-13 00:58:40,034 - trading_bot.token_scanner - INFO - Found 1 trending tokens
2025-05-13 00:58:40,189 - trading_bot.birdeye_api - WARNING - No DexScreener data for Sim0TopGainer1747112319
2025-05-13 00:58:40,191 - trading_bot.birdeye_api - WARNING - Failed to get token info for Sim0TopGainer1747112319
2025-05-13 00:58:40,251 - trading_bot.token_analyzer - WARNING - No DexScreener data for Sim0TopGainer1747112319
2025-05-13 00:58:40,253 - trading_bot.token_analyzer - INFO - Creating minimal simulation data for Sim0TopGainer1747112319
2025-05-13 00:58:40,255 - trading_bot.token_analyzer - INFO - Generated simulation safety score for Sim0TopGainer1747112319: 78.36524137434243
2025-05-13 00:58:40,256 - trading_bot.token_scanner - INFO - Qualified token found: SIMSim0 (Sim0TopGainer1747112319)
2025-05-13 00:58:40,764 - trading_bot.birdeye_api - WARNING - No DexScreener data for Sim1TopGainer1747112319
2025-05-13 00:58:40,765 - trading_bot.birdeye_api - WARNING - Failed to get token info for Sim1TopGainer1747112319
2025-05-13 00:58:40,820 - trading_bot.token_analyzer - WARNING - No DexScreener data for Sim1TopGainer1747112319
2025-05-13 00:58:40,821 - trading_bot.token_analyzer - INFO - Creating minimal simulation data for Sim1TopGainer1747112319
2025-05-13 00:58:40,823 - trading_bot.token_analyzer - INFO - Generated simulation safety score for Sim1TopGainer1747112319: 66.20614742133228
2025-05-13 00:58:40,823 - trading_bot.token_scanner - INFO - Qualified token found: SIMSim1 (Sim1TopGainer1747112319)
2025-05-13 00:58:41,430 - trading_bot.birdeye_api - WARNING - No DexScreener data for Sim2TopGainer1747112319
2025-05-13 00:58:41,431 - trading_bot.birdeye_api - WARNING - Failed to get token info for Sim2TopGainer1747112319
2025-05-13 00:58:41,508 - trading_bot.token_analyzer - WARNING - No DexScreener data for Sim2TopGainer1747112319
2025-05-13 00:58:41,509 - trading_bot.token_analyzer - INFO - Creating minimal simulation data for Sim2TopGainer1747112319
2025-05-13 00:58:41,510 - trading_bot.token_analyzer - INFO - Generated simulation safety score for Sim2TopGainer1747112319: 56.415602189915084
2025-05-13 00:58:41,511 - trading_bot.token_scanner - INFO - Qualified token found: SIMSim2 (Sim2TopGainer1747112319)
2025-05-13 00:58:42,247 - trading_bot.birdeye_api - WARNING - No DexScreener data for Sim3TopGainer1747112319
2025-05-13 00:58:42,248 - trading_bot.birdeye_api - WARNING - Failed to get token info for Sim3TopGainer1747112319
2025-05-13 00:58:42,389 - trading_bot.token_analyzer - WARNING - No DexScreener data for Sim3TopGainer1747112319
2025-05-13 00:58:42,390 - trading_bot.token_analyzer - INFO - Creating minimal simulation data for Sim3TopGainer1747112319
2025-05-13 00:58:42,391 - trading_bot.token_analyzer - INFO - Generated simulation safety score for Sim3TopGainer1747112319: 75.2510119646304
2025-05-13 00:58:42,391 - trading_bot.token_scanner - INFO - Qualified token found: SIMSim3 (Sim3TopGainer1747112319)
2025-05-13 00:58:42,921 - trading_bot.birdeye_api - WARNING - No DexScreener data for Sim4TopGainer1747112319
2025-05-13 00:58:42,922 - trading_bot.birdeye_api - WARNING - Failed to get token info for Sim4TopGainer1747112319
2025-05-13 00:58:42,962 - trading_bot.token_analyzer - WARNING - No DexScreener data for Sim4TopGainer1747112319
2025-05-13 00:58:42,963 - trading_bot.token_analyzer - INFO - Creating minimal simulation data for Sim4TopGainer1747112319
2025-05-13 00:58:42,964 - trading_bot.token_analyzer - INFO - Generated simulation safety score for Sim4TopGainer1747112319: 71.921460997782
2025-05-13 00:58:42,964 - trading_bot.token_scanner - INFO - Qualified token found: SIMSim4 (Sim4TopGainer1747112319)
2025-05-13 00:58:43,541 - trading_bot - INFO - Token SIMSim0 qualified for trading:
2025-05-13 00:58:43,541 - trading_bot - INFO -   - Volume 24h: $50,000.00
2025-05-13 00:58:43,542 - trading_bot - INFO -   - Liquidity: $25,000.00
2025-05-13 00:58:43,543 - trading_bot - INFO -   - Market Cap: $500,000.00
2025-05-13 00:58:43,544 - trading_bot - INFO -   - Holders: 100
2025-05-13 00:58:43,545 - trading_bot - INFO -   - Price Change 24h: 20.00%
2025-05-13 00:58:43,545 - trading_bot - INFO -   - Security Score: 78.4/100
2025-05-13 00:58:43,546 - trading_bot - INFO - Trading SIMSim0 (Sim0TopGainer1747112319) for 0.20000000000000015 SOL
2025-05-13 00:58:43,565 - trading_bot - INFO - Successfully traded SIMSim0: REAL_BUY_Sim0TopG_1747112323
2025-05-13 00:58:43,653 - trading_bot - INFO - Token SIMSim1 qualified for trading:
2025-05-13 00:58:43,654 - trading_bot - INFO -   - Volume 24h: $50,000.00
2025-05-13 00:58:43,655 - trading_bot - INFO -   - Liquidity: $25,000.00
2025-05-13 00:58:43,655 - trading_bot - INFO -   - Market Cap: $500,000.00
2025-05-13 00:58:43,655 - trading_bot - INFO -   - Holders: 100
2025-05-13 00:58:43,656 - trading_bot - INFO -   - Price Change 24h: 20.00%
2025-05-13 00:58:43,657 - trading_bot - INFO -   - Security Score: 66.2/100
2025-05-13 00:58:43,657 - trading_bot - INFO - Trading SIMSim1 (Sim1TopGainer1747112319) for 0.20000000000000015 SOL
2025-05-13 00:58:43,667 - trading_bot - INFO - Successfully traded SIMSim1: REAL_BUY_Sim1TopG_1747112323
2025-05-13 00:58:43,744 - trading_bot - INFO - Token SIMSim2 qualified for trading:
2025-05-13 00:58:43,744 - trading_bot - INFO -   - Volume 24h: $50,000.00
2025-05-13 00:58:43,745 - trading_bot - INFO -   - Liquidity: $25,000.00
2025-05-13 00:58:43,745 - trading_bot - INFO -   - Market Cap: $500,000.00
2025-05-13 00:58:43,745 - trading_bot - INFO -   - Holders: 100
2025-05-13 00:58:43,746 - trading_bot - INFO -   - Price Change 24h: 20.00%
2025-05-13 00:58:43,746 - trading_bot - INFO -   - Security Score: 56.4/100
2025-05-13 00:58:43,746 - trading_bot - INFO - Trading SIMSim2 (Sim2TopGainer1747112319) for 0.20000000000000015 SOL
2025-05-13 00:58:43,756 - trading_bot - INFO - Successfully traded SIMSim2: REAL_BUY_Sim2TopG_1747112323
2025-05-13 00:58:43,834 - trading_bot - INFO - Token SIMSim3 qualified for trading:
2025-05-13 00:58:43,835 - trading_bot - INFO -   - Volume 24h: $50,000.00
2025-05-13 00:58:43,835 - trading_bot - INFO -   - Liquidity: $25,000.00
2025-05-13 00:58:43,836 - trading_bot - INFO -   - Market Cap: $500,000.00
2025-05-13 00:58:43,836 - trading_bot - INFO -   - Holders: 100
2025-05-13 00:58:43,836 - trading_bot - INFO -   - Price Change 24h: 20.00%
2025-05-13 00:58:43,837 - trading_bot - INFO -   - Security Score: 75.3/100
2025-05-13 00:58:43,837 - trading_bot - INFO - Trading SIMSim3 (Sim3TopGainer1747112319) for 0.20000000000000015 SOL
2025-05-13 00:58:43,847 - trading_bot - INFO - Successfully traded SIMSim3: REAL_BUY_Sim3TopG_1747112323
2025-05-13 00:58:43,920 - trading_bot - INFO - Token SIMSim4 qualified for trading:
2025-05-13 00:58:43,920 - trading_bot - INFO -   - Volume 24h: $50,000.00
2025-05-13 00:58:43,921 - trading_bot - INFO -   - Liquidity: $25,000.00
2025-05-13 00:58:43,922 - trading_bot - INFO -   - Market Cap: $500,000.00
2025-05-13 00:58:43,923 - trading_bot - INFO -   - Holders: 100
2025-05-13 00:58:43,924 - trading_bot - INFO -   - Price Change 24h: 20.00%
2025-05-13 00:58:43,924 - trading_bot - INFO -   - Security Score: 71.9/100
2025-05-13 00:58:43,925 - trading_bot - INFO - Trading SIMSim4 (Sim4TopGainer1747112319) for 0.20000000000000015 SOL
2025-05-13 00:58:43,937 - trading_bot - INFO - Successfully traded SIMSim4: REAL_BUY_Sim4TopG_1747112323
2025-05-13 00:59:27,383 - trading_bot.token_scanner - INFO - Bot paused by control settings
2025-05-13 01:00:27,400 - trading_bot.token_scanner - INFO - Bot paused by control settings
2025-05-13 01:01:27,415 - trading_bot.token_scanner - INFO - Bot paused by control settings
2025-05-13 01:02:27,422 - trading_bot.token_scanner - INFO - Bot paused by control settings
2025-05-13 01:03:27,428 - trading_bot.token_scanner - INFO - Bot paused by control settings
2025-05-13 01:03:44,059 - trading_bot - INFO - Current wallet balance: 1.0000 SOL ($169.72)
2025-05-13 01:03:44,113 - trading_bot.utils - WARNING - Detected 'pump' in token address: 3siTgKmX1oWFvKzKtfbNKQ8MFq9kRnA8wQodhbwYpump
2025-05-13 01:03:44,115 - trading_bot.birdeye_api - INFO - Retrieved 1 tokens from DexScreener
2025-05-13 01:03:44,117 - trading_bot.birdeye_api - INFO - Found 0 top gainers for 24h
2025-05-13 01:03:44,238 - trading_bot.token_analyzer - WARNING - No DexScreener data for top gainers
2025-05-13 01:03:44,241 - trading_bot.token_scanner - INFO - Found 5 top gainer tokens
2025-05-13 01:03:44,882 - trading_bot.utils - WARNING - Detected 'pump' in token address: 3siTgKmX1oWFvKzKtfbNKQ8MFq9kRnA8wQodhbwYpump
2025-05-13 01:03:44,883 - trading_bot.token_scanner - INFO - Found 1 trending tokens
2025-05-13 01:03:45,010 - trading_bot.birdeye_api - WARNING - No DexScreener data for Sim0TopGainer1747112624
2025-05-13 01:03:45,012 - trading_bot.birdeye_api - WARNING - Failed to get token info for Sim0TopGainer1747112624
2025-05-13 01:03:45,056 - trading_bot.token_analyzer - WARNING - No DexScreener data for Sim0TopGainer1747112624
2025-05-13 01:03:45,057 - trading_bot.token_analyzer - INFO - Creating minimal simulation data for Sim0TopGainer1747112624
2025-05-13 01:03:45,059 - trading_bot.token_analyzer - INFO - Generated simulation safety score for Sim0TopGainer1747112624: 79.42452302948745
2025-05-13 01:03:45,060 - trading_bot.token_scanner - INFO - Qualified token found: SIMSim0 (Sim0TopGainer1747112624)
2025-05-13 01:03:45,862 - trading_bot.birdeye_api - WARNING - No DexScreener data for Sim1TopGainer1747112624
2025-05-13 01:03:45,864 - trading_bot.birdeye_api - WARNING - Failed to get token info for Sim1TopGainer1747112624
2025-05-13 01:03:45,936 - trading_bot.token_analyzer - WARNING - No DexScreener data for Sim1TopGainer1747112624
2025-05-13 01:03:45,938 - trading_bot.token_analyzer - INFO - Creating minimal simulation data for Sim1TopGainer1747112624
2025-05-13 01:03:45,939 - trading_bot.token_analyzer - INFO - Generated simulation safety score for Sim1TopGainer1747112624: 50.69238172973074
2025-05-13 01:03:45,941 - trading_bot.token_scanner - INFO - Qualified token found: SIMSim1 (Sim1TopGainer1747112624)
2025-05-13 01:03:46,454 - trading_bot.birdeye_api - WARNING - No DexScreener data for Sim2TopGainer1747112624
2025-05-13 01:03:46,457 - trading_bot.birdeye_api - WARNING - Failed to get token info for Sim2TopGainer1747112624
2025-05-13 01:03:46,508 - trading_bot.token_analyzer - WARNING - No DexScreener data for Sim2TopGainer1747112624
2025-05-13 01:03:46,509 - trading_bot.token_analyzer - INFO - Creating minimal simulation data for Sim2TopGainer1747112624
2025-05-13 01:03:46,511 - trading_bot.token_analyzer - INFO - Generated simulation safety score for Sim2TopGainer1747112624: 54.8101012384132
2025-05-13 01:03:46,512 - trading_bot.token_scanner - INFO - Qualified token found: SIMSim2 (Sim2TopGainer1747112624)
2025-05-13 01:03:47,070 - trading_bot.birdeye_api - WARNING - No DexScreener data for Sim3TopGainer1747112624
2025-05-13 01:03:47,072 - trading_bot.birdeye_api - WARNING - Failed to get token info for Sim3TopGainer1747112624
2025-05-13 01:03:47,122 - trading_bot.token_analyzer - WARNING - No DexScreener data for Sim3TopGainer1747112624
2025-05-13 01:03:47,123 - trading_bot.token_analyzer - INFO - Creating minimal simulation data for Sim3TopGainer1747112624
2025-05-13 01:03:47,124 - trading_bot.token_analyzer - INFO - Generated simulation safety score for Sim3TopGainer1747112624: 54.459312478603536
2025-05-13 01:03:47,125 - trading_bot.token_scanner - INFO - Qualified token found: SIMSim3 (Sim3TopGainer1747112624)
2025-05-13 01:03:47,789 - trading_bot.birdeye_api - WARNING - No DexScreener data for Sim4TopGainer1747112624
2025-05-13 01:03:47,791 - trading_bot.birdeye_api - WARNING - Failed to get token info for Sim4TopGainer1747112624
2025-05-13 01:03:47,832 - trading_bot.token_analyzer - WARNING - No DexScreener data for Sim4TopGainer1747112624
2025-05-13 01:03:47,833 - trading_bot.token_analyzer - INFO - Creating minimal simulation data for Sim4TopGainer1747112624
2025-05-13 01:03:47,835 - trading_bot.token_analyzer - INFO - Generated simulation safety score for Sim4TopGainer1747112624: 60.40430431334254
2025-05-13 01:03:47,836 - trading_bot.token_scanner - INFO - Qualified token found: SIMSim4 (Sim4TopGainer1747112624)
2025-05-13 01:03:48,596 - trading_bot - INFO - Token SIMSim0 qualified for trading:
2025-05-13 01:03:48,597 - trading_bot - INFO -   - Volume 24h: $50,000.00
2025-05-13 01:03:48,598 - trading_bot - INFO -   - Liquidity: $25,000.00
2025-05-13 01:03:48,600 - trading_bot - INFO -   - Market Cap: $500,000.00
2025-05-13 01:03:48,600 - trading_bot - INFO -   - Holders: 100
2025-05-13 01:03:48,601 - trading_bot - INFO -   - Price Change 24h: 20.00%
2025-05-13 01:03:48,602 - trading_bot - INFO -   - Security Score: 79.4/100
2025-05-13 01:03:48,602 - trading_bot - INFO - Trading SIMSim0 (Sim0TopGainer1747112624) for 0.20000000000000015 SOL
2025-05-13 01:03:48,617 - trading_bot - INFO - Successfully traded SIMSim0: REAL_BUY_Sim0TopG_1747112628
2025-05-13 01:03:48,832 - trading_bot - INFO - Token SIMSim1 qualified for trading:
2025-05-13 01:03:48,833 - trading_bot - INFO -   - Volume 24h: $50,000.00
2025-05-13 01:03:48,834 - trading_bot - INFO -   - Liquidity: $25,000.00
2025-05-13 01:03:48,834 - trading_bot - INFO -   - Market Cap: $500,000.00
2025-05-13 01:03:48,835 - trading_bot - INFO -   - Holders: 100
2025-05-13 01:03:48,835 - trading_bot - INFO -   - Price Change 24h: 20.00%
2025-05-13 01:03:48,836 - trading_bot - INFO -   - Security Score: 50.7/100
2025-05-13 01:03:48,836 - trading_bot - INFO - Trading SIMSim1 (Sim1TopGainer1747112624) for 0.20000000000000015 SOL
2025-05-13 01:03:48,848 - trading_bot - INFO - Successfully traded SIMSim1: REAL_BUY_Sim1TopG_1747112628
2025-05-13 01:03:49,055 - trading_bot - INFO - Token SIMSim2 qualified for trading:
2025-05-13 01:03:49,056 - trading_bot - INFO -   - Volume 24h: $50,000.00
2025-05-13 01:03:49,057 - trading_bot - INFO -   - Liquidity: $25,000.00
2025-05-13 01:03:49,058 - trading_bot - INFO -   - Market Cap: $500,000.00
2025-05-13 01:03:49,059 - trading_bot - INFO -   - Holders: 100
2025-05-13 01:03:49,059 - trading_bot - INFO -   - Price Change 24h: 20.00%
2025-05-13 01:03:49,060 - trading_bot - INFO -   - Security Score: 54.8/100
2025-05-13 01:03:49,061 - trading_bot - INFO - Trading SIMSim2 (Sim2TopGainer1747112624) for 0.20000000000000015 SOL
2025-05-13 01:03:49,076 - trading_bot - INFO - Successfully traded SIMSim2: REAL_BUY_Sim2TopG_1747112629
2025-05-13 01:03:49,309 - trading_bot - INFO - Token SIMSim3 qualified for trading:
2025-05-13 01:03:49,311 - trading_bot - INFO -   - Volume 24h: $50,000.00
2025-05-13 01:03:49,311 - trading_bot - INFO -   - Liquidity: $25,000.00
2025-05-13 01:03:49,312 - trading_bot - INFO -   - Market Cap: $500,000.00
2025-05-13 01:03:49,313 - trading_bot - INFO -   - Holders: 100
2025-05-13 01:03:49,314 - trading_bot - INFO -   - Price Change 24h: 20.00%
2025-05-13 01:03:49,314 - trading_bot - INFO -   - Security Score: 54.5/100
2025-05-13 01:03:49,315 - trading_bot - INFO - Trading SIMSim3 (Sim3TopGainer1747112624) for 0.20000000000000015 SOL
2025-05-13 01:03:49,329 - trading_bot - INFO - Successfully traded SIMSim3: REAL_BUY_Sim3TopG_1747112629
2025-05-13 01:03:49,545 - trading_bot - INFO - Token SIMSim4 qualified for trading:
2025-05-13 01:03:49,546 - trading_bot - INFO -   - Volume 24h: $50,000.00
2025-05-13 01:03:49,547 - trading_bot - INFO -   - Liquidity: $25,000.00
2025-05-13 01:03:49,548 - trading_bot - INFO -   - Market Cap: $500,000.00
2025-05-13 01:03:49,548 - trading_bot - INFO -   - Holders: 100
2025-05-13 01:03:49,549 - trading_bot - INFO -   - Price Change 24h: 20.00%
2025-05-13 01:03:49,549 - trading_bot - INFO -   - Security Score: 60.4/100
2025-05-13 01:03:49,549 - trading_bot - INFO - Trading SIMSim4 (Sim4TopGainer1747112624) for 0.20000000000000015 SOL
2025-05-13 01:03:49,563 - trading_bot - INFO - Successfully traded SIMSim4: REAL_BUY_Sim4TopG_1747112629
2025-05-13 01:04:27,436 - trading_bot.token_scanner - INFO - Bot paused by control settings
2025-05-13 01:05:27,445 - trading_bot.token_scanner - INFO - Bot paused by control settings
2025-05-13 01:06:27,456 - trading_bot.token_scanner - INFO - Bot paused by control settings
2025-05-13 01:07:27,470 - trading_bot.token_scanner - INFO - Bot paused by control settings
2025-05-13 01:08:27,479 - trading_bot.token_scanner - INFO - Bot paused by control settings
2025-05-13 01:08:49,706 - trading_bot - INFO - Current wallet balance: 1.0000 SOL ($169.85)
2025-05-13 01:08:49,790 - trading_bot.utils - WARNING - Detected 'pump' in token address: 3siTgKmX1oWFvKzKtfbNKQ8MFq9kRnA8wQodhbwYpump
2025-05-13 01:08:49,791 - trading_bot.birdeye_api - INFO - Retrieved 1 tokens from DexScreener
2025-05-13 01:08:49,792 - trading_bot.birdeye_api - INFO - Found 0 top gainers for 24h
2025-05-13 01:08:49,903 - trading_bot.token_analyzer - WARNING - No DexScreener data for top gainers
2025-05-13 01:08:49,907 - trading_bot.token_scanner - INFO - Found 5 top gainer tokens
2025-05-13 01:08:50,502 - trading_bot.utils - WARNING - Detected 'pump' in token address: 3siTgKmX1oWFvKzKtfbNKQ8MFq9kRnA8wQodhbwYpump
2025-05-13 01:08:50,503 - trading_bot.token_scanner - INFO - Found 1 trending tokens
2025-05-13 01:08:50,639 - trading_bot.birdeye_api - WARNING - No DexScreener data for Sim0TopGainer1747112929
2025-05-13 01:08:50,642 - trading_bot.birdeye_api - WARNING - Failed to get token info for Sim0TopGainer1747112929
2025-05-13 01:08:50,685 - trading_bot.token_analyzer - WARNING - No DexScreener data for Sim0TopGainer1747112929
2025-05-13 01:08:50,686 - trading_bot.token_analyzer - INFO - Creating minimal simulation data for Sim0TopGainer1747112929
2025-05-13 01:08:50,687 - trading_bot.token_analyzer - INFO - Generated simulation safety score for Sim0TopGainer1747112929: 67.09442909548738
2025-05-13 01:08:50,688 - trading_bot.token_scanner - INFO - Qualified token found: SIMSim0 (Sim0TopGainer1747112929)
2025-05-13 01:08:51,318 - trading_bot.birdeye_api - WARNING - No DexScreener data for Sim1TopGainer1747112929
2025-05-13 01:08:51,321 - trading_bot.birdeye_api - WARNING - Failed to get token info for Sim1TopGainer1747112929
2025-05-13 01:08:51,376 - trading_bot.token_analyzer - WARNING - No DexScreener data for Sim1TopGainer1747112929
2025-05-13 01:08:51,376 - trading_bot.token_analyzer - INFO - Creating minimal simulation data for Sim1TopGainer1747112929
2025-05-13 01:08:51,379 - trading_bot.token_analyzer - INFO - Generated simulation safety score for Sim1TopGainer1747112929: 65.57621004901848
2025-05-13 01:08:51,382 - trading_bot.token_scanner - INFO - Qualified token found: SIMSim1 (Sim1TopGainer1747112929)
2025-05-13 01:08:52,014 - trading_bot.birdeye_api - WARNING - No DexScreener data for Sim2TopGainer1747112929
2025-05-13 01:08:52,015 - trading_bot.birdeye_api - WARNING - Failed to get token info for Sim2TopGainer1747112929
2025-05-13 01:08:52,060 - trading_bot.token_analyzer - WARNING - No DexScreener data for Sim2TopGainer1747112929
2025-05-13 01:08:52,060 - trading_bot.token_analyzer - INFO - Creating minimal simulation data for Sim2TopGainer1747112929
2025-05-13 01:08:52,061 - trading_bot.token_analyzer - INFO - Generated simulation safety score for Sim2TopGainer1747112929: 53.163922887473774
2025-05-13 01:08:52,062 - trading_bot.token_scanner - INFO - Qualified token found: SIMSim2 (Sim2TopGainer1747112929)
2025-05-13 01:08:52,839 - trading_bot.birdeye_api - WARNING - No DexScreener data for Sim3TopGainer1747112929
2025-05-13 01:08:52,843 - trading_bot.birdeye_api - WARNING - Failed to get token info for Sim3TopGainer1747112929
2025-05-13 01:08:52,888 - trading_bot.token_analyzer - WARNING - No DexScreener data for Sim3TopGainer1747112929
2025-05-13 01:08:52,888 - trading_bot.token_analyzer - INFO - Creating minimal simulation data for Sim3TopGainer1747112929
2025-05-13 01:08:52,890 - trading_bot.token_analyzer - INFO - Generated simulation safety score for Sim3TopGainer1747112929: 55.66615160848932
2025-05-13 01:08:52,890 - trading_bot.token_scanner - INFO - Qualified token found: SIMSim3 (Sim3TopGainer1747112929)
2025-05-13 01:08:53,754 - trading_bot.birdeye_api - WARNING - No DexScreener data for Sim4TopGainer1747112929
2025-05-13 01:08:53,756 - trading_bot.birdeye_api - WARNING - Failed to get token info for Sim4TopGainer1747112929
2025-05-13 01:08:53,805 - trading_bot.token_analyzer - WARNING - No DexScreener data for Sim4TopGainer1747112929
2025-05-13 01:08:53,805 - trading_bot.token_analyzer - INFO - Creating minimal simulation data for Sim4TopGainer1747112929
2025-05-13 01:08:53,806 - trading_bot.token_analyzer - INFO - Generated simulation safety score for Sim4TopGainer1747112929: 76.90929512349075
2025-05-13 01:08:53,808 - trading_bot.token_scanner - INFO - Qualified token found: SIMSim4 (Sim4TopGainer1747112929)
2025-05-13 01:08:54,280 - trading_bot - INFO - Token SIMSim0 qualified for trading:
2025-05-13 01:08:54,280 - trading_bot - INFO -   - Volume 24h: $50,000.00
2025-05-13 01:08:54,280 - trading_bot - INFO -   - Liquidity: $25,000.00
2025-05-13 01:08:54,281 - trading_bot - INFO -   - Market Cap: $500,000.00
2025-05-13 01:08:54,282 - trading_bot - INFO -   - Holders: 100
2025-05-13 01:08:54,282 - trading_bot - INFO -   - Price Change 24h: 20.00%
2025-05-13 01:08:54,283 - trading_bot - INFO -   - Security Score: 67.1/100
2025-05-13 01:08:54,283 - trading_bot - INFO - Trading SIMSim0 (Sim0TopGainer1747112929) for 0.20000000000000015 SOL
2025-05-13 01:08:54,295 - trading_bot - INFO - Successfully traded SIMSim0: REAL_BUY_Sim0TopG_1747112934
2025-05-13 01:08:54,420 - trading_bot - INFO - Token SIMSim1 qualified for trading:
2025-05-13 01:08:54,421 - trading_bot - INFO -   - Volume 24h: $50,000.00
2025-05-13 01:08:54,421 - trading_bot - INFO -   - Liquidity: $25,000.00
2025-05-13 01:08:54,421 - trading_bot - INFO -   - Market Cap: $500,000.00
2025-05-13 01:08:54,422 - trading_bot - INFO -   - Holders: 100
2025-05-13 01:08:54,422 - trading_bot - INFO -   - Price Change 24h: 20.00%
2025-05-13 01:08:54,422 - trading_bot - INFO -   - Security Score: 65.6/100
2025-05-13 01:08:54,423 - trading_bot - INFO - Trading SIMSim1 (Sim1TopGainer1747112929) for 0.20000000000000015 SOL
2025-05-13 01:08:54,432 - trading_bot - INFO - Successfully traded SIMSim1: REAL_BUY_Sim1TopG_1747112934
2025-05-13 01:08:54,584 - trading_bot - INFO - Token SIMSim2 qualified for trading:
2025-05-13 01:08:54,585 - trading_bot - INFO -   - Volume 24h: $50,000.00
2025-05-13 01:08:54,585 - trading_bot - INFO -   - Liquidity: $25,000.00
2025-05-13 01:08:54,585 - trading_bot - INFO -   - Market Cap: $500,000.00
2025-05-13 01:08:54,586 - trading_bot - INFO -   - Holders: 100
2025-05-13 01:08:54,586 - trading_bot - INFO -   - Price Change 24h: 20.00%
2025-05-13 01:08:54,587 - trading_bot - INFO -   - Security Score: 53.2/100
2025-05-13 01:08:54,587 - trading_bot - INFO - Trading SIMSim2 (Sim2TopGainer1747112929) for 0.20000000000000015 SOL
2025-05-13 01:08:54,598 - trading_bot - INFO - Successfully traded SIMSim2: REAL_BUY_Sim2TopG_1747112934
2025-05-13 01:08:54,749 - trading_bot - INFO - Token SIMSim3 qualified for trading:
2025-05-13 01:08:54,751 - trading_bot - INFO -   - Volume 24h: $50,000.00
2025-05-13 01:08:54,751 - trading_bot - INFO -   - Liquidity: $25,000.00
2025-05-13 01:08:54,752 - trading_bot - INFO -   - Market Cap: $500,000.00
2025-05-13 01:08:54,754 - trading_bot - INFO -   - Holders: 100
2025-05-13 01:08:54,754 - trading_bot - INFO -   - Price Change 24h: 20.00%
2025-05-13 01:08:54,754 - trading_bot - INFO -   - Security Score: 55.7/100
2025-05-13 01:08:54,755 - trading_bot - INFO - Trading SIMSim3 (Sim3TopGainer1747112929) for 0.20000000000000015 SOL
2025-05-13 01:08:54,765 - trading_bot - INFO - Successfully traded SIMSim3: REAL_BUY_Sim3TopG_1747112934
2025-05-13 01:08:55,020 - trading_bot - INFO - Token SIMSim4 qualified for trading:
2025-05-13 01:08:55,021 - trading_bot - INFO -   - Volume 24h: $50,000.00
2025-05-13 01:08:55,021 - trading_bot - INFO -   - Liquidity: $25,000.00
2025-05-13 01:08:55,022 - trading_bot - INFO -   - Market Cap: $500,000.00
2025-05-13 01:08:55,022 - trading_bot - INFO -   - Holders: 100
2025-05-13 01:08:55,023 - trading_bot - INFO -   - Price Change 24h: 20.00%
2025-05-13 01:08:55,023 - trading_bot - INFO -   - Security Score: 76.9/100
2025-05-13 01:08:55,024 - trading_bot - INFO - Trading SIMSim4 (Sim4TopGainer1747112929) for 0.20000000000000015 SOL
2025-05-13 01:08:55,033 - trading_bot - INFO - Successfully traded SIMSim4: REAL_BUY_Sim4TopG_1747112935
2025-05-13 01:09:27,486 - trading_bot.token_scanner - INFO - Bot paused by control settings
2025-05-13 01:10:27,497 - trading_bot.token_scanner - INFO - Bot paused by control settings
2025-05-13 01:11:27,500 - trading_bot.token_scanner - INFO - Bot paused by control settings
2025-05-13 01:12:27,514 - trading_bot.token_scanner - INFO - Bot paused by control settings
2025-05-13 01:13:12,492 - trading_bot - CRITICAL - Received signal 2. Initiating graceful shutdown...
2025-05-13 01:13:27,499 - trading_bot - INFO - Closing connections
2025-05-13 01:13:27,502 - trading_bot - INFO - ==================================================
2025-05-13 01:13:27,503 - trading_bot - INFO -    Solana Trading Bot Shutdown Complete
2025-05-13 01:13:27,505 - trading_bot - INFO - ==================================================
