2025-04-02 18:56:57,773 - trading_bot.database - INFO - Database tables initialized
2025-04-02 18:56:57,781 - trading_bot.token_analyzer - DEBUG - Twitter client initialized for token analyzer
2025-04-02 18:56:57,781 - trading_bot - INFO - Testing trending tokens...
2025-04-02 18:56:57,985 - trading_bot.utils - WARNING - Fetch attempt 1/3 failed for https://public-api.birdeye.so/defi/token_trending: 401, message='Unauthorized', url='https://public-api.birdeye.so/defi/token_trending?sort_by=rank&sort_type=asc&offset=0&limit=5'
2025-04-02 18:57:00,124 - trading_bot.utils - WARNING - Fetch attempt 2/3 failed for https://public-api.birdeye.so/defi/token_trending: 401, message='Unauthorized', url='https://public-api.birdeye.so/defi/token_trending?sort_by=rank&sort_type=asc&offset=0&limit=5'
2025-04-02 18:57:04,299 - trading_bot.utils - WARNING - Fetch attempt 3/3 failed for https://public-api.birdeye.so/defi/token_trending: 401, message='Unauthorized', url='https://public-api.birdeye.so/defi/token_trending?sort_by=rank&sort_type=asc&offset=0&limit=5'
2025-04-02 18:57:04,300 - trading_bot.utils - ERROR - Failed to fetch https://public-api.birdeye.so/defi/token_trending after 3 attempts
2025-04-02 18:57:04,301 - trading_bot.token_analyzer - WARNING - No valid data from Birdeye token trending endpoint
2025-04-02 18:57:04,496 - trading_bot.utils - WARNING - Fetch attempt 1/3 failed for https://public-api.birdeye.so/defi/tokenlist: 401, message='Unauthorized', url='https://public-api.birdeye.so/defi/tokenlist?sort_by=volume24hUSD&sort_type=desc&offset=0&limit=5'
2025-04-02 18:57:06,634 - trading_bot.utils - WARNING - Fetch attempt 2/3 failed for https://public-api.birdeye.so/defi/tokenlist: 401, message='Unauthorized', url='https://public-api.birdeye.so/defi/tokenlist?sort_by=volume24hUSD&sort_type=desc&offset=0&limit=5'
2025-04-02 18:57:10,771 - trading_bot.utils - WARNING - Fetch attempt 3/3 failed for https://public-api.birdeye.so/defi/tokenlist: 401, message='Unauthorized', url='https://public-api.birdeye.so/defi/tokenlist?sort_by=volume24hUSD&sort_type=desc&offset=0&limit=5'
2025-04-02 18:57:10,772 - trading_bot.utils - ERROR - Failed to fetch https://public-api.birdeye.so/defi/tokenlist after 3 attempts
2025-04-02 18:57:10,772 - trading_bot.token_analyzer - WARNING - No data from Birdeye token list endpoint
2025-04-02 18:57:10,916 - trading_bot.token_analyzer - INFO - Successfully fetched DexScreener data from https://api.dexscreener.com/latest/dex/tokens/solana
2025-04-02 18:57:10,916 - trading_bot - ERROR - Error testing trending tokens: 'NoneType' object is not iterable
2025-04-02 18:57:10,917 - trading_bot - INFO - Testing top gainers for 1h...
2025-04-02 18:57:11,011 - trading_bot.token_analyzer - WARNING - No DexScreener data for top gainers
2025-04-02 18:57:11,159 - trading_bot.utils - WARNING - Fetch attempt 1/3 failed for https://public-api.birdeye.so/trader/gainers-losers: 401, message='Unauthorized', url='https://public-api.birdeye.so/trader/gainers-losers?type=hour&sort_by=PnL&sort_type=desc&offset=0&limit=5'
2025-04-02 18:57:13,294 - trading_bot.utils - WARNING - Fetch attempt 2/3 failed for https://public-api.birdeye.so/trader/gainers-losers: 401, message='Unauthorized', url='https://public-api.birdeye.so/trader/gainers-losers?type=hour&sort_by=PnL&sort_type=desc&offset=0&limit=5'
2025-04-02 18:57:17,425 - trading_bot.utils - WARNING - Fetch attempt 3/3 failed for https://public-api.birdeye.so/trader/gainers-losers: 401, message='Unauthorized', url='https://public-api.birdeye.so/trader/gainers-losers?type=hour&sort_by=PnL&sort_type=desc&offset=0&limit=5'
2025-04-02 18:57:17,426 - trading_bot.utils - ERROR - Failed to fetch https://public-api.birdeye.so/trader/gainers-losers after 3 attempts
2025-04-02 18:57:17,427 - trading_bot.token_analyzer - WARNING - No valid Birdeye data for top gainers (1h)
2025-04-02 18:57:17,427 - trading_bot - INFO - Found 0 top gainers for 1h:
2025-04-02 18:57:17,427 - trading_bot - INFO - Testing top gainers for 6h...
2025-04-02 18:57:17,466 - trading_bot.token_analyzer - WARNING - No DexScreener data for top gainers
2025-04-02 18:57:17,680 - trading_bot.utils - WARNING - Fetch attempt 1/3 failed for https://public-api.birdeye.so/trader/gainers-losers: 401, message='Unauthorized', url='https://public-api.birdeye.so/trader/gainers-losers?type=6hour&sort_by=PnL&sort_type=desc&offset=0&limit=5'
2025-04-02 18:57:19,839 - trading_bot.utils - WARNING - Fetch attempt 2/3 failed for https://public-api.birdeye.so/trader/gainers-losers: 401, message='Unauthorized', url='https://public-api.birdeye.so/trader/gainers-losers?type=6hour&sort_by=PnL&sort_type=desc&offset=0&limit=5'
2025-04-02 18:57:23,984 - trading_bot.utils - WARNING - Fetch attempt 3/3 failed for https://public-api.birdeye.so/trader/gainers-losers: 401, message='Unauthorized', url='https://public-api.birdeye.so/trader/gainers-losers?type=6hour&sort_by=PnL&sort_type=desc&offset=0&limit=5'
2025-04-02 18:57:23,985 - trading_bot.utils - ERROR - Failed to fetch https://public-api.birdeye.so/trader/gainers-losers after 3 attempts
2025-04-02 18:57:23,985 - trading_bot.token_analyzer - WARNING - No valid Birdeye data for top gainers (6h)
2025-04-02 18:57:23,986 - trading_bot - INFO - Found 0 top gainers for 6h:
2025-04-02 18:57:23,987 - trading_bot - INFO - Testing top gainers for 24h...
2025-04-02 18:57:24,054 - trading_bot.token_analyzer - WARNING - No DexScreener data for top gainers
2025-04-02 18:57:24,203 - trading_bot.utils - WARNING - Fetch attempt 1/3 failed for https://public-api.birdeye.so/trader/gainers-losers: 401, message='Unauthorized', url='https://public-api.birdeye.so/trader/gainers-losers?type=today&sort_by=PnL&sort_type=desc&offset=0&limit=5'
2025-04-02 18:57:26,363 - trading_bot.utils - WARNING - Fetch attempt 2/3 failed for https://public-api.birdeye.so/trader/gainers-losers: 401, message='Unauthorized', url='https://public-api.birdeye.so/trader/gainers-losers?type=today&sort_by=PnL&sort_type=desc&offset=0&limit=5'
2025-04-02 18:57:30,501 - trading_bot.utils - WARNING - Fetch attempt 3/3 failed for https://public-api.birdeye.so/trader/gainers-losers: 401, message='Unauthorized', url='https://public-api.birdeye.so/trader/gainers-losers?type=today&sort_by=PnL&sort_type=desc&offset=0&limit=5'
2025-04-02 18:57:30,502 - trading_bot.utils - ERROR - Failed to fetch https://public-api.birdeye.so/trader/gainers-losers after 3 attempts
2025-04-02 18:57:30,503 - trading_bot.token_analyzer - WARNING - No valid Birdeye data for top gainers (24h)
2025-04-02 18:57:30,504 - trading_bot - INFO - Found 0 top gainers for 24h:
2025-04-02 18:57:30,505 - trading_bot.database - INFO - Database connection closed
