2025-05-06 14:22:56,424 - trading_bot.database - INFO - Database tables initialized
2025-05-06 14:22:56,425 - trading_bot.solana_trader - INFO - Wallet initialized: 8GU6LRQBNMQyTrQrzufXNczGUizf9oS2AwsX94Zn6Bzv
2025-05-06 14:22:56,433 - trading_bot.birdeye_api - INFO - BirdeyeAPI initialized with DexScreener fallback enabled
2025-05-06 14:22:56,434 - trading_bot.solana_trader - INFO - Trading bot running in SIMULATION MODE - no real trades will be executed
2025-05-06 14:22:56,438 - trading_bot.solana_trader - INFO - Loaded 0 active orders
2025-05-06 14:22:56,439 - trading_bot.database - INFO - Database tables initialized
2025-05-06 14:22:56,447 - trading_bot.birdeye_api - INFO - BirdeyeAPI initialized with DexScreener fallback enabled
2025-05-06 14:22:56,449 - trading_bot.token_scanner - INFO - Twitter client initialized
2025-05-06 14:22:56,450 - trading_bot.database - INFO - Database tables initialized
2025-05-06 14:22:56,451 - trading_bot - INFO - ==================================================
2025-05-06 14:22:56,452 - trading_bot - INFO -    Solana Trading Bot Starting
2025-05-06 14:22:56,452 - trading_bot - INFO - ==================================================
2025-05-06 14:22:56,503 - trading_bot - INFO - Initial Wallet Balance: 5.0000 SOL ($720.75)
2025-05-06 14:22:56,503 - trading_bot.token_scanner - INFO - Starting token scanner
2025-05-06 14:22:56,504 - trading_bot.token_scanner - INFO - Scanning Twitter for tokens...
2025-05-06 14:22:56,595 - trading_bot.token_scanner - ERROR - Twitter scan failed: 429 Too Many Requests
Too Many Requests
2025-05-06 14:22:56,595 - trading_bot.token_scanner - INFO - Analyzing tokens by screening criteria...
2025-05-06 14:22:56,596 - trading_bot.solana_trader - INFO - Starting position monitor
2025-05-06 14:22:56,600 - trading_bot - INFO - Starting token discovery and trading process
2025-05-06 14:22:56,658 - trading_bot - INFO - Current wallet balance: 5.0000 SOL ($720.75)
2025-05-06 14:22:57,478 - trading_bot.birdeye_api - WARNING - No tokens data from DexScreener
2025-05-06 14:22:57,478 - trading_bot.birdeye_api - WARNING - No tokens found for top gainers (24h)
2025-05-06 14:22:57,693 - trading_bot.birdeye_api - WARNING - No tokens data from DexScreener
2025-05-06 14:22:57,693 - trading_bot.birdeye_api - WARNING - No tokens found for top gainers (24h)
2025-05-06 14:22:58,223 - trading_bot.token_analyzer - WARNING - No DexScreener data for top gainers
2025-05-06 14:22:58,223 - trading_bot.token_scanner - INFO - Found 0 top gainer tokens
2025-05-06 14:22:58,349 - trading_bot.token_analyzer - WARNING - No DexScreener data for top gainers
2025-05-06 14:22:58,349 - trading_bot.token_scanner - INFO - Found 0 top gainer tokens
2025-05-06 14:22:58,828 - trading_bot.birdeye_api - WARNING - Invalid token data from Birdeye
2025-05-06 14:22:58,945 - trading_bot.birdeye_api - WARNING - Invalid token data from Birdeye
2025-05-06 14:22:59,303 - trading_bot.birdeye_api - WARNING - No tokens data from DexScreener
2025-05-06 14:22:59,304 - trading_bot.birdeye_api - WARNING - No tokens found for trending tokens
2025-05-06 14:22:59,505 - trading_bot.birdeye_api - WARNING - No tokens data from DexScreener
2025-05-06 14:22:59,505 - trading_bot.birdeye_api - WARNING - No tokens found for trending tokens
2025-05-06 14:22:59,909 - trading_bot.token_analyzer - WARNING - No DexScreener data for trending tokens
2025-05-06 14:22:59,910 - trading_bot.token_scanner - INFO - No trending tokens found
2025-05-06 14:22:59,911 - trading_bot.token_scanner - INFO - Analyzing other discovered tokens...
2025-05-06 14:23:00,083 - trading_bot.token_analyzer - WARNING - No DexScreener data for trending tokens
2025-05-06 14:23:00,084 - trading_bot.token_scanner - INFO - No trending tokens found
2025-05-06 14:23:00,084 - trading_bot - INFO - No tokens found meeting screening criteria, analyzing other tokens...
2025-05-06 14:23:00,212 - trading_bot.token_analyzer - ERROR - Error calculating social media score: maximum recursion depth exceeded
2025-05-06 14:23:00,212 - trading_bot.token_analyzer - ERROR - Error fetching data from Birdeye for 7eQY4Q9WC1XU1SD4HghaJqEmipniCqKCW1Lv3Ejgpump: argument of type 'float' is not iterable
2025-05-06 14:23:00,532 - trading_bot.token_analyzer - ERROR - Error calculating social media score: maximum recursion depth exceeded
2025-05-06 14:23:00,532 - trading_bot.token_analyzer - ERROR - Error fetching data from Birdeye for 7eQY4Q9WC1XU1SD4HghaJqEmipniCqKCW1Lv3Ejgpump: argument of type 'float' is not iterable
2025-05-06 14:23:00,605 - trading_bot.utils - WARNING - Fetch attempt 1/5 failed for https://api.dexscreener.com/latest/dex/tokens/7eQY4Q9WC1XU1SD4HghaJqEmipniCqKCW1Lv3Ejgpump: maximum recursion depth exceeded
2025-05-06 14:23:01,070 - trading_bot.utils - WARNING - Fetch attempt 1/5 failed for https://api.dexscreener.com/latest/dex/tokens/7eQY4Q9WC1XU1SD4HghaJqEmipniCqKCW1Lv3Ejgpump: maximum recursion depth exceeded
2025-05-06 14:23:02,237 - trading_bot.utils - WARNING - Fetch attempt 2/5 failed for https://api.dexscreener.com/latest/dex/tokens/7eQY4Q9WC1XU1SD4HghaJqEmipniCqKCW1Lv3Ejgpump: maximum recursion depth exceeded
2025-05-06 14:23:03,158 - trading_bot.utils - WARNING - Fetch attempt 2/5 failed for https://api.dexscreener.com/latest/dex/tokens/7eQY4Q9WC1XU1SD4HghaJqEmipniCqKCW1Lv3Ejgpump: maximum recursion depth exceeded
2025-05-06 14:23:06,552 - trading_bot.utils - WARNING - Fetch attempt 3/5 failed for https://api.dexscreener.com/latest/dex/tokens/7eQY4Q9WC1XU1SD4HghaJqEmipniCqKCW1Lv3Ejgpump: maximum recursion depth exceeded
2025-05-06 14:23:07,881 - trading_bot.utils - WARNING - Fetch attempt 3/5 failed for https://api.dexscreener.com/latest/dex/tokens/7eQY4Q9WC1XU1SD4HghaJqEmipniCqKCW1Lv3Ejgpump: maximum recursion depth exceeded
2025-05-06 14:23:14,138 - trading_bot.utils - WARNING - Fetch attempt 4/5 failed for https://api.dexscreener.com/latest/dex/tokens/7eQY4Q9WC1XU1SD4HghaJqEmipniCqKCW1Lv3Ejgpump: maximum recursion depth exceeded
2025-05-06 14:23:17,386 - trading_bot.utils - WARNING - Fetch attempt 4/5 failed for https://api.dexscreener.com/latest/dex/tokens/7eQY4Q9WC1XU1SD4HghaJqEmipniCqKCW1Lv3Ejgpump: maximum recursion depth exceeded
2025-05-06 14:23:27,400 - trading_bot.utils - WARNING - Fetch attempt 5/5 failed for https://api.dexscreener.com/latest/dex/tokens/7eQY4Q9WC1XU1SD4HghaJqEmipniCqKCW1Lv3Ejgpump: maximum recursion depth exceeded
2025-05-06 14:23:27,401 - trading_bot.utils - ERROR - Failed to fetch https://api.dexscreener.com/latest/dex/tokens/7eQY4Q9WC1XU1SD4HghaJqEmipniCqKCW1Lv3Ejgpump after 5 attempts
2025-05-06 14:23:27,401 - trading_bot.token_analyzer - WARNING - No DexScreener data for 7eQY4Q9WC1XU1SD4HghaJqEmipniCqKCW1Lv3Ejgpump
2025-05-06 14:23:27,401 - trading_bot.token_analyzer - ERROR - Error fetching data from Birdeye for 7eQY4Q9WC1XU1SD4HghaJqEmipniCqKCW1Lv3Ejgpump: argument of type 'float' is not iterable
2025-05-06 14:23:27,817 - trading_bot.utils - WARNING - Fetch attempt 1/5 failed for https://api.dexscreener.com/latest/dex/tokens/7eQY4Q9WC1XU1SD4HghaJqEmipniCqKCW1Lv3Ejgpump: maximum recursion depth exceeded
2025-05-06 14:23:29,607 - trading_bot.utils - WARNING - Fetch attempt 2/5 failed for https://api.dexscreener.com/latest/dex/tokens/7eQY4Q9WC1XU1SD4HghaJqEmipniCqKCW1Lv3Ejgpump: maximum recursion depth exceeded
2025-05-06 14:23:31,978 - trading_bot.utils - WARNING - Fetch attempt 5/5 failed for https://api.dexscreener.com/latest/dex/tokens/7eQY4Q9WC1XU1SD4HghaJqEmipniCqKCW1Lv3Ejgpump: maximum recursion depth exceeded
2025-05-06 14:23:31,980 - trading_bot.utils - ERROR - Failed to fetch https://api.dexscreener.com/latest/dex/tokens/7eQY4Q9WC1XU1SD4HghaJqEmipniCqKCW1Lv3Ejgpump after 5 attempts
2025-05-06 14:23:31,980 - trading_bot.token_analyzer - WARNING - No DexScreener data for 7eQY4Q9WC1XU1SD4HghaJqEmipniCqKCW1Lv3Ejgpump
2025-05-06 14:23:31,981 - trading_bot.token_analyzer - ERROR - Error fetching data from Birdeye for 7eQY4Q9WC1XU1SD4HghaJqEmipniCqKCW1Lv3Ejgpump: argument of type 'float' is not iterable
2025-05-06 14:23:32,577 - trading_bot.utils - WARNING - Fetch attempt 1/5 failed for https://api.dexscreener.com/latest/dex/tokens/7eQY4Q9WC1XU1SD4HghaJqEmipniCqKCW1Lv3Ejgpump: maximum recursion depth exceeded
2025-05-06 14:23:33,028 - trading_bot.utils - WARNING - Fetch attempt 3/5 failed for https://api.dexscreener.com/latest/dex/tokens/7eQY4Q9WC1XU1SD4HghaJqEmipniCqKCW1Lv3Ejgpump: maximum recursion depth exceeded
2025-05-06 14:23:34,501 - trading_bot.utils - WARNING - Fetch attempt 2/5 failed for https://api.dexscreener.com/latest/dex/tokens/7eQY4Q9WC1XU1SD4HghaJqEmipniCqKCW1Lv3Ejgpump: maximum recursion depth exceeded
2025-05-06 14:23:38,483 - trading_bot.utils - WARNING - Fetch attempt 3/5 failed for https://api.dexscreener.com/latest/dex/tokens/7eQY4Q9WC1XU1SD4HghaJqEmipniCqKCW1Lv3Ejgpump: maximum recursion depth exceeded
2025-05-06 14:23:42,112 - trading_bot.utils - WARNING - Fetch attempt 4/5 failed for https://api.dexscreener.com/latest/dex/tokens/7eQY4Q9WC1XU1SD4HghaJqEmipniCqKCW1Lv3Ejgpump: maximum recursion depth exceeded
2025-05-06 14:23:46,792 - trading_bot.utils - WARNING - Fetch attempt 4/5 failed for https://api.dexscreener.com/latest/dex/tokens/7eQY4Q9WC1XU1SD4HghaJqEmipniCqKCW1Lv3Ejgpump: maximum recursion depth exceeded
2025-05-06 14:23:59,643 - trading_bot.utils - WARNING - Fetch attempt 5/5 failed for https://api.dexscreener.com/latest/dex/tokens/7eQY4Q9WC1XU1SD4HghaJqEmipniCqKCW1Lv3Ejgpump: maximum recursion depth exceeded
2025-05-06 14:23:59,644 - trading_bot.utils - ERROR - Failed to fetch https://api.dexscreener.com/latest/dex/tokens/7eQY4Q9WC1XU1SD4HghaJqEmipniCqKCW1Lv3Ejgpump after 5 attempts
2025-05-06 14:23:59,644 - trading_bot.token_analyzer - WARNING - No DexScreener data for 7eQY4Q9WC1XU1SD4HghaJqEmipniCqKCW1Lv3Ejgpump
2025-05-06 14:23:59,645 - trading_bot.token_analyzer - ERROR - Error fetching data from Birdeye for 7eQY4Q9WC1XU1SD4HghaJqEmipniCqKCW1Lv3Ejgpump: argument of type 'float' is not iterable
2025-05-06 14:24:00,311 - trading_bot.token_analyzer - ERROR - Error calculating social media score: maximum recursion depth exceeded
2025-05-06 14:24:00,312 - trading_bot.token_analyzer - ERROR - Error fetching data from Birdeye for 7eQY4Q9WC1XU1SD4HghaJqEmipniCqKCW1Lv3Ejgpump: argument of type 'float' is not iterable
2025-05-06 14:24:00,663 - trading_bot.utils - WARNING - Fetch attempt 5/5 failed for https://api.dexscreener.com/latest/dex/tokens/7eQY4Q9WC1XU1SD4HghaJqEmipniCqKCW1Lv3Ejgpump: maximum recursion depth exceeded
2025-05-06 14:24:00,669 - trading_bot.utils - ERROR - Failed to fetch https://api.dexscreener.com/latest/dex/tokens/7eQY4Q9WC1XU1SD4HghaJqEmipniCqKCW1Lv3Ejgpump after 5 attempts
2025-05-06 14:24:00,669 - trading_bot.token_analyzer - WARNING - No DexScreener data for 7eQY4Q9WC1XU1SD4HghaJqEmipniCqKCW1Lv3Ejgpump
2025-05-06 14:24:00,670 - trading_bot.token_analyzer - ERROR - Error fetching data from Birdeye for 7eQY4Q9WC1XU1SD4HghaJqEmipniCqKCW1Lv3Ejgpump: argument of type 'float' is not iterable
2025-05-06 14:24:00,766 - trading_bot.utils - WARNING - Fetch attempt 1/5 failed for https://api.dexscreener.com/latest/dex/tokens/7eQY4Q9WC1XU1SD4HghaJqEmipniCqKCW1Lv3Ejgpump: maximum recursion depth exceeded
2025-05-06 14:24:01,351 - trading_bot.token_analyzer - ERROR - Error calculating social media score: maximum recursion depth exceeded
2025-05-06 14:24:01,353 - trading_bot.token_analyzer - ERROR - Error fetching data from Birdeye for 7eQY4Q9WC1XU1SD4HghaJqEmipniCqKCW1Lv3Ejgpump: argument of type 'float' is not iterable
2025-05-06 14:24:01,993 - trading_bot.utils - WARNING - Fetch attempt 1/5 failed for https://api.dexscreener.com/latest/dex/tokens/7eQY4Q9WC1XU1SD4HghaJqEmipniCqKCW1Lv3Ejgpump: maximum recursion depth exceeded
2025-05-06 14:24:02,850 - trading_bot.utils - WARNING - Fetch attempt 2/5 failed for https://api.dexscreener.com/latest/dex/tokens/7eQY4Q9WC1XU1SD4HghaJqEmipniCqKCW1Lv3Ejgpump: maximum recursion depth exceeded
2025-05-06 14:24:04,171 - trading_bot.utils - WARNING - Fetch attempt 2/5 failed for https://api.dexscreener.com/latest/dex/tokens/7eQY4Q9WC1XU1SD4HghaJqEmipniCqKCW1Lv3Ejgpump: maximum recursion depth exceeded
2025-05-06 14:24:07,199 - trading_bot.utils - WARNING - Fetch attempt 3/5 failed for https://api.dexscreener.com/latest/dex/tokens/7eQY4Q9WC1XU1SD4HghaJqEmipniCqKCW1Lv3Ejgpump: maximum recursion depth exceeded
2025-05-06 14:24:08,746 - trading_bot.utils - WARNING - Fetch attempt 3/5 failed for https://api.dexscreener.com/latest/dex/tokens/7eQY4Q9WC1XU1SD4HghaJqEmipniCqKCW1Lv3Ejgpump: maximum recursion depth exceeded
2025-05-06 14:24:16,718 - trading_bot.utils - WARNING - Fetch attempt 4/5 failed for https://api.dexscreener.com/latest/dex/tokens/7eQY4Q9WC1XU1SD4HghaJqEmipniCqKCW1Lv3Ejgpump: maximum recursion depth exceeded
2025-05-06 14:24:18,202 - trading_bot.utils - WARNING - Fetch attempt 4/5 failed for https://api.dexscreener.com/latest/dex/tokens/7eQY4Q9WC1XU1SD4HghaJqEmipniCqKCW1Lv3Ejgpump: maximum recursion depth exceeded
2025-05-06 14:24:31,363 - trading_bot.utils - WARNING - Fetch attempt 5/5 failed for https://api.dexscreener.com/latest/dex/tokens/7eQY4Q9WC1XU1SD4HghaJqEmipniCqKCW1Lv3Ejgpump: maximum recursion depth exceeded
2025-05-06 14:24:31,364 - trading_bot.utils - ERROR - Failed to fetch https://api.dexscreener.com/latest/dex/tokens/7eQY4Q9WC1XU1SD4HghaJqEmipniCqKCW1Lv3Ejgpump after 5 attempts
2025-05-06 14:24:31,365 - trading_bot.token_analyzer - WARNING - No DexScreener data for 7eQY4Q9WC1XU1SD4HghaJqEmipniCqKCW1Lv3Ejgpump
2025-05-06 14:24:31,365 - trading_bot.token_analyzer - ERROR - Error fetching data from Birdeye for 7eQY4Q9WC1XU1SD4HghaJqEmipniCqKCW1Lv3Ejgpump: argument of type 'float' is not iterable
2025-05-06 14:24:32,037 - trading_bot.utils - WARNING - Fetch attempt 1/5 failed for https://api.dexscreener.com/latest/dex/tokens/7eQY4Q9WC1XU1SD4HghaJqEmipniCqKCW1Lv3Ejgpump: maximum recursion depth exceeded
2025-05-06 14:24:32,055 - trading_bot.utils - WARNING - Fetch attempt 5/5 failed for https://api.dexscreener.com/latest/dex/tokens/7eQY4Q9WC1XU1SD4HghaJqEmipniCqKCW1Lv3Ejgpump: maximum recursion depth exceeded
2025-05-06 14:24:32,056 - trading_bot.utils - ERROR - Failed to fetch https://api.dexscreener.com/latest/dex/tokens/7eQY4Q9WC1XU1SD4HghaJqEmipniCqKCW1Lv3Ejgpump after 5 attempts
2025-05-06 14:24:32,056 - trading_bot.token_analyzer - WARNING - No DexScreener data for 7eQY4Q9WC1XU1SD4HghaJqEmipniCqKCW1Lv3Ejgpump
2025-05-06 14:24:32,056 - trading_bot.token_analyzer - ERROR - Error fetching data from Birdeye for 7eQY4Q9WC1XU1SD4HghaJqEmipniCqKCW1Lv3Ejgpump: argument of type 'float' is not iterable
2025-05-06 14:24:32,509 - trading_bot.utils - WARNING - Fetch attempt 1/5 failed for https://api.dexscreener.com/latest/dex/tokens/7eQY4Q9WC1XU1SD4HghaJqEmipniCqKCW1Lv3Ejgpump: maximum recursion depth exceeded
2025-05-06 14:24:34,025 - trading_bot.utils - WARNING - Fetch attempt 2/5 failed for https://api.dexscreener.com/latest/dex/tokens/7eQY4Q9WC1XU1SD4HghaJqEmipniCqKCW1Lv3Ejgpump: maximum recursion depth exceeded
2025-05-06 14:24:34,788 - trading_bot.utils - WARNING - Fetch attempt 2/5 failed for https://api.dexscreener.com/latest/dex/tokens/7eQY4Q9WC1XU1SD4HghaJqEmipniCqKCW1Lv3Ejgpump: maximum recursion depth exceeded
2025-05-06 14:24:38,306 - trading_bot.utils - WARNING - Fetch attempt 3/5 failed for https://api.dexscreener.com/latest/dex/tokens/7eQY4Q9WC1XU1SD4HghaJqEmipniCqKCW1Lv3Ejgpump: maximum recursion depth exceeded
2025-05-06 14:24:39,346 - trading_bot.utils - WARNING - Fetch attempt 3/5 failed for https://api.dexscreener.com/latest/dex/tokens/7eQY4Q9WC1XU1SD4HghaJqEmipniCqKCW1Lv3Ejgpump: maximum recursion depth exceeded
2025-05-06 14:24:46,860 - trading_bot.utils - WARNING - Fetch attempt 4/5 failed for https://api.dexscreener.com/latest/dex/tokens/7eQY4Q9WC1XU1SD4HghaJqEmipniCqKCW1Lv3Ejgpump: maximum recursion depth exceeded
2025-05-06 14:24:48,839 - trading_bot.utils - WARNING - Fetch attempt 4/5 failed for https://api.dexscreener.com/latest/dex/tokens/7eQY4Q9WC1XU1SD4HghaJqEmipniCqKCW1Lv3Ejgpump: maximum recursion depth exceeded
2025-05-06 14:25:01,509 - trading_bot.utils - WARNING - Fetch attempt 5/5 failed for https://api.dexscreener.com/latest/dex/tokens/7eQY4Q9WC1XU1SD4HghaJqEmipniCqKCW1Lv3Ejgpump: maximum recursion depth exceeded
2025-05-06 14:25:01,511 - trading_bot.utils - ERROR - Failed to fetch https://api.dexscreener.com/latest/dex/tokens/7eQY4Q9WC1XU1SD4HghaJqEmipniCqKCW1Lv3Ejgpump after 5 attempts
2025-05-06 14:25:01,512 - trading_bot.token_analyzer - WARNING - No DexScreener data for 7eQY4Q9WC1XU1SD4HghaJqEmipniCqKCW1Lv3Ejgpump
2025-05-06 14:25:01,598 - trading_bot.token_analyzer - ERROR - Twitter API error: maximum recursion depth exceeded
2025-05-06 14:25:01,599 - trading_bot.token_analyzer - ERROR - Error fetching data from Birdeye for 7eQY4Q9WC1XU1SD4HghaJqEmipniCqKCW1Lv3Ejgpump: argument of type 'float' is not iterable
2025-05-06 14:25:02,396 - trading_bot.token_analyzer - ERROR - Error calculating social media score: maximum recursion depth exceeded
2025-05-06 14:25:02,397 - trading_bot.token_analyzer - ERROR - Error fetching data from Birdeye for 7eQY4Q9WC1XU1SD4HghaJqEmipniCqKCW1Lv3Ejgpump: argument of type 'float' is not iterable
2025-05-06 14:25:02,727 - trading_bot.utils - WARNING - Fetch attempt 1/5 failed for https://api.dexscreener.com/latest/dex/tokens/7eQY4Q9WC1XU1SD4HghaJqEmipniCqKCW1Lv3Ejgpump: maximum recursion depth exceeded
2025-05-06 14:25:04,423 - trading_bot.utils - WARNING - Fetch attempt 2/5 failed for https://api.dexscreener.com/latest/dex/tokens/7eQY4Q9WC1XU1SD4HghaJqEmipniCqKCW1Lv3Ejgpump: maximum recursion depth exceeded
2025-05-06 14:25:06,868 - trading_bot.utils - WARNING - Fetch attempt 5/5 failed for https://api.dexscreener.com/latest/dex/tokens/7eQY4Q9WC1XU1SD4HghaJqEmipniCqKCW1Lv3Ejgpump: maximum recursion depth exceeded
2025-05-06 14:25:06,875 - trading_bot.utils - ERROR - Failed to fetch https://api.dexscreener.com/latest/dex/tokens/7eQY4Q9WC1XU1SD4HghaJqEmipniCqKCW1Lv3Ejgpump after 5 attempts
2025-05-06 14:25:06,876 - trading_bot.token_analyzer - WARNING - No DexScreener data for 7eQY4Q9WC1XU1SD4HghaJqEmipniCqKCW1Lv3Ejgpump
2025-05-06 14:25:06,958 - trading_bot.token_analyzer - ERROR - Twitter API error: maximum recursion depth exceeded
2025-05-06 14:25:06,960 - trading_bot.token_analyzer - ERROR - Error fetching data from Birdeye for 7eQY4Q9WC1XU1SD4HghaJqEmipniCqKCW1Lv3Ejgpump: argument of type 'float' is not iterable
2025-05-06 14:25:07,686 - trading_bot.token_analyzer - ERROR - Error calculating social media score: maximum recursion depth exceeded
2025-05-06 14:25:07,686 - trading_bot.token_analyzer - ERROR - Error fetching data from Birdeye for 7eQY4Q9WC1XU1SD4HghaJqEmipniCqKCW1Lv3Ejgpump: argument of type 'float' is not iterable
2025-05-06 14:25:08,329 - trading_bot.utils - WARNING - Fetch attempt 1/5 failed for https://api.dexscreener.com/latest/dex/tokens/7eQY4Q9WC1XU1SD4HghaJqEmipniCqKCW1Lv3Ejgpump: maximum recursion depth exceeded
2025-05-06 14:25:08,593 - trading_bot.utils - WARNING - Fetch attempt 3/5 failed for https://api.dexscreener.com/latest/dex/tokens/7eQY4Q9WC1XU1SD4HghaJqEmipniCqKCW1Lv3Ejgpump: maximum recursion depth exceeded
2025-05-06 14:25:10,244 - trading_bot.utils - WARNING - Fetch attempt 2/5 failed for https://api.dexscreener.com/latest/dex/tokens/7eQY4Q9WC1XU1SD4HghaJqEmipniCqKCW1Lv3Ejgpump: maximum recursion depth exceeded
2025-05-06 14:25:14,671 - trading_bot.utils - WARNING - Fetch attempt 3/5 failed for https://api.dexscreener.com/latest/dex/tokens/7eQY4Q9WC1XU1SD4HghaJqEmipniCqKCW1Lv3Ejgpump: maximum recursion depth exceeded
2025-05-06 14:25:17,845 - trading_bot.utils - WARNING - Fetch attempt 4/5 failed for https://api.dexscreener.com/latest/dex/tokens/7eQY4Q9WC1XU1SD4HghaJqEmipniCqKCW1Lv3Ejgpump: maximum recursion depth exceeded
2025-05-06 14:25:22,345 - trading_bot.utils - WARNING - Fetch attempt 4/5 failed for https://api.dexscreener.com/latest/dex/tokens/7eQY4Q9WC1XU1SD4HghaJqEmipniCqKCW1Lv3Ejgpump: maximum recursion depth exceeded
2025-05-06 14:25:32,963 - trading_bot.utils - WARNING - Fetch attempt 5/5 failed for https://api.dexscreener.com/latest/dex/tokens/7eQY4Q9WC1XU1SD4HghaJqEmipniCqKCW1Lv3Ejgpump: maximum recursion depth exceeded
2025-05-06 14:25:32,965 - trading_bot.utils - ERROR - Failed to fetch https://api.dexscreener.com/latest/dex/tokens/7eQY4Q9WC1XU1SD4HghaJqEmipniCqKCW1Lv3Ejgpump after 5 attempts
2025-05-06 14:25:32,965 - trading_bot.token_analyzer - WARNING - No DexScreener data for 7eQY4Q9WC1XU1SD4HghaJqEmipniCqKCW1Lv3Ejgpump
2025-05-06 14:25:32,966 - trading_bot.token_analyzer - ERROR - Error fetching data from Birdeye for 7eQY4Q9WC1XU1SD4HghaJqEmipniCqKCW1Lv3Ejgpump: argument of type 'float' is not iterable
2025-05-06 14:25:33,444 - trading_bot.utils - WARNING - Fetch attempt 1/5 failed for https://api.dexscreener.com/latest/dex/tokens/7eQY4Q9WC1XU1SD4HghaJqEmipniCqKCW1Lv3Ejgpump: maximum recursion depth exceeded
2025-05-06 14:25:35,453 - trading_bot.utils - WARNING - Fetch attempt 2/5 failed for https://api.dexscreener.com/latest/dex/tokens/7eQY4Q9WC1XU1SD4HghaJqEmipniCqKCW1Lv3Ejgpump: maximum recursion depth exceeded
2025-05-06 14:25:39,101 - trading_bot.utils - WARNING - Fetch attempt 3/5 failed for https://api.dexscreener.com/latest/dex/tokens/7eQY4Q9WC1XU1SD4HghaJqEmipniCqKCW1Lv3Ejgpump: maximum recursion depth exceeded
2025-05-06 14:25:40,766 - trading_bot.utils - WARNING - Fetch attempt 5/5 failed for https://api.dexscreener.com/latest/dex/tokens/7eQY4Q9WC1XU1SD4HghaJqEmipniCqKCW1Lv3Ejgpump: maximum recursion depth exceeded
2025-05-06 14:25:40,767 - trading_bot.utils - ERROR - Failed to fetch https://api.dexscreener.com/latest/dex/tokens/7eQY4Q9WC1XU1SD4HghaJqEmipniCqKCW1Lv3Ejgpump after 5 attempts
2025-05-06 14:25:40,767 - trading_bot.token_analyzer - WARNING - No DexScreener data for 7eQY4Q9WC1XU1SD4HghaJqEmipniCqKCW1Lv3Ejgpump
2025-05-06 14:25:40,768 - trading_bot.token_analyzer - ERROR - Error fetching data from Birdeye for 7eQY4Q9WC1XU1SD4HghaJqEmipniCqKCW1Lv3Ejgpump: argument of type 'float' is not iterable
2025-05-06 14:25:41,179 - trading_bot.utils - WARNING - Fetch attempt 1/5 failed for https://api.dexscreener.com/latest/dex/tokens/7eQY4Q9WC1XU1SD4HghaJqEmipniCqKCW1Lv3Ejgpump: maximum recursion depth exceeded
2025-05-06 14:25:42,910 - trading_bot.utils - WARNING - Fetch attempt 2/5 failed for https://api.dexscreener.com/latest/dex/tokens/7eQY4Q9WC1XU1SD4HghaJqEmipniCqKCW1Lv3Ejgpump: maximum recursion depth exceeded
2025-05-06 14:25:46,797 - trading_bot.utils - WARNING - Fetch attempt 3/5 failed for https://api.dexscreener.com/latest/dex/tokens/7eQY4Q9WC1XU1SD4HghaJqEmipniCqKCW1Lv3Ejgpump: maximum recursion depth exceeded
2025-05-06 14:25:46,960 - trading_bot.utils - WARNING - Fetch attempt 4/5 failed for https://api.dexscreener.com/latest/dex/tokens/7eQY4Q9WC1XU1SD4HghaJqEmipniCqKCW1Lv3Ejgpump: maximum recursion depth exceeded
2025-05-06 14:25:54,914 - trading_bot.utils - WARNING - Fetch attempt 4/5 failed for https://api.dexscreener.com/latest/dex/tokens/7eQY4Q9WC1XU1SD4HghaJqEmipniCqKCW1Lv3Ejgpump: maximum recursion depth exceeded
2025-05-06 14:25:59,921 - trading_bot.utils - WARNING - Fetch attempt 5/5 failed for https://api.dexscreener.com/latest/dex/tokens/7eQY4Q9WC1XU1SD4HghaJqEmipniCqKCW1Lv3Ejgpump: maximum recursion depth exceeded
2025-05-06 14:25:59,923 - trading_bot.utils - ERROR - Failed to fetch https://api.dexscreener.com/latest/dex/tokens/7eQY4Q9WC1XU1SD4HghaJqEmipniCqKCW1Lv3Ejgpump after 5 attempts
2025-05-06 14:25:59,923 - trading_bot.token_analyzer - WARNING - No DexScreener data for 7eQY4Q9WC1XU1SD4HghaJqEmipniCqKCW1Lv3Ejgpump
2025-05-06 14:25:59,923 - trading_bot.token_analyzer - ERROR - Error fetching data from Birdeye for 7eQY4Q9WC1XU1SD4HghaJqEmipniCqKCW1Lv3Ejgpump: argument of type 'float' is not iterable
2025-05-06 14:26:00,373 - trading_bot.token_analyzer - ERROR - Error calculating social media score: maximum recursion depth exceeded
2025-05-06 14:26:00,374 - trading_bot.token_analyzer - ERROR - Error fetching data from Birdeye for 7eQY4Q9WC1XU1SD4HghaJqEmipniCqKCW1Lv3Ejgpump: argument of type 'float' is not iterable
2025-05-06 14:26:00,788 - trading_bot.utils - WARNING - Fetch attempt 1/5 failed for https://api.dexscreener.com/latest/dex/tokens/7eQY4Q9WC1XU1SD4HghaJqEmipniCqKCW1Lv3Ejgpump: maximum recursion depth exceeded
2025-05-06 14:26:03,161 - trading_bot.utils - WARNING - Fetch attempt 2/5 failed for https://api.dexscreener.com/latest/dex/tokens/7eQY4Q9WC1XU1SD4HghaJqEmipniCqKCW1Lv3Ejgpump: maximum recursion depth exceeded
2025-05-06 14:26:07,317 - trading_bot.utils - WARNING - Fetch attempt 3/5 failed for https://api.dexscreener.com/latest/dex/tokens/7eQY4Q9WC1XU1SD4HghaJqEmipniCqKCW1Lv3Ejgpump: maximum recursion depth exceeded
2025-05-06 14:26:10,310 - trading_bot.utils - WARNING - Fetch attempt 5/5 failed for https://api.dexscreener.com/latest/dex/tokens/7eQY4Q9WC1XU1SD4HghaJqEmipniCqKCW1Lv3Ejgpump: maximum recursion depth exceeded
2025-05-06 14:26:10,313 - trading_bot.utils - ERROR - Failed to fetch https://api.dexscreener.com/latest/dex/tokens/7eQY4Q9WC1XU1SD4HghaJqEmipniCqKCW1Lv3Ejgpump after 5 attempts
2025-05-06 14:26:10,314 - trading_bot.token_analyzer - WARNING - No DexScreener data for 7eQY4Q9WC1XU1SD4HghaJqEmipniCqKCW1Lv3Ejgpump
2025-05-06 14:26:10,314 - trading_bot.token_analyzer - ERROR - Error fetching data from Birdeye for 7eQY4Q9WC1XU1SD4HghaJqEmipniCqKCW1Lv3Ejgpump: argument of type 'float' is not iterable
2025-05-06 14:26:11,064 - trading_bot.token_analyzer - ERROR - Error calculating social media score: maximum recursion depth exceeded
2025-05-06 14:26:11,065 - trading_bot.token_analyzer - ERROR - Error fetching data from Birdeye for 7eQY4Q9WC1XU1SD4HghaJqEmipniCqKCW1Lv3Ejgpump: argument of type 'float' is not iterable
2025-05-06 14:26:11,510 - trading_bot.utils - WARNING - Fetch attempt 1/5 failed for https://api.dexscreener.com/latest/dex/tokens/7eQY4Q9WC1XU1SD4HghaJqEmipniCqKCW1Lv3Ejgpump: maximum recursion depth exceeded
2025-05-06 14:26:13,655 - trading_bot.utils - WARNING - Fetch attempt 2/5 failed for https://api.dexscreener.com/latest/dex/tokens/7eQY4Q9WC1XU1SD4HghaJqEmipniCqKCW1Lv3Ejgpump: maximum recursion depth exceeded
2025-05-06 14:26:16,681 - trading_bot.utils - WARNING - Fetch attempt 4/5 failed for https://api.dexscreener.com/latest/dex/tokens/7eQY4Q9WC1XU1SD4HghaJqEmipniCqKCW1Lv3Ejgpump: maximum recursion depth exceeded
2025-05-06 14:26:17,269 - trading_bot.utils - WARNING - Fetch attempt 3/5 failed for https://api.dexscreener.com/latest/dex/tokens/7eQY4Q9WC1XU1SD4HghaJqEmipniCqKCW1Lv3Ejgpump: maximum recursion depth exceeded
2025-05-06 14:26:25,072 - trading_bot.utils - WARNING - Fetch attempt 4/5 failed for https://api.dexscreener.com/latest/dex/tokens/7eQY4Q9WC1XU1SD4HghaJqEmipniCqKCW1Lv3Ejgpump: maximum recursion depth exceeded
2025-05-06 14:26:29,773 - trading_bot.utils - WARNING - Fetch attempt 5/5 failed for https://api.dexscreener.com/latest/dex/tokens/7eQY4Q9WC1XU1SD4HghaJqEmipniCqKCW1Lv3Ejgpump: maximum recursion depth exceeded
2025-05-06 14:26:29,774 - trading_bot.utils - ERROR - Failed to fetch https://api.dexscreener.com/latest/dex/tokens/7eQY4Q9WC1XU1SD4HghaJqEmipniCqKCW1Lv3Ejgpump after 5 attempts
2025-05-06 14:26:29,775 - trading_bot.token_analyzer - WARNING - No DexScreener data for 7eQY4Q9WC1XU1SD4HghaJqEmipniCqKCW1Lv3Ejgpump
2025-05-06 14:26:29,775 - trading_bot.token_analyzer - ERROR - Error fetching data from Birdeye for 7eQY4Q9WC1XU1SD4HghaJqEmipniCqKCW1Lv3Ejgpump: argument of type 'float' is not iterable
2025-05-06 14:26:30,324 - trading_bot.utils - WARNING - Fetch attempt 1/5 failed for https://api.dexscreener.com/latest/dex/tokens/7eQY4Q9WC1XU1SD4HghaJqEmipniCqKCW1Lv3Ejgpump: maximum recursion depth exceeded
2025-05-06 14:26:31,951 - trading_bot.utils - WARNING - Fetch attempt 2/5 failed for https://api.dexscreener.com/latest/dex/tokens/7eQY4Q9WC1XU1SD4HghaJqEmipniCqKCW1Lv3Ejgpump: maximum recursion depth exceeded
2025-05-06 14:26:36,333 - trading_bot.utils - WARNING - Fetch attempt 3/5 failed for https://api.dexscreener.com/latest/dex/tokens/7eQY4Q9WC1XU1SD4HghaJqEmipniCqKCW1Lv3Ejgpump: maximum recursion depth exceeded
2025-05-06 14:26:38,418 - trading_bot.utils - WARNING - Fetch attempt 5/5 failed for https://api.dexscreener.com/latest/dex/tokens/7eQY4Q9WC1XU1SD4HghaJqEmipniCqKCW1Lv3Ejgpump: maximum recursion depth exceeded
2025-05-06 14:26:38,419 - trading_bot.utils - ERROR - Failed to fetch https://api.dexscreener.com/latest/dex/tokens/7eQY4Q9WC1XU1SD4HghaJqEmipniCqKCW1Lv3Ejgpump after 5 attempts
2025-05-06 14:26:38,419 - trading_bot.token_analyzer - WARNING - No DexScreener data for 7eQY4Q9WC1XU1SD4HghaJqEmipniCqKCW1Lv3Ejgpump
2025-05-06 14:26:38,420 - trading_bot.token_analyzer - ERROR - Error fetching data from Birdeye for 7eQY4Q9WC1XU1SD4HghaJqEmipniCqKCW1Lv3Ejgpump: argument of type 'float' is not iterable
2025-05-06 14:26:39,123 - trading_bot.utils - WARNING - Fetch attempt 1/5 failed for https://api.dexscreener.com/latest/dex/tokens/7eQY4Q9WC1XU1SD4HghaJqEmipniCqKCW1Lv3Ejgpump: maximum recursion depth exceeded
2025-05-06 14:26:40,832 - trading_bot.utils - WARNING - Fetch attempt 2/5 failed for https://api.dexscreener.com/latest/dex/tokens/7eQY4Q9WC1XU1SD4HghaJqEmipniCqKCW1Lv3Ejgpump: maximum recursion depth exceeded
2025-05-06 14:26:43,176 - trading_bot.utils - WARNING - Fetch attempt 4/5 failed for https://api.dexscreener.com/latest/dex/tokens/7eQY4Q9WC1XU1SD4HghaJqEmipniCqKCW1Lv3Ejgpump: maximum recursion depth exceeded
2025-05-06 14:26:45,221 - trading_bot.utils - WARNING - Fetch attempt 3/5 failed for https://api.dexscreener.com/latest/dex/tokens/7eQY4Q9WC1XU1SD4HghaJqEmipniCqKCW1Lv3Ejgpump: maximum recursion depth exceeded
2025-05-06 14:26:52,470 - trading_bot.utils - WARNING - Fetch attempt 4/5 failed for https://api.dexscreener.com/latest/dex/tokens/7eQY4Q9WC1XU1SD4HghaJqEmipniCqKCW1Lv3Ejgpump: maximum recursion depth exceeded
2025-05-06 14:27:01,561 - trading_bot.utils - WARNING - Fetch attempt 5/5 failed for https://api.dexscreener.com/latest/dex/tokens/7eQY4Q9WC1XU1SD4HghaJqEmipniCqKCW1Lv3Ejgpump: maximum recursion depth exceeded
2025-05-06 14:27:01,565 - trading_bot.utils - ERROR - Failed to fetch https://api.dexscreener.com/latest/dex/tokens/7eQY4Q9WC1XU1SD4HghaJqEmipniCqKCW1Lv3Ejgpump after 5 attempts
2025-05-06 14:27:01,566 - trading_bot.token_analyzer - WARNING - No DexScreener data for 7eQY4Q9WC1XU1SD4HghaJqEmipniCqKCW1Lv3Ejgpump
2025-05-06 14:27:01,694 - trading_bot.token_analyzer - ERROR - Twitter API error: maximum recursion depth exceeded
2025-05-06 14:27:01,802 - trading_bot.token_analyzer - ERROR - Twitter API error: maximum recursion depth exceeded
2025-05-06 14:27:01,804 - trading_bot.token_analyzer - ERROR - Error fetching data from Birdeye for 7eQY4Q9WC1XU1SD4HghaJqEmipniCqKCW1Lv3Ejgpump: argument of type 'float' is not iterable
2025-05-06 14:27:02,802 - trading_bot.token_analyzer - ERROR - Error calculating social media score: maximum recursion depth exceeded
2025-05-06 14:27:02,803 - trading_bot.token_analyzer - ERROR - Error fetching data from Birdeye for 7eQY4Q9WC1XU1SD4HghaJqEmipniCqKCW1Lv3Ejgpump: argument of type 'float' is not iterable
2025-05-06 14:27:03,136 - trading_bot.utils - WARNING - Fetch attempt 1/5 failed for https://api.dexscreener.com/latest/dex/tokens/7eQY4Q9WC1XU1SD4HghaJqEmipniCqKCW1Lv3Ejgpump: maximum recursion depth exceeded
2025-05-06 14:27:05,344 - trading_bot.utils - WARNING - Fetch attempt 2/5 failed for https://api.dexscreener.com/latest/dex/tokens/7eQY4Q9WC1XU1SD4HghaJqEmipniCqKCW1Lv3Ejgpump: maximum recursion depth exceeded
2025-05-06 14:27:08,029 - trading_bot.utils - WARNING - Fetch attempt 5/5 failed for https://api.dexscreener.com/latest/dex/tokens/7eQY4Q9WC1XU1SD4HghaJqEmipniCqKCW1Lv3Ejgpump: maximum recursion depth exceeded
2025-05-06 14:27:08,030 - trading_bot.utils - ERROR - Failed to fetch https://api.dexscreener.com/latest/dex/tokens/7eQY4Q9WC1XU1SD4HghaJqEmipniCqKCW1Lv3Ejgpump after 5 attempts
2025-05-06 14:27:08,030 - trading_bot.token_analyzer - WARNING - No DexScreener data for 7eQY4Q9WC1XU1SD4HghaJqEmipniCqKCW1Lv3Ejgpump
2025-05-06 14:27:08,119 - trading_bot.token_analyzer - ERROR - Twitter API error: maximum recursion depth exceeded
2025-05-06 14:27:08,223 - trading_bot.token_analyzer - ERROR - Twitter API error: maximum recursion depth exceeded
2025-05-06 14:27:08,224 - trading_bot.token_analyzer - ERROR - Error fetching data from Birdeye for 7eQY4Q9WC1XU1SD4HghaJqEmipniCqKCW1Lv3Ejgpump: argument of type 'float' is not iterable
2025-05-06 14:27:09,033 - trading_bot.token_analyzer - ERROR - Error calculating social media score: maximum recursion depth exceeded
2025-05-06 14:27:09,033 - trading_bot.token_analyzer - ERROR - Error fetching data from Birdeye for 7eQY4Q9WC1XU1SD4HghaJqEmipniCqKCW1Lv3Ejgpump: argument of type 'float' is not iterable
2025-05-06 14:27:09,380 - trading_bot.utils - WARNING - Fetch attempt 1/5 failed for https://api.dexscreener.com/latest/dex/tokens/7eQY4Q9WC1XU1SD4HghaJqEmipniCqKCW1Lv3Ejgpump: maximum recursion depth exceeded
2025-05-06 14:27:09,599 - trading_bot.utils - WARNING - Fetch attempt 3/5 failed for https://api.dexscreener.com/latest/dex/tokens/7eQY4Q9WC1XU1SD4HghaJqEmipniCqKCW1Lv3Ejgpump: maximum recursion depth exceeded
2025-05-06 14:27:11,316 - trading_bot.utils - WARNING - Fetch attempt 2/5 failed for https://api.dexscreener.com/latest/dex/tokens/7eQY4Q9WC1XU1SD4HghaJqEmipniCqKCW1Lv3Ejgpump: maximum recursion depth exceeded
2025-05-06 14:27:14,546 - trading_bot.utils - WARNING - Fetch attempt 3/5 failed for https://api.dexscreener.com/latest/dex/tokens/7eQY4Q9WC1XU1SD4HghaJqEmipniCqKCW1Lv3Ejgpump: maximum recursion depth exceeded
2025-05-06 14:27:16,971 - trading_bot.utils - WARNING - Fetch attempt 4/5 failed for https://api.dexscreener.com/latest/dex/tokens/7eQY4Q9WC1XU1SD4HghaJqEmipniCqKCW1Lv3Ejgpump: maximum recursion depth exceeded
2025-05-06 14:27:23,927 - trading_bot.utils - WARNING - Fetch attempt 4/5 failed for https://api.dexscreener.com/latest/dex/tokens/7eQY4Q9WC1XU1SD4HghaJqEmipniCqKCW1Lv3Ejgpump: maximum recursion depth exceeded
2025-05-06 14:27:34,321 - trading_bot.utils - WARNING - Fetch attempt 5/5 failed for https://api.dexscreener.com/latest/dex/tokens/7eQY4Q9WC1XU1SD4HghaJqEmipniCqKCW1Lv3Ejgpump: maximum recursion depth exceeded
2025-05-06 14:27:34,323 - trading_bot.utils - ERROR - Failed to fetch https://api.dexscreener.com/latest/dex/tokens/7eQY4Q9WC1XU1SD4HghaJqEmipniCqKCW1Lv3Ejgpump after 5 attempts
2025-05-06 14:27:34,323 - trading_bot.token_analyzer - WARNING - No DexScreener data for 7eQY4Q9WC1XU1SD4HghaJqEmipniCqKCW1Lv3Ejgpump
2025-05-06 14:27:34,323 - trading_bot.token_analyzer - ERROR - Error fetching data from Birdeye for 7eQY4Q9WC1XU1SD4HghaJqEmipniCqKCW1Lv3Ejgpump: argument of type 'float' is not iterable
2025-05-06 14:27:34,893 - trading_bot.utils - WARNING - Fetch attempt 1/5 failed for https://api.dexscreener.com/latest/dex/tokens/7eQY4Q9WC1XU1SD4HghaJqEmipniCqKCW1Lv3Ejgpump: maximum recursion depth exceeded
2025-05-06 14:27:36,846 - trading_bot.utils - WARNING - Fetch attempt 2/5 failed for https://api.dexscreener.com/latest/dex/tokens/7eQY4Q9WC1XU1SD4HghaJqEmipniCqKCW1Lv3Ejgpump: maximum recursion depth exceeded
2025-05-06 14:27:40,905 - trading_bot.utils - WARNING - Fetch attempt 3/5 failed for https://api.dexscreener.com/latest/dex/tokens/7eQY4Q9WC1XU1SD4HghaJqEmipniCqKCW1Lv3Ejgpump: maximum recursion depth exceeded
2025-05-06 14:27:42,904 - trading_bot.utils - WARNING - Fetch attempt 5/5 failed for https://api.dexscreener.com/latest/dex/tokens/7eQY4Q9WC1XU1SD4HghaJqEmipniCqKCW1Lv3Ejgpump: maximum recursion depth exceeded
2025-05-06 14:27:42,910 - trading_bot.utils - ERROR - Failed to fetch https://api.dexscreener.com/latest/dex/tokens/7eQY4Q9WC1XU1SD4HghaJqEmipniCqKCW1Lv3Ejgpump after 5 attempts
2025-05-06 14:27:42,911 - trading_bot.token_analyzer - WARNING - No DexScreener data for 7eQY4Q9WC1XU1SD4HghaJqEmipniCqKCW1Lv3Ejgpump
2025-05-06 14:27:42,911 - trading_bot.token_analyzer - ERROR - Error fetching data from Birdeye for 7eQY4Q9WC1XU1SD4HghaJqEmipniCqKCW1Lv3Ejgpump: argument of type 'float' is not iterable
2025-05-06 14:27:43,420 - trading_bot.utils - WARNING - Fetch attempt 1/5 failed for https://api.dexscreener.com/latest/dex/tokens/7eQY4Q9WC1XU1SD4HghaJqEmipniCqKCW1Lv3Ejgpump: maximum recursion depth exceeded
2025-05-06 14:27:45,636 - trading_bot.utils - WARNING - Fetch attempt 2/5 failed for https://api.dexscreener.com/latest/dex/tokens/7eQY4Q9WC1XU1SD4HghaJqEmipniCqKCW1Lv3Ejgpump: maximum recursion depth exceeded
2025-05-06 14:27:48,588 - trading_bot.utils - WARNING - Fetch attempt 4/5 failed for https://api.dexscreener.com/latest/dex/tokens/7eQY4Q9WC1XU1SD4HghaJqEmipniCqKCW1Lv3Ejgpump: maximum recursion depth exceeded
2025-05-06 14:27:49,399 - trading_bot.utils - WARNING - Fetch attempt 3/5 failed for https://api.dexscreener.com/latest/dex/tokens/7eQY4Q9WC1XU1SD4HghaJqEmipniCqKCW1Lv3Ejgpump: maximum recursion depth exceeded
2025-05-06 14:27:52,763 - trading_bot - CRITICAL - Received signal 2. Initiating graceful shutdown...
2025-05-06 14:27:56,558 - trading_bot - INFO - Closing connections
2025-05-06 14:27:56,558 - trading_bot - INFO - ==================================================
2025-05-06 14:27:56,559 - trading_bot - INFO -    Solana Trading Bot Shutdown Complete
2025-05-06 14:27:56,559 - trading_bot - INFO - ==================================================
2025-05-06 14:27:56,561 - trading_bot - INFO - Bot execution completed
