2025-05-12 17:15:33,364 - trading_bot.solana_trader - INFO - Trading bot running in SIMULATION MODE - no real trades will be executed
2025-05-12 17:15:33,367 - trading_bot.database - INFO - Database tables initialized
2025-05-12 17:15:33,377 - trading_bot.birdeye_api - INFO - BirdeyeAPI initialized with DexScreener fallback enabled
2025-05-12 17:15:33,382 - trading_bot.solana_trader - INFO - Loaded 0 active orders
2025-05-12 17:15:33,383 - trading_bot.database - INFO - Database tables initialized
2025-05-12 17:15:33,389 - trading_bot.birdeye_api - INFO - BirdeyeAPI initialized with DexScreener fallback enabled
2025-05-12 17:15:33,389 - trading_bot.token_scanner - INFO - Twitter client initialized
2025-05-12 17:15:33,390 - trading_bot.database - INFO - Database tables initialized
2025-05-12 17:15:33,391 - trading_bot - INFO - ==================================================
2025-05-12 17:15:33,392 - trading_bot - INFO -    Solana Trading Bot Starting
2025-05-12 17:15:33,392 - trading_bot - INFO - ==================================================
2025-05-12 17:15:33,436 - trading_bot - INFO - Initial Wallet Balance: 5.0000 SOL ($861.40)
2025-05-12 17:15:33,437 - trading_bot - INFO - ML capabilities DISABLED - Using traditional rule-based evaluation
2025-05-12 17:15:33,437 - trading_bot.token_scanner - INFO - Starting token scanner
2025-05-12 17:15:33,438 - trading_bot.token_scanner - INFO - Scanning Twitter for tokens...
2025-05-12 17:15:33,969 - trading_bot.token_scanner - INFO - Discovered 12 tokens from Twitter
2025-05-12 17:15:33,970 - trading_bot.token_scanner - INFO - Analyzing tokens by screening criteria...
2025-05-12 17:15:33,971 - trading_bot.solana_trader - INFO - Starting position monitor
2025-05-12 17:15:33,976 - trading_bot - INFO - Starting token discovery and trading process
2025-05-12 17:15:33,978 - trading_bot - INFO - Current wallet balance: 5.0000 SOL ($861.40)
2025-05-12 17:15:34,044 - trading_bot.birdeye_api - INFO - Retrieved 2 tokens from DexScreener
2025-05-12 17:15:34,045 - trading_bot.birdeye_api - INFO - Found 2 top gainers for 24h
2025-05-12 17:15:34,046 - trading_bot.token_analyzer - INFO - Retrieved 2 top gainers from Birdeye API
2025-05-12 17:15:34,046 - trading_bot.token_scanner - INFO - Found 2 top gainer tokens
2025-05-12 17:15:34,513 - trading_bot.token_scanner - INFO - Found 2 trending tokens
2025-05-12 17:15:34,943 - trading_bot.birdeye_api - INFO - Retrieved 2 tokens from DexScreener
2025-05-12 17:15:34,944 - trading_bot.birdeye_api - INFO - Found 2 top gainers for 24h
2025-05-12 17:15:34,945 - trading_bot.token_analyzer - INFO - Retrieved 2 top gainers from Birdeye API
2025-05-12 17:15:34,946 - trading_bot.token_scanner - INFO - Found 2 top gainer tokens
2025-05-12 17:15:35,351 - trading_bot.token_scanner - INFO - Found 2 trending tokens
2025-05-12 17:15:35,610 - trading_bot.token_scanner - INFO - Scanning PumpFun for tokens...
2025-05-12 17:15:35,611 - trading_bot.token_scanner - INFO - Using simulated PumpFun data due to API certificate issues
2025-05-12 17:15:35,642 - trading_bot.token_scanner - INFO - Found 3 simulated tokens from PumpFun
2025-05-12 17:15:35,643 - trading_bot.token_scanner - INFO - Analyzing other discovered tokens...
2025-05-12 17:15:35,984 - trading_bot - INFO - No tokens found meeting screening criteria, analyzing other tokens...
2025-05-12 17:15:36,200 - trading_bot.birdeye_api - WARNING - No DexScreener data for FTcBNFiCQeqK8niPcFKFGLx9nrtj7X3hLTG3EaQYM9N9
2025-05-12 17:15:36,201 - trading_bot.birdeye_api - WARNING - Failed to get token info for FTcBNFiCQeqK8niPcFKFGLx9nrtj7X3hLTG3EaQYM9N9
2025-05-12 17:15:36,257 - trading_bot.token_analyzer - WARNING - No DexScreener data for FTcBNFiCQeqK8niPcFKFGLx9nrtj7X3hLTG3EaQYM9N9
2025-05-12 17:15:36,590 - trading_bot.birdeye_api - WARNING - No DexScreener data for FTcBNFiCQeqK8niPcFKFGLx9nrtj7X3hLTG3EaQYM9N9
2025-05-12 17:15:36,591 - trading_bot.birdeye_api - WARNING - Failed to get token info for FTcBNFiCQeqK8niPcFKFGLx9nrtj7X3hLTG3EaQYM9N9
2025-05-12 17:15:36,682 - trading_bot.token_analyzer - WARNING - No DexScreener data for FTcBNFiCQeqK8niPcFKFGLx9nrtj7X3hLTG3EaQYM9N9
2025-05-12 17:15:37,386 - trading_bot.birdeye_api - WARNING - No DexScreener data for DYgNtUQKnfVbxYqCJ6LiDN8ByuTuFnZ3NPVAWmsYAxuN
2025-05-12 17:15:37,387 - trading_bot.birdeye_api - WARNING - Failed to get token info for DYgNtUQKnfVbxYqCJ6LiDN8ByuTuFnZ3NPVAWmsYAxuN
2025-05-12 17:15:37,504 - trading_bot.token_analyzer - WARNING - No DexScreener data for DYgNtUQKnfVbxYqCJ6LiDN8ByuTuFnZ3NPVAWmsYAxuN
2025-05-12 17:15:38,180 - trading_bot.birdeye_api - WARNING - No DexScreener data for 6rKnbuVgTFWKunX19B3qU3ZW85qHgTWsUC8XgRnwKvGZ
2025-05-12 17:15:38,181 - trading_bot.birdeye_api - WARNING - Failed to get token info for 6rKnbuVgTFWKunX19B3qU3ZW85qHgTWsUC8XgRnwKvGZ
2025-05-12 17:15:38,294 - trading_bot.token_analyzer - WARNING - No DexScreener data for 6rKnbuVgTFWKunX19B3qU3ZW85qHgTWsUC8XgRnwKvGZ
2025-05-12 17:15:38,522 - trading_bot.token_analyzer - INFO - Using Birdeye security score for fESbUKjuMY6jzDH9VP8cy4p3pu2q5W2rK2XghVfNseP: 7.911799
2025-05-12 17:15:38,522 - trading_bot.token_scanner - INFO - Tradable token found: SOLANA (fESbUKjuMY6jzDH9VP8cy4p3pu2q5W2rK2XghVfNseP)
2025-05-12 17:15:39,577 - trading_bot.token_analyzer - INFO - Using Birdeye security score for J7cqRfkzJaWD8NqFy38wMeJ1nVeYro88jt6sfLMQbonk: 33.527797
2025-05-12 17:15:39,577 - trading_bot.token_scanner - INFO - Tradable token found: meme (J7cqRfkzJaWD8NqFy38wMeJ1nVeYro88jt6sfLMQbonk)
2025-05-12 17:15:40,195 - trading_bot.token_analyzer - INFO - Using Birdeye security score for 7GCihgDB8fe6KNjn2MYtkzZcRjQy3t9GHdC8uHYmW2hr: 70.0
2025-05-12 17:15:40,195 - trading_bot.token_scanner - INFO - Tradable token found: POPCAT (7GCihgDB8fe6KNjn2MYtkzZcRjQy3t9GHdC8uHYmW2hr)
2025-05-12 17:15:40,859 - trading_bot.token_analyzer - INFO - Using Birdeye security score for 65svCEvM4HdBHXKDxfhjm3yw1A6mKXkdS6HXWXDQTSNA: 65.157866
2025-05-12 17:15:40,860 - trading_bot.token_scanner - INFO - Tradable token found: CreatorBuddy (65svCEvM4HdBHXKDxfhjm3yw1A6mKXkdS6HXWXDQTSNA)
2025-05-12 17:15:41,426 - trading_bot.token_analyzer - INFO - Using Birdeye security score for 7Td2y4m1Cfkktp9S6rwb4akTv416gdBBWwsasDDQvyFY: 48.450972
2025-05-12 17:15:41,426 - trading_bot.token_scanner - INFO - Tradable token found: AI (7Td2y4m1Cfkktp9S6rwb4akTv416gdBBWwsasDDQvyFY)
2025-05-12 17:15:42,169 - trading_bot.token_analyzer - INFO - Using Birdeye security score for 8v3LCPwBJSKHDWoc7b4GMhdtPAKamrfb1cBxpRWmShFr: 11.109399999999999
2025-05-12 17:15:42,170 - trading_bot.token_scanner - INFO - Tradable token found: Cycle (8v3LCPwBJSKHDWoc7b4GMhdtPAKamrfb1cBxpRWmShFr)
2025-05-12 17:15:42,635 - trading_bot.token_analyzer - INFO - Using Birdeye security score for ETmqDHKobaoUGGDF42NWF1B1WDUipLsChGykH5mNznPq: 18.826281
2025-05-12 17:15:42,636 - trading_bot.token_scanner - INFO - Tradable token found: BWT (ETmqDHKobaoUGGDF42NWF1B1WDUipLsChGykH5mNznPq)
2025-05-12 17:15:43,429 - trading_bot.token_analyzer - INFO - Using Birdeye security score for 9xn33s2SARmGwCsk8vMESvXmFWFkHVWfytwMpDicbonk: 22.703284000000004
2025-05-12 17:15:43,430 - trading_bot.token_scanner - INFO - Tradable token found: BonkBay (9xn33s2SARmGwCsk8vMESvXmFWFkHVWfytwMpDicbonk)
2025-05-12 17:15:44,114 - trading_bot.birdeye_api - WARNING - No DexScreener data for SimMeMeSoL4XcV8PKnHrUdf9y5JEb7TR2U2cRjbonk
2025-05-12 17:15:44,115 - trading_bot.birdeye_api - WARNING - Failed to get token info for SimMeMeSoL4XcV8PKnHrUdf9y5JEb7TR2U2cRjbonk
2025-05-12 17:15:44,192 - trading_bot.token_analyzer - WARNING - No DexScreener data for SimMeMeSoL4XcV8PKnHrUdf9y5JEb7TR2U2cRjbonk
2025-05-12 17:15:44,193 - trading_bot.token_analyzer - INFO - Creating minimal simulation data for SimMeMeSoL4XcV8PKnHrUdf9y5JEb7TR2U2cRjbonk
2025-05-12 17:15:44,194 - trading_bot.token_analyzer - INFO - Generated simulation safety score for SimMeMeSoL4XcV8PKnHrUdf9y5JEb7TR2U2cRjbonk: 67.79279901598296
2025-05-12 17:15:44,195 - trading_bot.token_scanner - INFO - Tradable token found: SIMOYL (SimMeMeSoL4XcV8PKnHrUdf9y5JEb7TR2U2cRjbonk)
2025-05-12 17:15:44,902 - trading_bot.birdeye_api - WARNING - No DexScreener data for SimPePe7KNTjDc82FLxhDogESFzTrz48QUzBonkSi
2025-05-12 17:15:44,903 - trading_bot.birdeye_api - WARNING - Failed to get token info for SimPePe7KNTjDc82FLxhDogESFzTrz48QUzBonkSi
2025-05-12 17:15:44,942 - trading_bot.token_analyzer - WARNING - No DexScreener data for SimPePe7KNTjDc82FLxhDogESFzTrz48QUzBonkSi
2025-05-12 17:15:44,944 - trading_bot.token_analyzer - INFO - Creating minimal simulation data for SimPePe7KNTjDc82FLxhDogESFzTrz48QUzBonkSi
2025-05-12 17:15:44,946 - trading_bot.token_analyzer - INFO - Generated simulation safety score for SimPePe7KNTjDc82FLxhDogESFzTrz48QUzBonkSi: 66.9124528099407
2025-05-12 17:15:44,947 - trading_bot.token_scanner - INFO - Tradable token found: SIMPEPE (SimPePe7KNTjDc82FLxhDogESFzTrz48QUzBonkSi)
2025-05-12 17:15:45,624 - trading_bot.birdeye_api - WARNING - No DexScreener data for SimSoLNaBD7VgTxBqzTKp7EmuQEJ9xNgRSZxsNBDE1
2025-05-12 17:15:45,625 - trading_bot.birdeye_api - WARNING - Failed to get token info for SimSoLNaBD7VgTxBqzTKp7EmuQEJ9xNgRSZxsNBDE1
2025-05-12 17:15:45,718 - trading_bot.token_analyzer - WARNING - No DexScreener data for SimSoLNaBD7VgTxBqzTKp7EmuQEJ9xNgRSZxsNBDE1
2025-05-12 17:15:45,718 - trading_bot.token_analyzer - INFO - Creating minimal simulation data for SimSoLNaBD7VgTxBqzTKp7EmuQEJ9xNgRSZxsNBDE1
2025-05-12 17:15:45,719 - trading_bot.token_analyzer - INFO - Generated simulation safety score for SimSoLNaBD7VgTxBqzTKp7EmuQEJ9xNgRSZxsNBDE1: 75.16018536478575
2025-05-12 17:15:45,720 - trading_bot.token_scanner - INFO - Tradable token found: SIMSOL (SimSoLNaBD7VgTxBqzTKp7EmuQEJ9xNgRSZxsNBDE1)
2025-05-12 17:15:45,961 - trading_bot - INFO - Found 5 qualified tokens for trading
2025-05-12 17:15:45,966 - trading_bot - INFO - Token meme qualified for trading:
2025-05-12 17:15:45,966 - trading_bot - INFO -   - Volume 24h: $180,896.17
2025-05-12 17:15:45,967 - trading_bot - INFO -   - Liquidity: $35,277.97
2025-05-12 17:15:45,967 - trading_bot - INFO -   - Market Cap: $0.00
2025-05-12 17:15:45,967 - trading_bot - INFO -   - Holders: 0
2025-05-12 17:15:45,967 - trading_bot - INFO -   - Price Change 24h: 18.52%
2025-05-12 17:15:45,967 - trading_bot - INFO -   - Security Score: 0.0/100
2025-05-12 17:15:45,967 - trading_bot - INFO - Trading meme (J7cqRfkzJaWD8NqFy38wMeJ1nVeYro88jt6sfLMQbonk) for 0.2500000000000001 SOL
2025-05-12 17:15:46,301 - trading_bot.solana_trader - INFO - SIMULATION: BUY 0.2500000000000001 SOL of meme (J7cqRfkzJaWD8NqFy38wMeJ1nVeYro88jt6sfLMQbonk) at 5.810308799628512e-07 tokens/SOL
2025-05-12 17:15:46,301 - trading_bot - INFO - Successfully traded meme: SIM_BUY_J7cqRfkz_1747084545
2025-05-12 17:15:46,310 - trading_bot - INFO - Token BUDDY qualified for trading:
2025-05-12 17:15:46,311 - trading_bot - INFO -   - Volume 24h: $1,524,123.68
2025-05-12 17:15:46,311 - trading_bot - INFO -   - Liquidity: $351,578.66
2025-05-12 17:15:46,311 - trading_bot - INFO -   - Market Cap: $0.00
2025-05-12 17:15:46,311 - trading_bot - INFO -   - Holders: 0
2025-05-12 17:15:46,312 - trading_bot - INFO -   - Price Change 24h: 558.00%
2025-05-12 17:15:46,312 - trading_bot - INFO -   - Security Score: 0.0/100
2025-05-12 17:15:46,313 - trading_bot - INFO - Trading BUDDY (65svCEvM4HdBHXKDxfhjm3yw1A6mKXkdS6HXWXDQTSNA) for 0.2500000000000001 SOL
2025-05-12 17:15:46,729 - trading_bot.token_scanner - INFO - Scan complete, waiting 60 seconds for next scan
2025-05-12 17:15:46,923 - trading_bot.solana_trader - INFO - SIMULATION: BUY 0.2500000000000001 SOL of BUDDY (65svCEvM4HdBHXKDxfhjm3yw1A6mKXkdS6HXWXDQTSNA) at 1.9346412816345483e-05 tokens/SOL
2025-05-12 17:15:46,924 - trading_bot - INFO - Successfully traded BUDDY: SIM_BUY_65svCEvM_1747084546
2025-05-12 17:15:46,931 - trading_bot - INFO - Token Cycle qualified for trading:
2025-05-12 17:15:46,932 - trading_bot - INFO -   - Volume 24h: $49,194.95
2025-05-12 17:15:46,932 - trading_bot - INFO -   - Liquidity: $12,704.10
2025-05-12 17:15:46,933 - trading_bot - INFO -   - Market Cap: $0.00
2025-05-12 17:15:46,933 - trading_bot - INFO -   - Holders: 0
2025-05-12 17:15:46,933 - trading_bot - INFO -   - Price Change 24h: 96.79%
2025-05-12 17:15:46,934 - trading_bot - INFO -   - Security Score: 0.0/100
2025-05-12 17:15:46,934 - trading_bot - INFO - Trading Cycle (8v3LCPwBJSKHDWoc7b4GMhdtPAKamrfb1cBxpRWmShFr) for 0.2500000000000001 SOL
2025-05-12 17:15:47,620 - trading_bot.solana_trader - INFO - SIMULATION: BUY 0.2500000000000001 SOL of Cycle (8v3LCPwBJSKHDWoc7b4GMhdtPAKamrfb1cBxpRWmShFr) at 1.0343626654283723e-06 tokens/SOL
2025-05-12 17:15:47,620 - trading_bot - INFO - Successfully traded Cycle: SIM_BUY_8v3LCPwB_1747084546
2025-05-12 17:15:47,630 - trading_bot - INFO - Token BBAY qualified for trading:
2025-05-12 17:15:47,630 - trading_bot - INFO -   - Volume 24h: $102,078.66
2025-05-12 17:15:47,631 - trading_bot - INFO -   - Liquidity: $22,875.52
2025-05-12 17:15:47,631 - trading_bot - INFO -   - Market Cap: $0.00
2025-05-12 17:15:47,632 - trading_bot - INFO -   - Holders: 0
2025-05-12 17:15:47,632 - trading_bot - INFO -   - Price Change 24h: -47.83%
2025-05-12 17:15:47,632 - trading_bot - INFO -   - Security Score: 0.0/100
2025-05-12 17:15:47,633 - trading_bot - INFO - Trading BBAY (9xn33s2SARmGwCsk8vMESvXmFWFkHVWfytwMpDicbonk) for 0.2500000000000001 SOL
2025-05-12 17:15:48,221 - trading_bot.solana_trader - INFO - SIMULATION: BUY 0.2500000000000001 SOL of BBAY (9xn33s2SARmGwCsk8vMESvXmFWFkHVWfytwMpDicbonk) at 2.454144416066868e-07 tokens/SOL
2025-05-12 17:15:48,222 - trading_bot - INFO - Successfully traded BBAY: SIM_BUY_9xn33s2S_1747084547
2025-05-12 17:15:48,230 - trading_bot - INFO - Token SIMSimP qualified for trading:
2025-05-12 17:15:48,230 - trading_bot - INFO -   - Volume 24h: $50,000.00
2025-05-12 17:15:48,231 - trading_bot - INFO -   - Liquidity: $25,000.00
2025-05-12 17:15:48,231 - trading_bot - INFO -   - Market Cap: $500,000.00
2025-05-12 17:15:48,231 - trading_bot - INFO -   - Holders: 100
2025-05-12 17:15:48,231 - trading_bot - INFO -   - Price Change 24h: 20.00%
2025-05-12 17:15:48,231 - trading_bot - INFO -   - Security Score: 0.0/100
2025-05-12 17:15:48,232 - trading_bot - INFO - Trading SIMSimP (SimPePe7KNTjDc82FLxhDogESFzTrz48QUzBonkSi) for 0.2500000000000001 SOL
2025-05-12 17:15:48,790 - trading_bot.birdeye_api - WARNING - No DexScreener data for SimPePe7KNTjDc82FLxhDogESFzTrz48QUzBonkSi
2025-05-12 17:15:48,791 - trading_bot.birdeye_api - WARNING - Failed to get token info for SimPePe7KNTjDc82FLxhDogESFzTrz48QUzBonkSi
2025-05-12 17:15:48,847 - trading_bot.token_analyzer - WARNING - No DexScreener data for SimPePe7KNTjDc82FLxhDogESFzTrz48QUzBonkSi
2025-05-12 17:15:48,848 - trading_bot.token_analyzer - INFO - Creating minimal simulation data for SimPePe7KNTjDc82FLxhDogESFzTrz48QUzBonkSi
2025-05-12 17:15:48,860 - trading_bot.solana_trader - INFO - SIMULATION: BUY 0.2500000000000001 SOL of SIMSimP (SimPePe7KNTjDc82FLxhDogESFzTrz48QUzBonkSi) at 5.804504295333178e-10 tokens/SOL
2025-05-12 17:15:48,860 - trading_bot - INFO - Successfully traded SIMSimP: SIM_BUY_SimPePe7_1747084548
2025-05-12 17:16:03,994 - trading_bot.solana_trader - INFO - Position: CreatorBuddy (65svCEvM4HdBHXKDxfhjm3yw1A6mKXkdS6HXWXDQTSNA)
2025-05-12 17:16:03,997 - trading_bot.solana_trader - INFO -   - Buy price: 0.00001935
2025-05-12 17:16:03,999 - trading_bot.solana_trader - INFO -   - Current price: 0.003333
2025-05-12 17:16:04,000 - trading_bot.solana_trader - INFO -   - P/L: 17128.00% (172.28x)
2025-05-12 17:16:04,002 - trading_bot.solana_trader - ERROR - Error monitoring positions: 'take_profit_target'
2025-05-12 17:16:34,029 - trading_bot.solana_trader - INFO - Position: CreatorBuddy (65svCEvM4HdBHXKDxfhjm3yw1A6mKXkdS6HXWXDQTSNA)
2025-05-12 17:16:34,030 - trading_bot.solana_trader - INFO -   - Buy price: 0.00001935
2025-05-12 17:16:34,031 - trading_bot.solana_trader - INFO -   - Current price: 0.003333
2025-05-12 17:16:34,031 - trading_bot.solana_trader - INFO -   - P/L: 17128.00% (172.28x)
2025-05-12 17:16:34,032 - trading_bot.solana_trader - ERROR - Error monitoring positions: 'take_profit_target'
2025-05-12 17:16:46,739 - trading_bot.token_scanner - INFO - Scanning Twitter for tokens...
2025-05-12 17:16:47,389 - trading_bot.token_scanner - INFO - Discovered 20 tokens from Twitter
2025-05-12 17:16:47,390 - trading_bot.token_scanner - INFO - Analyzing tokens by screening criteria...
2025-05-12 17:16:47,390 - trading_bot.token_analyzer - INFO - Retrieved 2 top gainers from Birdeye API
2025-05-12 17:16:47,391 - trading_bot.token_scanner - INFO - Found 2 top gainer tokens
2025-05-12 17:16:48,011 - trading_bot.token_scanner - INFO - Found 2 trending tokens
2025-05-12 17:16:48,041 - trading_bot.token_scanner - INFO - Scanning PumpFun for tokens...
2025-05-12 17:16:48,041 - trading_bot.token_scanner - INFO - Using simulated PumpFun data due to API certificate issues
2025-05-12 17:16:48,071 - trading_bot.token_scanner - INFO - Found 3 simulated tokens from PumpFun
2025-05-12 17:16:48,073 - trading_bot.token_scanner - INFO - Analyzing other discovered tokens...
2025-05-12 17:16:48,348 - trading_bot.token_analyzer - INFO - Using Birdeye security score for CrEkMQWGRytE45ZY4LLt5bBodB2Huo1FJ2PzDZTjbonk: 5.5e-05
2025-05-12 17:16:48,350 - trading_bot.token_scanner - INFO - Tradable token found: BDHD (CrEkMQWGRytE45ZY4LLt5bBodB2Huo1FJ2PzDZTjbonk)
2025-05-12 17:16:49,661 - trading_bot.token_analyzer - INFO - Using Birdeye security score for B3ULQSGhpoRifF4MaZ3MNnKJx7RHxzVdhnkDj6hgxX8U: 33.428466
2025-05-12 17:16:49,662 - trading_bot.token_scanner - INFO - Tradable token found: LAUNCH (B3ULQSGhpoRifF4MaZ3MNnKJx7RHxzVdhnkDj6hgxX8U)
2025-05-12 17:16:50,981 - trading_bot.token_analyzer - INFO - Using Birdeye security score for 3j5kNZZrcoqTV2Neyuh1EphieBbqUKfv4Yr7sAxpbonk: 10.823298999999999
2025-05-12 17:16:50,982 - trading_bot.token_scanner - INFO - Tradable token found: Bonkrot (3j5kNZZrcoqTV2Neyuh1EphieBbqUKfv4Yr7sAxpbonk)
2025-05-12 17:16:52,255 - trading_bot.token_analyzer - INFO - Using Birdeye security score for GsSUx3qENEAn5MDQLGYHYs7ThtPXsnwCkKwqv1ZWbonk: 48.052626000000004
2025-05-12 17:16:52,257 - trading_bot.token_scanner - INFO - Tradable token found: UNKNOWN (GsSUx3qENEAn5MDQLGYHYs7ThtPXsnwCkKwqv1ZWbonk)
2025-05-12 17:16:53,573 - trading_bot.token_analyzer - INFO - Using Birdeye security score for GWsmnVgPUoY5z9sNj5phRZbFWEY8M8WAjGZEvhCwbonk: 45.774179000000004
2025-05-12 17:16:53,574 - trading_bot.token_scanner - INFO - Tradable token found: God (GWsmnVgPUoY5z9sNj5phRZbFWEY8M8WAjGZEvhCwbonk)
2025-05-12 17:16:54,839 - trading_bot.token_analyzer - INFO - Using Birdeye security score for EjF9xVaiUypZBLXRJ6Ep4PFsoDSueadT9nvpaJA8bonk: 31.684853
2025-05-12 17:16:54,841 - trading_bot.token_scanner - INFO - Tradable token found: Bonk (EjF9xVaiUypZBLXRJ6Ep4PFsoDSueadT9nvpaJA8bonk)
2025-05-12 17:16:55,849 - trading_bot.token_scanner - INFO - Scan complete, waiting 60 seconds for next scan
2025-05-12 17:17:04,064 - trading_bot.solana_trader - INFO - Position: CreatorBuddy (65svCEvM4HdBHXKDxfhjm3yw1A6mKXkdS6HXWXDQTSNA)
2025-05-12 17:17:04,066 - trading_bot.solana_trader - INFO -   - Buy price: 0.00001935
2025-05-12 17:17:04,067 - trading_bot.solana_trader - INFO -   - Current price: 0.003333
2025-05-12 17:17:04,068 - trading_bot.solana_trader - INFO -   - P/L: 17128.00% (172.28x)
2025-05-12 17:17:04,069 - trading_bot.solana_trader - ERROR - Error monitoring positions: 'take_profit_target'
2025-05-12 17:17:34,086 - trading_bot.solana_trader - INFO - Position: CreatorBuddy (65svCEvM4HdBHXKDxfhjm3yw1A6mKXkdS6HXWXDQTSNA)
2025-05-12 17:17:34,087 - trading_bot.solana_trader - INFO -   - Buy price: 0.00001935
2025-05-12 17:17:34,087 - trading_bot.solana_trader - INFO -   - Current price: 0.003333
2025-05-12 17:17:34,087 - trading_bot.solana_trader - INFO -   - P/L: 17128.00% (172.28x)
2025-05-12 17:17:34,087 - trading_bot.solana_trader - ERROR - Error monitoring positions: 'take_profit_target'
2025-05-12 17:17:55,863 - trading_bot.token_scanner - INFO - Scanning Twitter for tokens...
2025-05-12 17:17:56,695 - trading_bot.token_scanner - INFO - Discovered 21 tokens from Twitter
2025-05-12 17:17:56,697 - trading_bot.token_scanner - INFO - Analyzing tokens by screening criteria...
2025-05-12 17:17:56,699 - trading_bot.token_analyzer - INFO - Retrieved 2 top gainers from Birdeye API
2025-05-12 17:17:56,702 - trading_bot.token_scanner - INFO - Found 2 top gainer tokens
2025-05-12 17:17:57,349 - trading_bot.token_scanner - INFO - Found 2 trending tokens
2025-05-12 17:17:57,376 - trading_bot.token_scanner - INFO - Scanning PumpFun for tokens...
2025-05-12 17:17:57,376 - trading_bot.token_scanner - INFO - Using simulated PumpFun data due to API certificate issues
2025-05-12 17:17:57,422 - trading_bot.token_scanner - INFO - Found 3 simulated tokens from PumpFun
2025-05-12 17:17:57,423 - trading_bot.token_scanner - INFO - Analyzing other discovered tokens...
2025-05-12 17:17:57,806 - trading_bot.token_analyzer - INFO - Using Birdeye security score for 8A1XE4Kz7nFs8opNbWHhMkSjEBa5HRWbN5MD5dHapwpV: 8.074955
2025-05-12 17:17:57,807 - trading_bot.token_scanner - INFO - Tradable token found: ROTK (8A1XE4Kz7nFs8opNbWHhMkSjEBa5HRWbN5MD5dHapwpV)
2025-05-12 17:17:59,148 - trading_bot.token_analyzer - INFO - Using Birdeye security score for DoggytFhwtHMCgeuoK7B3PCX8jaSeY4zhwe2ChWpQpSQ: 10.895195000000001
2025-05-12 17:17:59,149 - trading_bot.token_scanner - INFO - Tradable token found: DOGGY (DoggytFhwtHMCgeuoK7B3PCX8jaSeY4zhwe2ChWpQpSQ)
2025-05-12 17:18:00,164 - trading_bot.token_scanner - INFO - Scan complete, waiting 60 seconds for next scan
2025-05-12 17:18:04,123 - trading_bot.solana_trader - INFO - Position: CreatorBuddy (65svCEvM4HdBHXKDxfhjm3yw1A6mKXkdS6HXWXDQTSNA)
2025-05-12 17:18:04,124 - trading_bot.solana_trader - INFO -   - Buy price: 0.00001935
2025-05-12 17:18:04,125 - trading_bot.solana_trader - INFO -   - Current price: 0.003333
2025-05-12 17:18:04,126 - trading_bot.solana_trader - INFO -   - P/L: 17128.00% (172.28x)
2025-05-12 17:18:04,126 - trading_bot.solana_trader - ERROR - Error monitoring positions: 'take_profit_target'
2025-05-12 17:18:34,153 - trading_bot.solana_trader - INFO - Position: CreatorBuddy (65svCEvM4HdBHXKDxfhjm3yw1A6mKXkdS6HXWXDQTSNA)
2025-05-12 17:18:34,154 - trading_bot.solana_trader - INFO -   - Buy price: 0.00001935
2025-05-12 17:18:34,155 - trading_bot.solana_trader - INFO -   - Current price: 0.003333
2025-05-12 17:18:34,155 - trading_bot.solana_trader - INFO -   - P/L: 17128.00% (172.28x)
2025-05-12 17:18:34,156 - trading_bot.solana_trader - ERROR - Error monitoring positions: 'take_profit_target'
2025-05-12 17:19:00,168 - trading_bot.token_scanner - INFO - Scanning Twitter for tokens...
2025-05-12 17:19:00,808 - trading_bot.token_scanner - INFO - Discovered 14 tokens from Twitter
2025-05-12 17:19:00,810 - trading_bot.token_scanner - INFO - Analyzing tokens by screening criteria...
2025-05-12 17:19:00,811 - trading_bot.token_analyzer - INFO - Retrieved 2 top gainers from Birdeye API
2025-05-12 17:19:00,811 - trading_bot.token_scanner - INFO - Found 2 top gainer tokens
2025-05-12 17:19:01,609 - trading_bot.token_scanner - INFO - Found 2 trending tokens
2025-05-12 17:19:01,642 - trading_bot.token_scanner - INFO - Scanning PumpFun for tokens...
2025-05-12 17:19:01,643 - trading_bot.token_scanner - INFO - Using simulated PumpFun data due to API certificate issues
2025-05-12 17:19:01,675 - trading_bot.token_scanner - INFO - Found 3 simulated tokens from PumpFun
2025-05-12 17:19:01,676 - trading_bot.token_scanner - INFO - Analyzing other discovered tokens...
2025-05-12 17:19:02,069 - trading_bot.token_analyzer - INFO - Using Birdeye security score for Ey59PH7Z4BFU4HjyKnyMdWt5GGN76KazTAwQihoUXRnk: 70.0
2025-05-12 17:19:02,069 - trading_bot.token_scanner - INFO - Tradable token found: PASTERNAK (Ey59PH7Z4BFU4HjyKnyMdWt5GGN76KazTAwQihoUXRnk)
2025-05-12 17:19:03,314 - trading_bot.token_analyzer - INFO - Using Birdeye security score for 9tsUburWeWCCyt6yYWXYdykwPwSK6tYZsr2pjX7vNRWZ: 55.054518
2025-05-12 17:19:03,314 - trading_bot.token_scanner - INFO - Tradable token found: GYAT (9tsUburWeWCCyt6yYWXYdykwPwSK6tYZsr2pjX7vNRWZ)
2025-05-12 17:19:04,177 - trading_bot.solana_trader - INFO - Position: CreatorBuddy (65svCEvM4HdBHXKDxfhjm3yw1A6mKXkdS6HXWXDQTSNA)
2025-05-12 17:19:04,177 - trading_bot.solana_trader - INFO -   - Buy price: 0.00001935
2025-05-12 17:19:04,178 - trading_bot.solana_trader - INFO -   - Current price: 0.003333
2025-05-12 17:19:04,179 - trading_bot.solana_trader - INFO -   - P/L: 17128.00% (172.28x)
2025-05-12 17:19:04,179 - trading_bot.solana_trader - ERROR - Error monitoring positions: 'take_profit_target'
2025-05-12 17:19:04,581 - trading_bot.token_analyzer - INFO - Using Birdeye security score for 148KWpXuD977susP59kuP7DgRViqUzE9d1QTdN8Nbonk: 36.600196
2025-05-12 17:19:04,583 - trading_bot.token_scanner - INFO - Tradable token found: AI (148KWpXuD977susP59kuP7DgRViqUzE9d1QTdN8Nbonk)
2025-05-12 17:19:05,904 - trading_bot.token_analyzer - INFO - Using Birdeye security score for 9ZXz124YTiVYFy7bPw2514zzF55RXKig27NNZEqebonk: 31.543177000000004
2025-05-12 17:19:05,906 - trading_bot.token_scanner - INFO - Tradable token found: UNKNOWN (9ZXz124YTiVYFy7bPw2514zzF55RXKig27NNZEqebonk)
2025-05-12 17:19:07,268 - trading_bot.token_analyzer - INFO - Using Birdeye security score for 5tyiWgehEjnnyMMH8gjnF9jYVPpoo7JoTUSUYWQ7ePfT: 13.864627
2025-05-12 17:19:07,269 - trading_bot.token_scanner - INFO - Tradable token found: SPRINT (5tyiWgehEjnnyMMH8gjnF9jYVPpoo7JoTUSUYWQ7ePfT)
2025-05-12 17:19:08,609 - trading_bot.token_analyzer - INFO - Using Birdeye security score for 4k3Dyjzvzp8eMZWUXbBCjEvwSkkk59S5iCNLY3QrkX6R: 70.0
2025-05-12 17:19:08,610 - trading_bot.token_scanner - INFO - Tradable token found: RAY (4k3Dyjzvzp8eMZWUXbBCjEvwSkkk59S5iCNLY3QrkX6R)
2025-05-12 17:19:09,619 - trading_bot.token_scanner - INFO - Scan complete, waiting 60 seconds for next scan
2025-05-12 17:19:34,198 - trading_bot.solana_trader - INFO - Position: CreatorBuddy (65svCEvM4HdBHXKDxfhjm3yw1A6mKXkdS6HXWXDQTSNA)
2025-05-12 17:19:34,199 - trading_bot.solana_trader - INFO -   - Buy price: 0.00001935
2025-05-12 17:19:34,200 - trading_bot.solana_trader - INFO -   - Current price: 0.003333
2025-05-12 17:19:34,200 - trading_bot.solana_trader - INFO -   - P/L: 17128.00% (172.28x)
2025-05-12 17:19:34,201 - trading_bot.solana_trader - ERROR - Error monitoring positions: 'take_profit_target'
2025-05-12 17:20:04,224 - trading_bot.solana_trader - INFO - Position: CreatorBuddy (65svCEvM4HdBHXKDxfhjm3yw1A6mKXkdS6HXWXDQTSNA)
2025-05-12 17:20:04,224 - trading_bot.solana_trader - INFO -   - Buy price: 0.00001935
2025-05-12 17:20:04,225 - trading_bot.solana_trader - INFO -   - Current price: 0.003333
2025-05-12 17:20:04,227 - trading_bot.solana_trader - INFO -   - P/L: 17128.00% (172.28x)
2025-05-12 17:20:04,229 - trading_bot.solana_trader - ERROR - Error monitoring positions: 'take_profit_target'
2025-05-12 17:20:09,633 - trading_bot.token_scanner - INFO - Scanning Twitter for tokens...
2025-05-12 17:20:10,326 - trading_bot.token_scanner - INFO - Discovered 17 tokens from Twitter
2025-05-12 17:20:10,329 - trading_bot.token_scanner - INFO - Analyzing tokens by screening criteria...
2025-05-12 17:20:10,331 - trading_bot.token_analyzer - INFO - Retrieved 2 top gainers from Birdeye API
2025-05-12 17:20:10,332 - trading_bot.token_scanner - INFO - Found 2 top gainer tokens
2025-05-12 17:20:11,118 - trading_bot.token_scanner - INFO - Found 2 trending tokens
2025-05-12 17:20:11,161 - trading_bot.token_scanner - INFO - Scanning PumpFun for tokens...
2025-05-12 17:20:11,162 - trading_bot.token_scanner - INFO - Using simulated PumpFun data due to API certificate issues
2025-05-12 17:20:11,206 - trading_bot.token_scanner - INFO - Found 3 simulated tokens from PumpFun
2025-05-12 17:20:11,207 - trading_bot.token_scanner - INFO - Analyzing other discovered tokens...
2025-05-12 17:20:11,306 - trading_bot.birdeye_api - WARNING - No DexScreener data for 6RiWpH3HhNWHFTjpMWVvv4mKiNoDTa8k3rYa47bPbonk
2025-05-12 17:20:11,308 - trading_bot.birdeye_api - WARNING - Failed to get token info for 6RiWpH3HhNWHFTjpMWVvv4mKiNoDTa8k3rYa47bPbonk
2025-05-12 17:20:11,353 - trading_bot.token_analyzer - WARNING - No DexScreener data for 6RiWpH3HhNWHFTjpMWVvv4mKiNoDTa8k3rYa47bPbonk
2025-05-12 17:20:12,713 - trading_bot.token_analyzer - INFO - Using Birdeye security score for 9qg1D5t7Z2xzuHS7UQUtykbxcHtrjkLqRrkJkpyqJSHK: 2.7446750000000004
2025-05-12 17:20:12,714 - trading_bot.token_scanner - INFO - Tradable token found: UNKNOWN (9qg1D5t7Z2xzuHS7UQUtykbxcHtrjkLqRrkJkpyqJSHK)
2025-05-12 17:20:14,106 - trading_bot.token_analyzer - INFO - Using Birdeye security score for 6XfRv18VG4pNUDUaoaXn1EJMwRnUpJ9fuV6VndLEEJy2: 33.689639
2025-05-12 17:20:14,108 - trading_bot.token_scanner - INFO - Tradable token found: ACE (6XfRv18VG4pNUDUaoaXn1EJMwRnUpJ9fuV6VndLEEJy2)
2025-05-12 17:20:15,562 - trading_bot.token_analyzer - INFO - Using Birdeye security score for BXjjznSFV4JHQu5KQRn6xCD4mgtWgNzhVM1VQoXieQp4: 34.537621
2025-05-12 17:20:15,563 - trading_bot.token_scanner - INFO - Tradable token found: gork (BXjjznSFV4JHQu5KQRn6xCD4mgtWgNzhVM1VQoXieQp4)
2025-05-12 17:20:16,891 - trading_bot.token_analyzer - INFO - Using Birdeye security score for 7gdv5xzTHbZdEivhbJnzqSxh1SWFuryCNVEVRnNhWR95: 39.279352
2025-05-12 17:20:16,893 - trading_bot.token_scanner - INFO - Tradable token found: Cycle (7gdv5xzTHbZdEivhbJnzqSxh1SWFuryCNVEVRnNhWR95)
2025-05-12 17:20:17,908 - trading_bot.token_scanner - INFO - Scan complete, waiting 60 seconds for next scan
2025-05-12 17:20:34,253 - trading_bot.solana_trader - INFO - Position: CreatorBuddy (65svCEvM4HdBHXKDxfhjm3yw1A6mKXkdS6HXWXDQTSNA)
2025-05-12 17:20:34,254 - trading_bot.solana_trader - INFO -   - Buy price: 0.00001935
2025-05-12 17:20:34,254 - trading_bot.solana_trader - INFO -   - Current price: 0.003333
2025-05-12 17:20:34,255 - trading_bot.solana_trader - INFO -   - P/L: 17128.00% (172.28x)
2025-05-12 17:20:34,256 - trading_bot.solana_trader - ERROR - Error monitoring positions: 'take_profit_target'
2025-05-12 17:20:48,946 - trading_bot - INFO - Current wallet balance: 5.0000 SOL ($862.85)
2025-05-12 17:20:49,259 - trading_bot.birdeye_api - INFO - Retrieved 2 tokens from DexScreener
2025-05-12 17:20:49,260 - trading_bot.birdeye_api - INFO - Found 2 top gainers for 24h
2025-05-12 17:20:49,261 - trading_bot.token_analyzer - INFO - Retrieved 2 top gainers from Birdeye API
2025-05-12 17:20:49,262 - trading_bot.token_scanner - INFO - Found 2 top gainer tokens
2025-05-12 17:20:49,992 - trading_bot.token_scanner - INFO - Found 2 trending tokens
2025-05-12 17:20:50,773 - trading_bot - INFO - No tokens found meeting screening criteria, analyzing other tokens...
2025-05-12 17:21:04,405 - trading_bot.solana_trader - INFO - Position: CreatorBuddy (65svCEvM4HdBHXKDxfhjm3yw1A6mKXkdS6HXWXDQTSNA)
2025-05-12 17:21:04,406 - trading_bot.solana_trader - INFO -   - Buy price: 0.00001935
2025-05-12 17:21:04,408 - trading_bot.solana_trader - INFO -   - Current price: 0.003009
2025-05-12 17:21:04,410 - trading_bot.solana_trader - INFO -   - P/L: 15453.27% (155.53x)
2025-05-12 17:21:04,411 - trading_bot.solana_trader - ERROR - Error monitoring positions: 'take_profit_target'
2025-05-12 17:21:17,920 - trading_bot.token_scanner - INFO - Scanning Twitter for tokens...
2025-05-12 17:21:18,857 - trading_bot.token_scanner - INFO - Discovered 23 tokens from Twitter
2025-05-12 17:21:18,858 - trading_bot.token_scanner - INFO - Analyzing tokens by screening criteria...
2025-05-12 17:21:18,859 - trading_bot.token_analyzer - INFO - Retrieved 2 top gainers from Birdeye API
2025-05-12 17:21:18,860 - trading_bot.token_scanner - INFO - Found 2 top gainer tokens
2025-05-12 17:21:19,335 - trading_bot.token_scanner - INFO - Found 2 trending tokens
2025-05-12 17:21:19,369 - trading_bot.token_scanner - INFO - Scanning PumpFun for tokens...
2025-05-12 17:21:19,370 - trading_bot.token_scanner - INFO - Using simulated PumpFun data due to API certificate issues
2025-05-12 17:21:19,411 - trading_bot.token_scanner - INFO - Found 3 simulated tokens from PumpFun
2025-05-12 17:21:19,412 - trading_bot.token_scanner - INFO - Analyzing other discovered tokens...
2025-05-12 17:21:19,696 - trading_bot.token_analyzer - INFO - Using Birdeye security score for 4rsWM3AnK7gLhGRbZEQkmp4MY3QQGnbWe7G8ZGb5tzXh: 6.311708
2025-05-12 17:21:19,698 - trading_bot.token_scanner - INFO - Tradable token found: UNKNOWN (4rsWM3AnK7gLhGRbZEQkmp4MY3QQGnbWe7G8ZGb5tzXh)
2025-05-12 17:21:20,998 - trading_bot.token_analyzer - INFO - Using Birdeye security score for 63LfDmNb3MQ8mw9MtZ2To9bEA2M71kZUUGq5tiJxcqj9: 70.0
2025-05-12 17:21:20,999 - trading_bot.token_scanner - INFO - Tradable token found: GIGA (63LfDmNb3MQ8mw9MtZ2To9bEA2M71kZUUGq5tiJxcqj9)
2025-05-12 17:21:22,265 - trading_bot.token_analyzer - ERROR - Twitter API error: 400 Bad Request
There were errors processing your request: Reference to invalid operator 'cashtag'. Operator is not available in current product or product packaging. Please refer to complete available operator list at http://t.co/operators. (at position 1)
2025-05-12 17:21:22,269 - trading_bot.token_analyzer - INFO - Using Birdeye security score for BfK22Tjhuh1kacoufwMpW92vMQNVyuWsCYGk6xSht9sm: 15.781523000000002
2025-05-12 17:21:22,270 - trading_bot.token_scanner - INFO - Tradable token found: GOLD (BfK22Tjhuh1kacoufwMpW92vMQNVyuWsCYGk6xSht9sm)
2025-05-12 17:21:23,286 - trading_bot.token_scanner - INFO - Scan complete, waiting 60 seconds for next scan
2025-05-12 17:21:34,433 - trading_bot.solana_trader - INFO - Position: CreatorBuddy (65svCEvM4HdBHXKDxfhjm3yw1A6mKXkdS6HXWXDQTSNA)
2025-05-12 17:21:34,434 - trading_bot.solana_trader - INFO -   - Buy price: 0.00001935
2025-05-12 17:21:34,435 - trading_bot.solana_trader - INFO -   - Current price: 0.003009
2025-05-12 17:21:34,436 - trading_bot.solana_trader - INFO -   - P/L: 15453.27% (155.53x)
2025-05-12 17:21:34,437 - trading_bot.solana_trader - ERROR - Error monitoring positions: 'take_profit_target'
2025-05-12 17:21:59,535 - trading_bot - CRITICAL - Received signal 2. Initiating graceful shutdown...
2025-05-12 17:22:04,448 - trading_bot.solana_trader - INFO - Position: CreatorBuddy (65svCEvM4HdBHXKDxfhjm3yw1A6mKXkdS6HXWXDQTSNA)
2025-05-12 17:22:04,448 - trading_bot.solana_trader - INFO -   - Buy price: 0.00001935
2025-05-12 17:22:04,448 - trading_bot.solana_trader - INFO -   - Current price: 0.003009
2025-05-12 17:22:04,449 - trading_bot.solana_trader - INFO -   - P/L: 15453.27% (155.53x)
2025-05-12 17:22:04,449 - trading_bot.solana_trader - ERROR - Error monitoring positions: 'take_profit_target'
2025-05-12 17:22:23,301 - trading_bot.token_scanner - INFO - Scanning Twitter for tokens...
2025-05-12 17:22:23,373 - trading_bot.token_scanner - ERROR - Twitter scan failed: 429 Too Many Requests
Too Many Requests
2025-05-12 17:22:23,374 - trading_bot.token_scanner - INFO - Analyzing tokens by screening criteria...
2025-05-12 17:22:23,375 - trading_bot.token_analyzer - INFO - Retrieved 2 top gainers from Birdeye API
2025-05-12 17:22:23,376 - trading_bot.token_scanner - INFO - Found 2 top gainer tokens
2025-05-12 17:22:23,798 - trading_bot.token_scanner - INFO - Found 2 trending tokens
2025-05-12 17:22:23,841 - trading_bot.token_scanner - INFO - Scanning PumpFun for tokens...
2025-05-12 17:22:23,842 - trading_bot.token_scanner - INFO - Using simulated PumpFun data due to API certificate issues
2025-05-12 17:22:23,880 - trading_bot.token_scanner - INFO - Found 3 simulated tokens from PumpFun
2025-05-12 17:22:23,880 - trading_bot.token_scanner - INFO - Analyzing other discovered tokens...
2025-05-12 17:22:24,065 - trading_bot.token_analyzer - WARNING - Twitter API rate limit exceeded for $GAMBLER
2025-05-12 17:22:24,066 - trading_bot.token_analyzer - WARNING - Rate limited by Twitter API. Backing off for 8 seconds.
2025-05-12 17:22:24,068 - trading_bot.token_analyzer - INFO - Using Birdeye security score for 3vXTBF9cKRB1ZPKsADCLHxz2qykD4nNVvRBsbUQ79vrg: 38.355000000000004
2025-05-12 17:22:24,069 - trading_bot.token_scanner - INFO - Tradable token found: GAMBLER (3vXTBF9cKRB1ZPKsADCLHxz2qykD4nNVvRBsbUQ79vrg)
2025-05-12 17:22:25,242 - trading_bot.token_analyzer - INFO - Using Birdeye security score for 5mbK36SZ7J19An8jFochhQS4of8g6BwUjbeCSxBSoWdp: 70.0
2025-05-12 17:22:25,243 - trading_bot.token_scanner - INFO - Tradable token found: michi (5mbK36SZ7J19An8jFochhQS4of8g6BwUjbeCSxBSoWdp)
2025-05-12 17:22:26,253 - trading_bot.token_scanner - INFO - Scan complete, waiting 60 seconds for next scan
2025-05-12 17:22:33,487 - trading_bot - INFO - Closing connections
2025-05-12 17:22:33,489 - trading_bot - INFO - ==================================================
2025-05-12 17:22:33,489 - trading_bot - INFO -    Solana Trading Bot Shutdown Complete
2025-05-12 17:22:33,490 - trading_bot - INFO - ==================================================
