2025-04-02 20:13:45,477 - trading_bot.database - INFO - Database tables initialized
2025-04-02 20:13:45,488 - trading_bot.solana_trader - INFO - Wallet initialized: 8GU6LRQBNMQyTrQrzufXNczGUizf9oS2AwsX94Zn6Bzv
2025-04-02 20:13:45,496 - trading_bot.solana_trader - INFO - Trading bot running in SIMULATION MODE - no real trades will be executed
2025-04-02 20:13:45,500 - trading_bot.solana_trader - INFO - Loaded 0 active orders
2025-04-02 20:13:45,501 - trading_bot.database - INFO - Database tables initialized
2025-04-02 20:13:45,509 - trading_bot.token_scanner - INFO - Twitter client initialized
2025-04-02 20:13:45,510 - trading_bot.database - INFO - Database tables initialized
2025-04-02 20:13:45,512 - trading_bot - INFO - ==================================================
2025-04-02 20:13:45,512 - trading_bot - INFO -    Solana Trading Bot Starting
2025-04-02 20:13:45,512 - trading_bot - INFO - ==================================================
2025-04-02 20:13:45,825 - trading_bot.solana_trader - INFO - Connected to Solana RPC
2025-04-02 20:13:45,962 - trading_bot - INFO - Initial Wallet Balance: 0.0000 SOL ($0.00)
2025-04-02 20:13:45,962 - trading_bot.token_scanner - INFO - Starting token scanner
2025-04-02 20:13:45,963 - trading_bot.token_scanner - INFO - Scanning Twitter for tokens...
2025-04-02 20:13:46,298 - trading_bot.token_scanner - INFO - Discovered 0 tokens from Twitter
2025-04-02 20:13:46,298 - trading_bot.token_scanner - INFO - Analyzing tokens by screening criteria...
2025-04-02 20:13:46,299 - trading_bot.solana_trader - INFO - Starting position monitor
2025-04-02 20:13:46,300 - trading_bot - INFO - Starting token discovery and trading process
2025-04-02 20:13:46,433 - trading_bot - INFO - Current wallet balance: 0.0000 SOL ($0.00)
2025-04-02 20:13:46,583 - trading_bot.token_scanner - INFO - Found 5 top gainer tokens
2025-04-02 20:13:46,816 - trading_bot.token_analyzer - ERROR - Error fetching trending tokens from Birdeye: float() argument must be a string or a real number, not 'NoneType'
2025-04-02 20:13:46,831 - trading_bot.token_scanner - INFO - Found 5 top gainer tokens
2025-04-02 20:13:47,059 - trading_bot.token_analyzer - ERROR - Error fetching trending tokens from Birdeye: float() argument must be a string or a real number, not 'NoneType'
2025-04-02 20:13:47,106 - trading_bot.token_analyzer - INFO - Found 7 trending tokens
2025-04-02 20:13:47,106 - trading_bot.token_scanner - INFO - Found 7 trending tokens
2025-04-02 20:13:47,273 - trading_bot.token_analyzer - INFO - Found 7 trending tokens
2025-04-02 20:13:47,273 - trading_bot.token_scanner - INFO - Found 7 trending tokens
2025-04-02 20:13:47,340 - trading_bot.utils - WARNING - Fetch attempt 1/3 failed for https://public-api.birdeye.so/defi/token_metadata?address=HzwqbKZw8HxMN6bF2yFZNrht3c2iXXzpKcFu7uBEDKtr: 404, message='Not Found', url='https://public-api.birdeye.so/defi/token_metadata?address=HzwqbKZw8HxMN6bF2yFZNrht3c2iXXzpKcFu7uBEDKtr'
2025-04-02 20:13:47,471 - trading_bot.utils - WARNING - Fetch attempt 1/3 failed for https://public-api.birdeye.so/defi/token_metadata?address=HzwqbKZw8HxMN6bF2yFZNrht3c2iXXzpKcFu7uBEDKtr: 404, message='Not Found', url='https://public-api.birdeye.so/defi/token_metadata?address=HzwqbKZw8HxMN6bF2yFZNrht3c2iXXzpKcFu7uBEDKtr'
2025-04-02 20:13:49,486 - trading_bot.utils - WARNING - Fetch attempt 2/3 failed for https://public-api.birdeye.so/defi/token_metadata?address=HzwqbKZw8HxMN6bF2yFZNrht3c2iXXzpKcFu7uBEDKtr: 404, message='Not Found', url='https://public-api.birdeye.so/defi/token_metadata?address=HzwqbKZw8HxMN6bF2yFZNrht3c2iXXzpKcFu7uBEDKtr'
2025-04-02 20:13:49,626 - trading_bot.utils - WARNING - Fetch attempt 2/3 failed for https://public-api.birdeye.so/defi/token_metadata?address=HzwqbKZw8HxMN6bF2yFZNrht3c2iXXzpKcFu7uBEDKtr: 404, message='Not Found', url='https://public-api.birdeye.so/defi/token_metadata?address=HzwqbKZw8HxMN6bF2yFZNrht3c2iXXzpKcFu7uBEDKtr'
2025-04-02 20:13:53,639 - trading_bot.utils - WARNING - Fetch attempt 3/3 failed for https://public-api.birdeye.so/defi/token_metadata?address=HzwqbKZw8HxMN6bF2yFZNrht3c2iXXzpKcFu7uBEDKtr: 404, message='Not Found', url='https://public-api.birdeye.so/defi/token_metadata?address=HzwqbKZw8HxMN6bF2yFZNrht3c2iXXzpKcFu7uBEDKtr'
2025-04-02 20:13:53,640 - trading_bot.utils - ERROR - Failed to fetch https://public-api.birdeye.so/defi/token_metadata?address=HzwqbKZw8HxMN6bF2yFZNrht3c2iXXzpKcFu7uBEDKtr after 3 attempts
2025-04-02 20:13:53,769 - trading_bot.utils - WARNING - Fetch attempt 3/3 failed for https://public-api.birdeye.so/defi/token_metadata?address=HzwqbKZw8HxMN6bF2yFZNrht3c2iXXzpKcFu7uBEDKtr: 404, message='Not Found', url='https://public-api.birdeye.so/defi/token_metadata?address=HzwqbKZw8HxMN6bF2yFZNrht3c2iXXzpKcFu7uBEDKtr'
2025-04-02 20:13:53,770 - trading_bot.utils - ERROR - Failed to fetch https://public-api.birdeye.so/defi/token_metadata?address=HzwqbKZw8HxMN6bF2yFZNrht3c2iXXzpKcFu7uBEDKtr after 3 attempts
2025-04-02 20:13:53,820 - trading_bot.utils - WARNING - Fetch attempt 1/3 failed for https://public-api.birdeye.so/defi/token_metadata?address=DezXAZ8z7PnrnRJjz3wXBoRgixCa6xjnB7YaB1pPB263: 404, message='Not Found', url='https://public-api.birdeye.so/defi/token_metadata?address=DezXAZ8z7PnrnRJjz3wXBoRgixCa6xjnB7YaB1pPB263'
2025-04-02 20:13:53,959 - trading_bot.utils - WARNING - Fetch attempt 1/3 failed for https://public-api.birdeye.so/defi/token_metadata?address=DezXAZ8z7PnrnRJjz3wXBoRgixCa6xjnB7YaB1pPB263: 404, message='Not Found', url='https://public-api.birdeye.so/defi/token_metadata?address=DezXAZ8z7PnrnRJjz3wXBoRgixCa6xjnB7YaB1pPB263'
2025-04-02 20:13:55,955 - trading_bot.utils - WARNING - Fetch attempt 2/3 failed for https://public-api.birdeye.so/defi/token_metadata?address=DezXAZ8z7PnrnRJjz3wXBoRgixCa6xjnB7YaB1pPB263: 404, message='Not Found', url='https://public-api.birdeye.so/defi/token_metadata?address=DezXAZ8z7PnrnRJjz3wXBoRgixCa6xjnB7YaB1pPB263'
2025-04-02 20:13:56,159 - trading_bot.utils - WARNING - Fetch attempt 2/3 failed for https://public-api.birdeye.so/defi/token_metadata?address=DezXAZ8z7PnrnRJjz3wXBoRgixCa6xjnB7YaB1pPB263: 404, message='Not Found', url='https://public-api.birdeye.so/defi/token_metadata?address=DezXAZ8z7PnrnRJjz3wXBoRgixCa6xjnB7YaB1pPB263'
2025-04-02 20:14:00,085 - trading_bot.utils - WARNING - Fetch attempt 3/3 failed for https://public-api.birdeye.so/defi/token_metadata?address=DezXAZ8z7PnrnRJjz3wXBoRgixCa6xjnB7YaB1pPB263: 404, message='Not Found', url='https://public-api.birdeye.so/defi/token_metadata?address=DezXAZ8z7PnrnRJjz3wXBoRgixCa6xjnB7YaB1pPB263'
2025-04-02 20:14:00,086 - trading_bot.utils - ERROR - Failed to fetch https://public-api.birdeye.so/defi/token_metadata?address=DezXAZ8z7PnrnRJjz3wXBoRgixCa6xjnB7YaB1pPB263 after 3 attempts
2025-04-02 20:14:00,258 - trading_bot.utils - WARNING - Fetch attempt 1/3 failed for https://public-api.birdeye.so/defi/token_metadata?address=Hg8bKz4mvs8KNj9zew1cEF9tDw1x2GViB4RFZjVEmfrD: 404, message='Not Found', url='https://public-api.birdeye.so/defi/token_metadata?address=Hg8bKz4mvs8KNj9zew1cEF9tDw1x2GViB4RFZjVEmfrD'
2025-04-02 20:14:00,332 - trading_bot.utils - WARNING - Fetch attempt 3/3 failed for https://public-api.birdeye.so/defi/token_metadata?address=DezXAZ8z7PnrnRJjz3wXBoRgixCa6xjnB7YaB1pPB263: 404, message='Not Found', url='https://public-api.birdeye.so/defi/token_metadata?address=DezXAZ8z7PnrnRJjz3wXBoRgixCa6xjnB7YaB1pPB263'
2025-04-02 20:14:00,333 - trading_bot.utils - ERROR - Failed to fetch https://public-api.birdeye.so/defi/token_metadata?address=DezXAZ8z7PnrnRJjz3wXBoRgixCa6xjnB7YaB1pPB263 after 3 attempts
2025-04-02 20:14:00,538 - trading_bot.utils - WARNING - Fetch attempt 1/3 failed for https://public-api.birdeye.so/defi/token_metadata?address=Hg8bKz4mvs8KNj9zew1cEF9tDw1x2GViB4RFZjVEmfrD: 404, message='Not Found', url='https://public-api.birdeye.so/defi/token_metadata?address=Hg8bKz4mvs8KNj9zew1cEF9tDw1x2GViB4RFZjVEmfrD'
2025-04-02 20:14:02,399 - trading_bot.utils - WARNING - Fetch attempt 2/3 failed for https://public-api.birdeye.so/defi/token_metadata?address=Hg8bKz4mvs8KNj9zew1cEF9tDw1x2GViB4RFZjVEmfrD: 404, message='Not Found', url='https://public-api.birdeye.so/defi/token_metadata?address=Hg8bKz4mvs8KNj9zew1cEF9tDw1x2GViB4RFZjVEmfrD'
2025-04-02 20:14:02,695 - trading_bot.utils - WARNING - Fetch attempt 2/3 failed for https://public-api.birdeye.so/defi/token_metadata?address=Hg8bKz4mvs8KNj9zew1cEF9tDw1x2GViB4RFZjVEmfrD: 404, message='Not Found', url='https://public-api.birdeye.so/defi/token_metadata?address=Hg8bKz4mvs8KNj9zew1cEF9tDw1x2GViB4RFZjVEmfrD'
2025-04-02 20:14:06,541 - trading_bot.utils - WARNING - Fetch attempt 3/3 failed for https://public-api.birdeye.so/defi/token_metadata?address=Hg8bKz4mvs8KNj9zew1cEF9tDw1x2GViB4RFZjVEmfrD: 404, message='Not Found', url='https://public-api.birdeye.so/defi/token_metadata?address=Hg8bKz4mvs8KNj9zew1cEF9tDw1x2GViB4RFZjVEmfrD'
2025-04-02 20:14:06,541 - trading_bot.utils - ERROR - Failed to fetch https://public-api.birdeye.so/defi/token_metadata?address=Hg8bKz4mvs8KNj9zew1cEF9tDw1x2GViB4RFZjVEmfrD after 3 attempts
2025-04-02 20:14:06,712 - trading_bot.utils - WARNING - Fetch attempt 1/3 failed for https://public-api.birdeye.so/defi/token_metadata?address=9zNQRsGLjNKwCUU5Gq5LR8beUCPzQMVMqKAi3SSZh54u: 404, message='Not Found', url='https://public-api.birdeye.so/defi/token_metadata?address=9zNQRsGLjNKwCUU5Gq5LR8beUCPzQMVMqKAi3SSZh54u'
2025-04-02 20:14:06,850 - trading_bot.utils - WARNING - Fetch attempt 3/3 failed for https://public-api.birdeye.so/defi/token_metadata?address=Hg8bKz4mvs8KNj9zew1cEF9tDw1x2GViB4RFZjVEmfrD: 404, message='Not Found', url='https://public-api.birdeye.so/defi/token_metadata?address=Hg8bKz4mvs8KNj9zew1cEF9tDw1x2GViB4RFZjVEmfrD'
2025-04-02 20:14:06,851 - trading_bot.utils - ERROR - Failed to fetch https://public-api.birdeye.so/defi/token_metadata?address=Hg8bKz4mvs8KNj9zew1cEF9tDw1x2GViB4RFZjVEmfrD after 3 attempts
2025-04-02 20:14:07,052 - trading_bot.utils - WARNING - Fetch attempt 1/3 failed for https://public-api.birdeye.so/defi/token_metadata?address=9zNQRsGLjNKwCUU5Gq5LR8beUCPzQMVMqKAi3SSZh54u: 404, message='Not Found', url='https://public-api.birdeye.so/defi/token_metadata?address=9zNQRsGLjNKwCUU5Gq5LR8beUCPzQMVMqKAi3SSZh54u'
2025-04-02 20:14:08,858 - trading_bot.utils - WARNING - Fetch attempt 2/3 failed for https://public-api.birdeye.so/defi/token_metadata?address=9zNQRsGLjNKwCUU5Gq5LR8beUCPzQMVMqKAi3SSZh54u: 404, message='Not Found', url='https://public-api.birdeye.so/defi/token_metadata?address=9zNQRsGLjNKwCUU5Gq5LR8beUCPzQMVMqKAi3SSZh54u'
2025-04-02 20:14:09,193 - trading_bot.utils - WARNING - Fetch attempt 2/3 failed for https://public-api.birdeye.so/defi/token_metadata?address=9zNQRsGLjNKwCUU5Gq5LR8beUCPzQMVMqKAi3SSZh54u: 404, message='Not Found', url='https://public-api.birdeye.so/defi/token_metadata?address=9zNQRsGLjNKwCUU5Gq5LR8beUCPzQMVMqKAi3SSZh54u'
2025-04-02 20:14:12,997 - trading_bot.utils - WARNING - Fetch attempt 3/3 failed for https://public-api.birdeye.so/defi/token_metadata?address=9zNQRsGLjNKwCUU5Gq5LR8beUCPzQMVMqKAi3SSZh54u: 404, message='Not Found', url='https://public-api.birdeye.so/defi/token_metadata?address=9zNQRsGLjNKwCUU5Gq5LR8beUCPzQMVMqKAi3SSZh54u'
2025-04-02 20:14:12,998 - trading_bot.utils - ERROR - Failed to fetch https://public-api.birdeye.so/defi/token_metadata?address=9zNQRsGLjNKwCUU5Gq5LR8beUCPzQMVMqKAi3SSZh54u after 3 attempts
2025-04-02 20:14:13,213 - trading_bot.utils - WARNING - Fetch attempt 1/3 failed for https://public-api.birdeye.so/defi/token_metadata?address=4k3Dyjzvzp8eMZWUXbBCjEvwSkkk59S5iCNLY3QrkX6R: 404, message='Not Found', url='https://public-api.birdeye.so/defi/token_metadata?address=4k3Dyjzvzp8eMZWUXbBCjEvwSkkk59S5iCNLY3QrkX6R'
2025-04-02 20:14:13,360 - trading_bot.utils - WARNING - Fetch attempt 3/3 failed for https://public-api.birdeye.so/defi/token_metadata?address=9zNQRsGLjNKwCUU5Gq5LR8beUCPzQMVMqKAi3SSZh54u: 404, message='Not Found', url='https://public-api.birdeye.so/defi/token_metadata?address=9zNQRsGLjNKwCUU5Gq5LR8beUCPzQMVMqKAi3SSZh54u'
2025-04-02 20:14:13,362 - trading_bot.utils - ERROR - Failed to fetch https://public-api.birdeye.so/defi/token_metadata?address=9zNQRsGLjNKwCUU5Gq5LR8beUCPzQMVMqKAi3SSZh54u after 3 attempts
2025-04-02 20:14:13,568 - trading_bot.utils - WARNING - Fetch attempt 1/3 failed for https://public-api.birdeye.so/defi/token_metadata?address=4k3Dyjzvzp8eMZWUXbBCjEvwSkkk59S5iCNLY3QrkX6R: 404, message='Not Found', url='https://public-api.birdeye.so/defi/token_metadata?address=4k3Dyjzvzp8eMZWUXbBCjEvwSkkk59S5iCNLY3QrkX6R'
2025-04-02 20:14:15,342 - trading_bot.utils - WARNING - Fetch attempt 2/3 failed for https://public-api.birdeye.so/defi/token_metadata?address=4k3Dyjzvzp8eMZWUXbBCjEvwSkkk59S5iCNLY3QrkX6R: 404, message='Not Found', url='https://public-api.birdeye.so/defi/token_metadata?address=4k3Dyjzvzp8eMZWUXbBCjEvwSkkk59S5iCNLY3QrkX6R'
2025-04-02 20:14:15,715 - trading_bot.utils - WARNING - Fetch attempt 2/3 failed for https://public-api.birdeye.so/defi/token_metadata?address=4k3Dyjzvzp8eMZWUXbBCjEvwSkkk59S5iCNLY3QrkX6R: 404, message='Not Found', url='https://public-api.birdeye.so/defi/token_metadata?address=4k3Dyjzvzp8eMZWUXbBCjEvwSkkk59S5iCNLY3QrkX6R'
2025-04-02 20:14:18,384 - trading_bot - CRITICAL - Received signal 2. Initiating graceful shutdown...
2025-04-02 20:14:19,474 - trading_bot.utils - WARNING - Fetch attempt 3/3 failed for https://public-api.birdeye.so/defi/token_metadata?address=4k3Dyjzvzp8eMZWUXbBCjEvwSkkk59S5iCNLY3QrkX6R: 404, message='Not Found', url='https://public-api.birdeye.so/defi/token_metadata?address=4k3Dyjzvzp8eMZWUXbBCjEvwSkkk59S5iCNLY3QrkX6R'
2025-04-02 20:14:19,475 - trading_bot.utils - ERROR - Failed to fetch https://public-api.birdeye.so/defi/token_metadata?address=4k3Dyjzvzp8eMZWUXbBCjEvwSkkk59S5iCNLY3QrkX6R after 3 attempts
2025-04-02 20:14:19,659 - trading_bot.utils - WARNING - Fetch attempt 1/3 failed for https://public-api.birdeye.so/defi/token_metadata?address=9BB6NFEcjBCtnNLFko2FqVQBq8HHM13kCyYcdQbgpump: 404, message='Not Found', url='https://public-api.birdeye.so/defi/token_metadata?address=9BB6NFEcjBCtnNLFko2FqVQBq8HHM13kCyYcdQbgpump'
2025-04-02 20:14:19,878 - trading_bot.utils - WARNING - Fetch attempt 3/3 failed for https://public-api.birdeye.so/defi/token_metadata?address=4k3Dyjzvzp8eMZWUXbBCjEvwSkkk59S5iCNLY3QrkX6R: 404, message='Not Found', url='https://public-api.birdeye.so/defi/token_metadata?address=4k3Dyjzvzp8eMZWUXbBCjEvwSkkk59S5iCNLY3QrkX6R'
2025-04-02 20:14:19,879 - trading_bot.utils - ERROR - Failed to fetch https://public-api.birdeye.so/defi/token_metadata?address=4k3Dyjzvzp8eMZWUXbBCjEvwSkkk59S5iCNLY3QrkX6R after 3 attempts
2025-04-02 20:14:20,085 - trading_bot.utils - WARNING - Fetch attempt 1/3 failed for https://public-api.birdeye.so/defi/token_metadata?address=9BB6NFEcjBCtnNLFko2FqVQBq8HHM13kCyYcdQbgpump: 404, message='Not Found', url='https://public-api.birdeye.so/defi/token_metadata?address=9BB6NFEcjBCtnNLFko2FqVQBq8HHM13kCyYcdQbgpump'
2025-04-02 20:14:21,786 - trading_bot.utils - WARNING - Fetch attempt 2/3 failed for https://public-api.birdeye.so/defi/token_metadata?address=9BB6NFEcjBCtnNLFko2FqVQBq8HHM13kCyYcdQbgpump: 404, message='Not Found', url='https://public-api.birdeye.so/defi/token_metadata?address=9BB6NFEcjBCtnNLFko2FqVQBq8HHM13kCyYcdQbgpump'
2025-04-02 20:14:22,250 - trading_bot.utils - WARNING - Fetch attempt 2/3 failed for https://public-api.birdeye.so/defi/token_metadata?address=9BB6NFEcjBCtnNLFko2FqVQBq8HHM13kCyYcdQbgpump: 404, message='Not Found', url='https://public-api.birdeye.so/defi/token_metadata?address=9BB6NFEcjBCtnNLFko2FqVQBq8HHM13kCyYcdQbgpump'
2025-04-02 20:14:25,972 - trading_bot.utils - WARNING - Fetch attempt 3/3 failed for https://public-api.birdeye.so/defi/token_metadata?address=9BB6NFEcjBCtnNLFko2FqVQBq8HHM13kCyYcdQbgpump: 404, message='Not Found', url='https://public-api.birdeye.so/defi/token_metadata?address=9BB6NFEcjBCtnNLFko2FqVQBq8HHM13kCyYcdQbgpump'
2025-04-02 20:14:25,973 - trading_bot.utils - ERROR - Failed to fetch https://public-api.birdeye.so/defi/token_metadata?address=9BB6NFEcjBCtnNLFko2FqVQBq8HHM13kCyYcdQbgpump after 3 attempts
2025-04-02 20:14:26,173 - trading_bot.utils - WARNING - Fetch attempt 1/3 failed for https://public-api.birdeye.so/defi/token_metadata?address=6p6xgHyF7AeE6TZkSmFsko444wqoP15icUSqi2jfGiPN: 404, message='Not Found', url='https://public-api.birdeye.so/defi/token_metadata?address=6p6xgHyF7AeE6TZkSmFsko444wqoP15icUSqi2jfGiPN'
2025-04-02 20:14:26,393 - trading_bot.utils - WARNING - Fetch attempt 3/3 failed for https://public-api.birdeye.so/defi/token_metadata?address=9BB6NFEcjBCtnNLFko2FqVQBq8HHM13kCyYcdQbgpump: 404, message='Not Found', url='https://public-api.birdeye.so/defi/token_metadata?address=9BB6NFEcjBCtnNLFko2FqVQBq8HHM13kCyYcdQbgpump'
2025-04-02 20:14:26,394 - trading_bot.utils - ERROR - Failed to fetch https://public-api.birdeye.so/defi/token_metadata?address=9BB6NFEcjBCtnNLFko2FqVQBq8HHM13kCyYcdQbgpump after 3 attempts
2025-04-02 20:14:26,566 - trading_bot.utils - WARNING - Fetch attempt 1/3 failed for https://public-api.birdeye.so/defi/token_metadata?address=6p6xgHyF7AeE6TZkSmFsko444wqoP15icUSqi2jfGiPN: 404, message='Not Found', url='https://public-api.birdeye.so/defi/token_metadata?address=6p6xgHyF7AeE6TZkSmFsko444wqoP15icUSqi2jfGiPN'
2025-04-02 20:14:28,314 - trading_bot.utils - WARNING - Fetch attempt 2/3 failed for https://public-api.birdeye.so/defi/token_metadata?address=6p6xgHyF7AeE6TZkSmFsko444wqoP15icUSqi2jfGiPN: 404, message='Not Found', url='https://public-api.birdeye.so/defi/token_metadata?address=6p6xgHyF7AeE6TZkSmFsko444wqoP15icUSqi2jfGiPN'
2025-04-02 20:14:28,695 - trading_bot.utils - WARNING - Fetch attempt 2/3 failed for https://public-api.birdeye.so/defi/token_metadata?address=6p6xgHyF7AeE6TZkSmFsko444wqoP15icUSqi2jfGiPN: 404, message='Not Found', url='https://public-api.birdeye.so/defi/token_metadata?address=6p6xgHyF7AeE6TZkSmFsko444wqoP15icUSqi2jfGiPN'
2025-04-02 20:14:32,463 - trading_bot.utils - WARNING - Fetch attempt 3/3 failed for https://public-api.birdeye.so/defi/token_metadata?address=6p6xgHyF7AeE6TZkSmFsko444wqoP15icUSqi2jfGiPN: 404, message='Not Found', url='https://public-api.birdeye.so/defi/token_metadata?address=6p6xgHyF7AeE6TZkSmFsko444wqoP15icUSqi2jfGiPN'
2025-04-02 20:14:32,464 - trading_bot.utils - ERROR - Failed to fetch https://public-api.birdeye.so/defi/token_metadata?address=6p6xgHyF7AeE6TZkSmFsko444wqoP15icUSqi2jfGiPN after 3 attempts
2025-04-02 20:14:32,643 - trading_bot.utils - WARNING - Fetch attempt 1/3 failed for https://public-api.birdeye.so/defi/token_metadata?address=3NZ9JMVBmGAqocybic2c7LQCJScmgsAZ6vQqTDzcqmJh: 404, message='Not Found', url='https://public-api.birdeye.so/defi/token_metadata?address=3NZ9JMVBmGAqocybic2c7LQCJScmgsAZ6vQqTDzcqmJh'
2025-04-02 20:14:32,839 - trading_bot.utils - WARNING - Fetch attempt 3/3 failed for https://public-api.birdeye.so/defi/token_metadata?address=6p6xgHyF7AeE6TZkSmFsko444wqoP15icUSqi2jfGiPN: 404, message='Not Found', url='https://public-api.birdeye.so/defi/token_metadata?address=6p6xgHyF7AeE6TZkSmFsko444wqoP15icUSqi2jfGiPN'
2025-04-02 20:14:32,840 - trading_bot.utils - ERROR - Failed to fetch https://public-api.birdeye.so/defi/token_metadata?address=6p6xgHyF7AeE6TZkSmFsko444wqoP15icUSqi2jfGiPN after 3 attempts
2025-04-02 20:14:33,044 - trading_bot.utils - WARNING - Fetch attempt 1/3 failed for https://public-api.birdeye.so/defi/token_metadata?address=3NZ9JMVBmGAqocybic2c7LQCJScmgsAZ6vQqTDzcqmJh: 404, message='Not Found', url='https://public-api.birdeye.so/defi/token_metadata?address=3NZ9JMVBmGAqocybic2c7LQCJScmgsAZ6vQqTDzcqmJh'
2025-04-02 20:14:34,786 - trading_bot.utils - WARNING - Fetch attempt 2/3 failed for https://public-api.birdeye.so/defi/token_metadata?address=3NZ9JMVBmGAqocybic2c7LQCJScmgsAZ6vQqTDzcqmJh: 404, message='Not Found', url='https://public-api.birdeye.so/defi/token_metadata?address=3NZ9JMVBmGAqocybic2c7LQCJScmgsAZ6vQqTDzcqmJh'
2025-04-02 20:14:35,189 - trading_bot.utils - WARNING - Fetch attempt 2/3 failed for https://public-api.birdeye.so/defi/token_metadata?address=3NZ9JMVBmGAqocybic2c7LQCJScmgsAZ6vQqTDzcqmJh: 404, message='Not Found', url='https://public-api.birdeye.so/defi/token_metadata?address=3NZ9JMVBmGAqocybic2c7LQCJScmgsAZ6vQqTDzcqmJh'
2025-04-02 20:14:38,921 - trading_bot.utils - WARNING - Fetch attempt 3/3 failed for https://public-api.birdeye.so/defi/token_metadata?address=3NZ9JMVBmGAqocybic2c7LQCJScmgsAZ6vQqTDzcqmJh: 404, message='Not Found', url='https://public-api.birdeye.so/defi/token_metadata?address=3NZ9JMVBmGAqocybic2c7LQCJScmgsAZ6vQqTDzcqmJh'
2025-04-02 20:14:38,924 - trading_bot.utils - ERROR - Failed to fetch https://public-api.birdeye.so/defi/token_metadata?address=3NZ9JMVBmGAqocybic2c7LQCJScmgsAZ6vQqTDzcqmJh after 3 attempts
2025-04-02 20:14:39,116 - trading_bot.utils - WARNING - Fetch attempt 1/3 failed for https://public-api.birdeye.so/defi/token_metadata?address=cbbtcf3aa214zXHbiAZQwf4122FBYbraNdFqgw4iMij: 404, message='Not Found', url='https://public-api.birdeye.so/defi/token_metadata?address=cbbtcf3aa214zXHbiAZQwf4122FBYbraNdFqgw4iMij'
2025-04-02 20:14:39,341 - trading_bot.utils - WARNING - Fetch attempt 3/3 failed for https://public-api.birdeye.so/defi/token_metadata?address=3NZ9JMVBmGAqocybic2c7LQCJScmgsAZ6vQqTDzcqmJh: 404, message='Not Found', url='https://public-api.birdeye.so/defi/token_metadata?address=3NZ9JMVBmGAqocybic2c7LQCJScmgsAZ6vQqTDzcqmJh'
2025-04-02 20:14:39,342 - trading_bot.utils - ERROR - Failed to fetch https://public-api.birdeye.so/defi/token_metadata?address=3NZ9JMVBmGAqocybic2c7LQCJScmgsAZ6vQqTDzcqmJh after 3 attempts
2025-04-02 20:14:39,503 - trading_bot.utils - WARNING - Fetch attempt 1/3 failed for https://public-api.birdeye.so/defi/token_metadata?address=cbbtcf3aa214zXHbiAZQwf4122FBYbraNdFqgw4iMij: 404, message='Not Found', url='https://public-api.birdeye.so/defi/token_metadata?address=cbbtcf3aa214zXHbiAZQwf4122FBYbraNdFqgw4iMij'
2025-04-02 20:14:41,267 - trading_bot.utils - WARNING - Fetch attempt 2/3 failed for https://public-api.birdeye.so/defi/token_metadata?address=cbbtcf3aa214zXHbiAZQwf4122FBYbraNdFqgw4iMij: 404, message='Not Found', url='https://public-api.birdeye.so/defi/token_metadata?address=cbbtcf3aa214zXHbiAZQwf4122FBYbraNdFqgw4iMij'
2025-04-02 20:14:41,631 - trading_bot.utils - WARNING - Fetch attempt 2/3 failed for https://public-api.birdeye.so/defi/token_metadata?address=cbbtcf3aa214zXHbiAZQwf4122FBYbraNdFqgw4iMij: 404, message='Not Found', url='https://public-api.birdeye.so/defi/token_metadata?address=cbbtcf3aa214zXHbiAZQwf4122FBYbraNdFqgw4iMij'
2025-04-02 20:14:45,403 - trading_bot.utils - WARNING - Fetch attempt 3/3 failed for https://public-api.birdeye.so/defi/token_metadata?address=cbbtcf3aa214zXHbiAZQwf4122FBYbraNdFqgw4iMij: 404, message='Not Found', url='https://public-api.birdeye.so/defi/token_metadata?address=cbbtcf3aa214zXHbiAZQwf4122FBYbraNdFqgw4iMij'
2025-04-02 20:14:45,404 - trading_bot.utils - ERROR - Failed to fetch https://public-api.birdeye.so/defi/token_metadata?address=cbbtcf3aa214zXHbiAZQwf4122FBYbraNdFqgw4iMij after 3 attempts
2025-04-02 20:14:45,604 - trading_bot.utils - WARNING - Fetch attempt 1/3 failed for https://public-api.birdeye.so/defi/token_metadata?address=J1toso1uCk3RLmjorhTtrVwY9HJ7X8V9yYac6Y7kGCPn: 404, message='Not Found', url='https://public-api.birdeye.so/defi/token_metadata?address=J1toso1uCk3RLmjorhTtrVwY9HJ7X8V9yYac6Y7kGCPn'
2025-04-02 20:14:45,773 - trading_bot.utils - WARNING - Fetch attempt 3/3 failed for https://public-api.birdeye.so/defi/token_metadata?address=cbbtcf3aa214zXHbiAZQwf4122FBYbraNdFqgw4iMij: 404, message='Not Found', url='https://public-api.birdeye.so/defi/token_metadata?address=cbbtcf3aa214zXHbiAZQwf4122FBYbraNdFqgw4iMij'
2025-04-02 20:14:45,774 - trading_bot.utils - ERROR - Failed to fetch https://public-api.birdeye.so/defi/token_metadata?address=cbbtcf3aa214zXHbiAZQwf4122FBYbraNdFqgw4iMij after 3 attempts
2025-04-02 20:14:45,961 - trading_bot.utils - WARNING - Fetch attempt 1/3 failed for https://public-api.birdeye.so/defi/token_metadata?address=J1toso1uCk3RLmjorhTtrVwY9HJ7X8V9yYac6Y7kGCPn: 404, message='Not Found', url='https://public-api.birdeye.so/defi/token_metadata?address=J1toso1uCk3RLmjorhTtrVwY9HJ7X8V9yYac6Y7kGCPn'
2025-04-02 20:14:45,970 - trading_bot - INFO - Closing connections
2025-04-02 20:14:45,971 - trading_bot.solana_trader - INFO - Solana RPC client closed
2025-04-02 20:14:45,972 - trading_bot - INFO - ==================================================
2025-04-02 20:14:45,972 - trading_bot - INFO -    Solana Trading Bot Shutdown Complete
2025-04-02 20:14:45,972 - trading_bot - INFO - ==================================================
2025-04-02 20:14:45,974 - trading_bot - INFO - Bot execution completed
